[0.021s] Invoking command in '/home/eilero/ros2_ws/src/build/first_interfaces': CMAKE_PREFIX_PATH=${CMAKE_PREFIX_PATH}:/opt/ros/jazzy /usr/bin/cmake --build /home/eilero/ros2_ws/src/build/first_interfaces -- -j16 -l16
[0.073s] -- Found geometry_msgs: 5.3.6 (/opt/ros/jazzy/share/geometry_msgs/cmake)
[0.270s] -- Found rosidl_generator_c: 4.6.6 (/opt/ros/jazzy/share/rosidl_generator_c/cmake)
[0.284s] -- Found rosidl_generator_cpp: 4.6.6 (/opt/ros/jazzy/share/rosidl_generator_cpp/cmake)
[0.302s] -- Using all available rosidl_typesupport_c: rosidl_typesupport_fastrtps_c;rosidl_typesupport_introspection_c
[0.325s] -- Using all available rosidl_typesupport_cpp: rosidl_typesupport_fastrtps_cpp;rosidl_typesupport_introspection_cpp
[0.391s] -- Found rosidl_default_generators: 1.6.0 (/opt/ros/jazzy/share/rosidl_default_generators/cmake)
[0.405s] -- Found rosidl_adapter: 4.6.6 (/opt/ros/jazzy/share/rosidl_adapter/cmake)
[0.408s] -- Found first_interfaces: 0.0.0 (/home/eilero/ros2_ws/src/install/first_interfaces/share/first_interfaces/cmake)
[0.461s] -- Found rclcpp: 28.1.13 (/opt/ros/jazzy/share/rclcpp/cmake)
[0.520s] -- Found rmw_implementation_cmake: 7.3.2 (/opt/ros/jazzy/share/rmw_implementation_cmake/cmake)
[0.523s] -- Found rmw_fastrtps_cpp: 8.4.3 (/opt/ros/jazzy/share/rmw_fastrtps_cpp/cmake)
[0.626s] -- Using RMW implementation 'rmw_fastrtps_cpp' as default
[1.125s] [31mCMake Error at /opt/ros/jazzy/share/rosidl_generator_c/cmake/rosidl_generator_c_generate_interfaces.cmake:145 (add_library):
[1.125s]   add_library cannot create ALIAS target
[1.126s]   "first_interfaces::first_interfaces__rosidl_generator_c" because another
[1.126s]   target with the same name already exists.
[1.126s] Call Stack (most recent call first):
[1.126s]   /opt/ros/jazzy/share/ament_cmake_core/cmake/core/ament_execute_extensions.cmake:48 (include)
[1.126s]   /opt/ros/jazzy/share/rosidl_cmake/cmake/rosidl_generate_interfaces.cmake:280 (ament_execute_extensions)
[1.126s]   CMakeLists.txt:25 (rosidl_generate_interfaces)
[1.126s] 
[1.126s] [0m
[1.129s] -- Found ament_cmake_ros: 0.12.0 (/opt/ros/jazzy/share/ament_cmake_ros/cmake)
[1.292s] [31mCMake Error at /opt/ros/jazzy/share/rosidl_generator_cpp/cmake/rosidl_generator_cpp_generate_interfaces.cmake:142 (add_library):
[1.292s]   add_library cannot create ALIAS target
[1.292s]   "first_interfaces::first_interfaces__rosidl_generator_cpp" because another
[1.292s]   target with the same name already exists.
[1.292s] Call Stack (most recent call first):
[1.292s]   /opt/ros/jazzy/share/ament_cmake_core/cmake/core/ament_execute_extensions.cmake:48 (include)
[1.293s]   /opt/ros/jazzy/share/rosidl_cmake/cmake/rosidl_generate_interfaces.cmake:280 (ament_execute_extensions)
[1.293s]   CMakeLists.txt:25 (rosidl_generate_interfaces)
[1.293s] 
[1.293s] [0m
[1.452s] [31mCMake Error at /opt/ros/jazzy/share/rosidl_typesupport_introspection_c/cmake/rosidl_typesupport_introspection_c_generate_interfaces.cmake:122 (add_library):
[1.452s]   add_library cannot create ALIAS target
[1.452s]   "first_interfaces::first_interfaces__rosidl_typesupport_introspection_c"
[1.452s]   because another target with the same name already exists.
[1.453s] Call Stack (most recent call first):
[1.453s]   /opt/ros/jazzy/share/ament_cmake_core/cmake/core/ament_execute_extensions.cmake:48 (include)
[1.453s]   /opt/ros/jazzy/share/rosidl_cmake/cmake/rosidl_generate_interfaces.cmake:280 (ament_execute_extensions)
[1.453s]   CMakeLists.txt:25 (rosidl_generate_interfaces)
[1.453s] 
[1.453s] [0m
[1.507s] -- Using all available rosidl_typesupport_c: rosidl_typesupport_fastrtps_c;rosidl_typesupport_introspection_c
[1.551s] [31mCMake Error at /opt/ros/jazzy/share/rosidl_typesupport_introspection_cpp/cmake/rosidl_typesupport_introspection_cpp_generate_interfaces.cmake:111 (add_library):
[1.551s]   add_library cannot create ALIAS target
[1.551s]   "first_interfaces::first_interfaces__rosidl_typesupport_introspection_cpp"
[1.551s]   because another target with the same name already exists.
[1.551s] Call Stack (most recent call first):
[1.551s]   /opt/ros/jazzy/share/ament_cmake_core/cmake/core/ament_execute_extensions.cmake:48 (include)
[1.551s]   /opt/ros/jazzy/share/rosidl_cmake/cmake/rosidl_generate_interfaces.cmake:280 (ament_execute_extensions)
[1.551s]   CMakeLists.txt:25 (rosidl_generate_interfaces)
[1.551s] 
[1.551s] [0m
[1.588s] -- Using all available rosidl_typesupport_cpp: rosidl_typesupport_fastrtps_cpp;rosidl_typesupport_introspection_cpp
[1.589s] -- Found python_cmake_module: 0.11.1 (/opt/ros/jazzy/share/python_cmake_module/cmake)
[1.776s] -- Found Python3: /usr/bin/python3 (found version "3.12.3") found components: Interpreter Development NumPy Development.Module Development.Embed 
[1.804s] -- Found ament_lint_auto: 0.17.3 (/opt/ros/jazzy/share/ament_lint_auto/cmake)
[1.821s] -- Added test 'cppcheck' to perform static code analysis on C / C++ code
[1.822s] -- Configured cppcheck include dirs: 
[1.822s] -- Configured cppcheck exclude dirs and/or files: 
[1.823s] -- Added test 'flake8' to check Python code syntax and style conventions
[1.823s] -- Configured 'flake8' exclude dirs and/or files: 
[1.827s] -- Added test 'lint_cmake' to check CMake code style
[1.828s] -- Added test 'pep257' to check Python code against some of the docstring style conventions in PEP 257
[1.838s] -- Added test 'uncrustify' to check C / C++ code style
[1.838s] -- Configured uncrustify additional arguments: 
[1.840s] -- Added test 'xmllint' to check XML markup files
[1.841s] -- Configuring incomplete, errors occurred!
[1.849s] gmake: *** [Makefile:1355: cmake_check_build_system] Error 1
[1.851s] Invoked command in '/home/eilero/ros2_ws/src/build/first_interfaces' returned '2': CMAKE_PREFIX_PATH=${CMAKE_PREFIX_PATH}:/opt/ros/jazzy /usr/bin/cmake --build /home/eilero/ros2_ws/src/build/first_interfaces -- -j16 -l16
