-- The C compiler identification is GNU 13.3.0
-- The CXX compiler identification is GNU 13.3.0
-- Detecting C compiler ABI info
-- Detecting C compiler ABI info - done
-- Check for working C compiler: /usr/bin/cc - skipped
-- Detecting C compile features
-- Detecting C compile features - done
-- Detecting CXX compiler ABI info
-- Detecting CXX compiler ABI info - done
-- Check for working CXX compiler: /usr/bin/c++ - skipped
-- Detecting CXX compile features
-- Detecting CXX compile features - done
-- Found ament_cmake: 2.5.4 (/opt/ros/jazzy/share/ament_cmake/cmake)
-- Found Python3: /usr/bin/python3 (found version "3.12.3") found components: Interpreter 
-- Found ament_lint_auto: 0.17.3 (/opt/ros/jazzy/share/ament_lint_auto/cmake)
-- Added test 'cppcheck' to perform static code analysis on C / C++ code
-- Configured cppcheck include dirs: $<BUILD_INTERFACE:/home/eilero/ros2_ws/src/pkg1/include>
-- Configured cppcheck exclude dirs and/or files: 
-- Added test 'lint_cmake' to check CMake code style
-- Added test 'uncrustify' to check C / C++ code style
-- Configured uncrustify additional arguments: 
-- Added test 'xmllint' to check XML markup files
-- Configuring done (0.7s)
-- Generating done (0.0s)
-- Build files have been written to: /home/eilero/ros2_ws/build/pkg1
[ 50%] [32mBuilding CXX object CMakeFiles/pkg1_node.dir/src/pkg1_node.cpp.o[0m
[100%] [32m[1mLinking CXX executable pkg1_node[0m
[100%] Built target pkg1_node
-- Install configuration: ""
-- Installing: /home/eilero/ros2_ws/install/pkg1/lib/pkg1/pkg1_node
-- Installing: /home/eilero/ros2_ws/install/pkg1/share/ament_index/resource_index/package_run_dependencies/pkg1
-- Installing: /home/eilero/ros2_ws/install/pkg1/share/ament_index/resource_index/parent_prefix_path/pkg1
-- Installing: /home/eilero/ros2_ws/install/pkg1/share/pkg1/environment/ament_prefix_path.sh
-- Installing: /home/eilero/ros2_ws/install/pkg1/share/pkg1/environment/ament_prefix_path.dsv
-- Installing: /home/eilero/ros2_ws/install/pkg1/share/pkg1/environment/path.sh
-- Installing: /home/eilero/ros2_ws/install/pkg1/share/pkg1/environment/path.dsv
-- Installing: /home/eilero/ros2_ws/install/pkg1/share/pkg1/local_setup.bash
-- Installing: /home/eilero/ros2_ws/install/pkg1/share/pkg1/local_setup.sh
-- Installing: /home/eilero/ros2_ws/install/pkg1/share/pkg1/local_setup.zsh
-- Installing: /home/eilero/ros2_ws/install/pkg1/share/pkg1/local_setup.dsv
-- Installing: /home/eilero/ros2_ws/install/pkg1/share/pkg1/package.dsv
-- Installing: /home/eilero/ros2_ws/install/pkg1/share/ament_index/resource_index/packages/pkg1
-- Installing: /home/eilero/ros2_ws/install/pkg1/share/pkg1/cmake/pkg1Config.cmake
-- Installing: /home/eilero/ros2_ws/install/pkg1/share/pkg1/cmake/pkg1Config-version.cmake
-- Installing: /home/eilero/ros2_ws/install/pkg1/share/pkg1/package.xml
