[0.019s] Invoking command in '/home/eilero/ros2_ws/build/pkg1': CMAKE_PREFIX_PATH=${CMAKE_PREFIX_PATH}:/opt/ros/jazzy /usr/bin/cmake /home/eilero/ros2_ws/src/pkg1 -DCMAKE_INSTALL_PREFIX=/home/eilero/ros2_ws/install/pkg1
[0.071s] -- The C compiler identification is GNU 13.3.0
[0.135s] -- The CXX compiler identification is GNU 13.3.0
[0.154s] -- Detecting C compiler ABI info
[0.253s] -- Detecting C compiler ABI info - done
[0.261s] -- Check for working C compiler: /usr/bin/cc - skipped
[0.261s] -- Detecting C compile features
[0.261s] -- Detecting C compile features - done
[0.271s] -- Detecting CXX compiler ABI info
[0.376s] -- Detecting CXX compiler ABI info - done
[0.384s] -- Check for working CXX compiler: /usr/bin/c++ - skipped
[0.384s] -- Detecting CXX compile features
[0.385s] -- Detecting CXX compile features - done
[0.387s] -- Found ament_cmake: 2.5.4 (/opt/ros/jazzy/share/ament_cmake/cmake)
[0.517s] -- Found Python3: /usr/bin/python3 (found version "3.12.3") found components: Interpreter 
[0.640s] -- Found ament_lint_auto: 0.17.3 (/opt/ros/jazzy/share/ament_lint_auto/cmake)
[0.744s] -- Added test 'cppcheck' to perform static code analysis on C / C++ code
[0.744s] -- Configured cppcheck include dirs: $<BUILD_INTERFACE:/home/eilero/ros2_ws/src/pkg1/include>
[0.744s] -- Configured cppcheck exclude dirs and/or files: 
[0.745s] -- Added test 'lint_cmake' to check CMake code style
[0.746s] -- Added test 'uncrustify' to check C / C++ code style
[0.746s] -- Configured uncrustify additional arguments: 
[0.746s] -- Added test 'xmllint' to check XML markup files
[0.747s] -- Configuring done (0.7s)
[0.753s] -- Generating done (0.0s)
[0.755s] -- Build files have been written to: /home/eilero/ros2_ws/build/pkg1
[0.762s] Invoked command in '/home/eilero/ros2_ws/build/pkg1' returned '0': CMAKE_PREFIX_PATH=${CMAKE_PREFIX_PATH}:/opt/ros/jazzy /usr/bin/cmake /home/eilero/ros2_ws/src/pkg1 -DCMAKE_INSTALL_PREFIX=/home/eilero/ros2_ws/install/pkg1
[0.763s] Invoking command in '/home/eilero/ros2_ws/build/pkg1': CMAKE_PREFIX_PATH=${CMAKE_PREFIX_PATH}:/opt/ros/jazzy /usr/bin/cmake --build /home/eilero/ros2_ws/build/pkg1 -- -j16 -l16
[0.826s] [ 50%] [32mBuilding CXX object CMakeFiles/pkg1_node.dir/src/pkg1_node.cpp.o[0m
[0.854s] [100%] [32m[1mLinking CXX executable pkg1_node[0m
[0.910s] [100%] Built target pkg1_node
[0.925s] Invoked command in '/home/eilero/ros2_ws/build/pkg1' returned '0': CMAKE_PREFIX_PATH=${CMAKE_PREFIX_PATH}:/opt/ros/jazzy /usr/bin/cmake --build /home/eilero/ros2_ws/build/pkg1 -- -j16 -l16
[0.927s] Invoking command in '/home/eilero/ros2_ws/build/pkg1': CMAKE_PREFIX_PATH=${CMAKE_PREFIX_PATH}:/opt/ros/jazzy /usr/bin/cmake --install /home/eilero/ros2_ws/build/pkg1
[0.937s] -- Install configuration: ""
[0.937s] -- Installing: /home/eilero/ros2_ws/install/pkg1/lib/pkg1/pkg1_node
[0.937s] -- Installing: /home/eilero/ros2_ws/install/pkg1/share/ament_index/resource_index/package_run_dependencies/pkg1
[0.937s] -- Installing: /home/eilero/ros2_ws/install/pkg1/share/ament_index/resource_index/parent_prefix_path/pkg1
[0.938s] -- Installing: /home/eilero/ros2_ws/install/pkg1/share/pkg1/environment/ament_prefix_path.sh
[0.938s] -- Installing: /home/eilero/ros2_ws/install/pkg1/share/pkg1/environment/ament_prefix_path.dsv
[0.938s] -- Installing: /home/eilero/ros2_ws/install/pkg1/share/pkg1/environment/path.sh
[0.938s] -- Installing: /home/eilero/ros2_ws/install/pkg1/share/pkg1/environment/path.dsv
[0.938s] -- Installing: /home/eilero/ros2_ws/install/pkg1/share/pkg1/local_setup.bash
[0.938s] -- Installing: /home/eilero/ros2_ws/install/pkg1/share/pkg1/local_setup.sh
[0.938s] -- Installing: /home/eilero/ros2_ws/install/pkg1/share/pkg1/local_setup.zsh
[0.938s] -- Installing: /home/eilero/ros2_ws/install/pkg1/share/pkg1/local_setup.dsv
[0.938s] -- Installing: /home/eilero/ros2_ws/install/pkg1/share/pkg1/package.dsv
[0.938s] -- Installing: /home/eilero/ros2_ws/install/pkg1/share/ament_index/resource_index/packages/pkg1
[0.939s] -- Installing: /home/eilero/ros2_ws/install/pkg1/share/pkg1/cmake/pkg1Config.cmake
[0.939s] -- Installing: /home/eilero/ros2_ws/install/pkg1/share/pkg1/cmake/pkg1Config-version.cmake
[0.939s] -- Installing: /home/eilero/ros2_ws/install/pkg1/share/pkg1/package.xml
[0.941s] Invoked command in '/home/eilero/ros2_ws/build/pkg1' returned '0': CMAKE_PREFIX_PATH=${CMAKE_PREFIX_PATH}:/opt/ros/jazzy /usr/bin/cmake --install /home/eilero/ros2_ws/build/pkg1
