[0.011s] Invoking command in '/home/eilero/ros2_ws/src/build/subpub': CMAKE_PREFIX_PATH=${CMAKE_PREFIX_PATH}:/opt/ros/jazzy /usr/bin/cmake /home/eilero/ros2_ws/src/subpub -DCMAKE_INSTALL_PREFIX=/home/eilero/ros2_ws/src/install/subpub
[0.067s] -- The C compiler identification is GNU 13.3.0
[0.121s] -- The CXX compiler identification is GNU 13.3.0
[0.140s] -- Detecting C compiler ABI info
[0.241s] -- Detecting C compiler ABI info - done
[0.247s] -- Check for working C compiler: /usr/bin/cc - skipped
[0.248s] -- Detecting C compile features
[0.248s] -- Detecting C compile features - done
[0.259s] -- Detecting CXX compiler ABI info
[0.365s] -- Detecting CXX compiler ABI info - done
[0.371s] -- Check for working CXX compiler: /usr/bin/c++ - skipped
[0.372s] -- Detecting CXX compile features
[0.372s] -- Detecting CXX compile features - done
[0.375s] -- Found ament_cmake: 2.5.4 (/opt/ros/jazzy/share/ament_cmake/cmake)
[0.487s] -- Found Python3: /usr/bin/python3 (found version "3.12.3") found components: Interpreter 
[0.599s] -- Found ament_lint_auto: 0.17.3 (/opt/ros/jazzy/share/ament_lint_auto/cmake)
[0.690s] -- Added test 'cppcheck' to perform static code analysis on C / C++ code
[0.690s] -- Configured cppcheck include dirs: 
[0.690s] -- Configured cppcheck exclude dirs and/or files: 
[0.691s] -- Added test 'lint_cmake' to check CMake code style
[0.692s] -- Added test 'uncrustify' to check C / C++ code style
[0.692s] -- Configured uncrustify additional arguments: 
[0.692s] -- Added test 'xmllint' to check XML markup files
[0.694s] -- Configuring done (0.7s)
[0.697s] -- Generating done (0.0s)
[0.698s] -- Build files have been written to: /home/eilero/ros2_ws/src/build/subpub
[0.706s] Invoked command in '/home/eilero/ros2_ws/src/build/subpub' returned '0': CMAKE_PREFIX_PATH=${CMAKE_PREFIX_PATH}:/opt/ros/jazzy /usr/bin/cmake /home/eilero/ros2_ws/src/subpub -DCMAKE_INSTALL_PREFIX=/home/eilero/ros2_ws/src/install/subpub
[0.708s] Invoking command in '/home/eilero/ros2_ws/src/build/subpub': CMAKE_PREFIX_PATH=${CMAKE_PREFIX_PATH}:/opt/ros/jazzy /usr/bin/cmake --build /home/eilero/ros2_ws/src/build/subpub -- -j16 -l16
[0.757s] Invoked command in '/home/eilero/ros2_ws/src/build/subpub' returned '0': CMAKE_PREFIX_PATH=${CMAKE_PREFIX_PATH}:/opt/ros/jazzy /usr/bin/cmake --build /home/eilero/ros2_ws/src/build/subpub -- -j16 -l16
[0.769s] Invoking command in '/home/eilero/ros2_ws/src/build/subpub': CMAKE_PREFIX_PATH=${CMAKE_PREFIX_PATH}:/opt/ros/jazzy /usr/bin/cmake --install /home/eilero/ros2_ws/src/build/subpub
[0.776s] -- Install configuration: ""
[0.777s] -- Installing: /home/eilero/ros2_ws/src/install/subpub/share/ament_index/resource_index/package_run_dependencies/subpub
[0.777s] -- Installing: /home/eilero/ros2_ws/src/install/subpub/share/ament_index/resource_index/parent_prefix_path/subpub
[0.778s] -- Installing: /home/eilero/ros2_ws/src/install/subpub/share/subpub/environment/ament_prefix_path.sh
[0.778s] -- Installing: /home/eilero/ros2_ws/src/install/subpub/share/subpub/environment/ament_prefix_path.dsv
[0.778s] -- Installing: /home/eilero/ros2_ws/src/install/subpub/share/subpub/environment/path.sh
[0.778s] -- Installing: /home/eilero/ros2_ws/src/install/subpub/share/subpub/environment/path.dsv
[0.778s] -- Installing: /home/eilero/ros2_ws/src/install/subpub/share/subpub/local_setup.bash
[0.778s] -- Installing: /home/eilero/ros2_ws/src/install/subpub/share/subpub/local_setup.sh
[0.778s] -- Installing: /home/eilero/ros2_ws/src/install/subpub/share/subpub/local_setup.zsh
[0.778s] -- Installing: /home/eilero/ros2_ws/src/install/subpub/share/subpub/local_setup.dsv
[0.779s] -- Installing: /home/eilero/ros2_ws/src/install/subpub/share/subpub/package.dsv
[0.779s] -- Installing: /home/eilero/ros2_ws/src/install/subpub/share/ament_index/resource_index/packages/subpub
[0.779s] -- Installing: /home/eilero/ros2_ws/src/install/subpub/share/subpub/cmake/subpubConfig.cmake
[0.779s] -- Installing: /home/eilero/ros2_ws/src/install/subpub/share/subpub/cmake/subpubConfig-version.cmake
[0.779s] -- Installing: /home/eilero/ros2_ws/src/install/subpub/share/subpub/package.xml
[0.781s] Invoked command in '/home/eilero/ros2_ws/src/build/subpub' returned '0': CMAKE_PREFIX_PATH=${CMAKE_PREFIX_PATH}:/opt/ros/jazzy /usr/bin/cmake --install /home/eilero/ros2_ws/src/build/subpub
