[0.077s] DEBUG:colcon:Command line arguments: ['/usr/bin/colcon', 'build', '--packages-select', 'subpub']
[0.077s] DEBUG:colcon:Parsed command line arguments: Namespace(log_base=None, log_level=None, verb_name='build', build_base='build', install_base='install', merge_install=False, symlink_install=False, test_result_base=None, continue_on_error=False, executor='parallel', parallel_workers=16, event_handlers=None, ignore_user_meta=False, metas=['./colcon.meta'], base_paths=['.'], packages_ignore=None, packages_ignore_regex=None, paths=None, packages_up_to=None, packages_up_to_regex=None, packages_above=None, packages_above_and_dependencies=None, packages_above_depth=None, packages_select_by_dep=None, packages_skip_by_dep=None, packages_skip_up_to=None, packages_select_build_failed=False, packages_skip_build_finished=False, packages_select_test_failures=False, packages_skip_test_passed=False, packages_select=['subpub'], packages_skip=None, packages_select_regex=None, packages_skip_regex=None, packages_start=None, packages_end=None, cmake_args=None, cmake_target=None, cmake_target_skip_unavailable=False, cmake_clean_cache=False, cmake_clean_first=False, cmake_force_configure=False, ament_cmake_args=None, catkin_cmake_args=None, catkin_skip_building_tests=False, mixin_files=None, mixin=None, verb_parser=<colcon_mixin.mixin.mixin_argument.MixinArgumentDecorator object at 0x755fc3dc8770>, verb_extension=<colcon_core.verb.build.BuildVerb object at 0x755fc3f98590>, main=<bound method BuildVerb.main of <colcon_core.verb.build.BuildVerb object at 0x755fc3f98590>>, mixin_verb=('build',))
[0.107s] Level 1:colcon.colcon_core.package_discovery:discover_packages(colcon_meta) check parameters
[0.108s] INFO:colcon.colcon_metadata.package_discovery.colcon_meta:Using configuration from '/root/.colcon/metadata/default/Gazebo.meta'
[0.108s] INFO:colcon.colcon_metadata.package_discovery.colcon_meta:Using configuration from '/root/.colcon/metadata/default/fastdds.meta'
[0.108s] INFO:colcon.colcon_metadata.package_discovery.colcon_meta:Using configuration from '/root/.colcon/metadata/default/fastrtps.meta'
[0.108s] Level 1:colcon.colcon_core.package_discovery:discover_packages(recursive) check parameters
[0.108s] Level 1:colcon.colcon_core.package_discovery:discover_packages(ignore) check parameters
[0.108s] Level 1:colcon.colcon_core.package_discovery:discover_packages(path) check parameters
[0.109s] Level 1:colcon.colcon_core.package_discovery:discover_packages(colcon_meta) discover
[0.109s] Level 1:colcon.colcon_core.package_discovery:discover_packages(recursive) discover
[0.109s] INFO:colcon.colcon_core.package_discovery:Crawling recursively for packages in '/home/eilero/ros2_ws/src'
[0.109s] Level 1:colcon.colcon_core.package_identification:_identify(.) by extensions ['ignore', 'ignore_ament_install']
[0.109s] Level 1:colcon.colcon_core.package_identification:_identify(.) by extension 'ignore'
[0.109s] Level 1:colcon.colcon_core.package_identification:_identify(.) by extension 'ignore_ament_install'
[0.109s] Level 1:colcon.colcon_core.package_identification:_identify(.) by extensions ['colcon_pkg']
[0.109s] Level 1:colcon.colcon_core.package_identification:_identify(.) by extension 'colcon_pkg'
[0.109s] Level 1:colcon.colcon_core.package_identification:_identify(.) by extensions ['colcon_meta']
[0.109s] Level 1:colcon.colcon_core.package_identification:_identify(.) by extension 'colcon_meta'
[0.109s] Level 1:colcon.colcon_core.package_identification:_identify(.) by extensions ['ros']
[0.109s] Level 1:colcon.colcon_core.package_identification:_identify(.) by extension 'ros'
[0.128s] Level 1:colcon.colcon_core.package_identification:_identify(.) by extensions ['cmake', 'python']
[0.128s] Level 1:colcon.colcon_core.package_identification:_identify(.) by extension 'cmake'
[0.128s] Level 1:colcon.colcon_core.package_identification:_identify(.) by extension 'python'
[0.128s] Level 1:colcon.colcon_core.package_identification:_identify(.) by extensions ['python_setup_py']
[0.128s] Level 1:colcon.colcon_core.package_identification:_identify(.) by extension 'python_setup_py'
[0.128s] Level 1:colcon.colcon_core.package_identification:_identify(build) by extensions ['ignore', 'ignore_ament_install']
[0.128s] Level 1:colcon.colcon_core.package_identification:_identify(build) by extension 'ignore'
[0.128s] Level 1:colcon.colcon_core.package_identification:_identify(build) ignored
[0.128s] Level 1:colcon.colcon_core.package_identification:_identify(cpp_pubsub) by extensions ['ignore', 'ignore_ament_install']
[0.128s] Level 1:colcon.colcon_core.package_identification:_identify(cpp_pubsub) by extension 'ignore'
[0.128s] Level 1:colcon.colcon_core.package_identification:_identify(cpp_pubsub) by extension 'ignore_ament_install'
[0.128s] Level 1:colcon.colcon_core.package_identification:_identify(cpp_pubsub) by extensions ['colcon_pkg']
[0.128s] Level 1:colcon.colcon_core.package_identification:_identify(cpp_pubsub) by extension 'colcon_pkg'
[0.128s] Level 1:colcon.colcon_core.package_identification:_identify(cpp_pubsub) by extensions ['colcon_meta']
[0.128s] Level 1:colcon.colcon_core.package_identification:_identify(cpp_pubsub) by extension 'colcon_meta'
[0.128s] Level 1:colcon.colcon_core.package_identification:_identify(cpp_pubsub) by extensions ['ros']
[0.128s] Level 1:colcon.colcon_core.package_identification:_identify(cpp_pubsub) by extension 'ros'
[0.130s] DEBUG:colcon.colcon_core.package_identification:Package 'cpp_pubsub' with type 'ros.ament_cmake' and name 'cpp_pubsub'
[0.130s] Level 1:colcon.colcon_core.package_identification:_identify(cpp_srvcli) by extensions ['ignore', 'ignore_ament_install']
[0.130s] Level 1:colcon.colcon_core.package_identification:_identify(cpp_srvcli) by extension 'ignore'
[0.130s] Level 1:colcon.colcon_core.package_identification:_identify(cpp_srvcli) by extension 'ignore_ament_install'
[0.130s] Level 1:colcon.colcon_core.package_identification:_identify(cpp_srvcli) by extensions ['colcon_pkg']
[0.130s] Level 1:colcon.colcon_core.package_identification:_identify(cpp_srvcli) by extension 'colcon_pkg'
[0.130s] Level 1:colcon.colcon_core.package_identification:_identify(cpp_srvcli) by extensions ['colcon_meta']
[0.130s] Level 1:colcon.colcon_core.package_identification:_identify(cpp_srvcli) by extension 'colcon_meta'
[0.130s] Level 1:colcon.colcon_core.package_identification:_identify(cpp_srvcli) by extensions ['ros']
[0.130s] Level 1:colcon.colcon_core.package_identification:_identify(cpp_srvcli) by extension 'ros'
[0.131s] DEBUG:colcon.colcon_core.package_identification:Package 'cpp_srvcli' with type 'ros.ament_cmake' and name 'cpp_srvcli'
[0.131s] Level 1:colcon.colcon_core.package_identification:_identify(first_interfaces) by extensions ['ignore', 'ignore_ament_install']
[0.131s] Level 1:colcon.colcon_core.package_identification:_identify(first_interfaces) by extension 'ignore'
[0.131s] Level 1:colcon.colcon_core.package_identification:_identify(first_interfaces) by extension 'ignore_ament_install'
[0.131s] Level 1:colcon.colcon_core.package_identification:_identify(first_interfaces) by extensions ['colcon_pkg']
[0.131s] Level 1:colcon.colcon_core.package_identification:_identify(first_interfaces) by extension 'colcon_pkg'
[0.131s] Level 1:colcon.colcon_core.package_identification:_identify(first_interfaces) by extensions ['colcon_meta']
[0.131s] Level 1:colcon.colcon_core.package_identification:_identify(first_interfaces) by extension 'colcon_meta'
[0.131s] Level 1:colcon.colcon_core.package_identification:_identify(first_interfaces) by extensions ['ros']
[0.131s] Level 1:colcon.colcon_core.package_identification:_identify(first_interfaces) by extension 'ros'
[0.132s] DEBUG:colcon.colcon_core.package_identification:Found ROS schema reference in package manifest in 'first_interfaces'
[0.132s] WARNING:colcon.colcon_core.package_identification:Failed to parse ROS package manifest in 'first_interfaces': Error(s) in package 'first_interfaces/package.xml':
The package "first_interfaces" must not "build_depend" on a package with the same name as this package
The package "first_interfaces" must not "build_export_depend" on a package with the same name as this package
The package "first_interfaces" must not "exec_depend" on a package with the same name as this package
[0.132s] Level 1:colcon.colcon_core.package_identification:_identify(first_interfaces) by extensions ['cmake', 'python']
[0.132s] Level 1:colcon.colcon_core.package_identification:_identify(first_interfaces) by extension 'cmake'
[0.137s] Level 1:colcon.colcon_core.package_identification:_identify(first_interfaces) by extension 'python'
[0.137s] DEBUG:colcon.colcon_core.package_identification:Package 'first_interfaces' with type 'cmake' and name 'first_interfaces'
[0.137s] Level 1:colcon.colcon_core.package_identification:_identify(install) by extensions ['ignore', 'ignore_ament_install']
[0.137s] Level 1:colcon.colcon_core.package_identification:_identify(install) by extension 'ignore'
[0.137s] Level 1:colcon.colcon_core.package_identification:_identify(install) ignored
[0.137s] Level 1:colcon.colcon_core.package_identification:_identify(log) by extensions ['ignore', 'ignore_ament_install']
[0.137s] Level 1:colcon.colcon_core.package_identification:_identify(log) by extension 'ignore'
[0.137s] Level 1:colcon.colcon_core.package_identification:_identify(log) ignored
[0.137s] Level 1:colcon.colcon_core.package_identification:_identify(pkg1) by extensions ['ignore', 'ignore_ament_install']
[0.137s] Level 1:colcon.colcon_core.package_identification:_identify(pkg1) by extension 'ignore'
[0.137s] Level 1:colcon.colcon_core.package_identification:_identify(pkg1) by extension 'ignore_ament_install'
[0.138s] Level 1:colcon.colcon_core.package_identification:_identify(pkg1) by extensions ['colcon_pkg']
[0.138s] Level 1:colcon.colcon_core.package_identification:_identify(pkg1) by extension 'colcon_pkg'
[0.138s] Level 1:colcon.colcon_core.package_identification:_identify(pkg1) by extensions ['colcon_meta']
[0.138s] Level 1:colcon.colcon_core.package_identification:_identify(pkg1) by extension 'colcon_meta'
[0.138s] Level 1:colcon.colcon_core.package_identification:_identify(pkg1) by extensions ['ros']
[0.138s] Level 1:colcon.colcon_core.package_identification:_identify(pkg1) by extension 'ros'
[0.138s] DEBUG:colcon.colcon_core.package_identification:Package 'pkg1' with type 'ros.ament_cmake' and name 'pkg1'
[0.138s] Level 1:colcon.colcon_core.package_identification:_identify(subpub) by extensions ['ignore', 'ignore_ament_install']
[0.138s] Level 1:colcon.colcon_core.package_identification:_identify(subpub) by extension 'ignore'
[0.138s] Level 1:colcon.colcon_core.package_identification:_identify(subpub) by extension 'ignore_ament_install'
[0.138s] Level 1:colcon.colcon_core.package_identification:_identify(subpub) by extensions ['colcon_pkg']
[0.138s] Level 1:colcon.colcon_core.package_identification:_identify(subpub) by extension 'colcon_pkg'
[0.138s] Level 1:colcon.colcon_core.package_identification:_identify(subpub) by extensions ['colcon_meta']
[0.138s] Level 1:colcon.colcon_core.package_identification:_identify(subpub) by extension 'colcon_meta'
[0.138s] Level 1:colcon.colcon_core.package_identification:_identify(subpub) by extensions ['ros']
[0.138s] Level 1:colcon.colcon_core.package_identification:_identify(subpub) by extension 'ros'
[0.139s] DEBUG:colcon.colcon_core.package_identification:Package 'subpub' with type 'ros.ament_cmake' and name 'subpub'
[0.139s] Level 1:colcon.colcon_core.package_discovery:discover_packages(recursive) using defaults
[0.139s] Level 1:colcon.colcon_core.package_discovery:discover_packages(ignore) discover
[0.139s] Level 1:colcon.colcon_core.package_discovery:discover_packages(ignore) using defaults
[0.139s] Level 1:colcon.colcon_core.package_discovery:discover_packages(path) discover
[0.139s] Level 1:colcon.colcon_core.package_discovery:discover_packages(path) using defaults
[0.153s] INFO:colcon.colcon_core.package_selection:Skipping not selected package 'cpp_srvcli' in 'cpp_srvcli'
[0.153s] INFO:colcon.colcon_core.package_selection:Skipping not selected package 'first_interfaces' in 'first_interfaces'
[0.153s] INFO:colcon.colcon_core.package_selection:Skipping not selected package 'pkg1' in 'pkg1'
[0.153s] INFO:colcon.colcon_core.package_selection:Skipping not selected package 'cpp_pubsub' in 'cpp_pubsub'
[0.154s] Level 5:colcon.colcon_core.verb:set package 'subpub' build argument 'cmake_args' from command line to 'None'
[0.154s] Level 5:colcon.colcon_core.verb:set package 'subpub' build argument 'cmake_target' from command line to 'None'
[0.154s] Level 5:colcon.colcon_core.verb:set package 'subpub' build argument 'cmake_target_skip_unavailable' from command line to 'False'
[0.154s] Level 5:colcon.colcon_core.verb:set package 'subpub' build argument 'cmake_clean_cache' from command line to 'False'
[0.154s] Level 5:colcon.colcon_core.verb:set package 'subpub' build argument 'cmake_clean_first' from command line to 'False'
[0.154s] Level 5:colcon.colcon_core.verb:set package 'subpub' build argument 'cmake_force_configure' from command line to 'False'
[0.154s] Level 5:colcon.colcon_core.verb:set package 'subpub' build argument 'ament_cmake_args' from command line to 'None'
[0.154s] Level 5:colcon.colcon_core.verb:set package 'subpub' build argument 'catkin_cmake_args' from command line to 'None'
[0.154s] Level 5:colcon.colcon_core.verb:set package 'subpub' build argument 'catkin_skip_building_tests' from command line to 'False'
[0.154s] DEBUG:colcon.colcon_core.verb:Building package 'subpub' with the following arguments: {'ament_cmake_args': None, 'build_base': '/home/eilero/ros2_ws/src/build/subpub', 'catkin_cmake_args': None, 'catkin_skip_building_tests': False, 'cmake_args': None, 'cmake_clean_cache': False, 'cmake_clean_first': False, 'cmake_force_configure': False, 'cmake_target': None, 'cmake_target_skip_unavailable': False, 'install_base': '/home/eilero/ros2_ws/src/install/subpub', 'merge_install': False, 'path': '/home/eilero/ros2_ws/src/subpub', 'symlink_install': False, 'test_result_base': None}
[0.154s] INFO:colcon.colcon_core.executor:Executing jobs using 'parallel' executor
[0.155s] DEBUG:colcon.colcon_parallel_executor.executor.parallel:run_until_complete
[0.155s] INFO:colcon.colcon_ros.task.ament_cmake.build:Building ROS package in '/home/eilero/ros2_ws/src/subpub' with build type 'ament_cmake'
[0.155s] INFO:colcon.colcon_cmake.task.cmake.build:Building CMake package in '/home/eilero/ros2_ws/src/subpub'
[0.157s] INFO:colcon.colcon_core.plugin_system:Skipping extension 'colcon_core.shell.bat': Not used on non-Windows systems
[0.157s] INFO:colcon.colcon_core.shell:Skip shell extension 'powershell' for command environment: Not usable outside of PowerShell
[0.157s] DEBUG:colcon.colcon_core.shell:Skip shell extension 'dsv' for command environment
[0.167s] DEBUG:colcon.colcon_core.event_handler.log_command:Invoking command in '/home/eilero/ros2_ws/src/build/subpub': CMAKE_PREFIX_PATH=${CMAKE_PREFIX_PATH}:/opt/ros/jazzy /usr/bin/cmake /home/eilero/ros2_ws/src/subpub -DCMAKE_INSTALL_PREFIX=/home/eilero/ros2_ws/src/install/subpub
[0.862s] DEBUG:colcon.colcon_core.event_handler.log_command:Invoked command in '/home/eilero/ros2_ws/src/build/subpub' returned '0': CMAKE_PREFIX_PATH=${CMAKE_PREFIX_PATH}:/opt/ros/jazzy /usr/bin/cmake /home/eilero/ros2_ws/src/subpub -DCMAKE_INSTALL_PREFIX=/home/eilero/ros2_ws/src/install/subpub
[0.864s] DEBUG:colcon.colcon_core.event_handler.log_command:Invoking command in '/home/eilero/ros2_ws/src/build/subpub': CMAKE_PREFIX_PATH=${CMAKE_PREFIX_PATH}:/opt/ros/jazzy /usr/bin/cmake --build /home/eilero/ros2_ws/src/build/subpub -- -j16 -l16
[0.912s] DEBUG:colcon.colcon_core.event_handler.log_command:Invoked command in '/home/eilero/ros2_ws/src/build/subpub' returned '0': CMAKE_PREFIX_PATH=${CMAKE_PREFIX_PATH}:/opt/ros/jazzy /usr/bin/cmake --build /home/eilero/ros2_ws/src/build/subpub -- -j16 -l16
[0.925s] DEBUG:colcon.colcon_core.event_handler.log_command:Invoking command in '/home/eilero/ros2_ws/src/build/subpub': CMAKE_PREFIX_PATH=${CMAKE_PREFIX_PATH}:/opt/ros/jazzy /usr/bin/cmake --install /home/eilero/ros2_ws/src/build/subpub
[0.936s] Level 1:colcon.colcon_core.environment:create_environment_scripts_only(subpub)
[0.937s] DEBUG:colcon.colcon_core.event_handler.log_command:Invoked command in '/home/eilero/ros2_ws/src/build/subpub' returned '0': CMAKE_PREFIX_PATH=${CMAKE_PREFIX_PATH}:/opt/ros/jazzy /usr/bin/cmake --install /home/eilero/ros2_ws/src/build/subpub
[0.939s] Level 1:colcon.colcon_core.environment:checking '/home/eilero/ros2_ws/src/install/subpub' for CMake module files
[0.939s] Level 1:colcon.colcon_core.environment:checking '/home/eilero/ros2_ws/src/install/subpub' for CMake config files
[0.939s] Level 1:colcon.colcon_core.shell:create_environment_hook('subpub', 'cmake_prefix_path')
[0.940s] INFO:colcon.colcon_core.shell:Creating environment hook '/home/eilero/ros2_ws/src/install/subpub/share/subpub/hook/cmake_prefix_path.ps1'
[0.940s] INFO:colcon.colcon_core.shell:Creating environment descriptor '/home/eilero/ros2_ws/src/install/subpub/share/subpub/hook/cmake_prefix_path.dsv'
[0.940s] INFO:colcon.colcon_core.shell:Creating environment hook '/home/eilero/ros2_ws/src/install/subpub/share/subpub/hook/cmake_prefix_path.sh'
[0.941s] Level 1:colcon.colcon_core.environment:checking '/home/eilero/ros2_ws/src/install/subpub/bin'
[0.941s] Level 1:colcon.colcon_core.environment:checking '/home/eilero/ros2_ws/src/install/subpub/lib/pkgconfig/subpub.pc'
[0.943s] Level 1:colcon.colcon_core.environment:checking '/home/eilero/ros2_ws/src/install/subpub/lib/python3.12/site-packages'
[0.943s] Level 1:colcon.colcon_core.environment:checking '/home/eilero/ros2_ws/src/install/subpub/bin'
[0.943s] INFO:colcon.colcon_core.shell:Creating package script '/home/eilero/ros2_ws/src/install/subpub/share/subpub/package.ps1'
[0.944s] INFO:colcon.colcon_core.shell:Creating package descriptor '/home/eilero/ros2_ws/src/install/subpub/share/subpub/package.dsv'
[0.944s] INFO:colcon.colcon_core.shell:Creating package script '/home/eilero/ros2_ws/src/install/subpub/share/subpub/package.sh'
[0.945s] INFO:colcon.colcon_core.shell:Creating package script '/home/eilero/ros2_ws/src/install/subpub/share/subpub/package.bash'
[0.945s] INFO:colcon.colcon_core.shell:Creating package script '/home/eilero/ros2_ws/src/install/subpub/share/subpub/package.zsh'
[0.946s] Level 1:colcon.colcon_core.environment:create_file_with_runtime_dependencies(/home/eilero/ros2_ws/src/install/subpub/share/colcon-core/packages/subpub)
[0.946s] Level 1:colcon.colcon_core.environment:create_environment_scripts_only(subpub)
[0.946s] Level 1:colcon.colcon_core.environment:checking '/home/eilero/ros2_ws/src/install/subpub' for CMake module files
[0.947s] Level 1:colcon.colcon_core.environment:checking '/home/eilero/ros2_ws/src/install/subpub' for CMake config files
[0.947s] Level 1:colcon.colcon_core.shell:create_environment_hook('subpub', 'cmake_prefix_path')
[0.947s] INFO:colcon.colcon_core.shell:Creating environment hook '/home/eilero/ros2_ws/src/install/subpub/share/subpub/hook/cmake_prefix_path.ps1'
[0.947s] INFO:colcon.colcon_core.shell:Creating environment descriptor '/home/eilero/ros2_ws/src/install/subpub/share/subpub/hook/cmake_prefix_path.dsv'
[0.947s] INFO:colcon.colcon_core.shell:Creating environment hook '/home/eilero/ros2_ws/src/install/subpub/share/subpub/hook/cmake_prefix_path.sh'
[0.948s] Level 1:colcon.colcon_core.environment:checking '/home/eilero/ros2_ws/src/install/subpub/bin'
[0.948s] Level 1:colcon.colcon_core.environment:checking '/home/eilero/ros2_ws/src/install/subpub/lib/pkgconfig/subpub.pc'
[0.948s] Level 1:colcon.colcon_core.environment:checking '/home/eilero/ros2_ws/src/install/subpub/lib/python3.12/site-packages'
[0.948s] Level 1:colcon.colcon_core.environment:checking '/home/eilero/ros2_ws/src/install/subpub/bin'
[0.948s] INFO:colcon.colcon_core.shell:Creating package script '/home/eilero/ros2_ws/src/install/subpub/share/subpub/package.ps1'
[0.949s] INFO:colcon.colcon_core.shell:Creating package descriptor '/home/eilero/ros2_ws/src/install/subpub/share/subpub/package.dsv'
[0.949s] INFO:colcon.colcon_core.shell:Creating package script '/home/eilero/ros2_ws/src/install/subpub/share/subpub/package.sh'
[0.949s] INFO:colcon.colcon_core.shell:Creating package script '/home/eilero/ros2_ws/src/install/subpub/share/subpub/package.bash'
[0.949s] INFO:colcon.colcon_core.shell:Creating package script '/home/eilero/ros2_ws/src/install/subpub/share/subpub/package.zsh'
[0.950s] Level 1:colcon.colcon_core.environment:create_file_with_runtime_dependencies(/home/eilero/ros2_ws/src/install/subpub/share/colcon-core/packages/subpub)
[0.950s] DEBUG:colcon.colcon_parallel_executor.executor.parallel:closing loop
[0.950s] DEBUG:colcon.colcon_parallel_executor.executor.parallel:loop closed
[0.950s] DEBUG:colcon.colcon_parallel_executor.executor.parallel:run_until_complete finished with '0'
[0.950s] DEBUG:colcon.colcon_core.event_reactor:joining thread
[0.955s] INFO:colcon.colcon_core.plugin_system:Skipping extension 'colcon_notification.desktop_notification.notify_send': Could not find 'notify-send'
[0.955s] INFO:colcon.colcon_core.plugin_system:Skipping extension 'colcon_notification.desktop_notification.terminal_notifier': Not used on non-Darwin systems
[0.955s] INFO:colcon.colcon_core.plugin_system:Skipping extension 'colcon_notification.desktop_notification.win32': Not used on non-Windows systems
[0.955s] INFO:colcon.colcon_notification.desktop_notification:Sending desktop notification using 'notify2'
[0.960s] DEBUG:colcon.colcon_notification.desktop_notification.notify2:Failed to initialize notify2: org.freedesktop.DBus.Error.Spawn.ExecFailed: /usr/bin/dbus-launch terminated abnormally without any error message
[0.960s] DEBUG:colcon.colcon_core.event_reactor:joined thread
[0.960s] INFO:colcon.colcon_core.shell:Creating prefix script '/home/eilero/ros2_ws/src/install/local_setup.ps1'
[0.961s] INFO:colcon.colcon_core.shell:Creating prefix util module '/home/eilero/ros2_ws/src/install/_local_setup_util_ps1.py'
[0.962s] INFO:colcon.colcon_core.shell:Creating prefix chain script '/home/eilero/ros2_ws/src/install/setup.ps1'
[0.963s] INFO:colcon.colcon_core.shell:Creating prefix script '/home/eilero/ros2_ws/src/install/local_setup.sh'
[0.964s] INFO:colcon.colcon_core.shell:Creating prefix util module '/home/eilero/ros2_ws/src/install/_local_setup_util_sh.py'
[0.965s] INFO:colcon.colcon_core.shell:Creating prefix chain script '/home/eilero/ros2_ws/src/install/setup.sh'
[0.966s] INFO:colcon.colcon_core.shell:Creating prefix script '/home/eilero/ros2_ws/src/install/local_setup.bash'
[0.966s] INFO:colcon.colcon_core.shell:Creating prefix chain script '/home/eilero/ros2_ws/src/install/setup.bash'
[0.967s] INFO:colcon.colcon_core.shell:Creating prefix script '/home/eilero/ros2_ws/src/install/local_setup.zsh'
[0.967s] INFO:colcon.colcon_core.shell:Creating prefix chain script '/home/eilero/ros2_ws/src/install/setup.zsh'
