[0.086s] DEBUG:colcon:Command line arguments: ['/usr/bin/colcon', 'build']
[0.086s] DEBUG:colcon:Parsed command line arguments: Namespace(log_base=None, log_level=None, verb_name='build', build_base='build', install_base='install', merge_install=False, symlink_install=False, test_result_base=None, continue_on_error=False, executor='parallel', parallel_workers=16, event_handlers=None, ignore_user_meta=False, metas=['./colcon.meta'], base_paths=['.'], packages_ignore=None, packages_ignore_regex=None, paths=None, packages_up_to=None, packages_up_to_regex=None, packages_above=None, packages_above_and_dependencies=None, packages_above_depth=None, packages_select_by_dep=None, packages_skip_by_dep=None, packages_skip_up_to=None, packages_select_build_failed=False, packages_skip_build_finished=False, packages_select_test_failures=False, packages_skip_test_passed=False, packages_select=None, packages_skip=None, packages_select_regex=None, packages_skip_regex=None, packages_start=None, packages_end=None, cmake_args=None, cmake_target=None, cmake_target_skip_unavailable=False, cmake_clean_cache=False, cmake_clean_first=False, cmake_force_configure=False, ament_cmake_args=None, catkin_cmake_args=None, catkin_skip_building_tests=False, mixin_files=None, mixin=None, verb_parser=<colcon_mixin.mixin.mixin_argument.MixinArgumentDecorator object at 0x718439482120>, verb_extension=<colcon_core.verb.build.BuildVerb object at 0x7184395f7f20>, main=<bound method BuildVerb.main of <colcon_core.verb.build.BuildVerb object at 0x7184395f7f20>>, mixin_verb=('build',))
[0.116s] Level 1:colcon.colcon_core.package_discovery:discover_packages(colcon_meta) check parameters
[0.117s] INFO:colcon.colcon_metadata.package_discovery.colcon_meta:Using configuration from '/root/.colcon/metadata/default/Gazebo.meta'
[0.118s] INFO:colcon.colcon_metadata.package_discovery.colcon_meta:Using configuration from '/root/.colcon/metadata/default/fastdds.meta'
[0.118s] INFO:colcon.colcon_metadata.package_discovery.colcon_meta:Using configuration from '/root/.colcon/metadata/default/fastrtps.meta'
[0.118s] Level 1:colcon.colcon_core.package_discovery:discover_packages(recursive) check parameters
[0.118s] Level 1:colcon.colcon_core.package_discovery:discover_packages(ignore) check parameters
[0.118s] Level 1:colcon.colcon_core.package_discovery:discover_packages(path) check parameters
[0.118s] Level 1:colcon.colcon_core.package_discovery:discover_packages(colcon_meta) discover
[0.118s] Level 1:colcon.colcon_core.package_discovery:discover_packages(recursive) discover
[0.118s] INFO:colcon.colcon_core.package_discovery:Crawling recursively for packages in '/home/eilero/ros2_ws'
[0.118s] Level 1:colcon.colcon_core.package_identification:_identify(.) by extensions ['ignore', 'ignore_ament_install']
[0.118s] Level 1:colcon.colcon_core.package_identification:_identify(.) by extension 'ignore'
[0.118s] Level 1:colcon.colcon_core.package_identification:_identify(.) by extension 'ignore_ament_install'
[0.118s] Level 1:colcon.colcon_core.package_identification:_identify(.) by extensions ['colcon_pkg']
[0.118s] Level 1:colcon.colcon_core.package_identification:_identify(.) by extension 'colcon_pkg'
[0.118s] Level 1:colcon.colcon_core.package_identification:_identify(.) by extensions ['colcon_meta']
[0.118s] Level 1:colcon.colcon_core.package_identification:_identify(.) by extension 'colcon_meta'
[0.118s] Level 1:colcon.colcon_core.package_identification:_identify(.) by extensions ['ros']
[0.118s] Level 1:colcon.colcon_core.package_identification:_identify(.) by extension 'ros'
[0.137s] Level 1:colcon.colcon_core.package_identification:_identify(.) by extensions ['cmake', 'python']
[0.137s] Level 1:colcon.colcon_core.package_identification:_identify(.) by extension 'cmake'
[0.137s] Level 1:colcon.colcon_core.package_identification:_identify(.) by extension 'python'
[0.137s] Level 1:colcon.colcon_core.package_identification:_identify(.) by extensions ['python_setup_py']
[0.137s] Level 1:colcon.colcon_core.package_identification:_identify(.) by extension 'python_setup_py'
[0.137s] Level 1:colcon.colcon_core.package_identification:_identify(build) by extensions ['ignore', 'ignore_ament_install']
[0.137s] Level 1:colcon.colcon_core.package_identification:_identify(build) by extension 'ignore'
[0.137s] Level 1:colcon.colcon_core.package_identification:_identify(build) ignored
[0.137s] Level 1:colcon.colcon_core.package_identification:_identify(install) by extensions ['ignore', 'ignore_ament_install']
[0.137s] Level 1:colcon.colcon_core.package_identification:_identify(install) by extension 'ignore'
[0.137s] Level 1:colcon.colcon_core.package_identification:_identify(install) ignored
[0.137s] Level 1:colcon.colcon_core.package_identification:_identify(log) by extensions ['ignore', 'ignore_ament_install']
[0.138s] Level 1:colcon.colcon_core.package_identification:_identify(log) by extension 'ignore'
[0.138s] Level 1:colcon.colcon_core.package_identification:_identify(log) ignored
[0.138s] Level 1:colcon.colcon_core.package_identification:_identify(src) by extensions ['ignore', 'ignore_ament_install']
[0.138s] Level 1:colcon.colcon_core.package_identification:_identify(src) by extension 'ignore'
[0.138s] Level 1:colcon.colcon_core.package_identification:_identify(src) by extension 'ignore_ament_install'
[0.138s] Level 1:colcon.colcon_core.package_identification:_identify(src) by extensions ['colcon_pkg']
[0.138s] Level 1:colcon.colcon_core.package_identification:_identify(src) by extension 'colcon_pkg'
[0.138s] Level 1:colcon.colcon_core.package_identification:_identify(src) by extensions ['colcon_meta']
[0.138s] Level 1:colcon.colcon_core.package_identification:_identify(src) by extension 'colcon_meta'
[0.138s] Level 1:colcon.colcon_core.package_identification:_identify(src) by extensions ['ros']
[0.138s] Level 1:colcon.colcon_core.package_identification:_identify(src) by extension 'ros'
[0.138s] Level 1:colcon.colcon_core.package_identification:_identify(src) by extensions ['cmake', 'python']
[0.138s] Level 1:colcon.colcon_core.package_identification:_identify(src) by extension 'cmake'
[0.138s] Level 1:colcon.colcon_core.package_identification:_identify(src) by extension 'python'
[0.138s] Level 1:colcon.colcon_core.package_identification:_identify(src) by extensions ['python_setup_py']
[0.138s] Level 1:colcon.colcon_core.package_identification:_identify(src) by extension 'python_setup_py'
[0.138s] Level 1:colcon.colcon_core.package_identification:_identify(src/build) by extensions ['ignore', 'ignore_ament_install']
[0.138s] Level 1:colcon.colcon_core.package_identification:_identify(src/build) by extension 'ignore'
[0.138s] Level 1:colcon.colcon_core.package_identification:_identify(src/build) ignored
[0.138s] Level 1:colcon.colcon_core.package_identification:_identify(src/cpp_pubsub) by extensions ['ignore', 'ignore_ament_install']
[0.138s] Level 1:colcon.colcon_core.package_identification:_identify(src/cpp_pubsub) by extension 'ignore'
[0.138s] Level 1:colcon.colcon_core.package_identification:_identify(src/cpp_pubsub) by extension 'ignore_ament_install'
[0.138s] Level 1:colcon.colcon_core.package_identification:_identify(src/cpp_pubsub) by extensions ['colcon_pkg']
[0.138s] Level 1:colcon.colcon_core.package_identification:_identify(src/cpp_pubsub) by extension 'colcon_pkg'
[0.138s] Level 1:colcon.colcon_core.package_identification:_identify(src/cpp_pubsub) by extensions ['colcon_meta']
[0.139s] Level 1:colcon.colcon_core.package_identification:_identify(src/cpp_pubsub) by extension 'colcon_meta'
[0.139s] Level 1:colcon.colcon_core.package_identification:_identify(src/cpp_pubsub) by extensions ['ros']
[0.139s] Level 1:colcon.colcon_core.package_identification:_identify(src/cpp_pubsub) by extension 'ros'
[0.140s] DEBUG:colcon.colcon_core.package_identification:Package 'src/cpp_pubsub' with type 'ros.ament_cmake' and name 'cpp_pubsub'
[0.140s] Level 1:colcon.colcon_core.package_identification:_identify(src/cpp_srvcli) by extensions ['ignore', 'ignore_ament_install']
[0.140s] Level 1:colcon.colcon_core.package_identification:_identify(src/cpp_srvcli) by extension 'ignore'
[0.140s] Level 1:colcon.colcon_core.package_identification:_identify(src/cpp_srvcli) by extension 'ignore_ament_install'
[0.141s] Level 1:colcon.colcon_core.package_identification:_identify(src/cpp_srvcli) by extensions ['colcon_pkg']
[0.141s] Level 1:colcon.colcon_core.package_identification:_identify(src/cpp_srvcli) by extension 'colcon_pkg'
[0.141s] Level 1:colcon.colcon_core.package_identification:_identify(src/cpp_srvcli) by extensions ['colcon_meta']
[0.141s] Level 1:colcon.colcon_core.package_identification:_identify(src/cpp_srvcli) by extension 'colcon_meta'
[0.141s] Level 1:colcon.colcon_core.package_identification:_identify(src/cpp_srvcli) by extensions ['ros']
[0.141s] Level 1:colcon.colcon_core.package_identification:_identify(src/cpp_srvcli) by extension 'ros'
[0.141s] DEBUG:colcon.colcon_core.package_identification:Package 'src/cpp_srvcli' with type 'ros.ament_cmake' and name 'cpp_srvcli'
[0.141s] Level 1:colcon.colcon_core.package_identification:_identify(src/first_interfaces) by extensions ['ignore', 'ignore_ament_install']
[0.141s] Level 1:colcon.colcon_core.package_identification:_identify(src/first_interfaces) by extension 'ignore'
[0.141s] Level 1:colcon.colcon_core.package_identification:_identify(src/first_interfaces) by extension 'ignore_ament_install'
[0.141s] Level 1:colcon.colcon_core.package_identification:_identify(src/first_interfaces) by extensions ['colcon_pkg']
[0.141s] Level 1:colcon.colcon_core.package_identification:_identify(src/first_interfaces) by extension 'colcon_pkg'
[0.141s] Level 1:colcon.colcon_core.package_identification:_identify(src/first_interfaces) by extensions ['colcon_meta']
[0.141s] Level 1:colcon.colcon_core.package_identification:_identify(src/first_interfaces) by extension 'colcon_meta'
[0.141s] Level 1:colcon.colcon_core.package_identification:_identify(src/first_interfaces) by extensions ['ros']
[0.141s] Level 1:colcon.colcon_core.package_identification:_identify(src/first_interfaces) by extension 'ros'
[0.142s] DEBUG:colcon.colcon_core.package_identification:Package 'src/first_interfaces' with type 'ros.ament_cmake' and name 'first_interfaces'
[0.142s] Level 1:colcon.colcon_core.package_identification:_identify(src/install) by extensions ['ignore', 'ignore_ament_install']
[0.142s] Level 1:colcon.colcon_core.package_identification:_identify(src/install) by extension 'ignore'
[0.142s] Level 1:colcon.colcon_core.package_identification:_identify(src/install) ignored
[0.142s] Level 1:colcon.colcon_core.package_identification:_identify(src/log) by extensions ['ignore', 'ignore_ament_install']
[0.142s] Level 1:colcon.colcon_core.package_identification:_identify(src/log) by extension 'ignore'
[0.142s] Level 1:colcon.colcon_core.package_identification:_identify(src/log) ignored
[0.142s] Level 1:colcon.colcon_core.package_identification:_identify(src/pkg1) by extensions ['ignore', 'ignore_ament_install']
[0.142s] Level 1:colcon.colcon_core.package_identification:_identify(src/pkg1) by extension 'ignore'
[0.142s] Level 1:colcon.colcon_core.package_identification:_identify(src/pkg1) by extension 'ignore_ament_install'
[0.142s] Level 1:colcon.colcon_core.package_identification:_identify(src/pkg1) by extensions ['colcon_pkg']
[0.142s] Level 1:colcon.colcon_core.package_identification:_identify(src/pkg1) by extension 'colcon_pkg'
[0.142s] Level 1:colcon.colcon_core.package_identification:_identify(src/pkg1) by extensions ['colcon_meta']
[0.142s] Level 1:colcon.colcon_core.package_identification:_identify(src/pkg1) by extension 'colcon_meta'
[0.142s] Level 1:colcon.colcon_core.package_identification:_identify(src/pkg1) by extensions ['ros']
[0.142s] Level 1:colcon.colcon_core.package_identification:_identify(src/pkg1) by extension 'ros'
[0.143s] DEBUG:colcon.colcon_core.package_identification:Package 'src/pkg1' with type 'ros.ament_cmake' and name 'pkg1'
[0.143s] Level 1:colcon.colcon_core.package_identification:_identify(src/subs_pubs) by extensions ['ignore', 'ignore_ament_install']
[0.143s] Level 1:colcon.colcon_core.package_identification:_identify(src/subs_pubs) by extension 'ignore'
[0.143s] Level 1:colcon.colcon_core.package_identification:_identify(src/subs_pubs) by extension 'ignore_ament_install'
[0.143s] Level 1:colcon.colcon_core.package_identification:_identify(src/subs_pubs) by extensions ['colcon_pkg']
[0.143s] Level 1:colcon.colcon_core.package_identification:_identify(src/subs_pubs) by extension 'colcon_pkg'
[0.143s] Level 1:colcon.colcon_core.package_identification:_identify(src/subs_pubs) by extensions ['colcon_meta']
[0.143s] Level 1:colcon.colcon_core.package_identification:_identify(src/subs_pubs) by extension 'colcon_meta'
[0.143s] Level 1:colcon.colcon_core.package_identification:_identify(src/subs_pubs) by extensions ['ros']
[0.143s] Level 1:colcon.colcon_core.package_identification:_identify(src/subs_pubs) by extension 'ros'
[0.144s] DEBUG:colcon.colcon_core.package_identification:Package 'src/subs_pubs' with type 'ros.ament_cmake' and name 'subs_pubs'
[0.144s] Level 1:colcon.colcon_core.package_discovery:discover_packages(recursive) using defaults
[0.144s] Level 1:colcon.colcon_core.package_discovery:discover_packages(ignore) discover
[0.144s] Level 1:colcon.colcon_core.package_discovery:discover_packages(ignore) using defaults
[0.144s] Level 1:colcon.colcon_core.package_discovery:discover_packages(path) discover
[0.144s] Level 1:colcon.colcon_core.package_discovery:discover_packages(path) using defaults
[0.158s] Level 5:colcon.colcon_core.verb:set package 'cpp_srvcli' build argument 'cmake_args' from command line to 'None'
[0.158s] Level 5:colcon.colcon_core.verb:set package 'cpp_srvcli' build argument 'cmake_target' from command line to 'None'
[0.158s] Level 5:colcon.colcon_core.verb:set package 'cpp_srvcli' build argument 'cmake_target_skip_unavailable' from command line to 'False'
[0.158s] Level 5:colcon.colcon_core.verb:set package 'cpp_srvcli' build argument 'cmake_clean_cache' from command line to 'False'
[0.158s] Level 5:colcon.colcon_core.verb:set package 'cpp_srvcli' build argument 'cmake_clean_first' from command line to 'False'
[0.158s] Level 5:colcon.colcon_core.verb:set package 'cpp_srvcli' build argument 'cmake_force_configure' from command line to 'False'
[0.158s] Level 5:colcon.colcon_core.verb:set package 'cpp_srvcli' build argument 'ament_cmake_args' from command line to 'None'
[0.158s] Level 5:colcon.colcon_core.verb:set package 'cpp_srvcli' build argument 'catkin_cmake_args' from command line to 'None'
[0.158s] Level 5:colcon.colcon_core.verb:set package 'cpp_srvcli' build argument 'catkin_skip_building_tests' from command line to 'False'
[0.158s] DEBUG:colcon.colcon_core.verb:Building package 'cpp_srvcli' with the following arguments: {'ament_cmake_args': None, 'build_base': '/home/eilero/ros2_ws/build/cpp_srvcli', 'catkin_cmake_args': None, 'catkin_skip_building_tests': False, 'cmake_args': None, 'cmake_clean_cache': False, 'cmake_clean_first': False, 'cmake_force_configure': False, 'cmake_target': None, 'cmake_target_skip_unavailable': False, 'install_base': '/home/eilero/ros2_ws/install/cpp_srvcli', 'merge_install': False, 'path': '/home/eilero/ros2_ws/src/cpp_srvcli', 'symlink_install': False, 'test_result_base': None}
[0.158s] Level 5:colcon.colcon_core.verb:set package 'first_interfaces' build argument 'cmake_args' from command line to 'None'
[0.158s] Level 5:colcon.colcon_core.verb:set package 'first_interfaces' build argument 'cmake_target' from command line to 'None'
[0.158s] Level 5:colcon.colcon_core.verb:set package 'first_interfaces' build argument 'cmake_target_skip_unavailable' from command line to 'False'
[0.158s] Level 5:colcon.colcon_core.verb:set package 'first_interfaces' build argument 'cmake_clean_cache' from command line to 'False'
[0.158s] Level 5:colcon.colcon_core.verb:set package 'first_interfaces' build argument 'cmake_clean_first' from command line to 'False'
[0.158s] Level 5:colcon.colcon_core.verb:set package 'first_interfaces' build argument 'cmake_force_configure' from command line to 'False'
[0.158s] Level 5:colcon.colcon_core.verb:set package 'first_interfaces' build argument 'ament_cmake_args' from command line to 'None'
[0.158s] Level 5:colcon.colcon_core.verb:set package 'first_interfaces' build argument 'catkin_cmake_args' from command line to 'None'
[0.158s] Level 5:colcon.colcon_core.verb:set package 'first_interfaces' build argument 'catkin_skip_building_tests' from command line to 'False'
[0.158s] DEBUG:colcon.colcon_core.verb:Building package 'first_interfaces' with the following arguments: {'ament_cmake_args': None, 'build_base': '/home/eilero/ros2_ws/build/first_interfaces', 'catkin_cmake_args': None, 'catkin_skip_building_tests': False, 'cmake_args': None, 'cmake_clean_cache': False, 'cmake_clean_first': False, 'cmake_force_configure': False, 'cmake_target': None, 'cmake_target_skip_unavailable': False, 'install_base': '/home/eilero/ros2_ws/install/first_interfaces', 'merge_install': False, 'path': '/home/eilero/ros2_ws/src/first_interfaces', 'symlink_install': False, 'test_result_base': None}
[0.158s] Level 5:colcon.colcon_core.verb:set package 'pkg1' build argument 'cmake_args' from command line to 'None'
[0.158s] Level 5:colcon.colcon_core.verb:set package 'pkg1' build argument 'cmake_target' from command line to 'None'
[0.158s] Level 5:colcon.colcon_core.verb:set package 'pkg1' build argument 'cmake_target_skip_unavailable' from command line to 'False'
[0.159s] Level 5:colcon.colcon_core.verb:set package 'pkg1' build argument 'cmake_clean_cache' from command line to 'False'
[0.159s] Level 5:colcon.colcon_core.verb:set package 'pkg1' build argument 'cmake_clean_first' from command line to 'False'
[0.159s] Level 5:colcon.colcon_core.verb:set package 'pkg1' build argument 'cmake_force_configure' from command line to 'False'
[0.159s] Level 5:colcon.colcon_core.verb:set package 'pkg1' build argument 'ament_cmake_args' from command line to 'None'
[0.159s] Level 5:colcon.colcon_core.verb:set package 'pkg1' build argument 'catkin_cmake_args' from command line to 'None'
[0.159s] Level 5:colcon.colcon_core.verb:set package 'pkg1' build argument 'catkin_skip_building_tests' from command line to 'False'
[0.159s] DEBUG:colcon.colcon_core.verb:Building package 'pkg1' with the following arguments: {'ament_cmake_args': None, 'build_base': '/home/eilero/ros2_ws/build/pkg1', 'catkin_cmake_args': None, 'catkin_skip_building_tests': False, 'cmake_args': None, 'cmake_clean_cache': False, 'cmake_clean_first': False, 'cmake_force_configure': False, 'cmake_target': None, 'cmake_target_skip_unavailable': False, 'install_base': '/home/eilero/ros2_ws/install/pkg1', 'merge_install': False, 'path': '/home/eilero/ros2_ws/src/pkg1', 'symlink_install': False, 'test_result_base': None}
[0.159s] Level 5:colcon.colcon_core.verb:set package 'cpp_pubsub' build argument 'cmake_args' from command line to 'None'
[0.159s] Level 5:colcon.colcon_core.verb:set package 'cpp_pubsub' build argument 'cmake_target' from command line to 'None'
[0.159s] Level 5:colcon.colcon_core.verb:set package 'cpp_pubsub' build argument 'cmake_target_skip_unavailable' from command line to 'False'
[0.159s] Level 5:colcon.colcon_core.verb:set package 'cpp_pubsub' build argument 'cmake_clean_cache' from command line to 'False'
[0.159s] Level 5:colcon.colcon_core.verb:set package 'cpp_pubsub' build argument 'cmake_clean_first' from command line to 'False'
[0.159s] Level 5:colcon.colcon_core.verb:set package 'cpp_pubsub' build argument 'cmake_force_configure' from command line to 'False'
[0.159s] Level 5:colcon.colcon_core.verb:set package 'cpp_pubsub' build argument 'ament_cmake_args' from command line to 'None'
[0.159s] Level 5:colcon.colcon_core.verb:set package 'cpp_pubsub' build argument 'catkin_cmake_args' from command line to 'None'
[0.159s] Level 5:colcon.colcon_core.verb:set package 'cpp_pubsub' build argument 'catkin_skip_building_tests' from command line to 'False'
[0.159s] DEBUG:colcon.colcon_core.verb:Building package 'cpp_pubsub' with the following arguments: {'ament_cmake_args': None, 'build_base': '/home/eilero/ros2_ws/build/cpp_pubsub', 'catkin_cmake_args': None, 'catkin_skip_building_tests': False, 'cmake_args': None, 'cmake_clean_cache': False, 'cmake_clean_first': False, 'cmake_force_configure': False, 'cmake_target': None, 'cmake_target_skip_unavailable': False, 'install_base': '/home/eilero/ros2_ws/install/cpp_pubsub', 'merge_install': False, 'path': '/home/eilero/ros2_ws/src/cpp_pubsub', 'symlink_install': False, 'test_result_base': None}
[0.159s] Level 5:colcon.colcon_core.verb:set package 'subs_pubs' build argument 'cmake_args' from command line to 'None'
[0.159s] Level 5:colcon.colcon_core.verb:set package 'subs_pubs' build argument 'cmake_target' from command line to 'None'
[0.159s] Level 5:colcon.colcon_core.verb:set package 'subs_pubs' build argument 'cmake_target_skip_unavailable' from command line to 'False'
[0.159s] Level 5:colcon.colcon_core.verb:set package 'subs_pubs' build argument 'cmake_clean_cache' from command line to 'False'
[0.159s] Level 5:colcon.colcon_core.verb:set package 'subs_pubs' build argument 'cmake_clean_first' from command line to 'False'
[0.159s] Level 5:colcon.colcon_core.verb:set package 'subs_pubs' build argument 'cmake_force_configure' from command line to 'False'
[0.159s] Level 5:colcon.colcon_core.verb:set package 'subs_pubs' build argument 'ament_cmake_args' from command line to 'None'
[0.159s] Level 5:colcon.colcon_core.verb:set package 'subs_pubs' build argument 'catkin_cmake_args' from command line to 'None'
[0.159s] Level 5:colcon.colcon_core.verb:set package 'subs_pubs' build argument 'catkin_skip_building_tests' from command line to 'False'
[0.159s] DEBUG:colcon.colcon_core.verb:Building package 'subs_pubs' with the following arguments: {'ament_cmake_args': None, 'build_base': '/home/eilero/ros2_ws/build/subs_pubs', 'catkin_cmake_args': None, 'catkin_skip_building_tests': False, 'cmake_args': None, 'cmake_clean_cache': False, 'cmake_clean_first': False, 'cmake_force_configure': False, 'cmake_target': None, 'cmake_target_skip_unavailable': False, 'install_base': '/home/eilero/ros2_ws/install/subs_pubs', 'merge_install': False, 'path': '/home/eilero/ros2_ws/src/subs_pubs', 'symlink_install': False, 'test_result_base': None}
[0.159s] INFO:colcon.colcon_core.executor:Executing jobs using 'parallel' executor
[0.160s] DEBUG:colcon.colcon_parallel_executor.executor.parallel:run_until_complete
[0.161s] INFO:colcon.colcon_ros.task.ament_cmake.build:Building ROS package in '/home/eilero/ros2_ws/src/first_interfaces' with build type 'ament_cmake'
[0.161s] INFO:colcon.colcon_cmake.task.cmake.build:Building CMake package in '/home/eilero/ros2_ws/src/first_interfaces'
[0.163s] INFO:colcon.colcon_core.plugin_system:Skipping extension 'colcon_core.shell.bat': Not used on non-Windows systems
[0.163s] INFO:colcon.colcon_core.shell:Skip shell extension 'powershell' for command environment: Not usable outside of PowerShell
[0.163s] DEBUG:colcon.colcon_core.shell:Skip shell extension 'dsv' for command environment
[0.168s] INFO:colcon.colcon_ros.task.ament_cmake.build:Building ROS package in '/home/eilero/ros2_ws/src/cpp_srvcli' with build type 'ament_cmake'
[0.168s] INFO:colcon.colcon_cmake.task.cmake.build:Building CMake package in '/home/eilero/ros2_ws/src/cpp_srvcli'
[0.169s] INFO:colcon.colcon_core.shell:Skip shell extension 'powershell' for command environment: Not usable outside of PowerShell
[0.169s] DEBUG:colcon.colcon_core.shell:Skip shell extension 'dsv' for command environment
[0.172s] INFO:colcon.colcon_ros.task.ament_cmake.build:Building ROS package in '/home/eilero/ros2_ws/src/pkg1' with build type 'ament_cmake'
[0.172s] INFO:colcon.colcon_cmake.task.cmake.build:Building CMake package in '/home/eilero/ros2_ws/src/pkg1'
[0.172s] INFO:colcon.colcon_core.shell:Skip shell extension 'powershell' for command environment: Not usable outside of PowerShell
[0.172s] DEBUG:colcon.colcon_core.shell:Skip shell extension 'dsv' for command environment
[0.181s] DEBUG:colcon.colcon_core.event_handler.log_command:Invoking command in '/home/eilero/ros2_ws/build/first_interfaces': CMAKE_PREFIX_PATH=${CMAKE_PREFIX_PATH}:/opt/ros/jazzy /usr/bin/cmake --build /home/eilero/ros2_ws/build/first_interfaces -- -j16 -l16
[0.188s] DEBUG:colcon.colcon_core.event_handler.log_command:Invoking command in '/home/eilero/ros2_ws/build/cpp_srvcli': CMAKE_PREFIX_PATH=${CMAKE_PREFIX_PATH}:/opt/ros/jazzy /usr/bin/cmake /home/eilero/ros2_ws/src/cpp_srvcli -DCMAKE_INSTALL_PREFIX=/home/eilero/ros2_ws/install/cpp_srvcli
[0.191s] DEBUG:colcon.colcon_core.event_handler.log_command:Invoking command in '/home/eilero/ros2_ws/build/pkg1': CMAKE_PREFIX_PATH=${CMAKE_PREFIX_PATH}:/opt/ros/jazzy /usr/bin/cmake /home/eilero/ros2_ws/src/pkg1 -DCMAKE_INSTALL_PREFIX=/home/eilero/ros2_ws/install/pkg1
[0.550s] DEBUG:colcon.colcon_core.event_handler.log_command:Invoked command in '/home/eilero/ros2_ws/build/first_interfaces' returned '0': CMAKE_PREFIX_PATH=${CMAKE_PREFIX_PATH}:/opt/ros/jazzy /usr/bin/cmake --build /home/eilero/ros2_ws/build/first_interfaces -- -j16 -l16
[0.566s] DEBUG:colcon.colcon_core.event_handler.log_command:Invoking command in '/home/eilero/ros2_ws/build/first_interfaces': CMAKE_PREFIX_PATH=${CMAKE_PREFIX_PATH}:/opt/ros/jazzy /usr/bin/cmake --install /home/eilero/ros2_ws/build/first_interfaces
[0.628s] Level 1:colcon.colcon_core.environment:create_environment_scripts_only(first_interfaces)
[0.628s] DEBUG:colcon.colcon_core.event_handler.log_command:Invoked command in '/home/eilero/ros2_ws/build/first_interfaces' returned '0': CMAKE_PREFIX_PATH=${CMAKE_PREFIX_PATH}:/opt/ros/jazzy /usr/bin/cmake --install /home/eilero/ros2_ws/build/first_interfaces
[0.631s] Level 1:colcon.colcon_core.environment:checking '/home/eilero/ros2_ws/install/first_interfaces' for CMake module files
[0.632s] Level 1:colcon.colcon_core.environment:checking '/home/eilero/ros2_ws/install/first_interfaces' for CMake config files
[0.632s] Level 1:colcon.colcon_core.shell:create_environment_hook('first_interfaces', 'cmake_prefix_path')
[0.632s] INFO:colcon.colcon_core.shell:Creating environment hook '/home/eilero/ros2_ws/install/first_interfaces/share/first_interfaces/hook/cmake_prefix_path.ps1'
[0.633s] INFO:colcon.colcon_core.shell:Creating environment descriptor '/home/eilero/ros2_ws/install/first_interfaces/share/first_interfaces/hook/cmake_prefix_path.dsv'
[0.633s] INFO:colcon.colcon_core.shell:Creating environment hook '/home/eilero/ros2_ws/install/first_interfaces/share/first_interfaces/hook/cmake_prefix_path.sh'
[0.634s] Level 1:colcon.colcon_core.environment:checking '/home/eilero/ros2_ws/install/first_interfaces/lib'
[0.634s] Level 1:colcon.colcon_core.shell:create_environment_hook('first_interfaces', 'ld_library_path_lib')
[0.634s] INFO:colcon.colcon_core.shell:Creating environment hook '/home/eilero/ros2_ws/install/first_interfaces/share/first_interfaces/hook/ld_library_path_lib.ps1'
[0.634s] INFO:colcon.colcon_core.shell:Creating environment descriptor '/home/eilero/ros2_ws/install/first_interfaces/share/first_interfaces/hook/ld_library_path_lib.dsv'
[0.634s] INFO:colcon.colcon_core.shell:Creating environment hook '/home/eilero/ros2_ws/install/first_interfaces/share/first_interfaces/hook/ld_library_path_lib.sh'
[0.635s] Level 1:colcon.colcon_core.environment:checking '/home/eilero/ros2_ws/install/first_interfaces/bin'
[0.635s] Level 1:colcon.colcon_core.environment:checking '/home/eilero/ros2_ws/install/first_interfaces/lib/pkgconfig/first_interfaces.pc'
[0.637s] Level 1:colcon.colcon_core.environment:checking '/home/eilero/ros2_ws/install/first_interfaces/lib/python3.12/site-packages'
[0.637s] Level 1:colcon.colcon_core.shell:create_environment_hook('first_interfaces', 'pythonpath')
[0.637s] INFO:colcon.colcon_core.shell:Creating environment hook '/home/eilero/ros2_ws/install/first_interfaces/share/first_interfaces/hook/pythonpath.ps1'
[0.638s] INFO:colcon.colcon_core.shell:Creating environment descriptor '/home/eilero/ros2_ws/install/first_interfaces/share/first_interfaces/hook/pythonpath.dsv'
[0.638s] INFO:colcon.colcon_core.shell:Creating environment hook '/home/eilero/ros2_ws/install/first_interfaces/share/first_interfaces/hook/pythonpath.sh'
[0.639s] Level 1:colcon.colcon_core.environment:checking '/home/eilero/ros2_ws/install/first_interfaces/bin'
[0.639s] INFO:colcon.colcon_core.shell:Creating package script '/home/eilero/ros2_ws/install/first_interfaces/share/first_interfaces/package.ps1'
[0.639s] INFO:colcon.colcon_core.shell:Creating package descriptor '/home/eilero/ros2_ws/install/first_interfaces/share/first_interfaces/package.dsv'
[0.640s] INFO:colcon.colcon_core.shell:Creating package script '/home/eilero/ros2_ws/install/first_interfaces/share/first_interfaces/package.sh'
[0.640s] INFO:colcon.colcon_core.shell:Creating package script '/home/eilero/ros2_ws/install/first_interfaces/share/first_interfaces/package.bash'
[0.641s] INFO:colcon.colcon_core.shell:Creating package script '/home/eilero/ros2_ws/install/first_interfaces/share/first_interfaces/package.zsh'
[0.641s] Level 1:colcon.colcon_core.environment:create_file_with_runtime_dependencies(/home/eilero/ros2_ws/install/first_interfaces/share/colcon-core/packages/first_interfaces)
[0.641s] Level 1:colcon.colcon_core.environment:create_environment_scripts_only(first_interfaces)
[0.642s] Level 1:colcon.colcon_core.environment:checking '/home/eilero/ros2_ws/install/first_interfaces' for CMake module files
[0.642s] Level 1:colcon.colcon_core.environment:checking '/home/eilero/ros2_ws/install/first_interfaces' for CMake config files
[0.642s] Level 1:colcon.colcon_core.shell:create_environment_hook('first_interfaces', 'cmake_prefix_path')
[0.642s] INFO:colcon.colcon_core.shell:Creating environment hook '/home/eilero/ros2_ws/install/first_interfaces/share/first_interfaces/hook/cmake_prefix_path.ps1'
[0.643s] INFO:colcon.colcon_core.shell:Creating environment descriptor '/home/eilero/ros2_ws/install/first_interfaces/share/first_interfaces/hook/cmake_prefix_path.dsv'
[0.643s] INFO:colcon.colcon_core.shell:Creating environment hook '/home/eilero/ros2_ws/install/first_interfaces/share/first_interfaces/hook/cmake_prefix_path.sh'
[0.643s] Level 1:colcon.colcon_core.environment:checking '/home/eilero/ros2_ws/install/first_interfaces/lib'
[0.643s] Level 1:colcon.colcon_core.shell:create_environment_hook('first_interfaces', 'ld_library_path_lib')
[0.644s] INFO:colcon.colcon_core.shell:Creating environment hook '/home/eilero/ros2_ws/install/first_interfaces/share/first_interfaces/hook/ld_library_path_lib.ps1'
[0.644s] INFO:colcon.colcon_core.shell:Creating environment descriptor '/home/eilero/ros2_ws/install/first_interfaces/share/first_interfaces/hook/ld_library_path_lib.dsv'
[0.644s] INFO:colcon.colcon_core.shell:Creating environment hook '/home/eilero/ros2_ws/install/first_interfaces/share/first_interfaces/hook/ld_library_path_lib.sh'
[0.644s] Level 1:colcon.colcon_core.environment:checking '/home/eilero/ros2_ws/install/first_interfaces/bin'
[0.644s] Level 1:colcon.colcon_core.environment:checking '/home/eilero/ros2_ws/install/first_interfaces/lib/pkgconfig/first_interfaces.pc'
[0.645s] Level 1:colcon.colcon_core.environment:checking '/home/eilero/ros2_ws/install/first_interfaces/lib/python3.12/site-packages'
[0.645s] Level 1:colcon.colcon_core.shell:create_environment_hook('first_interfaces', 'pythonpath')
[0.645s] INFO:colcon.colcon_core.shell:Creating environment hook '/home/eilero/ros2_ws/install/first_interfaces/share/first_interfaces/hook/pythonpath.ps1'
[0.645s] INFO:colcon.colcon_core.shell:Creating environment descriptor '/home/eilero/ros2_ws/install/first_interfaces/share/first_interfaces/hook/pythonpath.dsv'
[0.645s] INFO:colcon.colcon_core.shell:Creating environment hook '/home/eilero/ros2_ws/install/first_interfaces/share/first_interfaces/hook/pythonpath.sh'
[0.646s] Level 1:colcon.colcon_core.environment:checking '/home/eilero/ros2_ws/install/first_interfaces/bin'
[0.646s] INFO:colcon.colcon_core.shell:Creating package script '/home/eilero/ros2_ws/install/first_interfaces/share/first_interfaces/package.ps1'
[0.646s] INFO:colcon.colcon_core.shell:Creating package descriptor '/home/eilero/ros2_ws/install/first_interfaces/share/first_interfaces/package.dsv'
[0.647s] INFO:colcon.colcon_core.shell:Creating package script '/home/eilero/ros2_ws/install/first_interfaces/share/first_interfaces/package.sh'
[0.647s] INFO:colcon.colcon_core.shell:Creating package script '/home/eilero/ros2_ws/install/first_interfaces/share/first_interfaces/package.bash'
[0.647s] INFO:colcon.colcon_core.shell:Creating package script '/home/eilero/ros2_ws/install/first_interfaces/share/first_interfaces/package.zsh'
[0.648s] Level 1:colcon.colcon_core.environment:create_file_with_runtime_dependencies(/home/eilero/ros2_ws/install/first_interfaces/share/colcon-core/packages/first_interfaces)
[0.648s] INFO:colcon.colcon_ros.task.ament_cmake.build:Building ROS package in '/home/eilero/ros2_ws/src/cpp_pubsub' with build type 'ament_cmake'
[0.649s] INFO:colcon.colcon_cmake.task.cmake.build:Building CMake package in '/home/eilero/ros2_ws/src/cpp_pubsub'
[0.649s] INFO:colcon.colcon_core.shell:Skip shell extension 'powershell' for command environment: Not usable outside of PowerShell
[0.649s] DEBUG:colcon.colcon_core.shell:Skip shell extension 'dsv' for command environment
[0.653s] INFO:colcon.colcon_ros.task.ament_cmake.build:Building ROS package in '/home/eilero/ros2_ws/src/subs_pubs' with build type 'ament_cmake'
[0.653s] INFO:colcon.colcon_cmake.task.cmake.build:Building CMake package in '/home/eilero/ros2_ws/src/subs_pubs'
[0.653s] INFO:colcon.colcon_core.shell:Skip shell extension 'powershell' for command environment: Not usable outside of PowerShell
[0.653s] DEBUG:colcon.colcon_core.shell:Skip shell extension 'dsv' for command environment
[0.662s] DEBUG:colcon.colcon_core.event_handler.log_command:Invoking command in '/home/eilero/ros2_ws/build/cpp_pubsub': AMENT_PREFIX_PATH=/home/eilero/ros2_ws/install/first_interfaces:${AMENT_PREFIX_PATH} CMAKE_PREFIX_PATH=/home/eilero/ros2_ws/install/first_interfaces:/opt/ros/jazzy/opt/gz_math_vendor:/opt/ros/jazzy/opt/gz_utils_vendor:/opt/ros/jazzy/opt/gz_cmake_vendor:/opt/ros/jazzy LD_LIBRARY_PATH=/home/eilero/ros2_ws/install/first_interfaces/lib:${LD_LIBRARY_PATH} PYTHONPATH=/home/eilero/ros2_ws/install/first_interfaces/lib/python3.12/site-packages:${PYTHONPATH} /usr/bin/cmake /home/eilero/ros2_ws/src/cpp_pubsub -DCMAKE_INSTALL_PREFIX=/home/eilero/ros2_ws/install/cpp_pubsub
[0.665s] DEBUG:colcon.colcon_core.event_handler.log_command:Invoking command in '/home/eilero/ros2_ws/build/subs_pubs': AMENT_PREFIX_PATH=/home/eilero/ros2_ws/install/first_interfaces:${AMENT_PREFIX_PATH} CMAKE_PREFIX_PATH=/home/eilero/ros2_ws/install/first_interfaces:/opt/ros/jazzy/opt/gz_math_vendor:/opt/ros/jazzy/opt/gz_utils_vendor:/opt/ros/jazzy/opt/gz_cmake_vendor:/opt/ros/jazzy LD_LIBRARY_PATH=/home/eilero/ros2_ws/install/first_interfaces/lib:${LD_LIBRARY_PATH} PYTHONPATH=/home/eilero/ros2_ws/install/first_interfaces/lib/python3.12/site-packages:${PYTHONPATH} /usr/bin/cmake --build /home/eilero/ros2_ws/build/subs_pubs -- -j16 -l16
[0.774s] DEBUG:colcon.colcon_core.event_handler.log_command:Invoked command in '/home/eilero/ros2_ws/build/subs_pubs' returned '0': AMENT_PREFIX_PATH=/home/eilero/ros2_ws/install/first_interfaces:${AMENT_PREFIX_PATH} CMAKE_PREFIX_PATH=/home/eilero/ros2_ws/install/first_interfaces:/opt/ros/jazzy/opt/gz_math_vendor:/opt/ros/jazzy/opt/gz_utils_vendor:/opt/ros/jazzy/opt/gz_cmake_vendor:/opt/ros/jazzy LD_LIBRARY_PATH=/home/eilero/ros2_ws/install/first_interfaces/lib:${LD_LIBRARY_PATH} PYTHONPATH=/home/eilero/ros2_ws/install/first_interfaces/lib/python3.12/site-packages:${PYTHONPATH} /usr/bin/cmake --build /home/eilero/ros2_ws/build/subs_pubs -- -j16 -l16
[0.775s] DEBUG:colcon.colcon_core.event_handler.log_command:Invoking command in '/home/eilero/ros2_ws/build/subs_pubs': AMENT_PREFIX_PATH=/home/eilero/ros2_ws/install/first_interfaces:${AMENT_PREFIX_PATH} CMAKE_PREFIX_PATH=/home/eilero/ros2_ws/install/first_interfaces:/opt/ros/jazzy/opt/gz_math_vendor:/opt/ros/jazzy/opt/gz_utils_vendor:/opt/ros/jazzy/opt/gz_cmake_vendor:/opt/ros/jazzy LD_LIBRARY_PATH=/home/eilero/ros2_ws/install/first_interfaces/lib:${LD_LIBRARY_PATH} PYTHONPATH=/home/eilero/ros2_ws/install/first_interfaces/lib/python3.12/site-packages:${PYTHONPATH} /usr/bin/cmake --install /home/eilero/ros2_ws/build/subs_pubs
[0.790s] Level 1:colcon.colcon_core.environment:create_environment_scripts_only(subs_pubs)
[0.791s] Level 1:colcon.colcon_core.environment:checking '/home/eilero/ros2_ws/install/subs_pubs' for CMake module files
[0.791s] DEBUG:colcon.colcon_core.event_handler.log_command:Invoked command in '/home/eilero/ros2_ws/build/subs_pubs' returned '0': AMENT_PREFIX_PATH=/home/eilero/ros2_ws/install/first_interfaces:${AMENT_PREFIX_PATH} CMAKE_PREFIX_PATH=/home/eilero/ros2_ws/install/first_interfaces:/opt/ros/jazzy/opt/gz_math_vendor:/opt/ros/jazzy/opt/gz_utils_vendor:/opt/ros/jazzy/opt/gz_cmake_vendor:/opt/ros/jazzy LD_LIBRARY_PATH=/home/eilero/ros2_ws/install/first_interfaces/lib:${LD_LIBRARY_PATH} PYTHONPATH=/home/eilero/ros2_ws/install/first_interfaces/lib/python3.12/site-packages:${PYTHONPATH} /usr/bin/cmake --install /home/eilero/ros2_ws/build/subs_pubs
[0.792s] Level 1:colcon.colcon_core.environment:checking '/home/eilero/ros2_ws/install/subs_pubs' for CMake config files
[0.792s] Level 1:colcon.colcon_core.shell:create_environment_hook('subs_pubs', 'cmake_prefix_path')
[0.792s] INFO:colcon.colcon_core.shell:Creating environment hook '/home/eilero/ros2_ws/install/subs_pubs/share/subs_pubs/hook/cmake_prefix_path.ps1'
[0.792s] INFO:colcon.colcon_core.shell:Creating environment descriptor '/home/eilero/ros2_ws/install/subs_pubs/share/subs_pubs/hook/cmake_prefix_path.dsv'
[0.793s] INFO:colcon.colcon_core.shell:Creating environment hook '/home/eilero/ros2_ws/install/subs_pubs/share/subs_pubs/hook/cmake_prefix_path.sh'
[0.793s] Level 1:colcon.colcon_core.environment:checking '/home/eilero/ros2_ws/install/subs_pubs/lib'
[0.793s] Level 1:colcon.colcon_core.environment:checking '/home/eilero/ros2_ws/install/subs_pubs/bin'
[0.794s] Level 1:colcon.colcon_core.environment:checking '/home/eilero/ros2_ws/install/subs_pubs/lib/pkgconfig/subs_pubs.pc'
[0.794s] Level 1:colcon.colcon_core.environment:checking '/home/eilero/ros2_ws/install/subs_pubs/lib/python3.12/site-packages'
[0.794s] Level 1:colcon.colcon_core.environment:checking '/home/eilero/ros2_ws/install/subs_pubs/bin'
[0.794s] INFO:colcon.colcon_core.shell:Creating package script '/home/eilero/ros2_ws/install/subs_pubs/share/subs_pubs/package.ps1'
[0.795s] INFO:colcon.colcon_core.shell:Creating package descriptor '/home/eilero/ros2_ws/install/subs_pubs/share/subs_pubs/package.dsv'
[0.795s] INFO:colcon.colcon_core.shell:Creating package script '/home/eilero/ros2_ws/install/subs_pubs/share/subs_pubs/package.sh'
[0.796s] INFO:colcon.colcon_core.shell:Creating package script '/home/eilero/ros2_ws/install/subs_pubs/share/subs_pubs/package.bash'
[0.796s] INFO:colcon.colcon_core.shell:Creating package script '/home/eilero/ros2_ws/install/subs_pubs/share/subs_pubs/package.zsh'
[0.797s] Level 1:colcon.colcon_core.environment:create_file_with_runtime_dependencies(/home/eilero/ros2_ws/install/subs_pubs/share/colcon-core/packages/subs_pubs)
[0.797s] Level 1:colcon.colcon_core.environment:create_environment_scripts_only(subs_pubs)
[0.797s] Level 1:colcon.colcon_core.environment:checking '/home/eilero/ros2_ws/install/subs_pubs' for CMake module files
[0.797s] Level 1:colcon.colcon_core.environment:checking '/home/eilero/ros2_ws/install/subs_pubs' for CMake config files
[0.798s] Level 1:colcon.colcon_core.shell:create_environment_hook('subs_pubs', 'cmake_prefix_path')
[0.798s] INFO:colcon.colcon_core.shell:Creating environment hook '/home/eilero/ros2_ws/install/subs_pubs/share/subs_pubs/hook/cmake_prefix_path.ps1'
[0.798s] INFO:colcon.colcon_core.shell:Creating environment descriptor '/home/eilero/ros2_ws/install/subs_pubs/share/subs_pubs/hook/cmake_prefix_path.dsv'
[0.798s] INFO:colcon.colcon_core.shell:Creating environment hook '/home/eilero/ros2_ws/install/subs_pubs/share/subs_pubs/hook/cmake_prefix_path.sh'
[0.799s] Level 1:colcon.colcon_core.environment:checking '/home/eilero/ros2_ws/install/subs_pubs/lib'
[0.799s] Level 1:colcon.colcon_core.environment:checking '/home/eilero/ros2_ws/install/subs_pubs/bin'
[0.799s] Level 1:colcon.colcon_core.environment:checking '/home/eilero/ros2_ws/install/subs_pubs/lib/pkgconfig/subs_pubs.pc'
[0.799s] Level 1:colcon.colcon_core.environment:checking '/home/eilero/ros2_ws/install/subs_pubs/lib/python3.12/site-packages'
[0.799s] Level 1:colcon.colcon_core.environment:checking '/home/eilero/ros2_ws/install/subs_pubs/bin'
[0.800s] INFO:colcon.colcon_core.shell:Creating package script '/home/eilero/ros2_ws/install/subs_pubs/share/subs_pubs/package.ps1'
[0.800s] INFO:colcon.colcon_core.shell:Creating package descriptor '/home/eilero/ros2_ws/install/subs_pubs/share/subs_pubs/package.dsv'
[0.800s] INFO:colcon.colcon_core.shell:Creating package script '/home/eilero/ros2_ws/install/subs_pubs/share/subs_pubs/package.sh'
[0.801s] INFO:colcon.colcon_core.shell:Creating package script '/home/eilero/ros2_ws/install/subs_pubs/share/subs_pubs/package.bash'
[0.801s] INFO:colcon.colcon_core.shell:Creating package script '/home/eilero/ros2_ws/install/subs_pubs/share/subs_pubs/package.zsh'
[0.801s] Level 1:colcon.colcon_core.environment:create_file_with_runtime_dependencies(/home/eilero/ros2_ws/install/subs_pubs/share/colcon-core/packages/subs_pubs)
[0.934s] DEBUG:colcon.colcon_core.event_handler.log_command:Invoked command in '/home/eilero/ros2_ws/build/pkg1' returned '0': CMAKE_PREFIX_PATH=${CMAKE_PREFIX_PATH}:/opt/ros/jazzy /usr/bin/cmake /home/eilero/ros2_ws/src/pkg1 -DCMAKE_INSTALL_PREFIX=/home/eilero/ros2_ws/install/pkg1
[0.935s] DEBUG:colcon.colcon_core.event_handler.log_command:Invoking command in '/home/eilero/ros2_ws/build/pkg1': CMAKE_PREFIX_PATH=${CMAKE_PREFIX_PATH}:/opt/ros/jazzy /usr/bin/cmake --build /home/eilero/ros2_ws/build/pkg1 -- -j16 -l16
[1.098s] DEBUG:colcon.colcon_core.event_handler.log_command:Invoked command in '/home/eilero/ros2_ws/build/pkg1' returned '0': CMAKE_PREFIX_PATH=${CMAKE_PREFIX_PATH}:/opt/ros/jazzy /usr/bin/cmake --build /home/eilero/ros2_ws/build/pkg1 -- -j16 -l16
[1.099s] DEBUG:colcon.colcon_core.event_handler.log_command:Invoking command in '/home/eilero/ros2_ws/build/pkg1': CMAKE_PREFIX_PATH=${CMAKE_PREFIX_PATH}:/opt/ros/jazzy /usr/bin/cmake --install /home/eilero/ros2_ws/build/pkg1
[1.114s] Level 1:colcon.colcon_core.environment:create_environment_scripts_only(pkg1)
[1.114s] DEBUG:colcon.colcon_core.event_handler.log_command:Invoked command in '/home/eilero/ros2_ws/build/pkg1' returned '0': CMAKE_PREFIX_PATH=${CMAKE_PREFIX_PATH}:/opt/ros/jazzy /usr/bin/cmake --install /home/eilero/ros2_ws/build/pkg1
[1.114s] Level 1:colcon.colcon_core.environment:checking '/home/eilero/ros2_ws/install/pkg1' for CMake module files
[1.115s] Level 1:colcon.colcon_core.environment:checking '/home/eilero/ros2_ws/install/pkg1' for CMake config files
[1.115s] Level 1:colcon.colcon_core.shell:create_environment_hook('pkg1', 'cmake_prefix_path')
[1.115s] INFO:colcon.colcon_core.shell:Creating environment hook '/home/eilero/ros2_ws/install/pkg1/share/pkg1/hook/cmake_prefix_path.ps1'
[1.116s] INFO:colcon.colcon_core.shell:Creating environment descriptor '/home/eilero/ros2_ws/install/pkg1/share/pkg1/hook/cmake_prefix_path.dsv'
[1.116s] INFO:colcon.colcon_core.shell:Creating environment hook '/home/eilero/ros2_ws/install/pkg1/share/pkg1/hook/cmake_prefix_path.sh'
[1.116s] Level 1:colcon.colcon_core.environment:checking '/home/eilero/ros2_ws/install/pkg1/lib'
[1.117s] Level 1:colcon.colcon_core.environment:checking '/home/eilero/ros2_ws/install/pkg1/bin'
[1.117s] Level 1:colcon.colcon_core.environment:checking '/home/eilero/ros2_ws/install/pkg1/lib/pkgconfig/pkg1.pc'
[1.117s] Level 1:colcon.colcon_core.environment:checking '/home/eilero/ros2_ws/install/pkg1/lib/python3.12/site-packages'
[1.117s] Level 1:colcon.colcon_core.environment:checking '/home/eilero/ros2_ws/install/pkg1/bin'
[1.117s] INFO:colcon.colcon_core.shell:Creating package script '/home/eilero/ros2_ws/install/pkg1/share/pkg1/package.ps1'
[1.118s] INFO:colcon.colcon_core.shell:Creating package descriptor '/home/eilero/ros2_ws/install/pkg1/share/pkg1/package.dsv'
[1.118s] INFO:colcon.colcon_core.shell:Creating package script '/home/eilero/ros2_ws/install/pkg1/share/pkg1/package.sh'
[1.118s] INFO:colcon.colcon_core.shell:Creating package script '/home/eilero/ros2_ws/install/pkg1/share/pkg1/package.bash'
[1.118s] INFO:colcon.colcon_core.shell:Creating package script '/home/eilero/ros2_ws/install/pkg1/share/pkg1/package.zsh'
[1.119s] Level 1:colcon.colcon_core.environment:create_file_with_runtime_dependencies(/home/eilero/ros2_ws/install/pkg1/share/colcon-core/packages/pkg1)
[1.119s] Level 1:colcon.colcon_core.environment:create_environment_scripts_only(pkg1)
[1.119s] Level 1:colcon.colcon_core.environment:checking '/home/eilero/ros2_ws/install/pkg1' for CMake module files
[1.120s] Level 1:colcon.colcon_core.environment:checking '/home/eilero/ros2_ws/install/pkg1' for CMake config files
[1.120s] Level 1:colcon.colcon_core.shell:create_environment_hook('pkg1', 'cmake_prefix_path')
[1.120s] INFO:colcon.colcon_core.shell:Creating environment hook '/home/eilero/ros2_ws/install/pkg1/share/pkg1/hook/cmake_prefix_path.ps1'
[1.120s] INFO:colcon.colcon_core.shell:Creating environment descriptor '/home/eilero/ros2_ws/install/pkg1/share/pkg1/hook/cmake_prefix_path.dsv'
[1.120s] INFO:colcon.colcon_core.shell:Creating environment hook '/home/eilero/ros2_ws/install/pkg1/share/pkg1/hook/cmake_prefix_path.sh'
[1.121s] Level 1:colcon.colcon_core.environment:checking '/home/eilero/ros2_ws/install/pkg1/lib'
[1.121s] Level 1:colcon.colcon_core.environment:checking '/home/eilero/ros2_ws/install/pkg1/bin'
[1.121s] Level 1:colcon.colcon_core.environment:checking '/home/eilero/ros2_ws/install/pkg1/lib/pkgconfig/pkg1.pc'
[1.121s] Level 1:colcon.colcon_core.environment:checking '/home/eilero/ros2_ws/install/pkg1/lib/python3.12/site-packages'
[1.121s] Level 1:colcon.colcon_core.environment:checking '/home/eilero/ros2_ws/install/pkg1/bin'
[1.121s] INFO:colcon.colcon_core.shell:Creating package script '/home/eilero/ros2_ws/install/pkg1/share/pkg1/package.ps1'
[1.122s] INFO:colcon.colcon_core.shell:Creating package descriptor '/home/eilero/ros2_ws/install/pkg1/share/pkg1/package.dsv'
[1.122s] INFO:colcon.colcon_core.shell:Creating package script '/home/eilero/ros2_ws/install/pkg1/share/pkg1/package.sh'
[1.123s] INFO:colcon.colcon_core.shell:Creating package script '/home/eilero/ros2_ws/install/pkg1/share/pkg1/package.bash'
[1.123s] INFO:colcon.colcon_core.shell:Creating package script '/home/eilero/ros2_ws/install/pkg1/share/pkg1/package.zsh'
[1.123s] Level 1:colcon.colcon_core.environment:create_file_with_runtime_dependencies(/home/eilero/ros2_ws/install/pkg1/share/colcon-core/packages/pkg1)
[1.333s] DEBUG:colcon.colcon_core.event_handler.log_command:Invoked command in '/home/eilero/ros2_ws/build/cpp_srvcli' returned '0': CMAKE_PREFIX_PATH=${CMAKE_PREFIX_PATH}:/opt/ros/jazzy /usr/bin/cmake /home/eilero/ros2_ws/src/cpp_srvcli -DCMAKE_INSTALL_PREFIX=/home/eilero/ros2_ws/install/cpp_srvcli
[1.334s] DEBUG:colcon.colcon_core.event_handler.log_command:Invoking command in '/home/eilero/ros2_ws/build/cpp_srvcli': CMAKE_PREFIX_PATH=${CMAKE_PREFIX_PATH}:/opt/ros/jazzy /usr/bin/cmake --build /home/eilero/ros2_ws/build/cpp_srvcli -- -j16 -l16
[1.784s] DEBUG:colcon.colcon_core.event_handler.log_command:Invoked command in '/home/eilero/ros2_ws/build/cpp_pubsub' returned '1': AMENT_PREFIX_PATH=/home/eilero/ros2_ws/install/first_interfaces:${AMENT_PREFIX_PATH} CMAKE_PREFIX_PATH=/home/eilero/ros2_ws/install/first_interfaces:/opt/ros/jazzy/opt/gz_math_vendor:/opt/ros/jazzy/opt/gz_utils_vendor:/opt/ros/jazzy/opt/gz_cmake_vendor:/opt/ros/jazzy LD_LIBRARY_PATH=/home/eilero/ros2_ws/install/first_interfaces/lib:${LD_LIBRARY_PATH} PYTHONPATH=/home/eilero/ros2_ws/install/first_interfaces/lib/python3.12/site-packages:${PYTHONPATH} /usr/bin/cmake /home/eilero/ros2_ws/src/cpp_pubsub -DCMAKE_INSTALL_PREFIX=/home/eilero/ros2_ws/install/cpp_pubsub
[1.800s] Level 1:colcon.colcon_core.environment:create_environment_scripts_only(cpp_pubsub)
[1.800s] Level 1:colcon.colcon_core.environment:checking '/home/eilero/ros2_ws/install/cpp_pubsub' for CMake module files
[1.801s] Level 1:colcon.colcon_core.environment:checking '/home/eilero/ros2_ws/install/cpp_pubsub' for CMake config files
[1.801s] Level 1:colcon.colcon_core.environment:checking '/home/eilero/ros2_ws/install/cpp_pubsub/bin'
[1.801s] Level 1:colcon.colcon_core.environment:checking '/home/eilero/ros2_ws/install/cpp_pubsub/lib/pkgconfig/cpp_pubsub.pc'
[1.801s] Level 1:colcon.colcon_core.environment:checking '/home/eilero/ros2_ws/install/cpp_pubsub/lib/python3.12/site-packages'
[1.801s] Level 1:colcon.colcon_core.environment:checking '/home/eilero/ros2_ws/install/cpp_pubsub/bin'
[1.801s] INFO:colcon.colcon_core.shell:Creating package script '/home/eilero/ros2_ws/install/cpp_pubsub/share/cpp_pubsub/package.ps1'
[1.802s] INFO:colcon.colcon_core.shell:Creating package descriptor '/home/eilero/ros2_ws/install/cpp_pubsub/share/cpp_pubsub/package.dsv'
[1.802s] INFO:colcon.colcon_core.shell:Creating package script '/home/eilero/ros2_ws/install/cpp_pubsub/share/cpp_pubsub/package.sh'
[1.802s] INFO:colcon.colcon_core.shell:Creating package script '/home/eilero/ros2_ws/install/cpp_pubsub/share/cpp_pubsub/package.bash'
[1.803s] INFO:colcon.colcon_core.shell:Creating package script '/home/eilero/ros2_ws/install/cpp_pubsub/share/cpp_pubsub/package.zsh'
[1.803s] Level 1:colcon.colcon_core.environment:create_file_with_runtime_dependencies(/home/eilero/ros2_ws/install/cpp_pubsub/share/colcon-core/packages/cpp_pubsub)
[4.772s] DEBUG:colcon.colcon_parallel_executor.executor.parallel:closing loop
[4.772s] DEBUG:colcon.colcon_parallel_executor.executor.parallel:loop closed
[4.773s] DEBUG:colcon.colcon_parallel_executor.executor.parallel:run_until_complete finished with '1'
[4.773s] DEBUG:colcon.colcon_core.event_reactor:joining thread
[4.780s] INFO:colcon.colcon_core.plugin_system:Skipping extension 'colcon_notification.desktop_notification.notify_send': Could not find 'notify-send'
[4.780s] INFO:colcon.colcon_core.plugin_system:Skipping extension 'colcon_notification.desktop_notification.terminal_notifier': Not used on non-Darwin systems
[4.780s] INFO:colcon.colcon_core.plugin_system:Skipping extension 'colcon_notification.desktop_notification.win32': Not used on non-Windows systems
[4.780s] INFO:colcon.colcon_notification.desktop_notification:Sending desktop notification using 'notify2'
[4.783s] DEBUG:colcon.colcon_notification.desktop_notification.notify2:Failed to initialize notify2: org.freedesktop.DBus.Error.Spawn.ExecFailed: /usr/bin/dbus-launch terminated abnormally without any error message
[4.784s] DEBUG:colcon.colcon_core.event_reactor:joined thread
[4.784s] INFO:colcon.colcon_core.shell:Creating prefix script '/home/eilero/ros2_ws/install/local_setup.ps1'
[4.786s] INFO:colcon.colcon_core.shell:Creating prefix util module '/home/eilero/ros2_ws/install/_local_setup_util_ps1.py'
[4.787s] INFO:colcon.colcon_core.shell:Creating prefix chain script '/home/eilero/ros2_ws/install/setup.ps1'
[4.787s] INFO:colcon.colcon_core.shell:Creating prefix script '/home/eilero/ros2_ws/install/local_setup.sh'
[4.788s] INFO:colcon.colcon_core.shell:Creating prefix util module '/home/eilero/ros2_ws/install/_local_setup_util_sh.py'
[4.788s] INFO:colcon.colcon_core.shell:Creating prefix chain script '/home/eilero/ros2_ws/install/setup.sh'
[4.789s] INFO:colcon.colcon_core.shell:Creating prefix script '/home/eilero/ros2_ws/install/local_setup.bash'
[4.789s] INFO:colcon.colcon_core.shell:Creating prefix chain script '/home/eilero/ros2_ws/install/setup.bash'
[4.790s] INFO:colcon.colcon_core.shell:Creating prefix script '/home/eilero/ros2_ws/install/local_setup.zsh'
[4.790s] INFO:colcon.colcon_core.shell:Creating prefix chain script '/home/eilero/ros2_ws/install/setup.zsh'
