[0.022s] Invoking command in '/home/eilero/ros2_ws/src/build/first_interfaces': CMAKE_PREFIX_PATH=${CMAKE_PREFIX_PATH}:/opt/ros/jazzy /usr/bin/cmake --build /home/eilero/ros2_ws/src/build/first_interfaces -- -j16 -l16
[0.073s] -- Found geometry_msgs: 5.3.6 (/opt/ros/jazzy/share/geometry_msgs/cmake)
[0.107s] -- Found Python3: /usr/bin/python3 (found version "3.12.3") found components: Interpreter 
[0.270s] -- Found rosidl_generator_c: 4.6.6 (/opt/ros/jazzy/share/rosidl_generator_c/cmake)
[0.284s] -- Found rosidl_generator_cpp: 4.6.6 (/opt/ros/jazzy/share/rosidl_generator_cpp/cmake)
[0.302s] -- Using all available rosidl_typesupport_c: rosidl_typesupport_fastrtps_c;rosidl_typesupport_introspection_c
[0.324s] -- Using all available rosidl_typesupport_cpp: rosidl_typesupport_fastrtps_cpp;rosidl_typesupport_introspection_cpp
[0.390s] -- Found rosidl_default_generators: 1.6.0 (/opt/ros/jazzy/share/rosidl_default_generators/cmake)
[0.404s] -- Found rosidl_adapter: 4.6.6 (/opt/ros/jazzy/share/rosidl_adapter/cmake)
[0.407s] -- Found first_interfaces: 0.0.0 (/home/eilero/ros2_ws/src/install/first_interfaces/share/first_interfaces/cmake)
[0.459s] -- Found rclcpp: 28.1.13 (/opt/ros/jazzy/share/rclcpp/cmake)
[0.519s] -- Found rmw_implementation_cmake: 7.3.2 (/opt/ros/jazzy/share/rmw_implementation_cmake/cmake)
[0.522s] -- Found rmw_fastrtps_cpp: 8.4.3 (/opt/ros/jazzy/share/rmw_fastrtps_cpp/cmake)
[0.625s] -- Using RMW implementation 'rmw_fastrtps_cpp' as default
[1.134s] [31mCMake Error at /opt/ros/jazzy/share/rosidl_generator_c/cmake/rosidl_generator_c_generate_interfaces.cmake:145 (add_library):
[1.134s]   add_library cannot create ALIAS target
[1.135s]   "first_interfaces::first_interfaces__rosidl_generator_c" because another
[1.135s]   target with the same name already exists.
[1.135s] Call Stack (most recent call first):
[1.135s]   /opt/ros/jazzy/share/ament_cmake_core/cmake/core/ament_execute_extensions.cmake:48 (include)
[1.135s]   /opt/ros/jazzy/share/rosidl_cmake/cmake/rosidl_generate_interfaces.cmake:280 (ament_execute_extensions)
[1.135s]   CMakeLists.txt:25 (rosidl_generate_interfaces)
[1.135s] 
[1.135s] [0m
[1.138s] -- Found ament_cmake_ros: 0.12.0 (/opt/ros/jazzy/share/ament_cmake_ros/cmake)
[1.305s] [31mCMake Error at /opt/ros/jazzy/share/rosidl_generator_cpp/cmake/rosidl_generator_cpp_generate_interfaces.cmake:142 (add_library):
[1.306s]   add_library cannot create ALIAS target
[1.306s]   "first_interfaces::first_interfaces__rosidl_generator_cpp" because another
[1.306s]   target with the same name already exists.
[1.306s] Call Stack (most recent call first):
[1.306s]   /opt/ros/jazzy/share/ament_cmake_core/cmake/core/ament_execute_extensions.cmake:48 (include)
[1.306s]   /opt/ros/jazzy/share/rosidl_cmake/cmake/rosidl_generate_interfaces.cmake:280 (ament_execute_extensions)
[1.306s]   CMakeLists.txt:25 (rosidl_generate_interfaces)
[1.306s] 
[1.307s] [0m
[1.468s] [31mCMake Error at /opt/ros/jazzy/share/rosidl_typesupport_introspection_c/cmake/rosidl_typesupport_introspection_c_generate_interfaces.cmake:122 (add_library):
[1.468s]   add_library cannot create ALIAS target
[1.468s]   "first_interfaces::first_interfaces__rosidl_typesupport_introspection_c"
[1.468s]   because another target with the same name already exists.
[1.469s] Call Stack (most recent call first):
[1.469s]   /opt/ros/jazzy/share/ament_cmake_core/cmake/core/ament_execute_extensions.cmake:48 (include)
[1.469s]   /opt/ros/jazzy/share/rosidl_cmake/cmake/rosidl_generate_interfaces.cmake:280 (ament_execute_extensions)
[1.469s]   CMakeLists.txt:25 (rosidl_generate_interfaces)
[1.469s] 
[1.469s] [0m
[1.544s] -- Using all available rosidl_typesupport_c: rosidl_typesupport_fastrtps_c;rosidl_typesupport_introspection_c
[1.626s] [31mCMake Error at /opt/ros/jazzy/share/rosidl_typesupport_introspection_cpp/cmake/rosidl_typesupport_introspection_cpp_generate_interfaces.cmake:111 (add_library):
[1.626s]   add_library cannot create ALIAS target
[1.626s]   "first_interfaces::first_interfaces__rosidl_typesupport_introspection_cpp"
[1.626s]   because another target with the same name already exists.
[1.626s] Call Stack (most recent call first):
[1.626s]   /opt/ros/jazzy/share/ament_cmake_core/cmake/core/ament_execute_extensions.cmake:48 (include)
[1.627s]   /opt/ros/jazzy/share/rosidl_cmake/cmake/rosidl_generate_interfaces.cmake:280 (ament_execute_extensions)
[1.627s]   CMakeLists.txt:25 (rosidl_generate_interfaces)
[1.627s] 
[1.627s] [0m
[1.700s] -- Using all available rosidl_typesupport_cpp: rosidl_typesupport_fastrtps_cpp;rosidl_typesupport_introspection_cpp
[1.702s] -- Found python_cmake_module: 0.11.1 (/opt/ros/jazzy/share/python_cmake_module/cmake)
[1.958s] -- Found Python3: /usr/bin/python3 (found version "3.12.3") found components: Interpreter Development NumPy Development.Module Development.Embed 
[1.987s] -- Found ament_lint_auto: 0.17.3 (/opt/ros/jazzy/share/ament_lint_auto/cmake)
[2.004s] -- Added test 'cppcheck' to perform static code analysis on C / C++ code
[2.005s] -- Configured cppcheck include dirs: 
[2.005s] -- Configured cppcheck exclude dirs and/or files: 
[2.006s] -- Added test 'flake8' to check Python code syntax and style conventions
[2.006s] -- Configured 'flake8' exclude dirs and/or files: 
[2.009s] -- Added test 'lint_cmake' to check CMake code style
[2.011s] -- Added test 'pep257' to check Python code against some of the docstring style conventions in PEP 257
[2.022s] -- Added test 'uncrustify' to check C / C++ code style
[2.022s] -- Configured uncrustify additional arguments: 
[2.024s] -- Added test 'xmllint' to check XML markup files
[2.025s] -- Configuring incomplete, errors occurred!
[2.034s] gmake: *** [Makefile:1355: cmake_check_build_system] Error 1
[2.036s] Invoked command in '/home/eilero/ros2_ws/src/build/first_interfaces' returned '2': CMAKE_PREFIX_PATH=${CMAKE_PREFIX_PATH}:/opt/ros/jazzy /usr/bin/cmake --build /home/eilero/ros2_ws/src/build/first_interfaces -- -j16 -l16
