[0.010s] Invoking command in '/home/eilero/ros2_ws/src/build/pkg1': CMAKE_PREFIX_PATH=${CMAKE_PREFIX_PATH}:/opt/ros/jazzy /usr/bin/cmake /home/eilero/ros2_ws/src/pkg1 -DCMAKE_INSTALL_PREFIX=/home/eilero/ros2_ws/src/install/pkg1
[0.072s] -- The C compiler identification is GNU 13.3.0
[0.140s] -- The CXX compiler identification is GNU 13.3.0
[0.163s] -- Detecting C compiler ABI info
[0.271s] -- Detecting C compiler ABI info - done
[0.281s] -- Check for working C compiler: /usr/bin/cc - skipped
[0.281s] -- Detecting C compile features
[0.281s] -- Detecting C compile features - done
[0.292s] -- Detecting CXX compiler ABI info
[0.412s] -- Detecting CXX compiler ABI info - done
[0.424s] -- Check for working CXX compiler: /usr/bin/c++ - skipped
[0.424s] -- Detecting CXX compile features
[0.425s] -- Detecting CXX compile features - done
[0.428s] -- Found ament_cmake: 2.5.4 (/opt/ros/jazzy/share/ament_cmake/cmake)
[0.566s] -- Found Python3: /usr/bin/python3 (found version "3.12.3") found components: Interpreter 
[0.687s] -- Found ament_lint_auto: 0.17.3 (/opt/ros/jazzy/share/ament_lint_auto/cmake)
[0.799s] -- Added test 'cppcheck' to perform static code analysis on C / C++ code
[0.799s] -- Configured cppcheck include dirs: $<BUILD_INTERFACE:/home/eilero/ros2_ws/src/pkg1/include>
[0.799s] -- Configured cppcheck exclude dirs and/or files: 
[0.800s] -- Added test 'lint_cmake' to check CMake code style
[0.801s] -- Added test 'uncrustify' to check C / C++ code style
[0.801s] -- Configured uncrustify additional arguments: 
[0.802s] -- Added test 'xmllint' to check XML markup files
[0.803s] -- Configuring done (0.8s)
[0.809s] -- Generating done (0.0s)
[0.810s] -- Build files have been written to: /home/eilero/ros2_ws/src/build/pkg1
[0.816s] Invoked command in '/home/eilero/ros2_ws/src/build/pkg1' returned '0': CMAKE_PREFIX_PATH=${CMAKE_PREFIX_PATH}:/opt/ros/jazzy /usr/bin/cmake /home/eilero/ros2_ws/src/pkg1 -DCMAKE_INSTALL_PREFIX=/home/eilero/ros2_ws/src/install/pkg1
[0.817s] Invoking command in '/home/eilero/ros2_ws/src/build/pkg1': CMAKE_PREFIX_PATH=${CMAKE_PREFIX_PATH}:/opt/ros/jazzy /usr/bin/cmake --build /home/eilero/ros2_ws/src/build/pkg1 -- -j16 -l16
[0.864s] [ 50%] [32mBuilding CXX object CMakeFiles/pkg1_node.dir/src/pkg1_node.cpp.o[0m
[0.890s] [100%] [32m[1mLinking CXX executable pkg1_node[0m
[0.931s] [100%] Built target pkg1_node
[0.942s] Invoked command in '/home/eilero/ros2_ws/src/build/pkg1' returned '0': CMAKE_PREFIX_PATH=${CMAKE_PREFIX_PATH}:/opt/ros/jazzy /usr/bin/cmake --build /home/eilero/ros2_ws/src/build/pkg1 -- -j16 -l16
[0.952s] Invoking command in '/home/eilero/ros2_ws/src/build/pkg1': CMAKE_PREFIX_PATH=${CMAKE_PREFIX_PATH}:/opt/ros/jazzy /usr/bin/cmake --install /home/eilero/ros2_ws/src/build/pkg1
[0.959s] -- Install configuration: ""
[0.959s] -- Installing: /home/eilero/ros2_ws/src/install/pkg1/lib/pkg1/pkg1_node
[0.959s] -- Installing: /home/eilero/ros2_ws/src/install/pkg1/share/ament_index/resource_index/package_run_dependencies/pkg1
[0.959s] -- Installing: /home/eilero/ros2_ws/src/install/pkg1/share/ament_index/resource_index/parent_prefix_path/pkg1
[0.959s] -- Installing: /home/eilero/ros2_ws/src/install/pkg1/share/pkg1/environment/ament_prefix_path.sh
[0.959s] -- Installing: /home/eilero/ros2_ws/src/install/pkg1/share/pkg1/environment/ament_prefix_path.dsv
[0.960s] -- Installing: /home/eilero/ros2_ws/src/install/pkg1/share/pkg1/environment/path.sh
[0.960s] -- Installing: /home/eilero/ros2_ws/src/install/pkg1/share/pkg1/environment/path.dsv
[0.960s] -- Installing: /home/eilero/ros2_ws/src/install/pkg1/share/pkg1/local_setup.bash
[0.960s] -- Installing: /home/eilero/ros2_ws/src/install/pkg1/share/pkg1/local_setup.sh
[0.960s] -- Installing: /home/eilero/ros2_ws/src/install/pkg1/share/pkg1/local_setup.zsh
[0.960s] -- Installing: /home/eilero/ros2_ws/src/install/pkg1/share/pkg1/local_setup.dsv
[0.960s] -- Installing: /home/eilero/ros2_ws/src/install/pkg1/share/pkg1/package.dsv
[0.961s] -- Installing: /home/eilero/ros2_ws/src/install/pkg1/share/ament_index/resource_index/packages/pkg1
[0.961s] -- Installing: /home/eilero/ros2_ws/src/install/pkg1/share/pkg1/cmake/pkg1Config.cmake
[0.961s] -- Installing: /home/eilero/ros2_ws/src/install/pkg1/share/pkg1/cmake/pkg1Config-version.cmake
[0.961s] -- Installing: /home/eilero/ros2_ws/src/install/pkg1/share/pkg1/package.xml
[0.963s] Invoked command in '/home/eilero/ros2_ws/src/build/pkg1' returned '0': CMAKE_PREFIX_PATH=${CMAKE_PREFIX_PATH}:/opt/ros/jazzy /usr/bin/cmake --install /home/eilero/ros2_ws/src/build/pkg1
