[0.027s] Invoking command in '/home/eilero/ros2_ws/build/cpp_srvcli': CMAKE_PREFIX_PATH=/home/eilero/ros2_ws/install/first_interfaces:/home/eilero/ros2_ws/install/subs_pubs:/home/eilero/ros2_ws/install/pkg1:/home/eilero/ros2_ws/install/cpp_srvcli:/home/eilero/ros2_ws/install/cpp_pubsub:/home/eilero/install/first_interfaces:/opt/ros/jazzy/opt/gz_math_vendor:/opt/ros/jazzy/opt/gz_utils_vendor:/opt/ros/jazzy/opt/gz_cmake_vendor:/opt/ros/jazzy /usr/bin/cmake --build /home/eilero/ros2_ws/build/cpp_srvcli -- -j16 -l16
[0.099s] [100%] Built target client
[0.099s] [100%] Built target server
[0.116s] Invoked command in '/home/eilero/ros2_ws/build/cpp_srvcli' returned '0': CMAKE_PREFIX_PATH=/home/eilero/ros2_ws/install/first_interfaces:/home/eilero/ros2_ws/install/subs_pubs:/home/eilero/ros2_ws/install/pkg1:/home/eilero/ros2_ws/install/cpp_srvcli:/home/eilero/ros2_ws/install/cpp_pubsub:/home/eilero/install/first_interfaces:/opt/ros/jazzy/opt/gz_math_vendor:/opt/ros/jazzy/opt/gz_utils_vendor:/opt/ros/jazzy/opt/gz_cmake_vendor:/opt/ros/jazzy /usr/bin/cmake --build /home/eilero/ros2_ws/build/cpp_srvcli -- -j16 -l16
[0.130s] Invoking command in '/home/eilero/ros2_ws/build/cpp_srvcli': CMAKE_PREFIX_PATH=/home/eilero/ros2_ws/install/first_interfaces:/home/eilero/ros2_ws/install/subs_pubs:/home/eilero/ros2_ws/install/pkg1:/home/eilero/ros2_ws/install/cpp_srvcli:/home/eilero/ros2_ws/install/cpp_pubsub:/home/eilero/install/first_interfaces:/opt/ros/jazzy/opt/gz_math_vendor:/opt/ros/jazzy/opt/gz_utils_vendor:/opt/ros/jazzy/opt/gz_cmake_vendor:/opt/ros/jazzy /usr/bin/cmake --install /home/eilero/ros2_ws/build/cpp_srvcli
[0.140s] -- Install configuration: ""
[0.141s] -- Up-to-date: /home/eilero/ros2_ws/install/cpp_srvcli/lib/cpp_srvcli/server
[0.141s] -- Up-to-date: /home/eilero/ros2_ws/install/cpp_srvcli/lib/cpp_srvcli/client
[0.141s] -- Up-to-date: /home/eilero/ros2_ws/install/cpp_srvcli/share/ament_index/resource_index/package_run_dependencies/cpp_srvcli
[0.141s] -- Up-to-date: /home/eilero/ros2_ws/install/cpp_srvcli/share/ament_index/resource_index/parent_prefix_path/cpp_srvcli
[0.141s] -- Up-to-date: /home/eilero/ros2_ws/install/cpp_srvcli/share/cpp_srvcli/environment/ament_prefix_path.sh
[0.141s] -- Up-to-date: /home/eilero/ros2_ws/install/cpp_srvcli/share/cpp_srvcli/environment/ament_prefix_path.dsv
[0.141s] -- Up-to-date: /home/eilero/ros2_ws/install/cpp_srvcli/share/cpp_srvcli/environment/path.sh
[0.141s] -- Up-to-date: /home/eilero/ros2_ws/install/cpp_srvcli/share/cpp_srvcli/environment/path.dsv
[0.142s] -- Up-to-date: /home/eilero/ros2_ws/install/cpp_srvcli/share/cpp_srvcli/local_setup.bash
[0.142s] -- Up-to-date: /home/eilero/ros2_ws/install/cpp_srvcli/share/cpp_srvcli/local_setup.sh
[0.142s] -- Up-to-date: /home/eilero/ros2_ws/install/cpp_srvcli/share/cpp_srvcli/local_setup.zsh
[0.142s] -- Up-to-date: /home/eilero/ros2_ws/install/cpp_srvcli/share/cpp_srvcli/local_setup.dsv
[0.142s] -- Installing: /home/eilero/ros2_ws/install/cpp_srvcli/share/cpp_srvcli/package.dsv
[0.142s] -- Up-to-date: /home/eilero/ros2_ws/install/cpp_srvcli/share/ament_index/resource_index/packages/cpp_srvcli
[0.142s] -- Up-to-date: /home/eilero/ros2_ws/install/cpp_srvcli/share/cpp_srvcli/cmake/cpp_srvcliConfig.cmake
[0.142s] -- Up-to-date: /home/eilero/ros2_ws/install/cpp_srvcli/share/cpp_srvcli/cmake/cpp_srvcliConfig-version.cmake
[0.142s] -- Up-to-date: /home/eilero/ros2_ws/install/cpp_srvcli/share/cpp_srvcli/package.xml
[0.144s] Invoked command in '/home/eilero/ros2_ws/build/cpp_srvcli' returned '0': CMAKE_PREFIX_PATH=/home/eilero/ros2_ws/install/first_interfaces:/home/eilero/ros2_ws/install/subs_pubs:/home/eilero/ros2_ws/install/pkg1:/home/eilero/ros2_ws/install/cpp_srvcli:/home/eilero/ros2_ws/install/cpp_pubsub:/home/eilero/install/first_interfaces:/opt/ros/jazzy/opt/gz_math_vendor:/opt/ros/jazzy/opt/gz_utils_vendor:/opt/ros/jazzy/opt/gz_cmake_vendor:/opt/ros/jazzy /usr/bin/cmake --install /home/eilero/ros2_ws/build/cpp_srvcli
