[0.013s] Invoking command in '/home/eilero/ros2_ws/build/cpp_srvcli': CMAKE_PREFIX_PATH=${CMAKE_PREFIX_PATH}:/opt/ros/jazzy /usr/bin/cmake /home/eilero/ros2_ws/src/cpp_srvcli -DCMAKE_INSTALL_PREFIX=/home/eilero/ros2_ws/install/cpp_srvcli
[0.085s] -- The C compiler identification is GNU 13.3.0
[0.153s] -- The CXX compiler identification is GNU 13.3.0
[0.177s] -- Detecting C compiler ABI info
[0.290s] -- Detecting C compiler ABI info - done
[0.300s] -- Check for working C compiler: /usr/bin/cc - skipped
[0.300s] -- Detecting C compile features
[0.300s] -- Detecting C compile features - done
[0.312s] -- Detecting CXX compiler ABI info
[0.438s] -- Detecting CXX compiler ABI info - done
[0.449s] -- Check for working CXX compiler: /usr/bin/c++ - skipped
[0.450s] -- Detecting CXX compile features
[0.450s] -- Detecting CXX compile features - done
[0.454s] -- Found ament_cmake: 2.5.4 (/opt/ros/jazzy/share/ament_cmake/cmake)
[0.598s] -- Found Python3: /usr/bin/python3 (found version "3.12.3") found components: Interpreter 
[0.722s] -- Found rclcpp: 28.1.13 (/opt/ros/jazzy/share/rclcpp/cmake)
[0.770s] -- Found rosidl_generator_c: 4.6.6 (/opt/ros/jazzy/share/rosidl_generator_c/cmake)
[0.786s] -- Found rosidl_generator_cpp: 4.6.6 (/opt/ros/jazzy/share/rosidl_generator_cpp/cmake)
[0.804s] -- Using all available rosidl_typesupport_c: rosidl_typesupport_fastrtps_c;rosidl_typesupport_introspection_c
[0.820s] -- Using all available rosidl_typesupport_cpp: rosidl_typesupport_fastrtps_cpp;rosidl_typesupport_introspection_cpp
[0.881s] -- Found rmw_implementation_cmake: 7.3.2 (/opt/ros/jazzy/share/rmw_implementation_cmake/cmake)
[0.884s] -- Found rmw_fastrtps_cpp: 8.4.3 (/opt/ros/jazzy/share/rmw_fastrtps_cpp/cmake)
[0.962s] -- Found OpenSSL: /usr/lib/x86_64-linux-gnu/libcrypto.so (found version "3.0.13")  
[0.974s] -- Found FastRTPS: /opt/ros/jazzy/include (Required is at least version "2.13") 
[0.991s] -- Using RMW implementation 'rmw_fastrtps_cpp' as default
[1.052s] -- Found example_interfaces: 0.12.0 (/opt/ros/jazzy/share/example_interfaces/cmake)
[1.107s] -- Found ament_lint_auto: 0.17.3 (/opt/ros/jazzy/share/ament_lint_auto/cmake)
[1.184s] -- Added test 'cppcheck' to perform static code analysis on C / C++ code
[1.184s] -- Configured cppcheck include dirs: 
[1.184s] -- Configured cppcheck exclude dirs and/or files: 
[1.184s] -- Added test 'lint_cmake' to check CMake code style
[1.185s] -- Added test 'uncrustify' to check C / C++ code style
[1.185s] -- Configured uncrustify additional arguments: 
[1.186s] -- Added test 'xmllint' to check XML markup files
[1.187s] -- Configuring done (1.2s)
[1.192s] -- Generating done (0.0s)
[1.194s] -- Build files have been written to: /home/eilero/ros2_ws/build/cpp_srvcli
[1.202s] Invoked command in '/home/eilero/ros2_ws/build/cpp_srvcli' returned '0': CMAKE_PREFIX_PATH=${CMAKE_PREFIX_PATH}:/opt/ros/jazzy /usr/bin/cmake /home/eilero/ros2_ws/src/cpp_srvcli -DCMAKE_INSTALL_PREFIX=/home/eilero/ros2_ws/install/cpp_srvcli
[1.203s] Invoking command in '/home/eilero/ros2_ws/build/cpp_srvcli': CMAKE_PREFIX_PATH=${CMAKE_PREFIX_PATH}:/opt/ros/jazzy /usr/bin/cmake --build /home/eilero/ros2_ws/build/cpp_srvcli -- -j16 -l16
[1.244s] Invoked command in '/home/eilero/ros2_ws/build/cpp_srvcli' returned '0': CMAKE_PREFIX_PATH=${CMAKE_PREFIX_PATH}:/opt/ros/jazzy /usr/bin/cmake --build /home/eilero/ros2_ws/build/cpp_srvcli -- -j16 -l16
[1.253s] Invoking command in '/home/eilero/ros2_ws/build/cpp_srvcli': CMAKE_PREFIX_PATH=${CMAKE_PREFIX_PATH}:/opt/ros/jazzy /usr/bin/cmake --install /home/eilero/ros2_ws/build/cpp_srvcli
[1.260s] -- Install configuration: ""
[1.260s] -- Installing: /home/eilero/ros2_ws/install/cpp_srvcli/share/ament_index/resource_index/package_run_dependencies/cpp_srvcli
[1.260s] -- Installing: /home/eilero/ros2_ws/install/cpp_srvcli/share/ament_index/resource_index/parent_prefix_path/cpp_srvcli
[1.261s] -- Installing: /home/eilero/ros2_ws/install/cpp_srvcli/share/cpp_srvcli/environment/ament_prefix_path.sh
[1.261s] -- Installing: /home/eilero/ros2_ws/install/cpp_srvcli/share/cpp_srvcli/environment/ament_prefix_path.dsv
[1.261s] -- Installing: /home/eilero/ros2_ws/install/cpp_srvcli/share/cpp_srvcli/environment/path.sh
[1.261s] -- Installing: /home/eilero/ros2_ws/install/cpp_srvcli/share/cpp_srvcli/environment/path.dsv
[1.261s] -- Installing: /home/eilero/ros2_ws/install/cpp_srvcli/share/cpp_srvcli/local_setup.bash
[1.261s] -- Installing: /home/eilero/ros2_ws/install/cpp_srvcli/share/cpp_srvcli/local_setup.sh
[1.261s] -- Installing: /home/eilero/ros2_ws/install/cpp_srvcli/share/cpp_srvcli/local_setup.zsh
[1.261s] -- Installing: /home/eilero/ros2_ws/install/cpp_srvcli/share/cpp_srvcli/local_setup.dsv
[1.262s] -- Installing: /home/eilero/ros2_ws/install/cpp_srvcli/share/cpp_srvcli/package.dsv
[1.262s] -- Installing: /home/eilero/ros2_ws/install/cpp_srvcli/share/ament_index/resource_index/packages/cpp_srvcli
[1.262s] -- Installing: /home/eilero/ros2_ws/install/cpp_srvcli/share/cpp_srvcli/cmake/cpp_srvcliConfig.cmake
[1.262s] -- Installing: /home/eilero/ros2_ws/install/cpp_srvcli/share/cpp_srvcli/cmake/cpp_srvcliConfig-version.cmake
[1.262s] -- Installing: /home/eilero/ros2_ws/install/cpp_srvcli/share/cpp_srvcli/package.xml
[1.264s] Invoked command in '/home/eilero/ros2_ws/build/cpp_srvcli' returned '0': CMAKE_PREFIX_PATH=${CMAKE_PREFIX_PATH}:/opt/ros/jazzy /usr/bin/cmake --install /home/eilero/ros2_ws/build/cpp_srvcli
