[0.011s] Invoking command in '/home/eilero/ros2_ws/build/subs_pubs': AMENT_PREFIX_PATH=/home/eilero/ros2_ws/install/first_interfaces:${AMENT_PREFIX_PATH} CMAKE_PREFIX_PATH=/home/eilero/ros2_ws/install/first_interfaces:/opt/ros/jazzy/opt/gz_math_vendor:/opt/ros/jazzy/opt/gz_utils_vendor:/opt/ros/jazzy/opt/gz_cmake_vendor:/opt/ros/jazzy LD_LIBRARY_PATH=/home/eilero/ros2_ws/install/first_interfaces/lib:${LD_LIBRARY_PATH} PYTHONPATH=/home/eilero/ros2_ws/install/first_interfaces/lib/python3.12/site-packages:${PYTHONPATH} /usr/bin/cmake --build /home/eilero/ros2_ws/build/subs_pubs -- -j16 -l16
[0.102s] [100%] Built target listener
[0.102s] [100%] Built target talker
[0.121s] Invoked command in '/home/eilero/ros2_ws/build/subs_pubs' returned '0': AMENT_PREFIX_PATH=/home/eilero/ros2_ws/install/first_interfaces:${AMENT_PREFIX_PATH} CMAKE_PREFIX_PATH=/home/eilero/ros2_ws/install/first_interfaces:/opt/ros/jazzy/opt/gz_math_vendor:/opt/ros/jazzy/opt/gz_utils_vendor:/opt/ros/jazzy/opt/gz_cmake_vendor:/opt/ros/jazzy LD_LIBRARY_PATH=/home/eilero/ros2_ws/install/first_interfaces/lib:${LD_LIBRARY_PATH} PYTHONPATH=/home/eilero/ros2_ws/install/first_interfaces/lib/python3.12/site-packages:${PYTHONPATH} /usr/bin/cmake --build /home/eilero/ros2_ws/build/subs_pubs -- -j16 -l16
[0.122s] Invoking command in '/home/eilero/ros2_ws/build/subs_pubs': AMENT_PREFIX_PATH=/home/eilero/ros2_ws/install/first_interfaces:${AMENT_PREFIX_PATH} CMAKE_PREFIX_PATH=/home/eilero/ros2_ws/install/first_interfaces:/opt/ros/jazzy/opt/gz_math_vendor:/opt/ros/jazzy/opt/gz_utils_vendor:/opt/ros/jazzy/opt/gz_cmake_vendor:/opt/ros/jazzy LD_LIBRARY_PATH=/home/eilero/ros2_ws/install/first_interfaces/lib:${LD_LIBRARY_PATH} PYTHONPATH=/home/eilero/ros2_ws/install/first_interfaces/lib/python3.12/site-packages:${PYTHONPATH} /usr/bin/cmake --install /home/eilero/ros2_ws/build/subs_pubs
[0.133s] -- Install configuration: ""
[0.134s] -- Up-to-date: /home/eilero/ros2_ws/install/subs_pubs/lib/subs_pubs/talker
[0.134s] -- Up-to-date: /home/eilero/ros2_ws/install/subs_pubs/lib/subs_pubs/listener
[0.134s] -- Up-to-date: /home/eilero/ros2_ws/install/subs_pubs/share/ament_index/resource_index/package_run_dependencies/subs_pubs
[0.135s] -- Up-to-date: /home/eilero/ros2_ws/install/subs_pubs/share/ament_index/resource_index/parent_prefix_path/subs_pubs
[0.135s] -- Up-to-date: /home/eilero/ros2_ws/install/subs_pubs/share/subs_pubs/environment/ament_prefix_path.sh
[0.135s] -- Up-to-date: /home/eilero/ros2_ws/install/subs_pubs/share/subs_pubs/environment/ament_prefix_path.dsv
[0.135s] -- Up-to-date: /home/eilero/ros2_ws/install/subs_pubs/share/subs_pubs/environment/path.sh
[0.135s] -- Up-to-date: /home/eilero/ros2_ws/install/subs_pubs/share/subs_pubs/environment/path.dsv
[0.135s] -- Up-to-date: /home/eilero/ros2_ws/install/subs_pubs/share/subs_pubs/local_setup.bash
[0.135s] -- Up-to-date: /home/eilero/ros2_ws/install/subs_pubs/share/subs_pubs/local_setup.sh
[0.135s] -- Up-to-date: /home/eilero/ros2_ws/install/subs_pubs/share/subs_pubs/local_setup.zsh
[0.135s] -- Up-to-date: /home/eilero/ros2_ws/install/subs_pubs/share/subs_pubs/local_setup.dsv
[0.135s] -- Installing: /home/eilero/ros2_ws/install/subs_pubs/share/subs_pubs/package.dsv
[0.135s] -- Up-to-date: /home/eilero/ros2_ws/install/subs_pubs/share/ament_index/resource_index/packages/subs_pubs
[0.135s] -- Up-to-date: /home/eilero/ros2_ws/install/subs_pubs/share/subs_pubs/cmake/subs_pubsConfig.cmake
[0.135s] -- Up-to-date: /home/eilero/ros2_ws/install/subs_pubs/share/subs_pubs/cmake/subs_pubsConfig-version.cmake
[0.135s] -- Up-to-date: /home/eilero/ros2_ws/install/subs_pubs/share/subs_pubs/package.xml
[0.138s] Invoked command in '/home/eilero/ros2_ws/build/subs_pubs' returned '0': AMENT_PREFIX_PATH=/home/eilero/ros2_ws/install/first_interfaces:${AMENT_PREFIX_PATH} CMAKE_PREFIX_PATH=/home/eilero/ros2_ws/install/first_interfaces:/opt/ros/jazzy/opt/gz_math_vendor:/opt/ros/jazzy/opt/gz_utils_vendor:/opt/ros/jazzy/opt/gz_cmake_vendor:/opt/ros/jazzy LD_LIBRARY_PATH=/home/eilero/ros2_ws/install/first_interfaces/lib:${LD_LIBRARY_PATH} PYTHONPATH=/home/eilero/ros2_ws/install/first_interfaces/lib/python3.12/site-packages:${PYTHONPATH} /usr/bin/cmake --install /home/eilero/ros2_ws/build/subs_pubs
