[0.022s] Invoking command in '/home/eilero/ros2_ws/build/cpp_srvcli': CMAKE_PREFIX_PATH=/home/eilero/ros2_ws/install/first_interfaces:/home/eilero/ros2_ws/install/subs_pubs:/home/eilero/ros2_ws/install/pkg1:/home/eilero/ros2_ws/install/cpp_srvcli:/home/eilero/ros2_ws/install/cpp_pubsub:/home/eilero/install/first_interfaces:/opt/ros/jazzy/opt/gz_math_vendor:/opt/ros/jazzy/opt/gz_utils_vendor:/opt/ros/jazzy/opt/gz_cmake_vendor:/opt/ros/jazzy /usr/bin/cmake --build /home/eilero/ros2_ws/build/cpp_srvcli -- -j16 -l16
[0.091s] [ 25%] [32mBuilding CXX object CMakeFiles/server.dir/src/add_two_ints_server.cpp.o[0m
[0.091s] [ 50%] [32mBuilding CXX object CMakeFiles/client.dir/src/add_two_ints_client.cpp.o[0m
[3.551s] [ 75%] [32m[1mLinking CXX executable server[0m
[3.674s] [ 75%] Built target server
[3.738s] [100%] [32m[1mLinking CXX executable client[0m
[3.856s] [100%] Built target client
[3.867s] Invoked command in '/home/eilero/ros2_ws/build/cpp_srvcli' returned '0': CMAKE_PREFIX_PATH=/home/eilero/ros2_ws/install/first_interfaces:/home/eilero/ros2_ws/install/subs_pubs:/home/eilero/ros2_ws/install/pkg1:/home/eilero/ros2_ws/install/cpp_srvcli:/home/eilero/ros2_ws/install/cpp_pubsub:/home/eilero/install/first_interfaces:/opt/ros/jazzy/opt/gz_math_vendor:/opt/ros/jazzy/opt/gz_utils_vendor:/opt/ros/jazzy/opt/gz_cmake_vendor:/opt/ros/jazzy /usr/bin/cmake --build /home/eilero/ros2_ws/build/cpp_srvcli -- -j16 -l16
[3.876s] Invoking command in '/home/eilero/ros2_ws/build/cpp_srvcli': CMAKE_PREFIX_PATH=/home/eilero/ros2_ws/install/first_interfaces:/home/eilero/ros2_ws/install/subs_pubs:/home/eilero/ros2_ws/install/pkg1:/home/eilero/ros2_ws/install/cpp_srvcli:/home/eilero/ros2_ws/install/cpp_pubsub:/home/eilero/install/first_interfaces:/opt/ros/jazzy/opt/gz_math_vendor:/opt/ros/jazzy/opt/gz_utils_vendor:/opt/ros/jazzy/opt/gz_cmake_vendor:/opt/ros/jazzy /usr/bin/cmake --install /home/eilero/ros2_ws/build/cpp_srvcli
[3.884s] -- Install configuration: ""
[3.884s] -- Installing: /home/eilero/ros2_ws/install/cpp_srvcli/lib/cpp_srvcli/server
[3.885s] -- Set non-toolchain portion of runtime path of "/home/eilero/ros2_ws/install/cpp_srvcli/lib/cpp_srvcli/server" to ""
[3.885s] -- Installing: /home/eilero/ros2_ws/install/cpp_srvcli/lib/cpp_srvcli/client
[3.886s] -- Set non-toolchain portion of runtime path of "/home/eilero/ros2_ws/install/cpp_srvcli/lib/cpp_srvcli/client" to ""
[3.886s] -- Up-to-date: /home/eilero/ros2_ws/install/cpp_srvcli/share/ament_index/resource_index/package_run_dependencies/cpp_srvcli
[3.886s] -- Up-to-date: /home/eilero/ros2_ws/install/cpp_srvcli/share/ament_index/resource_index/parent_prefix_path/cpp_srvcli
[3.886s] -- Up-to-date: /home/eilero/ros2_ws/install/cpp_srvcli/share/cpp_srvcli/environment/ament_prefix_path.sh
[3.886s] -- Up-to-date: /home/eilero/ros2_ws/install/cpp_srvcli/share/cpp_srvcli/environment/ament_prefix_path.dsv
[3.886s] -- Up-to-date: /home/eilero/ros2_ws/install/cpp_srvcli/share/cpp_srvcli/environment/path.sh
[3.886s] -- Up-to-date: /home/eilero/ros2_ws/install/cpp_srvcli/share/cpp_srvcli/environment/path.dsv
[3.886s] -- Up-to-date: /home/eilero/ros2_ws/install/cpp_srvcli/share/cpp_srvcli/local_setup.bash
[3.886s] -- Up-to-date: /home/eilero/ros2_ws/install/cpp_srvcli/share/cpp_srvcli/local_setup.sh
[3.886s] -- Up-to-date: /home/eilero/ros2_ws/install/cpp_srvcli/share/cpp_srvcli/local_setup.zsh
[3.886s] -- Up-to-date: /home/eilero/ros2_ws/install/cpp_srvcli/share/cpp_srvcli/local_setup.dsv
[3.887s] -- Installing: /home/eilero/ros2_ws/install/cpp_srvcli/share/cpp_srvcli/package.dsv
[3.887s] -- Up-to-date: /home/eilero/ros2_ws/install/cpp_srvcli/share/ament_index/resource_index/packages/cpp_srvcli
[3.887s] -- Up-to-date: /home/eilero/ros2_ws/install/cpp_srvcli/share/cpp_srvcli/cmake/cpp_srvcliConfig.cmake
[3.887s] -- Up-to-date: /home/eilero/ros2_ws/install/cpp_srvcli/share/cpp_srvcli/cmake/cpp_srvcliConfig-version.cmake
[3.887s] -- Up-to-date: /home/eilero/ros2_ws/install/cpp_srvcli/share/cpp_srvcli/package.xml
[3.888s] Invoked command in '/home/eilero/ros2_ws/build/cpp_srvcli' returned '0': CMAKE_PREFIX_PATH=/home/eilero/ros2_ws/install/first_interfaces:/home/eilero/ros2_ws/install/subs_pubs:/home/eilero/ros2_ws/install/pkg1:/home/eilero/ros2_ws/install/cpp_srvcli:/home/eilero/ros2_ws/install/cpp_pubsub:/home/eilero/install/first_interfaces:/opt/ros/jazzy/opt/gz_math_vendor:/opt/ros/jazzy/opt/gz_utils_vendor:/opt/ros/jazzy/opt/gz_cmake_vendor:/opt/ros/jazzy /usr/bin/cmake --install /home/eilero/ros2_ws/build/cpp_srvcli
