[0.020s] Invoking command in '/home/eilero/ros2_ws/build/subs_pubs': CMAKE_PREFIX_PATH=/home/eilero/ros2_ws/install/first_interfaces:/home/eilero/ros2_ws/install/pkg1:/home/eilero/ros2_ws/install/cpp_srvcli:/home/eilero/ros2_ws/install/cpp_pubsub:/home/eilero/install/first_interfaces:/opt/ros/jazzy/opt/gz_math_vendor:/opt/ros/jazzy/opt/gz_utils_vendor:/opt/ros/jazzy/opt/gz_cmake_vendor:/opt/ros/jazzy /usr/bin/cmake --build /home/eilero/ros2_ws/build/subs_pubs -- -j16 -l16
[0.055s] -- Found ament_cmake: 2.5.4 (/opt/ros/jazzy/share/ament_cmake/cmake)
[0.235s] -- Found rclcpp: 28.1.13 (/opt/ros/jazzy/share/rclcpp/cmake)
[0.253s] -- Found rosidl_generator_c: 4.6.6 (/opt/ros/jazzy/share/rosidl_generator_c/cmake)
[0.260s] -- Found rosidl_generator_cpp: 4.6.6 (/opt/ros/jazzy/share/rosidl_generator_cpp/cmake)
[0.268s] -- Using all available rosidl_typesupport_c: rosidl_typesupport_fastrtps_c;rosidl_typesupport_introspection_c
[0.279s] -- Using all available rosidl_typesupport_cpp: rosidl_typesupport_fastrtps_cpp;rosidl_typesupport_introspection_cpp
[0.331s] -- Found rmw_implementation_cmake: 7.3.2 (/opt/ros/jazzy/share/rmw_implementation_cmake/cmake)
[0.332s] -- Found rmw_fastrtps_cpp: 8.4.3 (/opt/ros/jazzy/share/rmw_fastrtps_cpp/cmake)
[0.383s] -- Using RMW implementation 'rmw_fastrtps_cpp' as default
[0.439s] -- Found first_interfaces: 0.0.0 (/home/eilero/ros2_ws/install/first_interfaces/share/first_interfaces/cmake)
[0.482s] -- Found ament_lint_auto: 0.17.3 (/opt/ros/jazzy/share/ament_lint_auto/cmake)
[0.578s] -- Added test 'cppcheck' to perform static code analysis on C / C++ code
[0.578s] -- Configured cppcheck include dirs: 
[0.578s] -- Configured cppcheck exclude dirs and/or files: 
[0.579s] -- Added test 'lint_cmake' to check CMake code style
[0.579s] -- Added test 'uncrustify' to check C / C++ code style
[0.579s] -- Configured uncrustify additional arguments: 
[0.579s] -- Added test 'xmllint' to check XML markup files
[0.580s] -- Configuring done (0.5s)
[0.596s] -- Generating done (0.0s)
[0.600s] -- Build files have been written to: /home/eilero/ros2_ws/build/subs_pubs
[0.653s] [ 50%] [32mBuilding CXX object CMakeFiles/listener.dir/src/subs.cpp.o[0m
[0.653s] [ 50%] [32mBuilding CXX object CMakeFiles/talker.dir/src/pubs.cpp.o[0m
[0.899s] [01m[K/home/eilero/ros2_ws/src/subs_pubs/src/pubs.cpp:5:10:[m[K [01;31m[Kfatal error: [m[Kfirst_interfaces/msg/Num.hpp: No such file or directory
[0.899s]     5 | #include [01;31m[K"first_interfaces/msg/Num.hpp"[m[K
[0.899s]       |          [01;31m[K^~~~~~~~~~~~~~~~~~~~~~~~~~~~~~[m[K
[0.900s] compilation terminated.
[0.900s] [01m[K/home/eilero/ros2_ws/src/subs_pubs/src/subs.cpp:5:10:[m[K [01;31m[Kfatal error: [m[Kfirst_interfaces/msg/Num.hpp: No such file or directory
[0.900s]     5 | #include [01;31m[K"first_interfaces/msg/Num.hpp"[m[K
[0.900s]       |          [01;31m[K^~~~~~~~~~~~~~~~~~~~~~~~~~~~~~[m[K
[0.900s] compilation terminated.
[0.907s] gmake[2]: *** [CMakeFiles/talker.dir/build.make:76: CMakeFiles/talker.dir/src/pubs.cpp.o] Error 1
[0.907s] gmake[2]: *** [CMakeFiles/listener.dir/build.make:76: CMakeFiles/listener.dir/src/subs.cpp.o] Error 1
[0.907s] gmake[1]: *** [CMakeFiles/Makefile2:139: CMakeFiles/talker.dir/all] Error 2
[0.907s] gmake[1]: *** Waiting for unfinished jobs....
[0.907s] gmake[1]: *** [CMakeFiles/Makefile2:165: CMakeFiles/listener.dir/all] Error 2
[0.907s] gmake: *** [Makefile:146: all] Error 2
[0.911s] Invoked command in '/home/eilero/ros2_ws/build/subs_pubs' returned '2': CMAKE_PREFIX_PATH=/home/eilero/ros2_ws/install/first_interfaces:/home/eilero/ros2_ws/install/pkg1:/home/eilero/ros2_ws/install/cpp_srvcli:/home/eilero/ros2_ws/install/cpp_pubsub:/home/eilero/install/first_interfaces:/opt/ros/jazzy/opt/gz_math_vendor:/opt/ros/jazzy/opt/gz_utils_vendor:/opt/ros/jazzy/opt/gz_cmake_vendor:/opt/ros/jazzy /usr/bin/cmake --build /home/eilero/ros2_ws/build/subs_pubs -- -j16 -l16
