[0.080s] DEBUG:colcon:Command line arguments: ['/usr/bin/colcon', 'build', '--packages-select', 'subs_pubs']
[0.080s] DEBUG:colcon:Parsed command line arguments: Namespace(log_base=None, log_level=None, verb_name='build', build_base='build', install_base='install', merge_install=False, symlink_install=False, test_result_base=None, continue_on_error=False, executor='parallel', parallel_workers=16, event_handlers=None, ignore_user_meta=False, metas=['./colcon.meta'], base_paths=['.'], packages_ignore=None, packages_ignore_regex=None, paths=None, packages_up_to=None, packages_up_to_regex=None, packages_above=None, packages_above_and_dependencies=None, packages_above_depth=None, packages_select_by_dep=None, packages_skip_by_dep=None, packages_skip_up_to=None, packages_select_build_failed=False, packages_skip_build_finished=False, packages_select_test_failures=False, packages_skip_test_passed=False, packages_select=['subs_pubs'], packages_skip=None, packages_select_regex=None, packages_skip_regex=None, packages_start=None, packages_end=None, cmake_args=None, cmake_target=None, cmake_target_skip_unavailable=False, cmake_clean_cache=False, cmake_clean_first=False, cmake_force_configure=False, ament_cmake_args=None, catkin_cmake_args=None, catkin_skip_building_tests=False, mixin_files=None, mixin=None, verb_parser=<colcon_mixin.mixin.mixin_argument.MixinArgumentDecorator object at 0x713973e4a5d0>, verb_extension=<colcon_core.verb.build.BuildVerb object at 0x713973fec1a0>, main=<bound method BuildVerb.main of <colcon_core.verb.build.BuildVerb object at 0x713973fec1a0>>, mixin_verb=('build',))
[0.111s] Level 1:colcon.colcon_core.package_discovery:discover_packages(colcon_meta) check parameters
[0.111s] INFO:colcon.colcon_metadata.package_discovery.colcon_meta:Using configuration from '/root/.colcon/metadata/default/Gazebo.meta'
[0.112s] INFO:colcon.colcon_metadata.package_discovery.colcon_meta:Using configuration from '/root/.colcon/metadata/default/fastdds.meta'
[0.112s] INFO:colcon.colcon_metadata.package_discovery.colcon_meta:Using configuration from '/root/.colcon/metadata/default/fastrtps.meta'
[0.112s] Level 1:colcon.colcon_core.package_discovery:discover_packages(recursive) check parameters
[0.112s] Level 1:colcon.colcon_core.package_discovery:discover_packages(ignore) check parameters
[0.112s] Level 1:colcon.colcon_core.package_discovery:discover_packages(path) check parameters
[0.112s] Level 1:colcon.colcon_core.package_discovery:discover_packages(colcon_meta) discover
[0.112s] Level 1:colcon.colcon_core.package_discovery:discover_packages(recursive) discover
[0.112s] INFO:colcon.colcon_core.package_discovery:Crawling recursively for packages in '/home/eilero/ros2_ws'
[0.112s] Level 1:colcon.colcon_core.package_identification:_identify(.) by extensions ['ignore', 'ignore_ament_install']
[0.112s] Level 1:colcon.colcon_core.package_identification:_identify(.) by extension 'ignore'
[0.112s] Level 1:colcon.colcon_core.package_identification:_identify(.) by extension 'ignore_ament_install'
[0.113s] Level 1:colcon.colcon_core.package_identification:_identify(.) by extensions ['colcon_pkg']
[0.113s] Level 1:colcon.colcon_core.package_identification:_identify(.) by extension 'colcon_pkg'
[0.113s] Level 1:colcon.colcon_core.package_identification:_identify(.) by extensions ['colcon_meta']
[0.113s] Level 1:colcon.colcon_core.package_identification:_identify(.) by extension 'colcon_meta'
[0.113s] Level 1:colcon.colcon_core.package_identification:_identify(.) by extensions ['ros']
[0.113s] Level 1:colcon.colcon_core.package_identification:_identify(.) by extension 'ros'
[0.131s] Level 1:colcon.colcon_core.package_identification:_identify(.) by extensions ['cmake', 'python']
[0.131s] Level 1:colcon.colcon_core.package_identification:_identify(.) by extension 'cmake'
[0.131s] Level 1:colcon.colcon_core.package_identification:_identify(.) by extension 'python'
[0.131s] Level 1:colcon.colcon_core.package_identification:_identify(.) by extensions ['python_setup_py']
[0.131s] Level 1:colcon.colcon_core.package_identification:_identify(.) by extension 'python_setup_py'
[0.131s] Level 1:colcon.colcon_core.package_identification:_identify(build) by extensions ['ignore', 'ignore_ament_install']
[0.131s] Level 1:colcon.colcon_core.package_identification:_identify(build) by extension 'ignore'
[0.131s] Level 1:colcon.colcon_core.package_identification:_identify(build) ignored
[0.131s] Level 1:colcon.colcon_core.package_identification:_identify(install) by extensions ['ignore', 'ignore_ament_install']
[0.131s] Level 1:colcon.colcon_core.package_identification:_identify(install) by extension 'ignore'
[0.131s] Level 1:colcon.colcon_core.package_identification:_identify(install) ignored
[0.131s] Level 1:colcon.colcon_core.package_identification:_identify(log) by extensions ['ignore', 'ignore_ament_install']
[0.132s] Level 1:colcon.colcon_core.package_identification:_identify(log) by extension 'ignore'
[0.132s] Level 1:colcon.colcon_core.package_identification:_identify(log) ignored
[0.132s] Level 1:colcon.colcon_core.package_identification:_identify(src) by extensions ['ignore', 'ignore_ament_install']
[0.132s] Level 1:colcon.colcon_core.package_identification:_identify(src) by extension 'ignore'
[0.132s] Level 1:colcon.colcon_core.package_identification:_identify(src) by extension 'ignore_ament_install'
[0.132s] Level 1:colcon.colcon_core.package_identification:_identify(src) by extensions ['colcon_pkg']
[0.132s] Level 1:colcon.colcon_core.package_identification:_identify(src) by extension 'colcon_pkg'
[0.132s] Level 1:colcon.colcon_core.package_identification:_identify(src) by extensions ['colcon_meta']
[0.132s] Level 1:colcon.colcon_core.package_identification:_identify(src) by extension 'colcon_meta'
[0.132s] Level 1:colcon.colcon_core.package_identification:_identify(src) by extensions ['ros']
[0.132s] Level 1:colcon.colcon_core.package_identification:_identify(src) by extension 'ros'
[0.132s] Level 1:colcon.colcon_core.package_identification:_identify(src) by extensions ['cmake', 'python']
[0.132s] Level 1:colcon.colcon_core.package_identification:_identify(src) by extension 'cmake'
[0.132s] Level 1:colcon.colcon_core.package_identification:_identify(src) by extension 'python'
[0.132s] Level 1:colcon.colcon_core.package_identification:_identify(src) by extensions ['python_setup_py']
[0.132s] Level 1:colcon.colcon_core.package_identification:_identify(src) by extension 'python_setup_py'
[0.132s] Level 1:colcon.colcon_core.package_identification:_identify(src/build) by extensions ['ignore', 'ignore_ament_install']
[0.132s] Level 1:colcon.colcon_core.package_identification:_identify(src/build) by extension 'ignore'
[0.132s] Level 1:colcon.colcon_core.package_identification:_identify(src/build) ignored
[0.132s] Level 1:colcon.colcon_core.package_identification:_identify(src/cpp_pubsub) by extensions ['ignore', 'ignore_ament_install']
[0.132s] Level 1:colcon.colcon_core.package_identification:_identify(src/cpp_pubsub) by extension 'ignore'
[0.132s] Level 1:colcon.colcon_core.package_identification:_identify(src/cpp_pubsub) by extension 'ignore_ament_install'
[0.132s] Level 1:colcon.colcon_core.package_identification:_identify(src/cpp_pubsub) by extensions ['colcon_pkg']
[0.132s] Level 1:colcon.colcon_core.package_identification:_identify(src/cpp_pubsub) by extension 'colcon_pkg'
[0.132s] Level 1:colcon.colcon_core.package_identification:_identify(src/cpp_pubsub) by extensions ['colcon_meta']
[0.132s] Level 1:colcon.colcon_core.package_identification:_identify(src/cpp_pubsub) by extension 'colcon_meta'
[0.133s] Level 1:colcon.colcon_core.package_identification:_identify(src/cpp_pubsub) by extensions ['ros']
[0.133s] Level 1:colcon.colcon_core.package_identification:_identify(src/cpp_pubsub) by extension 'ros'
[0.134s] DEBUG:colcon.colcon_core.package_identification:Package 'src/cpp_pubsub' with type 'ros.ament_cmake' and name 'cpp_pubsub'
[0.134s] Level 1:colcon.colcon_core.package_identification:_identify(src/cpp_srvcli) by extensions ['ignore', 'ignore_ament_install']
[0.134s] Level 1:colcon.colcon_core.package_identification:_identify(src/cpp_srvcli) by extension 'ignore'
[0.134s] Level 1:colcon.colcon_core.package_identification:_identify(src/cpp_srvcli) by extension 'ignore_ament_install'
[0.135s] Level 1:colcon.colcon_core.package_identification:_identify(src/cpp_srvcli) by extensions ['colcon_pkg']
[0.135s] Level 1:colcon.colcon_core.package_identification:_identify(src/cpp_srvcli) by extension 'colcon_pkg'
[0.135s] Level 1:colcon.colcon_core.package_identification:_identify(src/cpp_srvcli) by extensions ['colcon_meta']
[0.135s] Level 1:colcon.colcon_core.package_identification:_identify(src/cpp_srvcli) by extension 'colcon_meta'
[0.135s] Level 1:colcon.colcon_core.package_identification:_identify(src/cpp_srvcli) by extensions ['ros']
[0.135s] Level 1:colcon.colcon_core.package_identification:_identify(src/cpp_srvcli) by extension 'ros'
[0.135s] DEBUG:colcon.colcon_core.package_identification:Package 'src/cpp_srvcli' with type 'ros.ament_cmake' and name 'cpp_srvcli'
[0.135s] Level 1:colcon.colcon_core.package_identification:_identify(src/first_interfaces) by extensions ['ignore', 'ignore_ament_install']
[0.135s] Level 1:colcon.colcon_core.package_identification:_identify(src/first_interfaces) by extension 'ignore'
[0.135s] Level 1:colcon.colcon_core.package_identification:_identify(src/first_interfaces) by extension 'ignore_ament_install'
[0.135s] Level 1:colcon.colcon_core.package_identification:_identify(src/first_interfaces) by extensions ['colcon_pkg']
[0.135s] Level 1:colcon.colcon_core.package_identification:_identify(src/first_interfaces) by extension 'colcon_pkg'
[0.135s] Level 1:colcon.colcon_core.package_identification:_identify(src/first_interfaces) by extensions ['colcon_meta']
[0.135s] Level 1:colcon.colcon_core.package_identification:_identify(src/first_interfaces) by extension 'colcon_meta'
[0.135s] Level 1:colcon.colcon_core.package_identification:_identify(src/first_interfaces) by extensions ['ros']
[0.135s] Level 1:colcon.colcon_core.package_identification:_identify(src/first_interfaces) by extension 'ros'
[0.136s] DEBUG:colcon.colcon_core.package_identification:Package 'src/first_interfaces' with type 'ros.ament_cmake' and name 'first_interfaces'
[0.136s] Level 1:colcon.colcon_core.package_identification:_identify(src/install) by extensions ['ignore', 'ignore_ament_install']
[0.136s] Level 1:colcon.colcon_core.package_identification:_identify(src/install) by extension 'ignore'
[0.136s] Level 1:colcon.colcon_core.package_identification:_identify(src/install) ignored
[0.136s] Level 1:colcon.colcon_core.package_identification:_identify(src/log) by extensions ['ignore', 'ignore_ament_install']
[0.136s] Level 1:colcon.colcon_core.package_identification:_identify(src/log) by extension 'ignore'
[0.136s] Level 1:colcon.colcon_core.package_identification:_identify(src/log) ignored
[0.136s] Level 1:colcon.colcon_core.package_identification:_identify(src/pkg1) by extensions ['ignore', 'ignore_ament_install']
[0.136s] Level 1:colcon.colcon_core.package_identification:_identify(src/pkg1) by extension 'ignore'
[0.136s] Level 1:colcon.colcon_core.package_identification:_identify(src/pkg1) by extension 'ignore_ament_install'
[0.136s] Level 1:colcon.colcon_core.package_identification:_identify(src/pkg1) by extensions ['colcon_pkg']
[0.136s] Level 1:colcon.colcon_core.package_identification:_identify(src/pkg1) by extension 'colcon_pkg'
[0.136s] Level 1:colcon.colcon_core.package_identification:_identify(src/pkg1) by extensions ['colcon_meta']
[0.136s] Level 1:colcon.colcon_core.package_identification:_identify(src/pkg1) by extension 'colcon_meta'
[0.136s] Level 1:colcon.colcon_core.package_identification:_identify(src/pkg1) by extensions ['ros']
[0.136s] Level 1:colcon.colcon_core.package_identification:_identify(src/pkg1) by extension 'ros'
[0.137s] DEBUG:colcon.colcon_core.package_identification:Package 'src/pkg1' with type 'ros.ament_cmake' and name 'pkg1'
[0.137s] Level 1:colcon.colcon_core.package_identification:_identify(src/subs_pubs) by extensions ['ignore', 'ignore_ament_install']
[0.137s] Level 1:colcon.colcon_core.package_identification:_identify(src/subs_pubs) by extension 'ignore'
[0.137s] Level 1:colcon.colcon_core.package_identification:_identify(src/subs_pubs) by extension 'ignore_ament_install'
[0.137s] Level 1:colcon.colcon_core.package_identification:_identify(src/subs_pubs) by extensions ['colcon_pkg']
[0.137s] Level 1:colcon.colcon_core.package_identification:_identify(src/subs_pubs) by extension 'colcon_pkg'
[0.137s] Level 1:colcon.colcon_core.package_identification:_identify(src/subs_pubs) by extensions ['colcon_meta']
[0.137s] Level 1:colcon.colcon_core.package_identification:_identify(src/subs_pubs) by extension 'colcon_meta'
[0.137s] Level 1:colcon.colcon_core.package_identification:_identify(src/subs_pubs) by extensions ['ros']
[0.137s] Level 1:colcon.colcon_core.package_identification:_identify(src/subs_pubs) by extension 'ros'
[0.138s] DEBUG:colcon.colcon_core.package_identification:Package 'src/subs_pubs' with type 'ros.ament_cmake' and name 'subs_pubs'
[0.138s] Level 1:colcon.colcon_core.package_discovery:discover_packages(recursive) using defaults
[0.138s] Level 1:colcon.colcon_core.package_discovery:discover_packages(ignore) discover
[0.138s] Level 1:colcon.colcon_core.package_discovery:discover_packages(ignore) using defaults
[0.138s] Level 1:colcon.colcon_core.package_discovery:discover_packages(path) discover
[0.138s] Level 1:colcon.colcon_core.package_discovery:discover_packages(path) using defaults
[0.151s] INFO:colcon.colcon_core.package_selection:Skipping not selected package 'cpp_srvcli' in 'src/cpp_srvcli'
[0.151s] INFO:colcon.colcon_core.package_selection:Skipping not selected package 'first_interfaces' in 'src/first_interfaces'
[0.152s] INFO:colcon.colcon_core.package_selection:Skipping not selected package 'pkg1' in 'src/pkg1'
[0.152s] INFO:colcon.colcon_core.package_selection:Skipping not selected package 'cpp_pubsub' in 'src/cpp_pubsub'
[0.152s] Level 5:colcon.colcon_core.verb:set package 'subs_pubs' build argument 'cmake_args' from command line to 'None'
[0.152s] Level 5:colcon.colcon_core.verb:set package 'subs_pubs' build argument 'cmake_target' from command line to 'None'
[0.152s] Level 5:colcon.colcon_core.verb:set package 'subs_pubs' build argument 'cmake_target_skip_unavailable' from command line to 'False'
[0.152s] Level 5:colcon.colcon_core.verb:set package 'subs_pubs' build argument 'cmake_clean_cache' from command line to 'False'
[0.152s] Level 5:colcon.colcon_core.verb:set package 'subs_pubs' build argument 'cmake_clean_first' from command line to 'False'
[0.152s] Level 5:colcon.colcon_core.verb:set package 'subs_pubs' build argument 'cmake_force_configure' from command line to 'False'
[0.152s] Level 5:colcon.colcon_core.verb:set package 'subs_pubs' build argument 'ament_cmake_args' from command line to 'None'
[0.152s] Level 5:colcon.colcon_core.verb:set package 'subs_pubs' build argument 'catkin_cmake_args' from command line to 'None'
[0.152s] Level 5:colcon.colcon_core.verb:set package 'subs_pubs' build argument 'catkin_skip_building_tests' from command line to 'False'
[0.152s] DEBUG:colcon.colcon_core.verb:Building package 'subs_pubs' with the following arguments: {'ament_cmake_args': None, 'build_base': '/home/eilero/ros2_ws/build/subs_pubs', 'catkin_cmake_args': None, 'catkin_skip_building_tests': False, 'cmake_args': None, 'cmake_clean_cache': False, 'cmake_clean_first': False, 'cmake_force_configure': False, 'cmake_target': None, 'cmake_target_skip_unavailable': False, 'install_base': '/home/eilero/ros2_ws/install/subs_pubs', 'merge_install': False, 'path': '/home/eilero/ros2_ws/src/subs_pubs', 'symlink_install': False, 'test_result_base': None}
[0.152s] INFO:colcon.colcon_core.executor:Executing jobs using 'parallel' executor
[0.153s] DEBUG:colcon.colcon_parallel_executor.executor.parallel:run_until_complete
[0.153s] INFO:colcon.colcon_ros.task.ament_cmake.build:Building ROS package in '/home/eilero/ros2_ws/src/subs_pubs' with build type 'ament_cmake'
[0.153s] INFO:colcon.colcon_cmake.task.cmake.build:Building CMake package in '/home/eilero/ros2_ws/src/subs_pubs'
[0.155s] INFO:colcon.colcon_core.plugin_system:Skipping extension 'colcon_core.shell.bat': Not used on non-Windows systems
[0.155s] INFO:colcon.colcon_core.shell:Skip shell extension 'powershell' for command environment: Not usable outside of PowerShell
[0.155s] DEBUG:colcon.colcon_core.shell:Skip shell extension 'dsv' for command environment
[0.156s] WARNING:colcon.colcon_ros.prefix_path.ament:The path '/home/eilero/ros2_ws/install/pkg1' in the environment variable AMENT_PREFIX_PATH doesn't exist
[0.156s] WARNING:colcon.colcon_ros.prefix_path.ament:The path '/home/eilero/ros2_ws/install/cpp_srvcli' in the environment variable AMENT_PREFIX_PATH doesn't exist
[0.156s] WARNING:colcon.colcon_ros.prefix_path.ament:The path '/home/eilero/ros2_ws/install/cpp_pubsub' in the environment variable AMENT_PREFIX_PATH doesn't exist
[0.157s] WARNING:colcon.colcon_ros.prefix_path.catkin:The path '/home/eilero/ros2_ws/install/pkg1' in the environment variable CMAKE_PREFIX_PATH doesn't exist
[0.157s] WARNING:colcon.colcon_ros.prefix_path.catkin:The path '/home/eilero/ros2_ws/install/cpp_srvcli' in the environment variable CMAKE_PREFIX_PATH doesn't exist
[0.157s] WARNING:colcon.colcon_ros.prefix_path.catkin:The path '/home/eilero/ros2_ws/install/cpp_pubsub' in the environment variable CMAKE_PREFIX_PATH doesn't exist
[0.175s] DEBUG:colcon.colcon_core.event_handler.log_command:Invoking command in '/home/eilero/ros2_ws/build/subs_pubs': CMAKE_PREFIX_PATH=/home/eilero/ros2_ws/install/first_interfaces:/home/eilero/ros2_ws/install/pkg1:/home/eilero/ros2_ws/install/cpp_srvcli:/home/eilero/ros2_ws/install/cpp_pubsub:/home/eilero/install/first_interfaces:/opt/ros/jazzy/opt/gz_math_vendor:/opt/ros/jazzy/opt/gz_utils_vendor:/opt/ros/jazzy/opt/gz_cmake_vendor:/opt/ros/jazzy /usr/bin/cmake --build /home/eilero/ros2_ws/build/subs_pubs -- -j16 -l16
[0.657s] DEBUG:colcon.colcon_core.event_handler.log_command:Invoked command in '/home/eilero/ros2_ws/build/subs_pubs' returned '2': CMAKE_PREFIX_PATH=/home/eilero/ros2_ws/install/first_interfaces:/home/eilero/ros2_ws/install/pkg1:/home/eilero/ros2_ws/install/cpp_srvcli:/home/eilero/ros2_ws/install/cpp_pubsub:/home/eilero/install/first_interfaces:/opt/ros/jazzy/opt/gz_math_vendor:/opt/ros/jazzy/opt/gz_utils_vendor:/opt/ros/jazzy/opt/gz_cmake_vendor:/opt/ros/jazzy /usr/bin/cmake --build /home/eilero/ros2_ws/build/subs_pubs -- -j16 -l16
[0.658s] Level 1:colcon.colcon_core.environment:create_environment_scripts_only(subs_pubs)
[0.661s] Level 1:colcon.colcon_core.environment:checking '/home/eilero/ros2_ws/install/subs_pubs' for CMake module files
[0.661s] Level 1:colcon.colcon_core.environment:checking '/home/eilero/ros2_ws/install/subs_pubs' for CMake config files
[0.662s] Level 1:colcon.colcon_core.environment:checking '/home/eilero/ros2_ws/install/subs_pubs/bin'
[0.662s] Level 1:colcon.colcon_core.environment:checking '/home/eilero/ros2_ws/install/subs_pubs/lib/pkgconfig/subs_pubs.pc'
[0.665s] Level 1:colcon.colcon_core.environment:checking '/home/eilero/ros2_ws/install/subs_pubs/lib/python3.12/site-packages'
[0.665s] Level 1:colcon.colcon_core.environment:checking '/home/eilero/ros2_ws/install/subs_pubs/bin'
[0.665s] INFO:colcon.colcon_core.shell:Creating package script '/home/eilero/ros2_ws/install/subs_pubs/share/subs_pubs/package.ps1'
[0.666s] INFO:colcon.colcon_core.shell:Creating package descriptor '/home/eilero/ros2_ws/install/subs_pubs/share/subs_pubs/package.dsv'
[0.667s] INFO:colcon.colcon_core.shell:Creating package script '/home/eilero/ros2_ws/install/subs_pubs/share/subs_pubs/package.sh'
[0.667s] INFO:colcon.colcon_core.shell:Creating package script '/home/eilero/ros2_ws/install/subs_pubs/share/subs_pubs/package.bash'
[0.668s] INFO:colcon.colcon_core.shell:Creating package script '/home/eilero/ros2_ws/install/subs_pubs/share/subs_pubs/package.zsh'
[0.668s] Level 1:colcon.colcon_core.environment:create_file_with_runtime_dependencies(/home/eilero/ros2_ws/install/subs_pubs/share/colcon-core/packages/subs_pubs)
[0.679s] DEBUG:colcon.colcon_parallel_executor.executor.parallel:closing loop
[0.679s] DEBUG:colcon.colcon_parallel_executor.executor.parallel:loop closed
[0.680s] DEBUG:colcon.colcon_parallel_executor.executor.parallel:run_until_complete finished with '2'
[0.680s] DEBUG:colcon.colcon_core.event_reactor:joining thread
[0.686s] INFO:colcon.colcon_core.plugin_system:Skipping extension 'colcon_notification.desktop_notification.notify_send': Could not find 'notify-send'
[0.686s] INFO:colcon.colcon_core.plugin_system:Skipping extension 'colcon_notification.desktop_notification.terminal_notifier': Not used on non-Darwin systems
[0.686s] INFO:colcon.colcon_core.plugin_system:Skipping extension 'colcon_notification.desktop_notification.win32': Not used on non-Windows systems
[0.686s] INFO:colcon.colcon_notification.desktop_notification:Sending desktop notification using 'notify2'
[0.690s] DEBUG:colcon.colcon_notification.desktop_notification.notify2:Failed to initialize notify2: org.freedesktop.DBus.Error.Spawn.ExecFailed: /usr/bin/dbus-launch terminated abnormally without any error message
[0.690s] DEBUG:colcon.colcon_core.event_reactor:joined thread
[0.691s] INFO:colcon.colcon_core.shell:Creating prefix script '/home/eilero/ros2_ws/install/local_setup.ps1'
[0.692s] INFO:colcon.colcon_core.shell:Creating prefix util module '/home/eilero/ros2_ws/install/_local_setup_util_ps1.py'
[0.693s] INFO:colcon.colcon_core.shell:Creating prefix chain script '/home/eilero/ros2_ws/install/setup.ps1'
[0.694s] INFO:colcon.colcon_core.shell:Creating prefix script '/home/eilero/ros2_ws/install/local_setup.sh'
[0.694s] INFO:colcon.colcon_core.shell:Creating prefix util module '/home/eilero/ros2_ws/install/_local_setup_util_sh.py'
[0.695s] INFO:colcon.colcon_core.shell:Creating prefix chain script '/home/eilero/ros2_ws/install/setup.sh'
[0.696s] INFO:colcon.colcon_core.shell:Creating prefix script '/home/eilero/ros2_ws/install/local_setup.bash'
[0.696s] INFO:colcon.colcon_core.shell:Creating prefix chain script '/home/eilero/ros2_ws/install/setup.bash'
[0.697s] INFO:colcon.colcon_core.shell:Creating prefix script '/home/eilero/ros2_ws/install/local_setup.zsh'
[0.697s] INFO:colcon.colcon_core.shell:Creating prefix chain script '/home/eilero/ros2_ws/install/setup.zsh'
