[0.022s] Invoking command in '/home/eilero/ros2_ws/src/build/first_interfaces': CMAKE_PREFIX_PATH=${CMAKE_PREFIX_PATH}:/opt/ros/jazzy /usr/bin/cmake --build /home/eilero/ros2_ws/src/build/first_interfaces -- -j16 -l16
[0.072s] [31mCMake Error at CMakeLists.txt:9 (find_package):
[0.072s]   find_package called with invalid argument "REQUIORED"
[0.072s] 
[0.072s] [0m
[0.072s] -- Found geometry_msgs: 5.3.6 (/opt/ros/jazzy/share/geometry_msgs/cmake)
[0.108s] -- Found Python3: /usr/bin/python3 (found version "3.12.3") found components: Interpreter 
[0.270s] -- Found rosidl_generator_c: 4.6.6 (/opt/ros/jazzy/share/rosidl_generator_c/cmake)
[0.285s] -- Found rosidl_generator_cpp: 4.6.6 (/opt/ros/jazzy/share/rosidl_generator_cpp/cmake)
[0.303s] -- Using all available rosidl_typesupport_c: rosidl_typesupport_fastrtps_c;rosidl_typesupport_introspection_c
[0.325s] -- Using all available rosidl_typesupport_cpp: rosidl_typesupport_fastrtps_cpp;rosidl_typesupport_introspection_cpp
[0.392s] -- Found rosidl_default_generators: 1.6.0 (/opt/ros/jazzy/share/rosidl_default_generators/cmake)
[0.405s] -- Found rosidl_adapter: 4.6.6 (/opt/ros/jazzy/share/rosidl_adapter/cmake)
[0.408s] -- Found first_interfaces: 0.0.0 (/home/eilero/ros2_ws/src/install/first_interfaces/share/first_interfaces/cmake)
[0.460s] -- Found rclcpp: 28.1.13 (/opt/ros/jazzy/share/rclcpp/cmake)
[0.521s] -- Found rmw_implementation_cmake: 7.3.2 (/opt/ros/jazzy/share/rmw_implementation_cmake/cmake)
[0.523s] -- Found rmw_fastrtps_cpp: 8.4.3 (/opt/ros/jazzy/share/rmw_fastrtps_cpp/cmake)
[0.626s] -- Using RMW implementation 'rmw_fastrtps_cpp' as default
[1.148s] [31mCMake Error at /opt/ros/jazzy/share/rosidl_generator_c/cmake/rosidl_generator_c_generate_interfaces.cmake:145 (add_library):
[1.148s]   add_library cannot create ALIAS target
[1.148s]   "first_interfaces::first_interfaces__rosidl_generator_c" because another
[1.149s]   target with the same name already exists.
[1.149s] Call Stack (most recent call first):
[1.149s]   /opt/ros/jazzy/share/ament_cmake_core/cmake/core/ament_execute_extensions.cmake:48 (include)
[1.149s]   /opt/ros/jazzy/share/rosidl_cmake/cmake/rosidl_generate_interfaces.cmake:280 (ament_execute_extensions)
[1.149s]   CMakeLists.txt:26 (rosidl_generate_interfaces)
[1.149s] 
[1.149s] [0m
[1.152s] -- Found ament_cmake_ros: 0.12.0 (/opt/ros/jazzy/share/ament_cmake_ros/cmake)
[1.322s] [31mCMake Error at /opt/ros/jazzy/share/rosidl_generator_cpp/cmake/rosidl_generator_cpp_generate_interfaces.cmake:142 (add_library):
[1.322s]   add_library cannot create ALIAS target
[1.322s]   "first_interfaces::first_interfaces__rosidl_generator_cpp" because another
[1.322s]   target with the same name already exists.
[1.322s] Call Stack (most recent call first):
[1.323s]   /opt/ros/jazzy/share/ament_cmake_core/cmake/core/ament_execute_extensions.cmake:48 (include)
[1.323s]   /opt/ros/jazzy/share/rosidl_cmake/cmake/rosidl_generate_interfaces.cmake:280 (ament_execute_extensions)
[1.323s]   CMakeLists.txt:26 (rosidl_generate_interfaces)
[1.323s] 
[1.323s] [0m
[1.486s] [31mCMake Error at /opt/ros/jazzy/share/rosidl_typesupport_introspection_c/cmake/rosidl_typesupport_introspection_c_generate_interfaces.cmake:122 (add_library):
[1.487s]   add_library cannot create ALIAS target
[1.487s]   "first_interfaces::first_interfaces__rosidl_typesupport_introspection_c"
[1.487s]   because another target with the same name already exists.
[1.487s] Call Stack (most recent call first):
[1.487s]   /opt/ros/jazzy/share/ament_cmake_core/cmake/core/ament_execute_extensions.cmake:48 (include)
[1.487s]   /opt/ros/jazzy/share/rosidl_cmake/cmake/rosidl_generate_interfaces.cmake:280 (ament_execute_extensions)
[1.487s]   CMakeLists.txt:26 (rosidl_generate_interfaces)
[1.487s] 
[1.487s] [0m
[1.564s] -- Using all available rosidl_typesupport_c: rosidl_typesupport_fastrtps_c;rosidl_typesupport_introspection_c
[1.645s] [31mCMake Error at /opt/ros/jazzy/share/rosidl_typesupport_introspection_cpp/cmake/rosidl_typesupport_introspection_cpp_generate_interfaces.cmake:111 (add_library):
[1.645s]   add_library cannot create ALIAS target
[1.645s]   "first_interfaces::first_interfaces__rosidl_typesupport_introspection_cpp"
[1.645s]   because another target with the same name already exists.
[1.645s] Call Stack (most recent call first):
[1.646s]   /opt/ros/jazzy/share/ament_cmake_core/cmake/core/ament_execute_extensions.cmake:48 (include)
[1.646s]   /opt/ros/jazzy/share/rosidl_cmake/cmake/rosidl_generate_interfaces.cmake:280 (ament_execute_extensions)
[1.646s]   CMakeLists.txt:26 (rosidl_generate_interfaces)
[1.646s] 
[1.646s] [0m
[1.721s] -- Using all available rosidl_typesupport_cpp: rosidl_typesupport_fastrtps_cpp;rosidl_typesupport_introspection_cpp
[1.723s] -- Found python_cmake_module: 0.11.1 (/opt/ros/jazzy/share/python_cmake_module/cmake)
[1.952s] -- Found Python3: /usr/bin/python3 (found version "3.12.3") found components: Interpreter Development NumPy Development.Module Development.Embed 
[1.980s] -- Found ament_lint_auto: 0.17.3 (/opt/ros/jazzy/share/ament_lint_auto/cmake)
[1.997s] -- Added test 'cppcheck' to perform static code analysis on C / C++ code
[1.997s] -- Configured cppcheck include dirs: 
[1.997s] -- Configured cppcheck exclude dirs and/or files: 
[1.998s] -- Added test 'flake8' to check Python code syntax and style conventions
[1.998s] -- Configured 'flake8' exclude dirs and/or files: 
[2.001s] -- Added test 'lint_cmake' to check CMake code style
[2.003s] -- Added test 'pep257' to check Python code against some of the docstring style conventions in PEP 257
[2.014s] -- Added test 'uncrustify' to check C / C++ code style
[2.014s] -- Configured uncrustify additional arguments: 
[2.016s] -- Added test 'xmllint' to check XML markup files
[2.017s] -- Configuring incomplete, errors occurred!
[2.025s] gmake: *** [Makefile:1355: cmake_check_build_system] Error 1
[2.027s] Invoked command in '/home/eilero/ros2_ws/src/build/first_interfaces' returned '2': CMAKE_PREFIX_PATH=${CMAKE_PREFIX_PATH}:/opt/ros/jazzy /usr/bin/cmake --build /home/eilero/ros2_ws/src/build/first_interfaces -- -j16 -l16
