[0.019s] Invoking command in '/home/eilero/ros2_ws/build/subs_pubs': CMAKE_PREFIX_PATH=/home/eilero/ros2_ws/install/first_interfaces:/home/eilero/ros2_ws/install/pkg1:/home/eilero/ros2_ws/install/cpp_srvcli:/home/eilero/ros2_ws/install/cpp_pubsub:/home/eilero/install/first_interfaces:/opt/ros/jazzy/opt/gz_math_vendor:/opt/ros/jazzy/opt/gz_utils_vendor:/opt/ros/jazzy/opt/gz_cmake_vendor:/opt/ros/jazzy /usr/bin/cmake --build /home/eilero/ros2_ws/build/subs_pubs -- -j16 -l16
[0.055s] -- Found ament_cmake: 2.5.4 (/opt/ros/jazzy/share/ament_cmake/cmake)
[0.238s] -- Found rclcpp: 28.1.13 (/opt/ros/jazzy/share/rclcpp/cmake)
[0.257s] -- Found rosidl_generator_c: 4.6.6 (/opt/ros/jazzy/share/rosidl_generator_c/cmake)
[0.264s] -- Found rosidl_generator_cpp: 4.6.6 (/opt/ros/jazzy/share/rosidl_generator_cpp/cmake)
[0.272s] -- Using all available rosidl_typesupport_c: rosidl_typesupport_fastrtps_c;rosidl_typesupport_introspection_c
[0.282s] -- Using all available rosidl_typesupport_cpp: rosidl_typesupport_fastrtps_cpp;rosidl_typesupport_introspection_cpp
[0.336s] -- Found rmw_implementation_cmake: 7.3.2 (/opt/ros/jazzy/share/rmw_implementation_cmake/cmake)
[0.337s] -- Found rmw_fastrtps_cpp: 8.4.3 (/opt/ros/jazzy/share/rmw_fastrtps_cpp/cmake)
[0.389s] -- Using RMW implementation 'rmw_fastrtps_cpp' as default
[0.452s] [31mCMake Error at CMakeLists.txt:12 (find_package):
[0.452s]   By not providing "Findtutorial_interfaces.cmake" in CMAKE_MODULE_PATH this
[0.452s]   project has asked CMake to find a package configuration file provided by
[0.452s]   "tutorial_interfaces", but CMake did not find one.
[0.452s] 
[0.452s]   Could not find a package configuration file provided by
[0.452s]   "tutorial_interfaces" with any of the following names:
[0.452s] 
[0.452s]     tutorial_interfacesConfig.cmake
[0.452s]     tutorial_interfaces-config.cmake
[0.452s] 
[0.452s]   Add the installation prefix of "tutorial_interfaces" to CMAKE_PREFIX_PATH
[0.452s]   or set "tutorial_interfaces_DIR" to a directory containing one of the above
[0.452s]   files.  If "tutorial_interfaces" provides a separate development package or
[0.452s]   SDK, be sure it has been installed.
[0.453s] 
[0.453s] [0m
[0.453s] -- Configuring incomplete, errors occurred!
[0.460s] gmake: *** [Makefile:308: cmake_check_build_system] Error 1
[0.464s] Invoked command in '/home/eilero/ros2_ws/build/subs_pubs' returned '2': CMAKE_PREFIX_PATH=/home/eilero/ros2_ws/install/first_interfaces:/home/eilero/ros2_ws/install/pkg1:/home/eilero/ros2_ws/install/cpp_srvcli:/home/eilero/ros2_ws/install/cpp_pubsub:/home/eilero/install/first_interfaces:/opt/ros/jazzy/opt/gz_math_vendor:/opt/ros/jazzy/opt/gz_utils_vendor:/opt/ros/jazzy/opt/gz_cmake_vendor:/opt/ros/jazzy /usr/bin/cmake --build /home/eilero/ros2_ws/build/subs_pubs -- -j16 -l16
