[0.021s] Invoking command in '/home/eilero/ros2_ws/src/build/first_interfaces': /usr/bin/cmake --build /home/eilero/ros2_ws/src/build/first_interfaces -- -j16 -l16
[0.074s] -- Found geometry_msgs: 5.3.6 (/opt/ros/jazzy/share/geometry_msgs/cmake)
[0.272s] -- Found rosidl_generator_c: 4.6.6 (/opt/ros/jazzy/share/rosidl_generator_c/cmake)
[0.286s] -- Found rosidl_generator_cpp: 4.6.6 (/opt/ros/jazzy/share/rosidl_generator_cpp/cmake)
[0.304s] -- Using all available rosidl_typesupport_c: rosidl_typesupport_fastrtps_c;rosidl_typesupport_introspection_c
[0.325s] -- Using all available rosidl_typesupport_cpp: rosidl_typesupport_fastrtps_cpp;rosidl_typesupport_introspection_cpp
[0.392s] -- Found rosidl_default_generators: 1.6.0 (/opt/ros/jazzy/share/rosidl_default_generators/cmake)
[0.406s] -- Found rosidl_adapter: 4.6.6 (/opt/ros/jazzy/share/rosidl_adapter/cmake)
[0.409s] -- Found first_interfaces: 0.0.0 (/home/eilero/ros2_ws/src/install/first_interfaces/share/first_interfaces/cmake)
[0.460s] -- Found rclcpp: 28.1.13 (/opt/ros/jazzy/share/rclcpp/cmake)
[0.520s] -- Found rmw_implementation_cmake: 7.3.2 (/opt/ros/jazzy/share/rmw_implementation_cmake/cmake)
[0.522s] -- Found rmw_fastrtps_cpp: 8.4.3 (/opt/ros/jazzy/share/rmw_fastrtps_cpp/cmake)
[0.624s] -- Using RMW implementation 'rmw_fastrtps_cpp' as default
[0.991s] Error parsing '/home/eilero/ros2_ws/src/first_interfaces/package.xml':
[0.991s] Traceback (most recent call last):
[0.991s]   File "/opt/ros/jazzy/share/ament_cmake_core/cmake/core/package_xml_2_cmake.py", line 150, in <module>
[0.992s]     main()
[0.992s]   File "/opt/ros/jazzy/share/ament_cmake_core/cmake/core/package_xml_2_cmake.py", line 53, in main
[0.992s]     raise e
[0.992s]   File "/opt/ros/jazzy/share/ament_cmake_core/cmake/core/package_xml_2_cmake.py", line 49, in main
[0.992s]     package = parse_package_string(
[0.992s]               ^^^^^^^^^^^^^^^^^^^^^
[0.992s]   File "/usr/lib/python3/dist-packages/catkin_pkg/package.py", line 788, in parse_package_string
[0.992s]     pkg.validate(warnings=warnings)
[0.992s]   File "/usr/lib/python3/dist-packages/catkin_pkg/package.py", line 330, in validate
[0.992s]     raise InvalidPackage('\n'.join(errors), self.filename)
[0.992s] catkin_pkg.package.InvalidPackage: Error(s) in package '/home/eilero/ros2_ws/src/first_interfaces/package.xml':
[0.993s] The package "first_interfaces" must not "build_depend" on a package with the same name as this package
[0.993s] The package "first_interfaces" must not "build_export_depend" on a package with the same name as this package
[0.993s] The package "first_interfaces" must not "exec_depend" on a package with the same name as this package
[1.016s] [31mCMake Error at /opt/ros/jazzy/share/ament_cmake_core/cmake/core/ament_package_xml.cmake:95 (message):
[1.016s]   execute_process(/usr/bin/python3
[1.017s]   /opt/ros/jazzy/share/ament_cmake_core/cmake/core/package_xml_2_cmake.py
[1.017s]   /home/eilero/ros2_ws/src/first_interfaces/package.xml
[1.017s]   /home/eilero/ros2_ws/src/build/first_interfaces/ament_cmake_core/package.cmake)
[1.017s]   returned error code 1
[1.017s] Call Stack (most recent call first):
[1.018s]   /opt/ros/jazzy/share/ament_cmake_core/cmake/core/ament_package_xml.cmake:49 (_ament_package_xml)
[1.018s]   /opt/ros/jazzy/share/rosidl_cmake/cmake/rosidl_generate_interfaces.cmake:220 (ament_package_xml)
[1.018s]   CMakeLists.txt:25 (rosidl_generate_interfaces)
[1.018s] 
[1.018s] [0m
[1.018s] -- Configuring incomplete, errors occurred!
[1.031s] gmake: *** [Makefile:1355: cmake_check_build_system] Error 1
[1.036s] Invoked command in '/home/eilero/ros2_ws/src/build/first_interfaces' returned '2': /usr/bin/cmake --build /home/eilero/ros2_ws/src/build/first_interfaces -- -j16 -l16
