[0.078s] DEBUG:colcon:Command line arguments: ['/usr/bin/colcon', 'build', '--packages-select', 'first_interfaces']
[0.078s] DEBUG:colcon:Parsed command line arguments: Namespace(log_base=None, log_level=None, verb_name='build', build_base='build', install_base='install', merge_install=False, symlink_install=False, test_result_base=None, continue_on_error=False, executor='parallel', parallel_workers=16, event_handlers=None, ignore_user_meta=False, metas=['./colcon.meta'], base_paths=['.'], packages_ignore=None, packages_ignore_regex=None, paths=None, packages_up_to=None, packages_up_to_regex=None, packages_above=None, packages_above_and_dependencies=None, packages_above_depth=None, packages_select_by_dep=None, packages_skip_by_dep=None, packages_skip_up_to=None, packages_select_build_failed=False, packages_skip_build_finished=False, packages_select_test_failures=False, packages_skip_test_passed=False, packages_select=['first_interfaces'], packages_skip=None, packages_select_regex=None, packages_skip_regex=None, packages_start=None, packages_end=None, cmake_args=None, cmake_target=None, cmake_target_skip_unavailable=False, cmake_clean_cache=False, cmake_clean_first=False, cmake_force_configure=False, ament_cmake_args=None, catkin_cmake_args=None, catkin_skip_building_tests=False, mixin_files=None, mixin=None, verb_parser=<colcon_mixin.mixin.mixin_argument.MixinArgumentDecorator object at 0x7762322065d0>, verb_extension=<colcon_core.verb.build.BuildVerb object at 0x7762323a8260>, main=<bound method BuildVerb.main of <colcon_core.verb.build.BuildVerb object at 0x7762323a8260>>, mixin_verb=('build',))
[0.108s] Level 1:colcon.colcon_core.package_discovery:discover_packages(colcon_meta) check parameters
[0.108s] INFO:colcon.colcon_metadata.package_discovery.colcon_meta:Using configuration from '/root/.colcon/metadata/default/Gazebo.meta'
[0.109s] INFO:colcon.colcon_metadata.package_discovery.colcon_meta:Using configuration from '/root/.colcon/metadata/default/fastdds.meta'
[0.109s] INFO:colcon.colcon_metadata.package_discovery.colcon_meta:Using configuration from '/root/.colcon/metadata/default/fastrtps.meta'
[0.109s] Level 1:colcon.colcon_core.package_discovery:discover_packages(recursive) check parameters
[0.109s] Level 1:colcon.colcon_core.package_discovery:discover_packages(ignore) check parameters
[0.109s] Level 1:colcon.colcon_core.package_discovery:discover_packages(path) check parameters
[0.109s] Level 1:colcon.colcon_core.package_discovery:discover_packages(colcon_meta) discover
[0.109s] Level 1:colcon.colcon_core.package_discovery:discover_packages(recursive) discover
[0.109s] INFO:colcon.colcon_core.package_discovery:Crawling recursively for packages in '/home/eilero/ros2_ws/install/subs_pubs'
[0.109s] Level 1:colcon.colcon_core.package_identification:_identify(.) by extensions ['ignore', 'ignore_ament_install']
[0.109s] Level 1:colcon.colcon_core.package_identification:_identify(.) by extension 'ignore'
[0.109s] Level 1:colcon.colcon_core.package_identification:_identify(.) by extension 'ignore_ament_install'
[0.109s] Level 1:colcon.colcon_core.package_identification:_identify(.) by extensions ['colcon_pkg']
[0.109s] Level 1:colcon.colcon_core.package_identification:_identify(.) by extension 'colcon_pkg'
[0.109s] Level 1:colcon.colcon_core.package_identification:_identify(.) by extensions ['colcon_meta']
[0.109s] Level 1:colcon.colcon_core.package_identification:_identify(.) by extension 'colcon_meta'
[0.110s] Level 1:colcon.colcon_core.package_identification:_identify(.) by extensions ['ros']
[0.110s] Level 1:colcon.colcon_core.package_identification:_identify(.) by extension 'ros'
[0.127s] Level 1:colcon.colcon_core.package_identification:_identify(.) by extensions ['cmake', 'python']
[0.127s] Level 1:colcon.colcon_core.package_identification:_identify(.) by extension 'cmake'
[0.127s] Level 1:colcon.colcon_core.package_identification:_identify(.) by extension 'python'
[0.127s] Level 1:colcon.colcon_core.package_identification:_identify(.) by extensions ['python_setup_py']
[0.127s] Level 1:colcon.colcon_core.package_identification:_identify(.) by extension 'python_setup_py'
[0.128s] Level 1:colcon.colcon_core.package_identification:_identify(build) by extensions ['ignore', 'ignore_ament_install']
[0.128s] Level 1:colcon.colcon_core.package_identification:_identify(build) by extension 'ignore'
[0.128s] Level 1:colcon.colcon_core.package_identification:_identify(build) ignored
[0.128s] Level 1:colcon.colcon_core.package_identification:_identify(install) by extensions ['ignore', 'ignore_ament_install']
[0.128s] Level 1:colcon.colcon_core.package_identification:_identify(install) by extension 'ignore'
[0.128s] Level 1:colcon.colcon_core.package_identification:_identify(install) ignored
[0.128s] Level 1:colcon.colcon_core.package_identification:_identify(log) by extensions ['ignore', 'ignore_ament_install']
[0.128s] Level 1:colcon.colcon_core.package_identification:_identify(log) by extension 'ignore'
[0.128s] Level 1:colcon.colcon_core.package_identification:_identify(log) ignored
[0.128s] Level 1:colcon.colcon_core.package_identification:_identify(share) by extensions ['ignore', 'ignore_ament_install']
[0.128s] Level 1:colcon.colcon_core.package_identification:_identify(share) by extension 'ignore'
[0.128s] Level 1:colcon.colcon_core.package_identification:_identify(share) by extension 'ignore_ament_install'
[0.128s] Level 1:colcon.colcon_core.package_identification:_identify(share) by extensions ['colcon_pkg']
[0.128s] Level 1:colcon.colcon_core.package_identification:_identify(share) by extension 'colcon_pkg'
[0.128s] Level 1:colcon.colcon_core.package_identification:_identify(share) by extensions ['colcon_meta']
[0.128s] Level 1:colcon.colcon_core.package_identification:_identify(share) by extension 'colcon_meta'
[0.128s] Level 1:colcon.colcon_core.package_identification:_identify(share) by extensions ['ros']
[0.128s] Level 1:colcon.colcon_core.package_identification:_identify(share) by extension 'ros'
[0.128s] Level 1:colcon.colcon_core.package_identification:_identify(share) by extensions ['cmake', 'python']
[0.128s] Level 1:colcon.colcon_core.package_identification:_identify(share) by extension 'cmake'
[0.128s] Level 1:colcon.colcon_core.package_identification:_identify(share) by extension 'python'
[0.128s] Level 1:colcon.colcon_core.package_identification:_identify(share) by extensions ['python_setup_py']
[0.128s] Level 1:colcon.colcon_core.package_identification:_identify(share) by extension 'python_setup_py'
[0.128s] Level 1:colcon.colcon_core.package_identification:_identify(share/colcon-core) by extensions ['ignore', 'ignore_ament_install']
[0.129s] Level 1:colcon.colcon_core.package_identification:_identify(share/colcon-core) by extension 'ignore'
[0.129s] Level 1:colcon.colcon_core.package_identification:_identify(share/colcon-core) by extension 'ignore_ament_install'
[0.129s] Level 1:colcon.colcon_core.package_identification:_identify(share/colcon-core) by extensions ['colcon_pkg']
[0.129s] Level 1:colcon.colcon_core.package_identification:_identify(share/colcon-core) by extension 'colcon_pkg'
[0.129s] Level 1:colcon.colcon_core.package_identification:_identify(share/colcon-core) by extensions ['colcon_meta']
[0.129s] Level 1:colcon.colcon_core.package_identification:_identify(share/colcon-core) by extension 'colcon_meta'
[0.129s] Level 1:colcon.colcon_core.package_identification:_identify(share/colcon-core) by extensions ['ros']
[0.129s] Level 1:colcon.colcon_core.package_identification:_identify(share/colcon-core) by extension 'ros'
[0.129s] Level 1:colcon.colcon_core.package_identification:_identify(share/colcon-core) by extensions ['cmake', 'python']
[0.129s] Level 1:colcon.colcon_core.package_identification:_identify(share/colcon-core) by extension 'cmake'
[0.129s] Level 1:colcon.colcon_core.package_identification:_identify(share/colcon-core) by extension 'python'
[0.129s] Level 1:colcon.colcon_core.package_identification:_identify(share/colcon-core) by extensions ['python_setup_py']
[0.129s] Level 1:colcon.colcon_core.package_identification:_identify(share/colcon-core) by extension 'python_setup_py'
[0.129s] Level 1:colcon.colcon_core.package_identification:_identify(share/colcon-core/packages) by extensions ['ignore', 'ignore_ament_install']
[0.129s] Level 1:colcon.colcon_core.package_identification:_identify(share/colcon-core/packages) by extension 'ignore'
[0.129s] Level 1:colcon.colcon_core.package_identification:_identify(share/colcon-core/packages) by extension 'ignore_ament_install'
[0.129s] Level 1:colcon.colcon_core.package_identification:_identify(share/colcon-core/packages) by extensions ['colcon_pkg']
[0.129s] Level 1:colcon.colcon_core.package_identification:_identify(share/colcon-core/packages) by extension 'colcon_pkg'
[0.129s] Level 1:colcon.colcon_core.package_identification:_identify(share/colcon-core/packages) by extensions ['colcon_meta']
[0.129s] Level 1:colcon.colcon_core.package_identification:_identify(share/colcon-core/packages) by extension 'colcon_meta'
[0.129s] Level 1:colcon.colcon_core.package_identification:_identify(share/colcon-core/packages) by extensions ['ros']
[0.129s] Level 1:colcon.colcon_core.package_identification:_identify(share/colcon-core/packages) by extension 'ros'
[0.129s] Level 1:colcon.colcon_core.package_identification:_identify(share/colcon-core/packages) by extensions ['cmake', 'python']
[0.129s] Level 1:colcon.colcon_core.package_identification:_identify(share/colcon-core/packages) by extension 'cmake'
[0.129s] Level 1:colcon.colcon_core.package_identification:_identify(share/colcon-core/packages) by extension 'python'
[0.129s] Level 1:colcon.colcon_core.package_identification:_identify(share/colcon-core/packages) by extensions ['python_setup_py']
[0.129s] Level 1:colcon.colcon_core.package_identification:_identify(share/colcon-core/packages) by extension 'python_setup_py'
[0.129s] Level 1:colcon.colcon_core.package_identification:_identify(share/subs_pubs) by extensions ['ignore', 'ignore_ament_install']
[0.130s] Level 1:colcon.colcon_core.package_identification:_identify(share/subs_pubs) by extension 'ignore'
[0.130s] Level 1:colcon.colcon_core.package_identification:_identify(share/subs_pubs) by extension 'ignore_ament_install'
[0.130s] Level 1:colcon.colcon_core.package_identification:_identify(share/subs_pubs) by extensions ['colcon_pkg']
[0.130s] Level 1:colcon.colcon_core.package_identification:_identify(share/subs_pubs) by extension 'colcon_pkg'
[0.130s] Level 1:colcon.colcon_core.package_identification:_identify(share/subs_pubs) by extensions ['colcon_meta']
[0.130s] Level 1:colcon.colcon_core.package_identification:_identify(share/subs_pubs) by extension 'colcon_meta'
[0.130s] Level 1:colcon.colcon_core.package_identification:_identify(share/subs_pubs) by extensions ['ros']
[0.130s] Level 1:colcon.colcon_core.package_identification:_identify(share/subs_pubs) by extension 'ros'
[0.130s] Level 1:colcon.colcon_core.package_identification:_identify(share/subs_pubs) by extensions ['cmake', 'python']
[0.130s] Level 1:colcon.colcon_core.package_identification:_identify(share/subs_pubs) by extension 'cmake'
[0.130s] Level 1:colcon.colcon_core.package_identification:_identify(share/subs_pubs) by extension 'python'
[0.130s] Level 1:colcon.colcon_core.package_identification:_identify(share/subs_pubs) by extensions ['python_setup_py']
[0.130s] Level 1:colcon.colcon_core.package_identification:_identify(share/subs_pubs) by extension 'python_setup_py'
[0.130s] Level 1:colcon.colcon_core.package_discovery:discover_packages(recursive) using defaults
[0.130s] Level 1:colcon.colcon_core.package_discovery:discover_packages(ignore) discover
[0.130s] Level 1:colcon.colcon_core.package_discovery:discover_packages(ignore) using defaults
[0.130s] Level 1:colcon.colcon_core.package_discovery:discover_packages(path) discover
[0.130s] Level 1:colcon.colcon_core.package_discovery:discover_packages(path) using defaults
[0.130s] WARNING:colcon.colcon_core.package_selection:ignoring unknown package 'first_interfaces' in --packages-select
[0.152s] INFO:colcon.colcon_core.executor:Executing jobs using 'parallel' executor
[0.153s] DEBUG:colcon.colcon_parallel_executor.executor.parallel:run_until_complete
[0.153s] DEBUG:colcon.colcon_parallel_executor.executor.parallel:closing loop
[0.153s] DEBUG:colcon.colcon_parallel_executor.executor.parallel:loop closed
[0.153s] DEBUG:colcon.colcon_parallel_executor.executor.parallel:run_until_complete finished with '0'
[0.153s] DEBUG:colcon.colcon_core.event_reactor:joining thread
[0.160s] INFO:colcon.colcon_core.plugin_system:Skipping extension 'colcon_notification.desktop_notification.notify_send': Could not find 'notify-send'
[0.160s] INFO:colcon.colcon_core.plugin_system:Skipping extension 'colcon_notification.desktop_notification.terminal_notifier': Not used on non-Darwin systems
[0.160s] INFO:colcon.colcon_core.plugin_system:Skipping extension 'colcon_notification.desktop_notification.win32': Not used on non-Windows systems
[0.160s] INFO:colcon.colcon_notification.desktop_notification:Sending desktop notification using 'notify2'
[0.164s] DEBUG:colcon.colcon_notification.desktop_notification.notify2:Failed to initialize notify2: org.freedesktop.DBus.Error.Spawn.ExecFailed: /usr/bin/dbus-launch terminated abnormally without any error message
[0.164s] DEBUG:colcon.colcon_core.event_reactor:joined thread
[0.167s] INFO:colcon.colcon_core.plugin_system:Skipping extension 'colcon_core.shell.bat': Not used on non-Windows systems
[0.167s] INFO:colcon.colcon_core.shell:Creating prefix script '/home/eilero/ros2_ws/install/subs_pubs/install/local_setup.ps1'
[0.169s] INFO:colcon.colcon_core.shell:Creating prefix util module '/home/eilero/ros2_ws/install/subs_pubs/install/_local_setup_util_ps1.py'
[0.170s] INFO:colcon.colcon_core.shell:Creating prefix chain script '/home/eilero/ros2_ws/install/subs_pubs/install/setup.ps1'
[0.170s] WARNING:colcon.colcon_ros.prefix_path.ament:The path '/home/eilero/ros2_ws/install/pkg1' in the environment variable AMENT_PREFIX_PATH doesn't exist
[0.171s] WARNING:colcon.colcon_ros.prefix_path.ament:The path '/home/eilero/ros2_ws/install/cpp_srvcli' in the environment variable AMENT_PREFIX_PATH doesn't exist
[0.171s] WARNING:colcon.colcon_ros.prefix_path.ament:The path '/home/eilero/ros2_ws/install/cpp_pubsub' in the environment variable AMENT_PREFIX_PATH doesn't exist
[0.171s] WARNING:colcon.colcon_ros.prefix_path.catkin:The path '/home/eilero/ros2_ws/install/pkg1' in the environment variable CMAKE_PREFIX_PATH doesn't exist
[0.171s] WARNING:colcon.colcon_ros.prefix_path.catkin:The path '/home/eilero/ros2_ws/install/cpp_srvcli' in the environment variable CMAKE_PREFIX_PATH doesn't exist
[0.171s] WARNING:colcon.colcon_ros.prefix_path.catkin:The path '/home/eilero/ros2_ws/install/cpp_pubsub' in the environment variable CMAKE_PREFIX_PATH doesn't exist
[0.172s] INFO:colcon.colcon_core.shell:Creating prefix script '/home/eilero/ros2_ws/install/subs_pubs/install/local_setup.sh'
[0.172s] INFO:colcon.colcon_core.shell:Creating prefix util module '/home/eilero/ros2_ws/install/subs_pubs/install/_local_setup_util_sh.py'
[0.172s] INFO:colcon.colcon_core.shell:Creating prefix chain script '/home/eilero/ros2_ws/install/subs_pubs/install/setup.sh'
[0.173s] INFO:colcon.colcon_core.shell:Creating prefix script '/home/eilero/ros2_ws/install/subs_pubs/install/local_setup.bash'
[0.173s] INFO:colcon.colcon_core.shell:Creating prefix chain script '/home/eilero/ros2_ws/install/subs_pubs/install/setup.bash'
[0.174s] INFO:colcon.colcon_core.shell:Creating prefix script '/home/eilero/ros2_ws/install/subs_pubs/install/local_setup.zsh'
[0.175s] INFO:colcon.colcon_core.shell:Creating prefix chain script '/home/eilero/ros2_ws/install/subs_pubs/install/setup.zsh'
