[0.015s] Invoking command in '/home/eilero/ros2_ws/src/first_interfaces/build/first_interfaces': CMAKE_PREFIX_PATH=${CMAKE_PREFIX_PATH}:/opt/ros/jazzy /usr/bin/cmake /home/eilero/ros2_ws/src/first_interfaces -DCMAKE_INSTALL_PREFIX=/home/eilero/ros2_ws/src/first_interfaces/install/first_interfaces
[0.077s] -- The C compiler identification is GNU 13.3.0
[0.137s] -- The CXX compiler identification is GNU 13.3.0
[0.155s] -- Detecting C compiler ABI info
[0.261s] -- Detecting C compiler ABI info - done
[0.267s] -- Check for working C compiler: /usr/bin/cc - skipped
[0.267s] -- Detecting C compile features
[0.268s] -- Detecting C compile features - done
[0.278s] -- Detecting CXX compiler ABI info
[0.389s] -- Detecting CXX compiler ABI info - done
[0.396s] -- Check for working CXX compiler: /usr/bin/c++ - skipped
[0.396s] -- Detecting CXX compile features
[0.396s] -- Detecting CXX compile features - done
[0.399s] -- Found ament_cmake: 2.5.4 (/opt/ros/jazzy/share/ament_cmake/cmake)
[0.525s] -- Found Python3: /usr/bin/python3 (found version "3.12.3") found components: Interpreter 
[0.634s] -- Found rosidl_default_generators: 1.6.0 (/opt/ros/jazzy/share/rosidl_default_generators/cmake)
[0.638s] -- Using all available rosidl_typesupport_c: rosidl_typesupport_fastrtps_c;rosidl_typesupport_introspection_c
[0.681s] -- Using all available rosidl_typesupport_cpp: rosidl_typesupport_fastrtps_cpp;rosidl_typesupport_introspection_cpp
[0.722s] -- Found rosidl_adapter: 4.6.6 (/opt/ros/jazzy/share/rosidl_adapter/cmake)
[0.724s] -- Found geometry_msgs: 5.3.6 (/opt/ros/jazzy/share/geometry_msgs/cmake)
[1.278s] -- Found ament_cmake_ros: 0.12.0 (/opt/ros/jazzy/share/ament_cmake_ros/cmake)
[1.678s] -- Using all available rosidl_typesupport_c: rosidl_typesupport_fastrtps_c;rosidl_typesupport_introspection_c
[2.190s] -- Using all available rosidl_typesupport_cpp: rosidl_typesupport_fastrtps_cpp;rosidl_typesupport_introspection_cpp
[2.192s] -- Found python_cmake_module: 0.11.1 (/opt/ros/jazzy/share/python_cmake_module/cmake)
[2.301s] -- Found PythonExtra: /usr/bin/python3  
[2.668s] -- Found Python3: /usr/bin/python3 (found version "3.12.3") found components: Interpreter Development NumPy Development.Module Development.Embed 
[2.714s] -- Found ament_lint_auto: 0.17.3 (/opt/ros/jazzy/share/ament_lint_auto/cmake)
[2.741s] -- Added test 'cppcheck' to perform static code analysis on C / C++ code
[2.741s] -- Configured cppcheck include dirs: $<BUILD_INTERFACE:/home/eilero/ros2_ws/src/first_interfaces/build/first_interfaces/rosidl_generator_c>;$<BUILD_INTERFACE:/home/eilero/ros2_ws/src/first_interfaces/build/first_interfaces/rosidl_typesupport_fastrtps_c>;$<BUILD_INTERFACE:/home/eilero/ros2_ws/src/first_interfaces/build/first_interfaces/rosidl_typesupport_introspection_c>;$<BUILD_INTERFACE:/home/eilero/ros2_ws/src/first_interfaces/build/first_interfaces/rosidl_generator_cpp>;$<BUILD_INTERFACE:/home/eilero/ros2_ws/src/first_interfaces/build/first_interfaces/rosidl_typesupport_fastrtps_cpp>;$<BUILD_INTERFACE:/home/eilero/ros2_ws/src/first_interfaces/build/first_interfaces/rosidl_typesupport_introspection_cpp>;/home/eilero/ros2_ws/src/first_interfaces/build/first_interfaces/rosidl_generator_c;/home/eilero/ros2_ws/src/first_interfaces/build/first_interfaces/rosidl_generator_py
[2.741s] -- Configured cppcheck exclude dirs and/or files: 
[2.743s] -- Added test 'flake8' to check Python code syntax and style conventions
[2.743s] -- Configured 'flake8' exclude dirs and/or files: 
[2.745s] -- Added test 'lint_cmake' to check CMake code style
[2.746s] -- Added test 'pep257' to check Python code against some of the docstring style conventions in PEP 257
[2.755s] -- Added test 'uncrustify' to check C / C++ code style
[2.755s] -- Configured uncrustify additional arguments: 
[2.757s] -- Added test 'xmllint' to check XML markup files
[2.759s] -- Configuring done (2.7s)
[2.796s] -- Generating done (0.0s)
[2.806s] -- Build files have been written to: /home/eilero/ros2_ws/src/first_interfaces/build/first_interfaces
[2.818s] Invoked command in '/home/eilero/ros2_ws/src/first_interfaces/build/first_interfaces' returned '0': CMAKE_PREFIX_PATH=${CMAKE_PREFIX_PATH}:/opt/ros/jazzy /usr/bin/cmake /home/eilero/ros2_ws/src/first_interfaces -DCMAKE_INSTALL_PREFIX=/home/eilero/ros2_ws/src/first_interfaces/install/first_interfaces
[2.819s] Invoking command in '/home/eilero/ros2_ws/src/first_interfaces/build/first_interfaces': CMAKE_PREFIX_PATH=${CMAKE_PREFIX_PATH}:/opt/ros/jazzy /usr/bin/cmake --build /home/eilero/ros2_ws/src/first_interfaces/build/first_interfaces -- -j16 -l16
[2.874s] [  1%] [34m[1mGenerating type hashes for ROS interfaces[0m
[2.884s] [  1%] Built target ament_cmake_python_copy_first_interfaces
[3.025s] [  1%] Built target first_interfaces__rosidl_generator_type_description
[3.030s] running egg_info
[3.031s] creating first_interfaces.egg-info
[3.036s] [  3%] [34m[1mGenerating C code for ROS interfaces[0m
[3.042s] writing first_interfaces.egg-info/PKG-INFO
[3.042s] writing dependency_links to first_interfaces.egg-info/dependency_links.txt
[3.042s] writing top-level names to first_interfaces.egg-info/top_level.txt
[3.043s] writing manifest file 'first_interfaces.egg-info/SOURCES.txt'
[3.048s] [  5%] [34m[1mGenerating C++ code for ROS interfaces[0m
[3.073s] reading manifest file 'first_interfaces.egg-info/SOURCES.txt'
[3.074s] writing manifest file 'first_interfaces.egg-info/SOURCES.txt'
[3.100s] [  5%] Built target ament_cmake_python_build_first_interfaces_egg
[3.289s] [  5%] Built target first_interfaces__cpp
[3.336s] [ 14%] [32mBuilding C object CMakeFiles/first_interfaces__rosidl_generator_c.dir/rosidl_generator_c/first_interfaces/msg/detail/num__functions.c.o[0m
[3.336s] [ 14%] [32mBuilding C object CMakeFiles/first_interfaces__rosidl_generator_c.dir/rosidl_generator_c/first_interfaces/msg/detail/sphere__description.c.o[0m
[3.336s] [ 14%] [32mBuilding C object CMakeFiles/first_interfaces__rosidl_generator_c.dir/rosidl_generator_c/first_interfaces/msg/detail/sphere__type_support.c.o[0m
[3.337s] [ 14%] [32mBuilding C object CMakeFiles/first_interfaces__rosidl_generator_c.dir/rosidl_generator_c/first_interfaces/msg/detail/num__description.c.o[0m
[3.337s] [ 14%] [32mBuilding C object CMakeFiles/first_interfaces__rosidl_generator_c.dir/rosidl_generator_c/first_interfaces/srv/detail/add_three_ints__description.c.o[0m
[3.337s] [ 16%] [32mBuilding C object CMakeFiles/first_interfaces__rosidl_generator_c.dir/rosidl_generator_c/first_interfaces/srv/detail/add_three_ints__functions.c.o[0m
[3.337s] [ 18%] [32mBuilding C object CMakeFiles/first_interfaces__rosidl_generator_c.dir/rosidl_generator_c/first_interfaces/msg/detail/num__type_support.c.o[0m
[3.337s] [ 20%] [32mBuilding C object CMakeFiles/first_interfaces__rosidl_generator_c.dir/rosidl_generator_c/first_interfaces/srv/detail/add_three_ints__type_support.c.o[0m
[3.338s] [ 22%] [32mBuilding C object CMakeFiles/first_interfaces__rosidl_generator_c.dir/rosidl_generator_c/first_interfaces/msg/detail/sphere__functions.c.o[0m
[3.402s] [ 24%] [32m[1mLinking C shared library libfirst_interfaces__rosidl_generator_c.so[0m
[3.443s] [ 24%] Built target first_interfaces__rosidl_generator_c
[3.453s] [ 33%] [34m[1mGenerating C++ introspection for ROS interfaces[0m
[3.453s] [ 33%] [34m[1mGenerating C introspection for ROS interfaces[0m
[3.453s] [ 33%] [34m[1mGenerating C++ type support dispatch for ROS interfaces[0m
[3.453s] [ 33%] [34m[1mGenerating C type support dispatch for ROS interfaces[0m
[3.453s] [ 33%] [34m[1mGenerating C type support for eProsima Fast-RTPS[0m
[3.453s] [ 35%] [34m[1mGenerating C++ type support for eProsima Fast-RTPS[0m
[3.676s] [ 40%] [32mBuilding CXX object CMakeFiles/first_interfaces__rosidl_typesupport_cpp.dir/rosidl_typesupport_cpp/first_interfaces/srv/add_three_ints__type_support.cpp.o[0m
[3.676s] [ 40%] [32mBuilding CXX object CMakeFiles/first_interfaces__rosidl_typesupport_c.dir/rosidl_typesupport_c/first_interfaces/msg/num__type_support.cpp.o[0m
[3.677s] [ 40%] [32mBuilding CXX object CMakeFiles/first_interfaces__rosidl_typesupport_cpp.dir/rosidl_typesupport_cpp/first_interfaces/msg/num__type_support.cpp.o[0m
[3.677s] [ 42%] [32mBuilding CXX object CMakeFiles/first_interfaces__rosidl_typesupport_cpp.dir/rosidl_typesupport_cpp/first_interfaces/msg/sphere__type_support.cpp.o[0m
[3.678s] [ 44%] [32mBuilding CXX object CMakeFiles/first_interfaces__rosidl_typesupport_c.dir/rosidl_typesupport_c/first_interfaces/msg/sphere__type_support.cpp.o[0m
[3.678s] [ 46%] [32mBuilding CXX object CMakeFiles/first_interfaces__rosidl_typesupport_c.dir/rosidl_typesupport_c/first_interfaces/srv/add_three_ints__type_support.cpp.o[0m
[3.720s] [ 51%] [32mBuilding CXX object CMakeFiles/first_interfaces__rosidl_typesupport_introspection_cpp.dir/rosidl_typesupport_introspection_cpp/first_interfaces/srv/detail/add_three_ints__type_support.cpp.o[0m
[3.720s] [ 51%] [32mBuilding CXX object CMakeFiles/first_interfaces__rosidl_typesupport_introspection_cpp.dir/rosidl_typesupport_introspection_cpp/first_interfaces/msg/detail/sphere__type_support.cpp.o[0m
[3.720s] [ 51%] [32mBuilding CXX object CMakeFiles/first_interfaces__rosidl_typesupport_introspection_cpp.dir/rosidl_typesupport_introspection_cpp/first_interfaces/msg/detail/num__type_support.cpp.o[0m
[3.732s] [ 57%] [32mBuilding C object CMakeFiles/first_interfaces__rosidl_typesupport_introspection_c.dir/rosidl_typesupport_introspection_c/first_interfaces/msg/detail/sphere__type_support.c.o[0m
[3.732s] [ 57%] [32mBuilding C object CMakeFiles/first_interfaces__rosidl_typesupport_introspection_c.dir/rosidl_typesupport_introspection_c/first_interfaces/srv/detail/add_three_ints__type_support.c.o[0m
[3.732s] [ 57%] [32mBuilding C object CMakeFiles/first_interfaces__rosidl_typesupport_introspection_c.dir/rosidl_typesupport_introspection_c/first_interfaces/msg/detail/num__type_support.c.o[0m
[3.748s] [ 59%] [32m[1mLinking CXX shared library libfirst_interfaces__rosidl_typesupport_c.so[0m
[3.795s] [ 64%] [32mBuilding CXX object CMakeFiles/first_interfaces__rosidl_typesupport_fastrtps_cpp.dir/rosidl_typesupport_fastrtps_cpp/first_interfaces/msg/detail/dds_fastrtps/sphere__type_support.cpp.o[0m
[3.795s] [ 64%] [32mBuilding CXX object CMakeFiles/first_interfaces__rosidl_typesupport_fastrtps_cpp.dir/rosidl_typesupport_fastrtps_cpp/first_interfaces/srv/detail/dds_fastrtps/add_three_ints__type_support.cpp.o[0m
[3.796s] [ 64%] [32mBuilding CXX object CMakeFiles/first_interfaces__rosidl_typesupport_fastrtps_cpp.dir/rosidl_typesupport_fastrtps_cpp/first_interfaces/msg/detail/dds_fastrtps/num__type_support.cpp.o[0m
[3.805s] [ 66%] [32m[1mLinking C shared library libfirst_interfaces__rosidl_typesupport_introspection_c.so[0m
[3.817s] [ 66%] Built target first_interfaces__rosidl_typesupport_c
[3.829s] [ 72%] [32mBuilding CXX object CMakeFiles/first_interfaces__rosidl_typesupport_fastrtps_c.dir/rosidl_typesupport_fastrtps_c/first_interfaces/msg/detail/sphere__type_support_c.cpp.o[0m
[3.829s] [ 72%] [32mBuilding CXX object CMakeFiles/first_interfaces__rosidl_typesupport_fastrtps_c.dir/rosidl_typesupport_fastrtps_c/first_interfaces/srv/detail/add_three_ints__type_support_c.cpp.o[0m
[3.829s] [ 72%] [32mBuilding CXX object CMakeFiles/first_interfaces__rosidl_typesupport_fastrtps_c.dir/rosidl_typesupport_fastrtps_c/first_interfaces/msg/detail/num__type_support_c.cpp.o[0m
[3.860s] [ 72%] Built target first_interfaces__rosidl_typesupport_introspection_c
[4.114s] [ 74%] [32m[1mLinking CXX shared library libfirst_interfaces__rosidl_typesupport_cpp.so[0m
[4.169s] [ 75%] [32m[1mLinking CXX shared library libfirst_interfaces__rosidl_typesupport_introspection_cpp.so[0m
[4.217s] [ 75%] Built target first_interfaces__rosidl_typesupport_cpp
[4.268s] [ 75%] Built target first_interfaces__rosidl_typesupport_introspection_cpp
[4.377s] [ 77%] [32m[1mLinking CXX shared library libfirst_interfaces__rosidl_typesupport_fastrtps_c.so[0m
[4.428s] [ 77%] Built target first_interfaces__rosidl_typesupport_fastrtps_c
[4.456s] [ 79%] [32m[1mLinking CXX shared library libfirst_interfaces__rosidl_typesupport_fastrtps_cpp.so[0m
[4.528s] [ 79%] Built target first_interfaces__rosidl_typesupport_fastrtps_cpp
[4.549s] [ 79%] Built target first_interfaces
[4.570s] [ 81%] [34m[1mGenerating Python code for ROS interfaces[0m
[4.884s] [ 81%] Built target first_interfaces__py
[4.904s] [ 87%] [32mBuilding C object CMakeFiles/first_interfaces__rosidl_generator_py.dir/rosidl_generator_py/first_interfaces/msg/_sphere_s.c.o[0m
[4.904s] [ 87%] [32mBuilding C object CMakeFiles/first_interfaces__rosidl_generator_py.dir/rosidl_generator_py/first_interfaces/msg/_num_s.c.o[0m
[4.904s] [ 87%] [32mBuilding C object CMakeFiles/first_interfaces__rosidl_generator_py.dir/rosidl_generator_py/first_interfaces/srv/_add_three_ints_s.c.o[0m
[5.026s] [ 88%] [32m[1mLinking C shared library libfirst_interfaces__rosidl_generator_py.so[0m
[5.071s] [ 88%] Built target first_interfaces__rosidl_generator_py
[5.091s] [ 94%] [32mBuilding C object CMakeFiles/first_interfaces_s__rosidl_typesupport_fastrtps_c.dir/rosidl_generator_py/first_interfaces/_first_interfaces_s.ep.rosidl_typesupport_fastrtps_c.c.o[0m
[5.091s] [ 94%] [32mBuilding C object CMakeFiles/first_interfaces_s__rosidl_typesupport_c.dir/rosidl_generator_py/first_interfaces/_first_interfaces_s.ep.rosidl_typesupport_c.c.o[0m
[5.091s] [ 94%] [32mBuilding C object CMakeFiles/first_interfaces_s__rosidl_typesupport_introspection_c.dir/rosidl_generator_py/first_interfaces/_first_interfaces_s.ep.rosidl_typesupport_introspection_c.c.o[0m
[5.186s] [ 96%] [32m[1mLinking C shared module rosidl_generator_py/first_interfaces/first_interfaces_s__rosidl_typesupport_c.so[0m
[5.186s] [ 98%] [32m[1mLinking C shared module rosidl_generator_py/first_interfaces/first_interfaces_s__rosidl_typesupport_introspection_c.so[0m
[5.189s] [100%] [32m[1mLinking C shared module rosidl_generator_py/first_interfaces/first_interfaces_s__rosidl_typesupport_fastrtps_c.so[0m
[5.218s] [100%] Built target first_interfaces_s__rosidl_typesupport_c
[5.218s] [100%] Built target first_interfaces_s__rosidl_typesupport_introspection_c
[5.223s] [100%] Built target first_interfaces_s__rosidl_typesupport_fastrtps_c
[5.237s] Invoked command in '/home/eilero/ros2_ws/src/first_interfaces/build/first_interfaces' returned '0': CMAKE_PREFIX_PATH=${CMAKE_PREFIX_PATH}:/opt/ros/jazzy /usr/bin/cmake --build /home/eilero/ros2_ws/src/first_interfaces/build/first_interfaces -- -j16 -l16
[5.248s] Invoking command in '/home/eilero/ros2_ws/src/first_interfaces/build/first_interfaces': CMAKE_PREFIX_PATH=${CMAKE_PREFIX_PATH}:/opt/ros/jazzy /usr/bin/cmake --install /home/eilero/ros2_ws/src/first_interfaces/build/first_interfaces
[5.255s] -- Install configuration: ""
[5.255s] -- Installing: /home/eilero/ros2_ws/src/first_interfaces/install/first_interfaces/share/ament_index/resource_index/rosidl_interfaces/first_interfaces
[5.255s] -- Installing: /home/eilero/ros2_ws/src/first_interfaces/install/first_interfaces/share/first_interfaces/msg/Num.json
[5.256s] -- Installing: /home/eilero/ros2_ws/src/first_interfaces/install/first_interfaces/share/first_interfaces/msg/Sphere.json
[5.256s] -- Installing: /home/eilero/ros2_ws/src/first_interfaces/install/first_interfaces/share/first_interfaces/srv/AddThreeInts.json
[5.256s] -- Installing: /home/eilero/ros2_ws/src/first_interfaces/install/first_interfaces/include/first_interfaces/first_interfaces
[5.256s] -- Installing: /home/eilero/ros2_ws/src/first_interfaces/install/first_interfaces/include/first_interfaces/first_interfaces/srv
[5.256s] -- Installing: /home/eilero/ros2_ws/src/first_interfaces/install/first_interfaces/include/first_interfaces/first_interfaces/srv/add_three_ints.h
[5.256s] -- Installing: /home/eilero/ros2_ws/src/first_interfaces/install/first_interfaces/include/first_interfaces/first_interfaces/srv/detail
[5.256s] -- Installing: /home/eilero/ros2_ws/src/first_interfaces/install/first_interfaces/include/first_interfaces/first_interfaces/srv/detail/add_three_ints__type_support.c
[5.256s] -- Installing: /home/eilero/ros2_ws/src/first_interfaces/install/first_interfaces/include/first_interfaces/first_interfaces/srv/detail/add_three_ints__description.c
[5.257s] -- Installing: /home/eilero/ros2_ws/src/first_interfaces/install/first_interfaces/include/first_interfaces/first_interfaces/srv/detail/add_three_ints__functions.h
[5.257s] -- Installing: /home/eilero/ros2_ws/src/first_interfaces/install/first_interfaces/include/first_interfaces/first_interfaces/srv/detail/add_three_ints__struct.h
[5.257s] -- Installing: /home/eilero/ros2_ws/src/first_interfaces/install/first_interfaces/include/first_interfaces/first_interfaces/srv/detail/add_three_ints__functions.c
[5.257s] -- Installing: /home/eilero/ros2_ws/src/first_interfaces/install/first_interfaces/include/first_interfaces/first_interfaces/srv/detail/add_three_ints__type_support.h
[5.257s] -- Installing: /home/eilero/ros2_ws/src/first_interfaces/install/first_interfaces/include/first_interfaces/first_interfaces/msg
[5.257s] -- Installing: /home/eilero/ros2_ws/src/first_interfaces/install/first_interfaces/include/first_interfaces/first_interfaces/msg/sphere.h
[5.257s] -- Installing: /home/eilero/ros2_ws/src/first_interfaces/install/first_interfaces/include/first_interfaces/first_interfaces/msg/num.h
[5.257s] -- Installing: /home/eilero/ros2_ws/src/first_interfaces/install/first_interfaces/include/first_interfaces/first_interfaces/msg/detail
[5.257s] -- Installing: /home/eilero/ros2_ws/src/first_interfaces/install/first_interfaces/include/first_interfaces/first_interfaces/msg/detail/sphere__functions.c
[5.257s] -- Installing: /home/eilero/ros2_ws/src/first_interfaces/install/first_interfaces/include/first_interfaces/first_interfaces/msg/detail/sphere__functions.h
[5.257s] -- Installing: /home/eilero/ros2_ws/src/first_interfaces/install/first_interfaces/include/first_interfaces/first_interfaces/msg/detail/sphere__type_support.c
[5.257s] -- Installing: /home/eilero/ros2_ws/src/first_interfaces/install/first_interfaces/include/first_interfaces/first_interfaces/msg/detail/num__functions.h
[5.257s] -- Installing: /home/eilero/ros2_ws/src/first_interfaces/install/first_interfaces/include/first_interfaces/first_interfaces/msg/detail/num__type_support.h
[5.258s] -- Installing: /home/eilero/ros2_ws/src/first_interfaces/install/first_interfaces/include/first_interfaces/first_interfaces/msg/detail/sphere__struct.h
[5.258s] -- Installing: /home/eilero/ros2_ws/src/first_interfaces/install/first_interfaces/include/first_interfaces/first_interfaces/msg/detail/num__struct.h
[5.258s] -- Installing: /home/eilero/ros2_ws/src/first_interfaces/install/first_interfaces/include/first_interfaces/first_interfaces/msg/detail/num__functions.c
[5.258s] -- Installing: /home/eilero/ros2_ws/src/first_interfaces/install/first_interfaces/include/first_interfaces/first_interfaces/msg/detail/sphere__type_support.h
[5.258s] -- Installing: /home/eilero/ros2_ws/src/first_interfaces/install/first_interfaces/include/first_interfaces/first_interfaces/msg/detail/num__type_support.c
[5.258s] -- Installing: /home/eilero/ros2_ws/src/first_interfaces/install/first_interfaces/include/first_interfaces/first_interfaces/msg/detail/num__description.c
[5.258s] -- Installing: /home/eilero/ros2_ws/src/first_interfaces/install/first_interfaces/include/first_interfaces/first_interfaces/msg/detail/sphere__description.c
[5.258s] -- Installing: /home/eilero/ros2_ws/src/first_interfaces/install/first_interfaces/include/first_interfaces/first_interfaces/msg/rosidl_generator_c__visibility_control.h
[5.259s] -- Installing: /home/eilero/ros2_ws/src/first_interfaces/install/first_interfaces/share/first_interfaces/environment/library_path.sh
[5.259s] -- Installing: /home/eilero/ros2_ws/src/first_interfaces/install/first_interfaces/share/first_interfaces/environment/library_path.dsv
[5.259s] -- Installing: /home/eilero/ros2_ws/src/first_interfaces/install/first_interfaces/lib/libfirst_interfaces__rosidl_generator_c.so
[5.259s] -- Set non-toolchain portion of runtime path of "/home/eilero/ros2_ws/src/first_interfaces/install/first_interfaces/lib/libfirst_interfaces__rosidl_generator_c.so" to ""
[5.259s] -- Up-to-date: /home/eilero/ros2_ws/src/first_interfaces/install/first_interfaces/include/first_interfaces/first_interfaces
[5.259s] -- Up-to-date: /home/eilero/ros2_ws/src/first_interfaces/install/first_interfaces/include/first_interfaces/first_interfaces/srv
[5.259s] -- Up-to-date: /home/eilero/ros2_ws/src/first_interfaces/install/first_interfaces/include/first_interfaces/first_interfaces/srv/detail
[5.260s] -- Installing: /home/eilero/ros2_ws/src/first_interfaces/install/first_interfaces/include/first_interfaces/first_interfaces/srv/detail/add_three_ints__rosidl_typesupport_fastrtps_c.h
[5.260s] -- Up-to-date: /home/eilero/ros2_ws/src/first_interfaces/install/first_interfaces/include/first_interfaces/first_interfaces/msg
[5.260s] -- Installing: /home/eilero/ros2_ws/src/first_interfaces/install/first_interfaces/include/first_interfaces/first_interfaces/msg/rosidl_typesupport_fastrtps_c__visibility_control.h
[5.260s] -- Up-to-date: /home/eilero/ros2_ws/src/first_interfaces/install/first_interfaces/include/first_interfaces/first_interfaces/msg/detail
[5.260s] -- Installing: /home/eilero/ros2_ws/src/first_interfaces/install/first_interfaces/include/first_interfaces/first_interfaces/msg/detail/sphere__rosidl_typesupport_fastrtps_c.h
[5.260s] -- Installing: /home/eilero/ros2_ws/src/first_interfaces/install/first_interfaces/include/first_interfaces/first_interfaces/msg/detail/num__rosidl_typesupport_fastrtps_c.h
[5.260s] -- Installing: /home/eilero/ros2_ws/src/first_interfaces/install/first_interfaces/lib/libfirst_interfaces__rosidl_typesupport_fastrtps_c.so
[5.260s] -- Set non-toolchain portion of runtime path of "/home/eilero/ros2_ws/src/first_interfaces/install/first_interfaces/lib/libfirst_interfaces__rosidl_typesupport_fastrtps_c.so" to ""
[5.261s] -- Up-to-date: /home/eilero/ros2_ws/src/first_interfaces/install/first_interfaces/include/first_interfaces/first_interfaces
[5.261s] -- Up-to-date: /home/eilero/ros2_ws/src/first_interfaces/install/first_interfaces/include/first_interfaces/first_interfaces/srv
[5.261s] -- Up-to-date: /home/eilero/ros2_ws/src/first_interfaces/install/first_interfaces/include/first_interfaces/first_interfaces/srv/detail
[5.261s] -- Up-to-date: /home/eilero/ros2_ws/src/first_interfaces/install/first_interfaces/include/first_interfaces/first_interfaces/srv/detail/add_three_ints__type_support.c
[5.261s] -- Installing: /home/eilero/ros2_ws/src/first_interfaces/install/first_interfaces/include/first_interfaces/first_interfaces/srv/detail/add_three_ints__rosidl_typesupport_introspection_c.h
[5.261s] -- Up-to-date: /home/eilero/ros2_ws/src/first_interfaces/install/first_interfaces/include/first_interfaces/first_interfaces/msg
[5.261s] -- Installing: /home/eilero/ros2_ws/src/first_interfaces/install/first_interfaces/include/first_interfaces/first_interfaces/msg/rosidl_typesupport_introspection_c__visibility_control.h
[5.261s] -- Up-to-date: /home/eilero/ros2_ws/src/first_interfaces/install/first_interfaces/include/first_interfaces/first_interfaces/msg/detail
[5.261s] -- Up-to-date: /home/eilero/ros2_ws/src/first_interfaces/install/first_interfaces/include/first_interfaces/first_interfaces/msg/detail/sphere__type_support.c
[5.261s] -- Installing: /home/eilero/ros2_ws/src/first_interfaces/install/first_interfaces/include/first_interfaces/first_interfaces/msg/detail/num__rosidl_typesupport_introspection_c.h
[5.261s] -- Up-to-date: /home/eilero/ros2_ws/src/first_interfaces/install/first_interfaces/include/first_interfaces/first_interfaces/msg/detail/num__type_support.c
[5.261s] -- Installing: /home/eilero/ros2_ws/src/first_interfaces/install/first_interfaces/include/first_interfaces/first_interfaces/msg/detail/sphere__rosidl_typesupport_introspection_c.h
[5.262s] -- Installing: /home/eilero/ros2_ws/src/first_interfaces/install/first_interfaces/lib/libfirst_interfaces__rosidl_typesupport_introspection_c.so
[5.262s] -- Set non-toolchain portion of runtime path of "/home/eilero/ros2_ws/src/first_interfaces/install/first_interfaces/lib/libfirst_interfaces__rosidl_typesupport_introspection_c.so" to ""
[5.262s] -- Installing: /home/eilero/ros2_ws/src/first_interfaces/install/first_interfaces/lib/libfirst_interfaces__rosidl_typesupport_c.so
[5.262s] -- Set non-toolchain portion of runtime path of "/home/eilero/ros2_ws/src/first_interfaces/install/first_interfaces/lib/libfirst_interfaces__rosidl_typesupport_c.so" to ""
[5.262s] -- Up-to-date: /home/eilero/ros2_ws/src/first_interfaces/install/first_interfaces/include/first_interfaces/first_interfaces
[5.262s] -- Up-to-date: /home/eilero/ros2_ws/src/first_interfaces/install/first_interfaces/include/first_interfaces/first_interfaces/srv
[5.262s] -- Installing: /home/eilero/ros2_ws/src/first_interfaces/install/first_interfaces/include/first_interfaces/first_interfaces/srv/add_three_ints.hpp
[5.262s] -- Up-to-date: /home/eilero/ros2_ws/src/first_interfaces/install/first_interfaces/include/first_interfaces/first_interfaces/srv/detail
[5.262s] -- Installing: /home/eilero/ros2_ws/src/first_interfaces/install/first_interfaces/include/first_interfaces/first_interfaces/srv/detail/add_three_ints__type_support.hpp
[5.262s] -- Installing: /home/eilero/ros2_ws/src/first_interfaces/install/first_interfaces/include/first_interfaces/first_interfaces/srv/detail/add_three_ints__builder.hpp
[5.262s] -- Installing: /home/eilero/ros2_ws/src/first_interfaces/install/first_interfaces/include/first_interfaces/first_interfaces/srv/detail/add_three_ints__traits.hpp
[5.262s] -- Installing: /home/eilero/ros2_ws/src/first_interfaces/install/first_interfaces/include/first_interfaces/first_interfaces/srv/detail/add_three_ints__struct.hpp
[5.262s] -- Up-to-date: /home/eilero/ros2_ws/src/first_interfaces/install/first_interfaces/include/first_interfaces/first_interfaces/msg
[5.263s] -- Installing: /home/eilero/ros2_ws/src/first_interfaces/install/first_interfaces/include/first_interfaces/first_interfaces/msg/rosidl_generator_cpp__visibility_control.hpp
[5.263s] -- Installing: /home/eilero/ros2_ws/src/first_interfaces/install/first_interfaces/include/first_interfaces/first_interfaces/msg/sphere.hpp
[5.263s] -- Installing: /home/eilero/ros2_ws/src/first_interfaces/install/first_interfaces/include/first_interfaces/first_interfaces/msg/num.hpp
[5.263s] -- Up-to-date: /home/eilero/ros2_ws/src/first_interfaces/install/first_interfaces/include/first_interfaces/first_interfaces/msg/detail
[5.263s] -- Installing: /home/eilero/ros2_ws/src/first_interfaces/install/first_interfaces/include/first_interfaces/first_interfaces/msg/detail/sphere__traits.hpp
[5.263s] -- Installing: /home/eilero/ros2_ws/src/first_interfaces/install/first_interfaces/include/first_interfaces/first_interfaces/msg/detail/sphere__type_support.hpp
[5.263s] -- Installing: /home/eilero/ros2_ws/src/first_interfaces/install/first_interfaces/include/first_interfaces/first_interfaces/msg/detail/sphere__builder.hpp
[5.263s] -- Installing: /home/eilero/ros2_ws/src/first_interfaces/install/first_interfaces/include/first_interfaces/first_interfaces/msg/detail/num__builder.hpp
[5.263s] -- Installing: /home/eilero/ros2_ws/src/first_interfaces/install/first_interfaces/include/first_interfaces/first_interfaces/msg/detail/num__traits.hpp
[5.263s] -- Installing: /home/eilero/ros2_ws/src/first_interfaces/install/first_interfaces/include/first_interfaces/first_interfaces/msg/detail/num__type_support.hpp
[5.263s] -- Installing: /home/eilero/ros2_ws/src/first_interfaces/install/first_interfaces/include/first_interfaces/first_interfaces/msg/detail/num__struct.hpp
[5.264s] -- Installing: /home/eilero/ros2_ws/src/first_interfaces/install/first_interfaces/include/first_interfaces/first_interfaces/msg/detail/sphere__struct.hpp
[5.264s] -- Up-to-date: /home/eilero/ros2_ws/src/first_interfaces/install/first_interfaces/include/first_interfaces/first_interfaces
[5.264s] -- Up-to-date: /home/eilero/ros2_ws/src/first_interfaces/install/first_interfaces/include/first_interfaces/first_interfaces/srv
[5.264s] -- Up-to-date: /home/eilero/ros2_ws/src/first_interfaces/install/first_interfaces/include/first_interfaces/first_interfaces/srv/detail
[5.264s] -- Installing: /home/eilero/ros2_ws/src/first_interfaces/install/first_interfaces/include/first_interfaces/first_interfaces/srv/detail/add_three_ints__rosidl_typesupport_fastrtps_cpp.hpp
[5.264s] -- Installing: /home/eilero/ros2_ws/src/first_interfaces/install/first_interfaces/include/first_interfaces/first_interfaces/srv/detail/dds_fastrtps
[5.264s] -- Up-to-date: /home/eilero/ros2_ws/src/first_interfaces/install/first_interfaces/include/first_interfaces/first_interfaces/msg
[5.264s] -- Installing: /home/eilero/ros2_ws/src/first_interfaces/install/first_interfaces/include/first_interfaces/first_interfaces/msg/rosidl_typesupport_fastrtps_cpp__visibility_control.h
[5.264s] -- Up-to-date: /home/eilero/ros2_ws/src/first_interfaces/install/first_interfaces/include/first_interfaces/first_interfaces/msg/detail
[5.264s] -- Installing: /home/eilero/ros2_ws/src/first_interfaces/install/first_interfaces/include/first_interfaces/first_interfaces/msg/detail/num__rosidl_typesupport_fastrtps_cpp.hpp
[5.264s] -- Installing: /home/eilero/ros2_ws/src/first_interfaces/install/first_interfaces/include/first_interfaces/first_interfaces/msg/detail/sphere__rosidl_typesupport_fastrtps_cpp.hpp
[5.265s] -- Installing: /home/eilero/ros2_ws/src/first_interfaces/install/first_interfaces/include/first_interfaces/first_interfaces/msg/detail/dds_fastrtps
[5.265s] -- Installing: /home/eilero/ros2_ws/src/first_interfaces/install/first_interfaces/lib/libfirst_interfaces__rosidl_typesupport_fastrtps_cpp.so
[5.265s] -- Set non-toolchain portion of runtime path of "/home/eilero/ros2_ws/src/first_interfaces/install/first_interfaces/lib/libfirst_interfaces__rosidl_typesupport_fastrtps_cpp.so" to ""
[5.265s] -- Up-to-date: /home/eilero/ros2_ws/src/first_interfaces/install/first_interfaces/include/first_interfaces/first_interfaces
[5.265s] -- Up-to-date: /home/eilero/ros2_ws/src/first_interfaces/install/first_interfaces/include/first_interfaces/first_interfaces/srv
[5.265s] -- Up-to-date: /home/eilero/ros2_ws/src/first_interfaces/install/first_interfaces/include/first_interfaces/first_interfaces/srv/detail
[5.265s] -- Installing: /home/eilero/ros2_ws/src/first_interfaces/install/first_interfaces/include/first_interfaces/first_interfaces/srv/detail/add_three_ints__type_support.cpp
[5.265s] -- Installing: /home/eilero/ros2_ws/src/first_interfaces/install/first_interfaces/include/first_interfaces/first_interfaces/srv/detail/add_three_ints__rosidl_typesupport_introspection_cpp.hpp
[5.265s] -- Up-to-date: /home/eilero/ros2_ws/src/first_interfaces/install/first_interfaces/include/first_interfaces/first_interfaces/msg
[5.265s] -- Up-to-date: /home/eilero/ros2_ws/src/first_interfaces/install/first_interfaces/include/first_interfaces/first_interfaces/msg/detail
[5.266s] -- Installing: /home/eilero/ros2_ws/src/first_interfaces/install/first_interfaces/include/first_interfaces/first_interfaces/msg/detail/sphere__rosidl_typesupport_introspection_cpp.hpp
[5.266s] -- Installing: /home/eilero/ros2_ws/src/first_interfaces/install/first_interfaces/include/first_interfaces/first_interfaces/msg/detail/num__rosidl_typesupport_introspection_cpp.hpp
[5.266s] -- Installing: /home/eilero/ros2_ws/src/first_interfaces/install/first_interfaces/include/first_interfaces/first_interfaces/msg/detail/sphere__type_support.cpp
[5.266s] -- Installing: /home/eilero/ros2_ws/src/first_interfaces/install/first_interfaces/include/first_interfaces/first_interfaces/msg/detail/num__type_support.cpp
[5.266s] -- Installing: /home/eilero/ros2_ws/src/first_interfaces/install/first_interfaces/lib/libfirst_interfaces__rosidl_typesupport_introspection_cpp.so
[5.266s] -- Set non-toolchain portion of runtime path of "/home/eilero/ros2_ws/src/first_interfaces/install/first_interfaces/lib/libfirst_interfaces__rosidl_typesupport_introspection_cpp.so" to ""
[5.266s] -- Installing: /home/eilero/ros2_ws/src/first_interfaces/install/first_interfaces/lib/libfirst_interfaces__rosidl_typesupport_cpp.so
[5.267s] -- Set non-toolchain portion of runtime path of "/home/eilero/ros2_ws/src/first_interfaces/install/first_interfaces/lib/libfirst_interfaces__rosidl_typesupport_cpp.so" to ""
[5.267s] -- Installing: /home/eilero/ros2_ws/src/first_interfaces/install/first_interfaces/share/first_interfaces/environment/pythonpath.sh
[5.267s] -- Installing: /home/eilero/ros2_ws/src/first_interfaces/install/first_interfaces/share/first_interfaces/environment/pythonpath.dsv
[5.267s] -- Installing: /home/eilero/ros2_ws/src/first_interfaces/install/first_interfaces/lib/python3.12/site-packages/first_interfaces-0.0.0-py3.12.egg-info
[5.267s] -- Installing: /home/eilero/ros2_ws/src/first_interfaces/install/first_interfaces/lib/python3.12/site-packages/first_interfaces-0.0.0-py3.12.egg-info/PKG-INFO
[5.267s] -- Installing: /home/eilero/ros2_ws/src/first_interfaces/install/first_interfaces/lib/python3.12/site-packages/first_interfaces-0.0.0-py3.12.egg-info/SOURCES.txt
[5.267s] -- Installing: /home/eilero/ros2_ws/src/first_interfaces/install/first_interfaces/lib/python3.12/site-packages/first_interfaces-0.0.0-py3.12.egg-info/top_level.txt
[5.267s] -- Installing: /home/eilero/ros2_ws/src/first_interfaces/install/first_interfaces/lib/python3.12/site-packages/first_interfaces-0.0.0-py3.12.egg-info/dependency_links.txt
[5.268s] -- Installing: /home/eilero/ros2_ws/src/first_interfaces/install/first_interfaces/lib/python3.12/site-packages/first_interfaces
[5.268s] -- Installing: /home/eilero/ros2_ws/src/first_interfaces/install/first_interfaces/lib/python3.12/site-packages/first_interfaces/first_interfaces_s__rosidl_typesupport_c.so
[5.268s] -- Installing: /home/eilero/ros2_ws/src/first_interfaces/install/first_interfaces/lib/python3.12/site-packages/first_interfaces/first_interfaces_s__rosidl_typesupport_fastrtps_c.so
[5.268s] -- Installing: /home/eilero/ros2_ws/src/first_interfaces/install/first_interfaces/lib/python3.12/site-packages/first_interfaces/srv
[5.268s] -- Installing: /home/eilero/ros2_ws/src/first_interfaces/install/first_interfaces/lib/python3.12/site-packages/first_interfaces/srv/_add_three_ints.py
[5.268s] -- Installing: /home/eilero/ros2_ws/src/first_interfaces/install/first_interfaces/lib/python3.12/site-packages/first_interfaces/srv/__init__.py
[5.268s] -- Installing: /home/eilero/ros2_ws/src/first_interfaces/install/first_interfaces/lib/python3.12/site-packages/first_interfaces/srv/_add_three_ints_s.c
[5.268s] -- Installing: /home/eilero/ros2_ws/src/first_interfaces/install/first_interfaces/lib/python3.12/site-packages/first_interfaces/msg
[5.268s] -- Installing: /home/eilero/ros2_ws/src/first_interfaces/install/first_interfaces/lib/python3.12/site-packages/first_interfaces/msg/_num_s.c
[5.268s] -- Installing: /home/eilero/ros2_ws/src/first_interfaces/install/first_interfaces/lib/python3.12/site-packages/first_interfaces/msg/_num.py
[5.269s] -- Installing: /home/eilero/ros2_ws/src/first_interfaces/install/first_interfaces/lib/python3.12/site-packages/first_interfaces/msg/_sphere.py
[5.269s] -- Installing: /home/eilero/ros2_ws/src/first_interfaces/install/first_interfaces/lib/python3.12/site-packages/first_interfaces/msg/__init__.py
[5.269s] -- Installing: /home/eilero/ros2_ws/src/first_interfaces/install/first_interfaces/lib/python3.12/site-packages/first_interfaces/msg/_sphere_s.c
[5.269s] -- Installing: /home/eilero/ros2_ws/src/first_interfaces/install/first_interfaces/lib/python3.12/site-packages/first_interfaces/__init__.py
[5.269s] -- Installing: /home/eilero/ros2_ws/src/first_interfaces/install/first_interfaces/lib/python3.12/site-packages/first_interfaces/_first_interfaces_s.ep.rosidl_typesupport_introspection_c.c
[5.269s] -- Installing: /home/eilero/ros2_ws/src/first_interfaces/install/first_interfaces/lib/python3.12/site-packages/first_interfaces/_first_interfaces_s.ep.rosidl_typesupport_c.c
[5.269s] -- Installing: /home/eilero/ros2_ws/src/first_interfaces/install/first_interfaces/lib/python3.12/site-packages/first_interfaces/_first_interfaces_s.ep.rosidl_typesupport_fastrtps_c.c
[5.269s] -- Installing: /home/eilero/ros2_ws/src/first_interfaces/install/first_interfaces/lib/python3.12/site-packages/first_interfaces/first_interfaces_s__rosidl_typesupport_introspection_c.so
[5.300s] Listing '/home/eilero/ros2_ws/src/first_interfaces/install/first_interfaces/lib/python3.12/site-packages/first_interfaces'...
[5.300s] Compiling '/home/eilero/ros2_ws/src/first_interfaces/install/first_interfaces/lib/python3.12/site-packages/first_interfaces/__init__.py'...
[5.300s] Listing '/home/eilero/ros2_ws/src/first_interfaces/install/first_interfaces/lib/python3.12/site-packages/first_interfaces/msg'...
[5.300s] Compiling '/home/eilero/ros2_ws/src/first_interfaces/install/first_interfaces/lib/python3.12/site-packages/first_interfaces/msg/__init__.py'...
[5.300s] Compiling '/home/eilero/ros2_ws/src/first_interfaces/install/first_interfaces/lib/python3.12/site-packages/first_interfaces/msg/_num.py'...
[5.300s] Compiling '/home/eilero/ros2_ws/src/first_interfaces/install/first_interfaces/lib/python3.12/site-packages/first_interfaces/msg/_sphere.py'...
[5.301s] Listing '/home/eilero/ros2_ws/src/first_interfaces/install/first_interfaces/lib/python3.12/site-packages/first_interfaces/srv'...
[5.301s] Compiling '/home/eilero/ros2_ws/src/first_interfaces/install/first_interfaces/lib/python3.12/site-packages/first_interfaces/srv/__init__.py'...
[5.301s] Compiling '/home/eilero/ros2_ws/src/first_interfaces/install/first_interfaces/lib/python3.12/site-packages/first_interfaces/srv/_add_three_ints.py'...
[5.304s] -- Installing: /home/eilero/ros2_ws/src/first_interfaces/install/first_interfaces/lib/python3.12/site-packages/first_interfaces/first_interfaces_s__rosidl_typesupport_fastrtps_c.so
[5.304s] -- Set non-toolchain portion of runtime path of "/home/eilero/ros2_ws/src/first_interfaces/install/first_interfaces/lib/python3.12/site-packages/first_interfaces/first_interfaces_s__rosidl_typesupport_fastrtps_c.so" to ""
[5.305s] -- Installing: /home/eilero/ros2_ws/src/first_interfaces/install/first_interfaces/lib/python3.12/site-packages/first_interfaces/first_interfaces_s__rosidl_typesupport_introspection_c.so
[5.305s] -- Set non-toolchain portion of runtime path of "/home/eilero/ros2_ws/src/first_interfaces/install/first_interfaces/lib/python3.12/site-packages/first_interfaces/first_interfaces_s__rosidl_typesupport_introspection_c.so" to ""
[5.305s] -- Installing: /home/eilero/ros2_ws/src/first_interfaces/install/first_interfaces/lib/python3.12/site-packages/first_interfaces/first_interfaces_s__rosidl_typesupport_c.so
[5.305s] -- Set non-toolchain portion of runtime path of "/home/eilero/ros2_ws/src/first_interfaces/install/first_interfaces/lib/python3.12/site-packages/first_interfaces/first_interfaces_s__rosidl_typesupport_c.so" to ""
[5.305s] -- Installing: /home/eilero/ros2_ws/src/first_interfaces/install/first_interfaces/lib/libfirst_interfaces__rosidl_generator_py.so
[5.306s] -- Set non-toolchain portion of runtime path of "/home/eilero/ros2_ws/src/first_interfaces/install/first_interfaces/lib/libfirst_interfaces__rosidl_generator_py.so" to ""
[5.306s] -- Installing: /home/eilero/ros2_ws/src/first_interfaces/install/first_interfaces/share/first_interfaces/msg/Num.idl
[5.306s] -- Installing: /home/eilero/ros2_ws/src/first_interfaces/install/first_interfaces/share/first_interfaces/msg/Sphere.idl
[5.306s] -- Installing: /home/eilero/ros2_ws/src/first_interfaces/install/first_interfaces/share/first_interfaces/srv/AddThreeInts.idl
[5.306s] -- Installing: /home/eilero/ros2_ws/src/first_interfaces/install/first_interfaces/share/first_interfaces/msg/Num.msg
[5.306s] -- Installing: /home/eilero/ros2_ws/src/first_interfaces/install/first_interfaces/share/first_interfaces/msg/Sphere.msg
[5.306s] -- Installing: /home/eilero/ros2_ws/src/first_interfaces/install/first_interfaces/share/first_interfaces/srv/AddThreeInts.srv
[5.307s] -- Installing: /home/eilero/ros2_ws/src/first_interfaces/install/first_interfaces/share/ament_index/resource_index/package_run_dependencies/first_interfaces
[5.307s] -- Installing: /home/eilero/ros2_ws/src/first_interfaces/install/first_interfaces/share/ament_index/resource_index/parent_prefix_path/first_interfaces
[5.307s] -- Installing: /home/eilero/ros2_ws/src/first_interfaces/install/first_interfaces/share/first_interfaces/environment/ament_prefix_path.sh
[5.307s] -- Installing: /home/eilero/ros2_ws/src/first_interfaces/install/first_interfaces/share/first_interfaces/environment/ament_prefix_path.dsv
[5.307s] -- Installing: /home/eilero/ros2_ws/src/first_interfaces/install/first_interfaces/share/first_interfaces/environment/path.sh
[5.307s] -- Installing: /home/eilero/ros2_ws/src/first_interfaces/install/first_interfaces/share/first_interfaces/environment/path.dsv
[5.308s] -- Installing: /home/eilero/ros2_ws/src/first_interfaces/install/first_interfaces/share/first_interfaces/local_setup.bash
[5.308s] -- Installing: /home/eilero/ros2_ws/src/first_interfaces/install/first_interfaces/share/first_interfaces/local_setup.sh
[5.308s] -- Installing: /home/eilero/ros2_ws/src/first_interfaces/install/first_interfaces/share/first_interfaces/local_setup.zsh
[5.308s] -- Installing: /home/eilero/ros2_ws/src/first_interfaces/install/first_interfaces/share/first_interfaces/local_setup.dsv
[5.308s] -- Installing: /home/eilero/ros2_ws/src/first_interfaces/install/first_interfaces/share/first_interfaces/package.dsv
[5.308s] -- Installing: /home/eilero/ros2_ws/src/first_interfaces/install/first_interfaces/share/ament_index/resource_index/packages/first_interfaces
[5.308s] -- Installing: /home/eilero/ros2_ws/src/first_interfaces/install/first_interfaces/share/first_interfaces/cmake/export_first_interfaces__rosidl_generator_cExport.cmake
[5.308s] -- Installing: /home/eilero/ros2_ws/src/first_interfaces/install/first_interfaces/share/first_interfaces/cmake/export_first_interfaces__rosidl_generator_cExport-noconfig.cmake
[5.309s] -- Installing: /home/eilero/ros2_ws/src/first_interfaces/install/first_interfaces/share/first_interfaces/cmake/export_first_interfaces__rosidl_typesupport_fastrtps_cExport.cmake
[5.309s] -- Installing: /home/eilero/ros2_ws/src/first_interfaces/install/first_interfaces/share/first_interfaces/cmake/export_first_interfaces__rosidl_typesupport_fastrtps_cExport-noconfig.cmake
[5.309s] -- Installing: /home/eilero/ros2_ws/src/first_interfaces/install/first_interfaces/share/first_interfaces/cmake/first_interfaces__rosidl_typesupport_introspection_cExport.cmake
[5.309s] -- Installing: /home/eilero/ros2_ws/src/first_interfaces/install/first_interfaces/share/first_interfaces/cmake/first_interfaces__rosidl_typesupport_introspection_cExport-noconfig.cmake
[5.309s] -- Installing: /home/eilero/ros2_ws/src/first_interfaces/install/first_interfaces/share/first_interfaces/cmake/first_interfaces__rosidl_typesupport_cExport.cmake
[5.309s] -- Installing: /home/eilero/ros2_ws/src/first_interfaces/install/first_interfaces/share/first_interfaces/cmake/first_interfaces__rosidl_typesupport_cExport-noconfig.cmake
[5.309s] -- Installing: /home/eilero/ros2_ws/src/first_interfaces/install/first_interfaces/share/first_interfaces/cmake/export_first_interfaces__rosidl_generator_cppExport.cmake
[5.310s] -- Installing: /home/eilero/ros2_ws/src/first_interfaces/install/first_interfaces/share/first_interfaces/cmake/export_first_interfaces__rosidl_typesupport_fastrtps_cppExport.cmake
[5.310s] -- Installing: /home/eilero/ros2_ws/src/first_interfaces/install/first_interfaces/share/first_interfaces/cmake/export_first_interfaces__rosidl_typesupport_fastrtps_cppExport-noconfig.cmake
[5.310s] -- Installing: /home/eilero/ros2_ws/src/first_interfaces/install/first_interfaces/share/first_interfaces/cmake/first_interfaces__rosidl_typesupport_introspection_cppExport.cmake
[5.310s] -- Installing: /home/eilero/ros2_ws/src/first_interfaces/install/first_interfaces/share/first_interfaces/cmake/first_interfaces__rosidl_typesupport_introspection_cppExport-noconfig.cmake
[5.310s] -- Installing: /home/eilero/ros2_ws/src/first_interfaces/install/first_interfaces/share/first_interfaces/cmake/first_interfaces__rosidl_typesupport_cppExport.cmake
[5.310s] -- Installing: /home/eilero/ros2_ws/src/first_interfaces/install/first_interfaces/share/first_interfaces/cmake/first_interfaces__rosidl_typesupport_cppExport-noconfig.cmake
[5.310s] -- Installing: /home/eilero/ros2_ws/src/first_interfaces/install/first_interfaces/share/first_interfaces/cmake/export_first_interfaces__rosidl_generator_pyExport.cmake
[5.311s] -- Installing: /home/eilero/ros2_ws/src/first_interfaces/install/first_interfaces/share/first_interfaces/cmake/export_first_interfaces__rosidl_generator_pyExport-noconfig.cmake
[5.311s] -- Installing: /home/eilero/ros2_ws/src/first_interfaces/install/first_interfaces/share/first_interfaces/cmake/rosidl_cmake-extras.cmake
[5.311s] -- Installing: /home/eilero/ros2_ws/src/first_interfaces/install/first_interfaces/share/first_interfaces/cmake/ament_cmake_export_dependencies-extras.cmake
[5.311s] -- Installing: /home/eilero/ros2_ws/src/first_interfaces/install/first_interfaces/share/first_interfaces/cmake/ament_cmake_export_include_directories-extras.cmake
[5.311s] -- Installing: /home/eilero/ros2_ws/src/first_interfaces/install/first_interfaces/share/first_interfaces/cmake/ament_cmake_export_libraries-extras.cmake
[5.311s] -- Installing: /home/eilero/ros2_ws/src/first_interfaces/install/first_interfaces/share/first_interfaces/cmake/ament_cmake_export_targets-extras.cmake
[5.312s] -- Installing: /home/eilero/ros2_ws/src/first_interfaces/install/first_interfaces/share/first_interfaces/cmake/rosidl_cmake_export_typesupport_targets-extras.cmake
[5.312s] -- Installing: /home/eilero/ros2_ws/src/first_interfaces/install/first_interfaces/share/first_interfaces/cmake/rosidl_cmake_export_typesupport_libraries-extras.cmake
[5.312s] -- Installing: /home/eilero/ros2_ws/src/first_interfaces/install/first_interfaces/share/first_interfaces/cmake/first_interfacesConfig.cmake
[5.312s] -- Installing: /home/eilero/ros2_ws/src/first_interfaces/install/first_interfaces/share/first_interfaces/cmake/first_interfacesConfig-version.cmake
[5.312s] -- Installing: /home/eilero/ros2_ws/src/first_interfaces/install/first_interfaces/share/first_interfaces/package.xml
[5.315s] Invoked command in '/home/eilero/ros2_ws/src/first_interfaces/build/first_interfaces' returned '0': CMAKE_PREFIX_PATH=${CMAKE_PREFIX_PATH}:/opt/ros/jazzy /usr/bin/cmake --install /home/eilero/ros2_ws/src/first_interfaces/build/first_interfaces
