[0.014s] Invoking command in '/home/eilero/ros2_ws/src/build/first_interfaces': CMAKE_PREFIX_PATH=${CMAKE_PREFIX_PATH}:/opt/ros/jazzy /usr/bin/cmake --build /home/eilero/ros2_ws/src/build/first_interfaces -- -j16 -l16
[0.043s] -- Found ament_cmake: 2.5.4 (/opt/ros/jazzy/share/ament_cmake/cmake)
[0.062s] -- Found Python3: /usr/bin/python3 (found version "3.12.3") found components: Interpreter 
[0.133s] -- Found ament_lint_auto: 0.17.3 (/opt/ros/jazzy/share/ament_lint_auto/cmake)
[0.208s] -- Added test 'lint_cmake' to check CMake code style
[0.208s] -- Added test 'xmllint' to check XML markup files
[0.209s] -- Configuring done (0.2s)
[0.213s] -- Generating done (0.0s)
[0.216s] -- Build files have been written to: /home/eilero/ros2_ws/src/build/first_interfaces
[0.243s] Invoked command in '/home/eilero/ros2_ws/src/build/first_interfaces' returned '0': CMAKE_PREFIX_PATH=${CMAKE_PREFIX_PATH}:/opt/ros/jazzy /usr/bin/cmake --build /home/eilero/ros2_ws/src/build/first_interfaces -- -j16 -l16
[0.253s] Invoking command in '/home/eilero/ros2_ws/src/build/first_interfaces': CMAKE_PREFIX_PATH=${CMAKE_PREFIX_PATH}:/opt/ros/jazzy /usr/bin/cmake --install /home/eilero/ros2_ws/src/build/first_interfaces
[0.261s] -- Install configuration: ""
[0.261s] -- Installing: /home/eilero/ros2_ws/src/install/first_interfaces/share/ament_index/resource_index/package_run_dependencies/first_interfaces
[0.262s] -- Installing: /home/eilero/ros2_ws/src/install/first_interfaces/share/ament_index/resource_index/parent_prefix_path/first_interfaces
[0.262s] -- Up-to-date: /home/eilero/ros2_ws/src/install/first_interfaces/share/first_interfaces/environment/ament_prefix_path.sh
[0.262s] -- Up-to-date: /home/eilero/ros2_ws/src/install/first_interfaces/share/first_interfaces/environment/ament_prefix_path.dsv
[0.262s] -- Up-to-date: /home/eilero/ros2_ws/src/install/first_interfaces/share/first_interfaces/environment/path.sh
[0.262s] -- Up-to-date: /home/eilero/ros2_ws/src/install/first_interfaces/share/first_interfaces/environment/path.dsv
[0.262s] -- Up-to-date: /home/eilero/ros2_ws/src/install/first_interfaces/share/first_interfaces/local_setup.bash
[0.262s] -- Installing: /home/eilero/ros2_ws/src/install/first_interfaces/share/first_interfaces/local_setup.sh
[0.262s] -- Up-to-date: /home/eilero/ros2_ws/src/install/first_interfaces/share/first_interfaces/local_setup.zsh
[0.262s] -- Installing: /home/eilero/ros2_ws/src/install/first_interfaces/share/first_interfaces/local_setup.dsv
[0.263s] -- Installing: /home/eilero/ros2_ws/src/install/first_interfaces/share/first_interfaces/package.dsv
[0.263s] -- Up-to-date: /home/eilero/ros2_ws/src/install/first_interfaces/share/ament_index/resource_index/packages/first_interfaces
[0.263s] -- Installing: /home/eilero/ros2_ws/src/install/first_interfaces/share/first_interfaces/cmake/first_interfacesConfig.cmake
[0.263s] -- Up-to-date: /home/eilero/ros2_ws/src/install/first_interfaces/share/first_interfaces/cmake/first_interfacesConfig-version.cmake
[0.263s] -- Installing: /home/eilero/ros2_ws/src/install/first_interfaces/share/first_interfaces/package.xml
[0.266s] Invoked command in '/home/eilero/ros2_ws/src/build/first_interfaces' returned '0': CMAKE_PREFIX_PATH=${CMAKE_PREFIX_PATH}:/opt/ros/jazzy /usr/bin/cmake --install /home/eilero/ros2_ws/src/build/first_interfaces
