[0.021s] Invoking command in '/home/eilero/ros2_ws/build/pkg1': CMAKE_PREFIX_PATH=${CMAKE_PREFIX_PATH}:/opt/ros/jazzy /usr/bin/cmake /home/eilero/ros2_ws/src/pkg1 -DCMAKE_INSTALL_PREFIX=/home/eilero/ros2_ws/install/pkg1
[0.123s] -- The C compiler identification is GNU 13.3.0
[0.225s] -- The CXX compiler identification is GNU 13.3.0
[0.257s] -- Detecting C compiler ABI info
[0.431s] -- Detecting C compiler ABI info - done
[0.446s] -- Check for working C compiler: /usr/bin/cc - skipped
[0.446s] -- Detecting C compile features
[0.447s] -- Detecting C compile features - done
[0.465s] -- Detecting CXX compiler ABI info
[0.657s] -- Detecting CXX compiler ABI info - done
[0.672s] -- Check for working CXX compiler: /usr/bin/c++ - skipped
[0.672s] -- Detecting CXX compile features
[0.673s] -- Detecting CXX compile features - done
[0.680s] -- Found ament_cmake: 2.5.4 (/opt/ros/jazzy/share/ament_cmake/cmake)
[0.907s] -- Found Python3: /usr/bin/python3 (found version "3.12.3") found components: Interpreter 
[1.111s] -- Found ament_lint_auto: 0.17.3 (/opt/ros/jazzy/share/ament_lint_auto/cmake)
[1.298s] -- Added test 'cppcheck' to perform static code analysis on C / C++ code
[1.299s] -- Configured cppcheck include dirs: $<BUILD_INTERFACE:/home/eilero/ros2_ws/src/pkg1/include>
[1.299s] -- Configured cppcheck exclude dirs and/or files: 
[1.300s] -- Added test 'lint_cmake' to check CMake code style
[1.303s] -- Added test 'uncrustify' to check C / C++ code style
[1.303s] -- Configured uncrustify additional arguments: 
[1.304s] -- Added test 'xmllint' to check XML markup files
[1.307s] -- Configuring done (1.3s)
[1.317s] -- Generating done (0.0s)
[1.321s] -- Build files have been written to: /home/eilero/ros2_ws/build/pkg1
[1.333s] Invoked command in '/home/eilero/ros2_ws/build/pkg1' returned '0': CMAKE_PREFIX_PATH=${CMAKE_PREFIX_PATH}:/opt/ros/jazzy /usr/bin/cmake /home/eilero/ros2_ws/src/pkg1 -DCMAKE_INSTALL_PREFIX=/home/eilero/ros2_ws/install/pkg1
[1.336s] Invoking command in '/home/eilero/ros2_ws/build/pkg1': CMAKE_PREFIX_PATH=${CMAKE_PREFIX_PATH}:/opt/ros/jazzy /usr/bin/cmake --build /home/eilero/ros2_ws/build/pkg1 -- -j16 -l16
[1.440s] [ 50%] [32mBuilding CXX object CMakeFiles/pkg1_node.dir/src/pkg1_node.cpp.o[0m
[1.497s] [100%] [32m[1mLinking CXX executable pkg1_node[0m
[1.585s] [100%] Built target pkg1_node
[1.609s] Invoked command in '/home/eilero/ros2_ws/build/pkg1' returned '0': CMAKE_PREFIX_PATH=${CMAKE_PREFIX_PATH}:/opt/ros/jazzy /usr/bin/cmake --build /home/eilero/ros2_ws/build/pkg1 -- -j16 -l16
[1.631s] Invoking command in '/home/eilero/ros2_ws/build/pkg1': CMAKE_PREFIX_PATH=${CMAKE_PREFIX_PATH}:/opt/ros/jazzy /usr/bin/cmake --install /home/eilero/ros2_ws/build/pkg1
[1.645s] -- Install configuration: ""
[1.645s] -- Installing: /home/eilero/ros2_ws/install/pkg1/lib/pkg1/pkg1_node
[1.646s] -- Installing: /home/eilero/ros2_ws/install/pkg1/share/ament_index/resource_index/package_run_dependencies/pkg1
[1.646s] -- Installing: /home/eilero/ros2_ws/install/pkg1/share/ament_index/resource_index/parent_prefix_path/pkg1
[1.647s] -- Installing: /home/eilero/ros2_ws/install/pkg1/share/pkg1/environment/ament_prefix_path.sh
[1.647s] -- Installing: /home/eilero/ros2_ws/install/pkg1/share/pkg1/environment/ament_prefix_path.dsv
[1.647s] -- Installing: /home/eilero/ros2_ws/install/pkg1/share/pkg1/environment/path.sh
[1.647s] -- Installing: /home/eilero/ros2_ws/install/pkg1/share/pkg1/environment/path.dsv
[1.647s] -- Installing: /home/eilero/ros2_ws/install/pkg1/share/pkg1/local_setup.bash
[1.648s] -- Installing: /home/eilero/ros2_ws/install/pkg1/share/pkg1/local_setup.sh
[1.648s] -- Installing: /home/eilero/ros2_ws/install/pkg1/share/pkg1/local_setup.zsh
[1.648s] -- Installing: /home/eilero/ros2_ws/install/pkg1/share/pkg1/local_setup.dsv
[1.648s] -- Installing: /home/eilero/ros2_ws/install/pkg1/share/pkg1/package.dsv
[1.649s] -- Installing: /home/eilero/ros2_ws/install/pkg1/share/ament_index/resource_index/packages/pkg1
[1.649s] -- Installing: /home/eilero/ros2_ws/install/pkg1/share/pkg1/cmake/pkg1Config.cmake
[1.649s] -- Installing: /home/eilero/ros2_ws/install/pkg1/share/pkg1/cmake/pkg1Config-version.cmake
[1.649s] -- Installing: /home/eilero/ros2_ws/install/pkg1/share/pkg1/package.xml
[1.653s] Invoked command in '/home/eilero/ros2_ws/build/pkg1' returned '0': CMAKE_PREFIX_PATH=${CMAKE_PREFIX_PATH}:/opt/ros/jazzy /usr/bin/cmake --install /home/eilero/ros2_ws/build/pkg1
