[0.011s] Invoking command in '/home/eilero/ros2_ws/src/build/pkg1': CMAKE_PREFIX_PATH=${CMAKE_PREFIX_PATH}:/opt/ros/jazzy /usr/bin/cmake --build /home/eilero/ros2_ws/src/build/pkg1 -- -j16 -l16
[0.073s] [100%] Built target pkg1_node
[0.089s] Invoked command in '/home/eilero/ros2_ws/src/build/pkg1' returned '0': CMAKE_PREFIX_PATH=${CMAKE_PREFIX_PATH}:/opt/ros/jazzy /usr/bin/cmake --build /home/eilero/ros2_ws/src/build/pkg1 -- -j16 -l16
[0.103s] Invoking command in '/home/eilero/ros2_ws/src/build/pkg1': CMAKE_PREFIX_PATH=${CMAKE_PREFIX_PATH}:/opt/ros/jazzy /usr/bin/cmake --install /home/eilero/ros2_ws/src/build/pkg1
[0.113s] -- Install configuration: ""
[0.114s] -- Up-to-date: /home/eilero/ros2_ws/src/install/pkg1/lib/pkg1/pkg1_node
[0.114s] -- Up-to-date: /home/eilero/ros2_ws/src/install/pkg1/share/ament_index/resource_index/package_run_dependencies/pkg1
[0.114s] -- Up-to-date: /home/eilero/ros2_ws/src/install/pkg1/share/ament_index/resource_index/parent_prefix_path/pkg1
[0.114s] -- Up-to-date: /home/eilero/ros2_ws/src/install/pkg1/share/pkg1/environment/ament_prefix_path.sh
[0.114s] -- Up-to-date: /home/eilero/ros2_ws/src/install/pkg1/share/pkg1/environment/ament_prefix_path.dsv
[0.114s] -- Up-to-date: /home/eilero/ros2_ws/src/install/pkg1/share/pkg1/environment/path.sh
[0.115s] -- Up-to-date: /home/eilero/ros2_ws/src/install/pkg1/share/pkg1/environment/path.dsv
[0.115s] -- Up-to-date: /home/eilero/ros2_ws/src/install/pkg1/share/pkg1/local_setup.bash
[0.115s] -- Up-to-date: /home/eilero/ros2_ws/src/install/pkg1/share/pkg1/local_setup.sh
[0.115s] -- Up-to-date: /home/eilero/ros2_ws/src/install/pkg1/share/pkg1/local_setup.zsh
[0.115s] -- Up-to-date: /home/eilero/ros2_ws/src/install/pkg1/share/pkg1/local_setup.dsv
[0.115s] -- Up-to-date: /home/eilero/ros2_ws/src/install/pkg1/share/pkg1/package.dsv
[0.115s] -- Up-to-date: /home/eilero/ros2_ws/src/install/pkg1/share/ament_index/resource_index/packages/pkg1
[0.115s] -- Up-to-date: /home/eilero/ros2_ws/src/install/pkg1/share/pkg1/cmake/pkg1Config.cmake
[0.115s] -- Up-to-date: /home/eilero/ros2_ws/src/install/pkg1/share/pkg1/cmake/pkg1Config-version.cmake
[0.115s] -- Up-to-date: /home/eilero/ros2_ws/src/install/pkg1/share/pkg1/package.xml
[0.117s] Invoked command in '/home/eilero/ros2_ws/src/build/pkg1' returned '0': CMAKE_PREFIX_PATH=${CMAKE_PREFIX_PATH}:/opt/ros/jazzy /usr/bin/cmake --install /home/eilero/ros2_ws/src/build/pkg1
