[0.019s] Invoking command in '/home/eilero/ros2_ws/build/first_interfaces': CMAKE_PREFIX_PATH=${CMAKE_PREFIX_PATH}:/opt/ros/jazzy /usr/bin/cmake --build /home/eilero/ros2_ws/build/first_interfaces -- -j16 -l16
[0.087s] [  1%] Built target first_interfaces__rosidl_generator_type_description
[0.100s] [  1%] Built target ament_cmake_python_copy_first_interfaces
[0.115s] [  5%] Built target first_interfaces__cpp
[0.115s] [ 24%] Built target first_interfaces__rosidl_generator_c
[0.148s] [ 68%] Built target first_interfaces__rosidl_typesupport_c
[0.148s] [ 68%] Built target first_interfaces__rosidl_typesupport_fastrtps_c
[0.148s] [ 68%] Built target first_interfaces__rosidl_typesupport_introspection_cpp
[0.148s] [ 68%] Built target first_interfaces__rosidl_typesupport_introspection_c
[0.148s] [ 70%] Built target first_interfaces__rosidl_typesupport_fastrtps_cpp
[0.150s] [ 79%] Built target first_interfaces__rosidl_typesupport_cpp
[0.177s] [ 79%] Built target first_interfaces
[0.202s] [ 81%] Built target first_interfaces__py
[0.231s] [ 88%] Built target first_interfaces__rosidl_generator_py
[0.259s] [100%] Built target first_interfaces_s__rosidl_typesupport_fastrtps_c
[0.259s] [100%] Built target first_interfaces_s__rosidl_typesupport_c
[0.259s] [100%] Built target first_interfaces_s__rosidl_typesupport_introspection_c
[0.281s] running egg_info
[0.293s] writing first_interfaces.egg-info/PKG-INFO
[0.294s] writing dependency_links to first_interfaces.egg-info/dependency_links.txt
[0.294s] writing top-level names to first_interfaces.egg-info/top_level.txt
[0.328s] reading manifest file 'first_interfaces.egg-info/SOURCES.txt'
[0.328s] writing manifest file 'first_interfaces.egg-info/SOURCES.txt'
[0.371s] [100%] Built target ament_cmake_python_build_first_interfaces_egg
[0.389s] Invoked command in '/home/eilero/ros2_ws/build/first_interfaces' returned '0': CMAKE_PREFIX_PATH=${CMAKE_PREFIX_PATH}:/opt/ros/jazzy /usr/bin/cmake --build /home/eilero/ros2_ws/build/first_interfaces -- -j16 -l16
[0.405s] Invoking command in '/home/eilero/ros2_ws/build/first_interfaces': CMAKE_PREFIX_PATH=${CMAKE_PREFIX_PATH}:/opt/ros/jazzy /usr/bin/cmake --install /home/eilero/ros2_ws/build/first_interfaces
[0.415s] -- Install configuration: ""
[0.416s] -- Up-to-date: /home/eilero/ros2_ws/install/first_interfaces/share/ament_index/resource_index/rosidl_interfaces/first_interfaces
[0.416s] -- Up-to-date: /home/eilero/ros2_ws/install/first_interfaces/share/first_interfaces/msg/Num.json
[0.416s] -- Up-to-date: /home/eilero/ros2_ws/install/first_interfaces/share/first_interfaces/msg/Sphere.json
[0.416s] -- Up-to-date: /home/eilero/ros2_ws/install/first_interfaces/share/first_interfaces/srv/AddThreeInts.json
[0.417s] -- Up-to-date: /home/eilero/ros2_ws/install/first_interfaces/include/first_interfaces/first_interfaces
[0.417s] -- Up-to-date: /home/eilero/ros2_ws/install/first_interfaces/include/first_interfaces/first_interfaces/srv
[0.417s] -- Up-to-date: /home/eilero/ros2_ws/install/first_interfaces/include/first_interfaces/first_interfaces/srv/add_three_ints.h
[0.417s] -- Up-to-date: /home/eilero/ros2_ws/install/first_interfaces/include/first_interfaces/first_interfaces/srv/detail
[0.417s] -- Up-to-date: /home/eilero/ros2_ws/install/first_interfaces/include/first_interfaces/first_interfaces/srv/detail/add_three_ints__type_support.c
[0.417s] -- Up-to-date: /home/eilero/ros2_ws/install/first_interfaces/include/first_interfaces/first_interfaces/srv/detail/add_three_ints__description.c
[0.417s] -- Up-to-date: /home/eilero/ros2_ws/install/first_interfaces/include/first_interfaces/first_interfaces/srv/detail/add_three_ints__functions.h
[0.417s] -- Up-to-date: /home/eilero/ros2_ws/install/first_interfaces/include/first_interfaces/first_interfaces/srv/detail/add_three_ints__struct.h
[0.417s] -- Up-to-date: /home/eilero/ros2_ws/install/first_interfaces/include/first_interfaces/first_interfaces/srv/detail/add_three_ints__functions.c
[0.417s] -- Up-to-date: /home/eilero/ros2_ws/install/first_interfaces/include/first_interfaces/first_interfaces/srv/detail/add_three_ints__type_support.h
[0.417s] -- Up-to-date: /home/eilero/ros2_ws/install/first_interfaces/include/first_interfaces/first_interfaces/msg
[0.417s] -- Up-to-date: /home/eilero/ros2_ws/install/first_interfaces/include/first_interfaces/first_interfaces/msg/sphere.h
[0.417s] -- Up-to-date: /home/eilero/ros2_ws/install/first_interfaces/include/first_interfaces/first_interfaces/msg/num.h
[0.417s] -- Up-to-date: /home/eilero/ros2_ws/install/first_interfaces/include/first_interfaces/first_interfaces/msg/detail
[0.417s] -- Up-to-date: /home/eilero/ros2_ws/install/first_interfaces/include/first_interfaces/first_interfaces/msg/detail/sphere__functions.c
[0.417s] -- Up-to-date: /home/eilero/ros2_ws/install/first_interfaces/include/first_interfaces/first_interfaces/msg/detail/sphere__functions.h
[0.418s] -- Up-to-date: /home/eilero/ros2_ws/install/first_interfaces/include/first_interfaces/first_interfaces/msg/detail/sphere__type_support.c
[0.418s] -- Up-to-date: /home/eilero/ros2_ws/install/first_interfaces/include/first_interfaces/first_interfaces/msg/detail/num__functions.h
[0.418s] -- Up-to-date: /home/eilero/ros2_ws/install/first_interfaces/include/first_interfaces/first_interfaces/msg/detail/num__type_support.h
[0.418s] -- Up-to-date: /home/eilero/ros2_ws/install/first_interfaces/include/first_interfaces/first_interfaces/msg/detail/sphere__struct.h
[0.418s] -- Up-to-date: /home/eilero/ros2_ws/install/first_interfaces/include/first_interfaces/first_interfaces/msg/detail/num__struct.h
[0.418s] -- Up-to-date: /home/eilero/ros2_ws/install/first_interfaces/include/first_interfaces/first_interfaces/msg/detail/num__functions.c
[0.418s] -- Up-to-date: /home/eilero/ros2_ws/install/first_interfaces/include/first_interfaces/first_interfaces/msg/detail/sphere__type_support.h
[0.418s] -- Up-to-date: /home/eilero/ros2_ws/install/first_interfaces/include/first_interfaces/first_interfaces/msg/detail/num__type_support.c
[0.418s] -- Up-to-date: /home/eilero/ros2_ws/install/first_interfaces/include/first_interfaces/first_interfaces/msg/detail/num__description.c
[0.418s] -- Up-to-date: /home/eilero/ros2_ws/install/first_interfaces/include/first_interfaces/first_interfaces/msg/detail/sphere__description.c
[0.418s] -- Up-to-date: /home/eilero/ros2_ws/install/first_interfaces/include/first_interfaces/first_interfaces/msg/rosidl_generator_c__visibility_control.h
[0.418s] -- Up-to-date: /home/eilero/ros2_ws/install/first_interfaces/share/first_interfaces/environment/library_path.sh
[0.418s] -- Up-to-date: /home/eilero/ros2_ws/install/first_interfaces/share/first_interfaces/environment/library_path.dsv
[0.418s] -- Up-to-date: /home/eilero/ros2_ws/install/first_interfaces/lib/libfirst_interfaces__rosidl_generator_c.so
[0.418s] -- Up-to-date: /home/eilero/ros2_ws/install/first_interfaces/include/first_interfaces/first_interfaces
[0.418s] -- Up-to-date: /home/eilero/ros2_ws/install/first_interfaces/include/first_interfaces/first_interfaces/srv
[0.419s] -- Up-to-date: /home/eilero/ros2_ws/install/first_interfaces/include/first_interfaces/first_interfaces/srv/detail
[0.419s] -- Up-to-date: /home/eilero/ros2_ws/install/first_interfaces/include/first_interfaces/first_interfaces/srv/detail/add_three_ints__rosidl_typesupport_fastrtps_c.h
[0.419s] -- Up-to-date: /home/eilero/ros2_ws/install/first_interfaces/include/first_interfaces/first_interfaces/msg
[0.419s] -- Up-to-date: /home/eilero/ros2_ws/install/first_interfaces/include/first_interfaces/first_interfaces/msg/rosidl_typesupport_fastrtps_c__visibility_control.h
[0.419s] -- Up-to-date: /home/eilero/ros2_ws/install/first_interfaces/include/first_interfaces/first_interfaces/msg/detail
[0.419s] -- Up-to-date: /home/eilero/ros2_ws/install/first_interfaces/include/first_interfaces/first_interfaces/msg/detail/sphere__rosidl_typesupport_fastrtps_c.h
[0.419s] -- Up-to-date: /home/eilero/ros2_ws/install/first_interfaces/include/first_interfaces/first_interfaces/msg/detail/num__rosidl_typesupport_fastrtps_c.h
[0.419s] -- Up-to-date: /home/eilero/ros2_ws/install/first_interfaces/lib/libfirst_interfaces__rosidl_typesupport_fastrtps_c.so
[0.419s] -- Up-to-date: /home/eilero/ros2_ws/install/first_interfaces/include/first_interfaces/first_interfaces
[0.419s] -- Up-to-date: /home/eilero/ros2_ws/install/first_interfaces/include/first_interfaces/first_interfaces/srv
[0.419s] -- Up-to-date: /home/eilero/ros2_ws/install/first_interfaces/include/first_interfaces/first_interfaces/srv/detail
[0.419s] -- Up-to-date: /home/eilero/ros2_ws/install/first_interfaces/include/first_interfaces/first_interfaces/srv/detail/add_three_ints__type_support.c
[0.419s] -- Up-to-date: /home/eilero/ros2_ws/install/first_interfaces/include/first_interfaces/first_interfaces/srv/detail/add_three_ints__rosidl_typesupport_introspection_c.h
[0.419s] -- Up-to-date: /home/eilero/ros2_ws/install/first_interfaces/include/first_interfaces/first_interfaces/msg
[0.419s] -- Up-to-date: /home/eilero/ros2_ws/install/first_interfaces/include/first_interfaces/first_interfaces/msg/rosidl_typesupport_introspection_c__visibility_control.h
[0.419s] -- Up-to-date: /home/eilero/ros2_ws/install/first_interfaces/include/first_interfaces/first_interfaces/msg/detail
[0.420s] -- Up-to-date: /home/eilero/ros2_ws/install/first_interfaces/include/first_interfaces/first_interfaces/msg/detail/sphere__type_support.c
[0.420s] -- Up-to-date: /home/eilero/ros2_ws/install/first_interfaces/include/first_interfaces/first_interfaces/msg/detail/num__rosidl_typesupport_introspection_c.h
[0.420s] -- Up-to-date: /home/eilero/ros2_ws/install/first_interfaces/include/first_interfaces/first_interfaces/msg/detail/num__type_support.c
[0.420s] -- Up-to-date: /home/eilero/ros2_ws/install/first_interfaces/include/first_interfaces/first_interfaces/msg/detail/sphere__rosidl_typesupport_introspection_c.h
[0.420s] -- Up-to-date: /home/eilero/ros2_ws/install/first_interfaces/lib/libfirst_interfaces__rosidl_typesupport_introspection_c.so
[0.420s] -- Up-to-date: /home/eilero/ros2_ws/install/first_interfaces/lib/libfirst_interfaces__rosidl_typesupport_c.so
[0.420s] -- Up-to-date: /home/eilero/ros2_ws/install/first_interfaces/include/first_interfaces/first_interfaces
[0.420s] -- Up-to-date: /home/eilero/ros2_ws/install/first_interfaces/include/first_interfaces/first_interfaces/srv
[0.420s] -- Up-to-date: /home/eilero/ros2_ws/install/first_interfaces/include/first_interfaces/first_interfaces/srv/add_three_ints.hpp
[0.420s] -- Up-to-date: /home/eilero/ros2_ws/install/first_interfaces/include/first_interfaces/first_interfaces/srv/detail
[0.420s] -- Up-to-date: /home/eilero/ros2_ws/install/first_interfaces/include/first_interfaces/first_interfaces/srv/detail/add_three_ints__type_support.hpp
[0.420s] -- Up-to-date: /home/eilero/ros2_ws/install/first_interfaces/include/first_interfaces/first_interfaces/srv/detail/add_three_ints__builder.hpp
[0.420s] -- Up-to-date: /home/eilero/ros2_ws/install/first_interfaces/include/first_interfaces/first_interfaces/srv/detail/add_three_ints__traits.hpp
[0.420s] -- Up-to-date: /home/eilero/ros2_ws/install/first_interfaces/include/first_interfaces/first_interfaces/srv/detail/add_three_ints__struct.hpp
[0.420s] -- Up-to-date: /home/eilero/ros2_ws/install/first_interfaces/include/first_interfaces/first_interfaces/msg
[0.420s] -- Up-to-date: /home/eilero/ros2_ws/install/first_interfaces/include/first_interfaces/first_interfaces/msg/rosidl_generator_cpp__visibility_control.hpp
[0.421s] -- Up-to-date: /home/eilero/ros2_ws/install/first_interfaces/include/first_interfaces/first_interfaces/msg/sphere.hpp
[0.421s] -- Up-to-date: /home/eilero/ros2_ws/install/first_interfaces/include/first_interfaces/first_interfaces/msg/num.hpp
[0.421s] -- Up-to-date: /home/eilero/ros2_ws/install/first_interfaces/include/first_interfaces/first_interfaces/msg/detail
[0.421s] -- Up-to-date: /home/eilero/ros2_ws/install/first_interfaces/include/first_interfaces/first_interfaces/msg/detail/sphere__traits.hpp
[0.421s] -- Up-to-date: /home/eilero/ros2_ws/install/first_interfaces/include/first_interfaces/first_interfaces/msg/detail/sphere__type_support.hpp
[0.421s] -- Up-to-date: /home/eilero/ros2_ws/install/first_interfaces/include/first_interfaces/first_interfaces/msg/detail/sphere__builder.hpp
[0.421s] -- Up-to-date: /home/eilero/ros2_ws/install/first_interfaces/include/first_interfaces/first_interfaces/msg/detail/num__builder.hpp
[0.421s] -- Up-to-date: /home/eilero/ros2_ws/install/first_interfaces/include/first_interfaces/first_interfaces/msg/detail/num__traits.hpp
[0.421s] -- Up-to-date: /home/eilero/ros2_ws/install/first_interfaces/include/first_interfaces/first_interfaces/msg/detail/num__type_support.hpp
[0.421s] -- Up-to-date: /home/eilero/ros2_ws/install/first_interfaces/include/first_interfaces/first_interfaces/msg/detail/num__struct.hpp
[0.421s] -- Up-to-date: /home/eilero/ros2_ws/install/first_interfaces/include/first_interfaces/first_interfaces/msg/detail/sphere__struct.hpp
[0.421s] -- Up-to-date: /home/eilero/ros2_ws/install/first_interfaces/include/first_interfaces/first_interfaces
[0.421s] -- Up-to-date: /home/eilero/ros2_ws/install/first_interfaces/include/first_interfaces/first_interfaces/srv
[0.421s] -- Up-to-date: /home/eilero/ros2_ws/install/first_interfaces/include/first_interfaces/first_interfaces/srv/detail
[0.421s] -- Up-to-date: /home/eilero/ros2_ws/install/first_interfaces/include/first_interfaces/first_interfaces/srv/detail/add_three_ints__rosidl_typesupport_fastrtps_cpp.hpp
[0.421s] -- Up-to-date: /home/eilero/ros2_ws/install/first_interfaces/include/first_interfaces/first_interfaces/srv/detail/dds_fastrtps
[0.422s] -- Up-to-date: /home/eilero/ros2_ws/install/first_interfaces/include/first_interfaces/first_interfaces/msg
[0.422s] -- Up-to-date: /home/eilero/ros2_ws/install/first_interfaces/include/first_interfaces/first_interfaces/msg/rosidl_typesupport_fastrtps_cpp__visibility_control.h
[0.422s] -- Up-to-date: /home/eilero/ros2_ws/install/first_interfaces/include/first_interfaces/first_interfaces/msg/detail
[0.422s] -- Up-to-date: /home/eilero/ros2_ws/install/first_interfaces/include/first_interfaces/first_interfaces/msg/detail/num__rosidl_typesupport_fastrtps_cpp.hpp
[0.422s] -- Up-to-date: /home/eilero/ros2_ws/install/first_interfaces/include/first_interfaces/first_interfaces/msg/detail/sphere__rosidl_typesupport_fastrtps_cpp.hpp
[0.422s] -- Up-to-date: /home/eilero/ros2_ws/install/first_interfaces/include/first_interfaces/first_interfaces/msg/detail/dds_fastrtps
[0.422s] -- Up-to-date: /home/eilero/ros2_ws/install/first_interfaces/lib/libfirst_interfaces__rosidl_typesupport_fastrtps_cpp.so
[0.422s] -- Up-to-date: /home/eilero/ros2_ws/install/first_interfaces/include/first_interfaces/first_interfaces
[0.422s] -- Up-to-date: /home/eilero/ros2_ws/install/first_interfaces/include/first_interfaces/first_interfaces/srv
[0.422s] -- Up-to-date: /home/eilero/ros2_ws/install/first_interfaces/include/first_interfaces/first_interfaces/srv/detail
[0.422s] -- Up-to-date: /home/eilero/ros2_ws/install/first_interfaces/include/first_interfaces/first_interfaces/srv/detail/add_three_ints__type_support.cpp
[0.422s] -- Up-to-date: /home/eilero/ros2_ws/install/first_interfaces/include/first_interfaces/first_interfaces/srv/detail/add_three_ints__rosidl_typesupport_introspection_cpp.hpp
[0.422s] -- Up-to-date: /home/eilero/ros2_ws/install/first_interfaces/include/first_interfaces/first_interfaces/msg
[0.422s] -- Up-to-date: /home/eilero/ros2_ws/install/first_interfaces/include/first_interfaces/first_interfaces/msg/detail
[0.422s] -- Up-to-date: /home/eilero/ros2_ws/install/first_interfaces/include/first_interfaces/first_interfaces/msg/detail/sphere__rosidl_typesupport_introspection_cpp.hpp
[0.422s] -- Up-to-date: /home/eilero/ros2_ws/install/first_interfaces/include/first_interfaces/first_interfaces/msg/detail/num__rosidl_typesupport_introspection_cpp.hpp
[0.423s] -- Up-to-date: /home/eilero/ros2_ws/install/first_interfaces/include/first_interfaces/first_interfaces/msg/detail/sphere__type_support.cpp
[0.423s] -- Up-to-date: /home/eilero/ros2_ws/install/first_interfaces/include/first_interfaces/first_interfaces/msg/detail/num__type_support.cpp
[0.423s] -- Up-to-date: /home/eilero/ros2_ws/install/first_interfaces/lib/libfirst_interfaces__rosidl_typesupport_introspection_cpp.so
[0.423s] -- Up-to-date: /home/eilero/ros2_ws/install/first_interfaces/lib/libfirst_interfaces__rosidl_typesupport_cpp.so
[0.423s] -- Up-to-date: /home/eilero/ros2_ws/install/first_interfaces/share/first_interfaces/environment/pythonpath.sh
[0.423s] -- Up-to-date: /home/eilero/ros2_ws/install/first_interfaces/share/first_interfaces/environment/pythonpath.dsv
[0.423s] -- Up-to-date: /home/eilero/ros2_ws/install/first_interfaces/lib/python3.12/site-packages/first_interfaces-0.0.0-py3.12.egg-info
[0.423s] -- Installing: /home/eilero/ros2_ws/install/first_interfaces/lib/python3.12/site-packages/first_interfaces-0.0.0-py3.12.egg-info/PKG-INFO
[0.423s] -- Installing: /home/eilero/ros2_ws/install/first_interfaces/lib/python3.12/site-packages/first_interfaces-0.0.0-py3.12.egg-info/SOURCES.txt
[0.423s] -- Installing: /home/eilero/ros2_ws/install/first_interfaces/lib/python3.12/site-packages/first_interfaces-0.0.0-py3.12.egg-info/top_level.txt
[0.423s] -- Installing: /home/eilero/ros2_ws/install/first_interfaces/lib/python3.12/site-packages/first_interfaces-0.0.0-py3.12.egg-info/dependency_links.txt
[0.423s] -- Up-to-date: /home/eilero/ros2_ws/install/first_interfaces/lib/python3.12/site-packages/first_interfaces
[0.423s] -- Up-to-date: /home/eilero/ros2_ws/install/first_interfaces/lib/python3.12/site-packages/first_interfaces/first_interfaces_s__rosidl_typesupport_c.so
[0.423s] -- Up-to-date: /home/eilero/ros2_ws/install/first_interfaces/lib/python3.12/site-packages/first_interfaces/first_interfaces_s__rosidl_typesupport_fastrtps_c.so
[0.423s] -- Up-to-date: /home/eilero/ros2_ws/install/first_interfaces/lib/python3.12/site-packages/first_interfaces/srv
[0.423s] -- Up-to-date: /home/eilero/ros2_ws/install/first_interfaces/lib/python3.12/site-packages/first_interfaces/srv/_add_three_ints.py
[0.424s] -- Up-to-date: /home/eilero/ros2_ws/install/first_interfaces/lib/python3.12/site-packages/first_interfaces/srv/__init__.py
[0.424s] -- Up-to-date: /home/eilero/ros2_ws/install/first_interfaces/lib/python3.12/site-packages/first_interfaces/srv/_add_three_ints_s.c
[0.424s] -- Up-to-date: /home/eilero/ros2_ws/install/first_interfaces/lib/python3.12/site-packages/first_interfaces/msg
[0.424s] -- Up-to-date: /home/eilero/ros2_ws/install/first_interfaces/lib/python3.12/site-packages/first_interfaces/msg/_num_s.c
[0.424s] -- Up-to-date: /home/eilero/ros2_ws/install/first_interfaces/lib/python3.12/site-packages/first_interfaces/msg/_num.py
[0.424s] -- Up-to-date: /home/eilero/ros2_ws/install/first_interfaces/lib/python3.12/site-packages/first_interfaces/msg/_sphere.py
[0.424s] -- Up-to-date: /home/eilero/ros2_ws/install/first_interfaces/lib/python3.12/site-packages/first_interfaces/msg/__init__.py
[0.424s] -- Up-to-date: /home/eilero/ros2_ws/install/first_interfaces/lib/python3.12/site-packages/first_interfaces/msg/_sphere_s.c
[0.424s] -- Up-to-date: /home/eilero/ros2_ws/install/first_interfaces/lib/python3.12/site-packages/first_interfaces/__init__.py
[0.424s] -- Up-to-date: /home/eilero/ros2_ws/install/first_interfaces/lib/python3.12/site-packages/first_interfaces/_first_interfaces_s.ep.rosidl_typesupport_introspection_c.c
[0.424s] -- Up-to-date: /home/eilero/ros2_ws/install/first_interfaces/lib/python3.12/site-packages/first_interfaces/_first_interfaces_s.ep.rosidl_typesupport_c.c
[0.424s] -- Up-to-date: /home/eilero/ros2_ws/install/first_interfaces/lib/python3.12/site-packages/first_interfaces/_first_interfaces_s.ep.rosidl_typesupport_fastrtps_c.c
[0.424s] -- Up-to-date: /home/eilero/ros2_ws/install/first_interfaces/lib/python3.12/site-packages/first_interfaces/first_interfaces_s__rosidl_typesupport_introspection_c.so
[0.453s] Listing '/home/eilero/ros2_ws/install/first_interfaces/lib/python3.12/site-packages/first_interfaces'...
[0.453s] Listing '/home/eilero/ros2_ws/install/first_interfaces/lib/python3.12/site-packages/first_interfaces/msg'...
[0.453s] Listing '/home/eilero/ros2_ws/install/first_interfaces/lib/python3.12/site-packages/first_interfaces/srv'...
[0.459s] -- Up-to-date: /home/eilero/ros2_ws/install/first_interfaces/lib/python3.12/site-packages/first_interfaces/first_interfaces_s__rosidl_typesupport_fastrtps_c.so
[0.459s] -- Up-to-date: /home/eilero/ros2_ws/install/first_interfaces/lib/python3.12/site-packages/first_interfaces/first_interfaces_s__rosidl_typesupport_introspection_c.so
[0.460s] -- Up-to-date: /home/eilero/ros2_ws/install/first_interfaces/lib/python3.12/site-packages/first_interfaces/first_interfaces_s__rosidl_typesupport_c.so
[0.460s] -- Up-to-date: /home/eilero/ros2_ws/install/first_interfaces/lib/libfirst_interfaces__rosidl_generator_py.so
[0.460s] -- Up-to-date: /home/eilero/ros2_ws/install/first_interfaces/share/first_interfaces/msg/Num.idl
[0.460s] -- Up-to-date: /home/eilero/ros2_ws/install/first_interfaces/share/first_interfaces/msg/Sphere.idl
[0.460s] -- Up-to-date: /home/eilero/ros2_ws/install/first_interfaces/share/first_interfaces/srv/AddThreeInts.idl
[0.460s] -- Up-to-date: /home/eilero/ros2_ws/install/first_interfaces/share/first_interfaces/msg/Num.msg
[0.461s] -- Up-to-date: /home/eilero/ros2_ws/install/first_interfaces/share/first_interfaces/msg/Sphere.msg
[0.461s] -- Up-to-date: /home/eilero/ros2_ws/install/first_interfaces/share/first_interfaces/srv/AddThreeInts.srv
[0.461s] -- Up-to-date: /home/eilero/ros2_ws/install/first_interfaces/share/ament_index/resource_index/package_run_dependencies/first_interfaces
[0.461s] -- Up-to-date: /home/eilero/ros2_ws/install/first_interfaces/share/ament_index/resource_index/parent_prefix_path/first_interfaces
[0.461s] -- Up-to-date: /home/eilero/ros2_ws/install/first_interfaces/share/first_interfaces/environment/ament_prefix_path.sh
[0.461s] -- Up-to-date: /home/eilero/ros2_ws/install/first_interfaces/share/first_interfaces/environment/ament_prefix_path.dsv
[0.461s] -- Up-to-date: /home/eilero/ros2_ws/install/first_interfaces/share/first_interfaces/environment/path.sh
[0.461s] -- Up-to-date: /home/eilero/ros2_ws/install/first_interfaces/share/first_interfaces/environment/path.dsv
[0.461s] -- Up-to-date: /home/eilero/ros2_ws/install/first_interfaces/share/first_interfaces/local_setup.bash
[0.461s] -- Up-to-date: /home/eilero/ros2_ws/install/first_interfaces/share/first_interfaces/local_setup.sh
[0.461s] -- Up-to-date: /home/eilero/ros2_ws/install/first_interfaces/share/first_interfaces/local_setup.zsh
[0.461s] -- Up-to-date: /home/eilero/ros2_ws/install/first_interfaces/share/first_interfaces/local_setup.dsv
[0.461s] -- Installing: /home/eilero/ros2_ws/install/first_interfaces/share/first_interfaces/package.dsv
[0.461s] -- Up-to-date: /home/eilero/ros2_ws/install/first_interfaces/share/ament_index/resource_index/packages/first_interfaces
[0.461s] -- Up-to-date: /home/eilero/ros2_ws/install/first_interfaces/share/first_interfaces/cmake/export_first_interfaces__rosidl_generator_cExport.cmake
[0.461s] -- Up-to-date: /home/eilero/ros2_ws/install/first_interfaces/share/first_interfaces/cmake/export_first_interfaces__rosidl_generator_cExport-noconfig.cmake
[0.461s] -- Up-to-date: /home/eilero/ros2_ws/install/first_interfaces/share/first_interfaces/cmake/export_first_interfaces__rosidl_typesupport_fastrtps_cExport.cmake
[0.462s] -- Up-to-date: /home/eilero/ros2_ws/install/first_interfaces/share/first_interfaces/cmake/export_first_interfaces__rosidl_typesupport_fastrtps_cExport-noconfig.cmake
[0.462s] -- Up-to-date: /home/eilero/ros2_ws/install/first_interfaces/share/first_interfaces/cmake/first_interfaces__rosidl_typesupport_introspection_cExport.cmake
[0.462s] -- Up-to-date: /home/eilero/ros2_ws/install/first_interfaces/share/first_interfaces/cmake/first_interfaces__rosidl_typesupport_introspection_cExport-noconfig.cmake
[0.462s] -- Up-to-date: /home/eilero/ros2_ws/install/first_interfaces/share/first_interfaces/cmake/first_interfaces__rosidl_typesupport_cExport.cmake
[0.462s] -- Up-to-date: /home/eilero/ros2_ws/install/first_interfaces/share/first_interfaces/cmake/first_interfaces__rosidl_typesupport_cExport-noconfig.cmake
[0.462s] -- Up-to-date: /home/eilero/ros2_ws/install/first_interfaces/share/first_interfaces/cmake/export_first_interfaces__rosidl_generator_cppExport.cmake
[0.462s] -- Up-to-date: /home/eilero/ros2_ws/install/first_interfaces/share/first_interfaces/cmake/export_first_interfaces__rosidl_typesupport_fastrtps_cppExport.cmake
[0.462s] -- Up-to-date: /home/eilero/ros2_ws/install/first_interfaces/share/first_interfaces/cmake/export_first_interfaces__rosidl_typesupport_fastrtps_cppExport-noconfig.cmake
[0.462s] -- Up-to-date: /home/eilero/ros2_ws/install/first_interfaces/share/first_interfaces/cmake/first_interfaces__rosidl_typesupport_introspection_cppExport.cmake
[0.462s] -- Up-to-date: /home/eilero/ros2_ws/install/first_interfaces/share/first_interfaces/cmake/first_interfaces__rosidl_typesupport_introspection_cppExport-noconfig.cmake
[0.462s] -- Up-to-date: /home/eilero/ros2_ws/install/first_interfaces/share/first_interfaces/cmake/first_interfaces__rosidl_typesupport_cppExport.cmake
[0.462s] -- Up-to-date: /home/eilero/ros2_ws/install/first_interfaces/share/first_interfaces/cmake/first_interfaces__rosidl_typesupport_cppExport-noconfig.cmake
[0.463s] -- Up-to-date: /home/eilero/ros2_ws/install/first_interfaces/share/first_interfaces/cmake/export_first_interfaces__rosidl_generator_pyExport.cmake
[0.463s] -- Up-to-date: /home/eilero/ros2_ws/install/first_interfaces/share/first_interfaces/cmake/export_first_interfaces__rosidl_generator_pyExport-noconfig.cmake
[0.463s] -- Up-to-date: /home/eilero/ros2_ws/install/first_interfaces/share/first_interfaces/cmake/rosidl_cmake-extras.cmake
[0.463s] -- Up-to-date: /home/eilero/ros2_ws/install/first_interfaces/share/first_interfaces/cmake/ament_cmake_export_dependencies-extras.cmake
[0.463s] -- Up-to-date: /home/eilero/ros2_ws/install/first_interfaces/share/first_interfaces/cmake/ament_cmake_export_include_directories-extras.cmake
[0.463s] -- Up-to-date: /home/eilero/ros2_ws/install/first_interfaces/share/first_interfaces/cmake/ament_cmake_export_libraries-extras.cmake
[0.463s] -- Up-to-date: /home/eilero/ros2_ws/install/first_interfaces/share/first_interfaces/cmake/ament_cmake_export_targets-extras.cmake
[0.463s] -- Up-to-date: /home/eilero/ros2_ws/install/first_interfaces/share/first_interfaces/cmake/rosidl_cmake_export_typesupport_targets-extras.cmake
[0.463s] -- Up-to-date: /home/eilero/ros2_ws/install/first_interfaces/share/first_interfaces/cmake/rosidl_cmake_export_typesupport_libraries-extras.cmake
[0.463s] -- Up-to-date: /home/eilero/ros2_ws/install/first_interfaces/share/first_interfaces/cmake/first_interfacesConfig.cmake
[0.463s] -- Up-to-date: /home/eilero/ros2_ws/install/first_interfaces/share/first_interfaces/cmake/first_interfacesConfig-version.cmake
[0.463s] -- Up-to-date: /home/eilero/ros2_ws/install/first_interfaces/share/first_interfaces/package.xml
[0.467s] Invoked command in '/home/eilero/ros2_ws/build/first_interfaces' returned '0': CMAKE_PREFIX_PATH=${CMAKE_PREFIX_PATH}:/opt/ros/jazzy /usr/bin/cmake --install /home/eilero/ros2_ws/build/first_interfaces
