-- Found geometry_msgs: 5.3.6 (/opt/ros/jazzy/share/geometry_msgs/cmake)
-- Found rosidl_generator_c: 4.6.6 (/opt/ros/jazzy/share/rosidl_generator_c/cmake)
-- Found rosidl_generator_cpp: 4.6.6 (/opt/ros/jazzy/share/rosidl_generator_cpp/cmake)
-- Using all available rosidl_typesupport_c: rosidl_typesupport_fastrtps_c;rosidl_typesupport_introspection_c
-- Using all available rosidl_typesupport_cpp: rosidl_typesupport_fastrtps_cpp;rosidl_typesupport_introspection_cpp
-- Found rosidl_default_generators: 1.6.0 (/opt/ros/jazzy/share/rosidl_default_generators/cmake)
-- Found rosidl_adapter: 4.6.6 (/opt/ros/jazzy/share/rosidl_adapter/cmake)
-- Found ament_cmake_ros: 0.12.0 (/opt/ros/jazzy/share/ament_cmake_ros/cmake)
-- Using all available rosidl_typesupport_c: rosidl_typesupport_fastrtps_c;rosidl_typesupport_introspection_c
-- Using all available rosidl_typesupport_cpp: rosidl_typesupport_fastrtps_cpp;rosidl_typesupport_introspection_cpp
-- Found python_cmake_module: 0.11.1 (/opt/ros/jazzy/share/python_cmake_module/cmake)
-- Found PythonExtra: /usr/bin/python3  
-- Found Python3: /usr/bin/python3 (found version "3.12.3") found components: Interpreter Development NumPy Development.Module Development.Embed 
-- Found ament_lint_auto: 0.17.3 (/opt/ros/jazzy/share/ament_lint_auto/cmake)
-- Added test 'cppcheck' to perform static code analysis on C / C++ code
-- Configured cppcheck include dirs: 
-- Configured cppcheck exclude dirs and/or files: 
-- Added test 'flake8' to check Python code syntax and style conventions
-- Configured 'flake8' exclude dirs and/or files: 
-- Added test 'lint_cmake' to check CMake code style
-- Added test 'pep257' to check Python code against some of the docstring style conventions in PEP 257
-- Added test 'uncrustify' to check C / C++ code style
-- Configured uncrustify additional arguments: 
-- Added test 'xmllint' to check XML markup files
-- Configuring done (3.0s)
-- Generating done (0.0s)
-- Build files have been written to: /home/eilero/ros2_ws/src/build/first_interfaces
[  1%] [34m[1mGenerating type hashes for ROS interfaces[0m
[  1%] Built target ament_cmake_python_copy_first_interfaces
running egg_info
creating first_interfaces.egg-info
[  1%] Built target first_interfaces__rosidl_generator_type_description
writing first_interfaces.egg-info/PKG-INFO
writing dependency_links to first_interfaces.egg-info/dependency_links.txt
writing top-level names to first_interfaces.egg-info/top_level.txt
writing manifest file 'first_interfaces.egg-info/SOURCES.txt'
[  3%] [34m[1mGenerating C code for ROS interfaces[0m
[  5%] [34m[1mGenerating C++ code for ROS interfaces[0m
reading manifest file 'first_interfaces.egg-info/SOURCES.txt'
writing manifest file 'first_interfaces.egg-info/SOURCES.txt'
[  5%] Built target ament_cmake_python_build_first_interfaces_egg
[  5%] Built target first_interfaces__cpp
[ 14%] [32mBuilding C object CMakeFiles/first_interfaces__rosidl_generator_c.dir/rosidl_generator_c/first_interfaces/msg/detail/num__type_support.c.o[0m
[ 14%] [32mBuilding C object CMakeFiles/first_interfaces__rosidl_generator_c.dir/rosidl_generator_c/first_interfaces/msg/detail/sphere__functions.c.o[0m
[ 14%] [32mBuilding C object CMakeFiles/first_interfaces__rosidl_generator_c.dir/rosidl_generator_c/first_interfaces/srv/detail/add_three_ints__functions.c.o[0m
[ 14%] [32mBuilding C object CMakeFiles/first_interfaces__rosidl_generator_c.dir/rosidl_generator_c/first_interfaces/srv/detail/add_three_ints__type_support.c.o[0m
[ 14%] [32mBuilding C object CMakeFiles/first_interfaces__rosidl_generator_c.dir/rosidl_generator_c/first_interfaces/msg/detail/sphere__type_support.c.o[0m
[ 16%] [32mBuilding C object CMakeFiles/first_interfaces__rosidl_generator_c.dir/rosidl_generator_c/first_interfaces/msg/detail/num__description.c.o[0m
[ 18%] [32mBuilding C object CMakeFiles/first_interfaces__rosidl_generator_c.dir/rosidl_generator_c/first_interfaces/msg/detail/num__functions.c.o[0m
[ 20%] [32mBuilding C object CMakeFiles/first_interfaces__rosidl_generator_c.dir/rosidl_generator_c/first_interfaces/msg/detail/sphere__description.c.o[0m
[ 22%] [32mBuilding C object CMakeFiles/first_interfaces__rosidl_generator_c.dir/rosidl_generator_c/first_interfaces/srv/detail/add_three_ints__description.c.o[0m
[ 24%] [32m[1mLinking C shared library libfirst_interfaces__rosidl_generator_c.so[0m
[ 24%] Built target first_interfaces__rosidl_generator_c
[ 29%] [34m[1mGenerating C type support for eProsima Fast-RTPS[0m
[ 29%] [34m[1mGenerating C++ type support dispatch for ROS interfaces[0m
[ 29%] [34m[1mGenerating C++ type support for eProsima Fast-RTPS[0m
[ 31%] [34m[1mGenerating C++ introspection for ROS interfaces[0m
[ 33%] [34m[1mGenerating C introspection for ROS interfaces[0m
[ 35%] [34m[1mGenerating C type support dispatch for ROS interfaces[0m
[ 42%] [32mBuilding CXX object CMakeFiles/first_interfaces__rosidl_typesupport_c.dir/rosidl_typesupport_c/first_interfaces/msg/num__type_support.cpp.o[0m
[ 42%] [32mBuilding CXX object CMakeFiles/first_interfaces__rosidl_typesupport_cpp.dir/rosidl_typesupport_cpp/first_interfaces/msg/num__type_support.cpp.o[0m
[ 42%] [32mBuilding CXX object CMakeFiles/first_interfaces__rosidl_typesupport_cpp.dir/rosidl_typesupport_cpp/first_interfaces/msg/sphere__type_support.cpp.o[0m
[ 42%] [32mBuilding CXX object CMakeFiles/first_interfaces__rosidl_typesupport_c.dir/rosidl_typesupport_c/first_interfaces/msg/sphere__type_support.cpp.o[0m
[ 44%] [32mBuilding CXX object CMakeFiles/first_interfaces__rosidl_typesupport_cpp.dir/rosidl_typesupport_cpp/first_interfaces/srv/add_three_ints__type_support.cpp.o[0m
[ 46%] [32mBuilding CXX object CMakeFiles/first_interfaces__rosidl_typesupport_c.dir/rosidl_typesupport_c/first_interfaces/srv/add_three_ints__type_support.cpp.o[0m
[ 50%] [32mBuilding CXX object CMakeFiles/first_interfaces__rosidl_typesupport_introspection_cpp.dir/rosidl_typesupport_introspection_cpp/first_interfaces/msg/detail/num__type_support.cpp.o[0m
[ 50%] [32mBuilding CXX object CMakeFiles/first_interfaces__rosidl_typesupport_introspection_cpp.dir/rosidl_typesupport_introspection_cpp/first_interfaces/srv/detail/add_three_ints__type_support.cpp.o[0m
[ 51%] [32mBuilding CXX object CMakeFiles/first_interfaces__rosidl_typesupport_introspection_cpp.dir/rosidl_typesupport_introspection_cpp/first_interfaces/msg/detail/sphere__type_support.cpp.o[0m
[ 53%] [32mBuilding C object CMakeFiles/first_interfaces__rosidl_typesupport_introspection_c.dir/rosidl_typesupport_introspection_c/first_interfaces/msg/detail/num__type_support.c.o[0m
[ 57%] [32mBuilding C object CMakeFiles/first_interfaces__rosidl_typesupport_introspection_c.dir/rosidl_typesupport_introspection_c/first_interfaces/srv/detail/add_three_ints__type_support.c.o[0m
[ 57%] [32mBuilding C object CMakeFiles/first_interfaces__rosidl_typesupport_introspection_c.dir/rosidl_typesupport_introspection_c/first_interfaces/msg/detail/sphere__type_support.c.o[0m
[ 59%] [32m[1mLinking CXX shared library libfirst_interfaces__rosidl_typesupport_c.so[0m
[ 64%] [32mBuilding CXX object CMakeFiles/first_interfaces__rosidl_typesupport_fastrtps_cpp.dir/rosidl_typesupport_fastrtps_cpp/first_interfaces/msg/detail/dds_fastrtps/num__type_support.cpp.o[0m
[ 64%] [32mBuilding CXX object CMakeFiles/first_interfaces__rosidl_typesupport_fastrtps_cpp.dir/rosidl_typesupport_fastrtps_cpp/first_interfaces/msg/detail/dds_fastrtps/sphere__type_support.cpp.o[0m
[ 64%] [32mBuilding CXX object CMakeFiles/first_interfaces__rosidl_typesupport_fastrtps_cpp.dir/rosidl_typesupport_fastrtps_cpp/first_interfaces/srv/detail/dds_fastrtps/add_three_ints__type_support.cpp.o[0m
[ 66%] [32m[1mLinking C shared library libfirst_interfaces__rosidl_typesupport_introspection_c.so[0m
[ 66%] Built target first_interfaces__rosidl_typesupport_c
[ 72%] [32mBuilding CXX object CMakeFiles/first_interfaces__rosidl_typesupport_fastrtps_c.dir/rosidl_typesupport_fastrtps_c/first_interfaces/msg/detail/sphere__type_support_c.cpp.o[0m
[ 72%] [32mBuilding CXX object CMakeFiles/first_interfaces__rosidl_typesupport_fastrtps_c.dir/rosidl_typesupport_fastrtps_c/first_interfaces/msg/detail/num__type_support_c.cpp.o[0m
[ 72%] [32mBuilding CXX object CMakeFiles/first_interfaces__rosidl_typesupport_fastrtps_c.dir/rosidl_typesupport_fastrtps_c/first_interfaces/srv/detail/add_three_ints__type_support_c.cpp.o[0m
[ 72%] Built target first_interfaces__rosidl_typesupport_introspection_c
[ 74%] [32m[1mLinking CXX shared library libfirst_interfaces__rosidl_typesupport_introspection_cpp.so[0m
[ 75%] [32m[1mLinking CXX shared library libfirst_interfaces__rosidl_typesupport_cpp.so[0m
[ 75%] Built target first_interfaces__rosidl_typesupport_introspection_cpp
[ 75%] Built target first_interfaces__rosidl_typesupport_cpp
[ 77%] [32m[1mLinking CXX shared library libfirst_interfaces__rosidl_typesupport_fastrtps_c.so[0m
[ 77%] Built target first_interfaces__rosidl_typesupport_fastrtps_c
[ 79%] [32m[1mLinking CXX shared library libfirst_interfaces__rosidl_typesupport_fastrtps_cpp.so[0m
[ 79%] Built target first_interfaces__rosidl_typesupport_fastrtps_cpp
[ 79%] Built target first_interfaces
[ 81%] [34m[1mGenerating Python code for ROS interfaces[0m
[ 81%] Built target first_interfaces__py
[ 87%] [32mBuilding C object CMakeFiles/first_interfaces__rosidl_generator_py.dir/rosidl_generator_py/first_interfaces/srv/_add_three_ints_s.c.o[0m
[ 87%] [32mBuilding C object CMakeFiles/first_interfaces__rosidl_generator_py.dir/rosidl_generator_py/first_interfaces/msg/_num_s.c.o[0m
[ 87%] [32mBuilding C object CMakeFiles/first_interfaces__rosidl_generator_py.dir/rosidl_generator_py/first_interfaces/msg/_sphere_s.c.o[0m
[ 88%] [32m[1mLinking C shared library libfirst_interfaces__rosidl_generator_py.so[0m
[ 88%] Built target first_interfaces__rosidl_generator_py
[ 90%] [32mBuilding C object CMakeFiles/first_interfaces_s__rosidl_typesupport_introspection_c.dir/rosidl_generator_py/first_interfaces/_first_interfaces_s.ep.rosidl_typesupport_introspection_c.c.o[0m
[ 94%] [32mBuilding C object CMakeFiles/first_interfaces_s__rosidl_typesupport_fastrtps_c.dir/rosidl_generator_py/first_interfaces/_first_interfaces_s.ep.rosidl_typesupport_fastrtps_c.c.o[0m
[ 94%] [32mBuilding C object CMakeFiles/first_interfaces_s__rosidl_typesupport_c.dir/rosidl_generator_py/first_interfaces/_first_interfaces_s.ep.rosidl_typesupport_c.c.o[0m
[ 98%] [32m[1mLinking C shared module rosidl_generator_py/first_interfaces/first_interfaces_s__rosidl_typesupport_c.so[0m
[ 98%] [32m[1mLinking C shared module rosidl_generator_py/first_interfaces/first_interfaces_s__rosidl_typesupport_introspection_c.so[0m
[100%] [32m[1mLinking C shared module rosidl_generator_py/first_interfaces/first_interfaces_s__rosidl_typesupport_fastrtps_c.so[0m
[100%] Built target first_interfaces_s__rosidl_typesupport_c
[100%] Built target first_interfaces_s__rosidl_typesupport_introspection_c
[100%] Built target first_interfaces_s__rosidl_typesupport_fastrtps_c
-- Install configuration: ""
-- Installing: /home/eilero/ros2_ws/src/install/first_interfaces/share/ament_index/resource_index/rosidl_interfaces/first_interfaces
-- Installing: /home/eilero/ros2_ws/src/install/first_interfaces/share/first_interfaces/msg/Num.json
-- Installing: /home/eilero/ros2_ws/src/install/first_interfaces/share/first_interfaces/msg/Sphere.json
-- Installing: /home/eilero/ros2_ws/src/install/first_interfaces/share/first_interfaces/srv/AddThreeInts.json
-- Installing: /home/eilero/ros2_ws/src/install/first_interfaces/include/first_interfaces/first_interfaces
-- Installing: /home/eilero/ros2_ws/src/install/first_interfaces/include/first_interfaces/first_interfaces/srv
-- Installing: /home/eilero/ros2_ws/src/install/first_interfaces/include/first_interfaces/first_interfaces/srv/add_three_ints.h
-- Installing: /home/eilero/ros2_ws/src/install/first_interfaces/include/first_interfaces/first_interfaces/srv/detail
-- Installing: /home/eilero/ros2_ws/src/install/first_interfaces/include/first_interfaces/first_interfaces/srv/detail/add_three_ints__type_support.c
-- Installing: /home/eilero/ros2_ws/src/install/first_interfaces/include/first_interfaces/first_interfaces/srv/detail/add_three_ints__description.c
-- Installing: /home/eilero/ros2_ws/src/install/first_interfaces/include/first_interfaces/first_interfaces/srv/detail/add_three_ints__functions.h
-- Installing: /home/eilero/ros2_ws/src/install/first_interfaces/include/first_interfaces/first_interfaces/srv/detail/add_three_ints__struct.h
-- Installing: /home/eilero/ros2_ws/src/install/first_interfaces/include/first_interfaces/first_interfaces/srv/detail/add_three_ints__functions.c
-- Installing: /home/eilero/ros2_ws/src/install/first_interfaces/include/first_interfaces/first_interfaces/srv/detail/add_three_ints__type_support.h
-- Installing: /home/eilero/ros2_ws/src/install/first_interfaces/include/first_interfaces/first_interfaces/msg
-- Installing: /home/eilero/ros2_ws/src/install/first_interfaces/include/first_interfaces/first_interfaces/msg/sphere.h
-- Installing: /home/eilero/ros2_ws/src/install/first_interfaces/include/first_interfaces/first_interfaces/msg/num.h
-- Installing: /home/eilero/ros2_ws/src/install/first_interfaces/include/first_interfaces/first_interfaces/msg/detail
-- Installing: /home/eilero/ros2_ws/src/install/first_interfaces/include/first_interfaces/first_interfaces/msg/detail/sphere__functions.c
-- Installing: /home/eilero/ros2_ws/src/install/first_interfaces/include/first_interfaces/first_interfaces/msg/detail/sphere__functions.h
-- Installing: /home/eilero/ros2_ws/src/install/first_interfaces/include/first_interfaces/first_interfaces/msg/detail/sphere__type_support.c
-- Installing: /home/eilero/ros2_ws/src/install/first_interfaces/include/first_interfaces/first_interfaces/msg/detail/num__functions.h
-- Installing: /home/eilero/ros2_ws/src/install/first_interfaces/include/first_interfaces/first_interfaces/msg/detail/num__type_support.h
-- Installing: /home/eilero/ros2_ws/src/install/first_interfaces/include/first_interfaces/first_interfaces/msg/detail/sphere__struct.h
-- Installing: /home/eilero/ros2_ws/src/install/first_interfaces/include/first_interfaces/first_interfaces/msg/detail/num__struct.h
-- Installing: /home/eilero/ros2_ws/src/install/first_interfaces/include/first_interfaces/first_interfaces/msg/detail/num__functions.c
-- Installing: /home/eilero/ros2_ws/src/install/first_interfaces/include/first_interfaces/first_interfaces/msg/detail/sphere__type_support.h
-- Installing: /home/eilero/ros2_ws/src/install/first_interfaces/include/first_interfaces/first_interfaces/msg/detail/num__type_support.c
-- Installing: /home/eilero/ros2_ws/src/install/first_interfaces/include/first_interfaces/first_interfaces/msg/detail/num__description.c
-- Installing: /home/eilero/ros2_ws/src/install/first_interfaces/include/first_interfaces/first_interfaces/msg/detail/sphere__description.c
-- Installing: /home/eilero/ros2_ws/src/install/first_interfaces/include/first_interfaces/first_interfaces/msg/rosidl_generator_c__visibility_control.h
-- Installing: /home/eilero/ros2_ws/src/install/first_interfaces/share/first_interfaces/environment/library_path.sh
-- Installing: /home/eilero/ros2_ws/src/install/first_interfaces/share/first_interfaces/environment/library_path.dsv
-- Installing: /home/eilero/ros2_ws/src/install/first_interfaces/lib/libfirst_interfaces__rosidl_generator_c.so
-- Set non-toolchain portion of runtime path of "/home/eilero/ros2_ws/src/install/first_interfaces/lib/libfirst_interfaces__rosidl_generator_c.so" to ""
-- Up-to-date: /home/eilero/ros2_ws/src/install/first_interfaces/include/first_interfaces/first_interfaces
-- Up-to-date: /home/eilero/ros2_ws/src/install/first_interfaces/include/first_interfaces/first_interfaces/srv
-- Up-to-date: /home/eilero/ros2_ws/src/install/first_interfaces/include/first_interfaces/first_interfaces/srv/detail
-- Installing: /home/eilero/ros2_ws/src/install/first_interfaces/include/first_interfaces/first_interfaces/srv/detail/add_three_ints__rosidl_typesupport_fastrtps_c.h
-- Up-to-date: /home/eilero/ros2_ws/src/install/first_interfaces/include/first_interfaces/first_interfaces/msg
-- Installing: /home/eilero/ros2_ws/src/install/first_interfaces/include/first_interfaces/first_interfaces/msg/rosidl_typesupport_fastrtps_c__visibility_control.h
-- Up-to-date: /home/eilero/ros2_ws/src/install/first_interfaces/include/first_interfaces/first_interfaces/msg/detail
-- Installing: /home/eilero/ros2_ws/src/install/first_interfaces/include/first_interfaces/first_interfaces/msg/detail/sphere__rosidl_typesupport_fastrtps_c.h
-- Installing: /home/eilero/ros2_ws/src/install/first_interfaces/include/first_interfaces/first_interfaces/msg/detail/num__rosidl_typesupport_fastrtps_c.h
-- Installing: /home/eilero/ros2_ws/src/install/first_interfaces/lib/libfirst_interfaces__rosidl_typesupport_fastrtps_c.so
-- Set non-toolchain portion of runtime path of "/home/eilero/ros2_ws/src/install/first_interfaces/lib/libfirst_interfaces__rosidl_typesupport_fastrtps_c.so" to ""
-- Up-to-date: /home/eilero/ros2_ws/src/install/first_interfaces/include/first_interfaces/first_interfaces
-- Up-to-date: /home/eilero/ros2_ws/src/install/first_interfaces/include/first_interfaces/first_interfaces/srv
-- Installing: /home/eilero/ros2_ws/src/install/first_interfaces/include/first_interfaces/first_interfaces/srv/add_three_ints.hpp
-- Up-to-date: /home/eilero/ros2_ws/src/install/first_interfaces/include/first_interfaces/first_interfaces/srv/detail
-- Installing: /home/eilero/ros2_ws/src/install/first_interfaces/include/first_interfaces/first_interfaces/srv/detail/add_three_ints__type_support.hpp
-- Installing: /home/eilero/ros2_ws/src/install/first_interfaces/include/first_interfaces/first_interfaces/srv/detail/add_three_ints__builder.hpp
-- Installing: /home/eilero/ros2_ws/src/install/first_interfaces/include/first_interfaces/first_interfaces/srv/detail/add_three_ints__traits.hpp
-- Installing: /home/eilero/ros2_ws/src/install/first_interfaces/include/first_interfaces/first_interfaces/srv/detail/add_three_ints__struct.hpp
-- Up-to-date: /home/eilero/ros2_ws/src/install/first_interfaces/include/first_interfaces/first_interfaces/msg
-- Installing: /home/eilero/ros2_ws/src/install/first_interfaces/include/first_interfaces/first_interfaces/msg/rosidl_generator_cpp__visibility_control.hpp
-- Installing: /home/eilero/ros2_ws/src/install/first_interfaces/include/first_interfaces/first_interfaces/msg/sphere.hpp
-- Installing: /home/eilero/ros2_ws/src/install/first_interfaces/include/first_interfaces/first_interfaces/msg/num.hpp
-- Up-to-date: /home/eilero/ros2_ws/src/install/first_interfaces/include/first_interfaces/first_interfaces/msg/detail
-- Installing: /home/eilero/ros2_ws/src/install/first_interfaces/include/first_interfaces/first_interfaces/msg/detail/sphere__traits.hpp
-- Installing: /home/eilero/ros2_ws/src/install/first_interfaces/include/first_interfaces/first_interfaces/msg/detail/sphere__type_support.hpp
-- Installing: /home/eilero/ros2_ws/src/install/first_interfaces/include/first_interfaces/first_interfaces/msg/detail/sphere__builder.hpp
-- Installing: /home/eilero/ros2_ws/src/install/first_interfaces/include/first_interfaces/first_interfaces/msg/detail/num__builder.hpp
-- Installing: /home/eilero/ros2_ws/src/install/first_interfaces/include/first_interfaces/first_interfaces/msg/detail/num__traits.hpp
-- Installing: /home/eilero/ros2_ws/src/install/first_interfaces/include/first_interfaces/first_interfaces/msg/detail/num__type_support.hpp
-- Installing: /home/eilero/ros2_ws/src/install/first_interfaces/include/first_interfaces/first_interfaces/msg/detail/num__struct.hpp
-- Installing: /home/eilero/ros2_ws/src/install/first_interfaces/include/first_interfaces/first_interfaces/msg/detail/sphere__struct.hpp
-- Up-to-date: /home/eilero/ros2_ws/src/install/first_interfaces/include/first_interfaces/first_interfaces
-- Up-to-date: /home/eilero/ros2_ws/src/install/first_interfaces/include/first_interfaces/first_interfaces/srv
-- Up-to-date: /home/eilero/ros2_ws/src/install/first_interfaces/include/first_interfaces/first_interfaces/srv/detail
-- Installing: /home/eilero/ros2_ws/src/install/first_interfaces/include/first_interfaces/first_interfaces/srv/detail/add_three_ints__rosidl_typesupport_fastrtps_cpp.hpp
-- Installing: /home/eilero/ros2_ws/src/install/first_interfaces/include/first_interfaces/first_interfaces/srv/detail/dds_fastrtps
-- Up-to-date: /home/eilero/ros2_ws/src/install/first_interfaces/include/first_interfaces/first_interfaces/msg
-- Installing: /home/eilero/ros2_ws/src/install/first_interfaces/include/first_interfaces/first_interfaces/msg/rosidl_typesupport_fastrtps_cpp__visibility_control.h
-- Up-to-date: /home/eilero/ros2_ws/src/install/first_interfaces/include/first_interfaces/first_interfaces/msg/detail
-- Installing: /home/eilero/ros2_ws/src/install/first_interfaces/include/first_interfaces/first_interfaces/msg/detail/num__rosidl_typesupport_fastrtps_cpp.hpp
-- Installing: /home/eilero/ros2_ws/src/install/first_interfaces/include/first_interfaces/first_interfaces/msg/detail/sphere__rosidl_typesupport_fastrtps_cpp.hpp
-- Installing: /home/eilero/ros2_ws/src/install/first_interfaces/include/first_interfaces/first_interfaces/msg/detail/dds_fastrtps
-- Installing: /home/eilero/ros2_ws/src/install/first_interfaces/lib/libfirst_interfaces__rosidl_typesupport_fastrtps_cpp.so
-- Set non-toolchain portion of runtime path of "/home/eilero/ros2_ws/src/install/first_interfaces/lib/libfirst_interfaces__rosidl_typesupport_fastrtps_cpp.so" to ""
-- Up-to-date: /home/eilero/ros2_ws/src/install/first_interfaces/include/first_interfaces/first_interfaces
-- Up-to-date: /home/eilero/ros2_ws/src/install/first_interfaces/include/first_interfaces/first_interfaces/srv
-- Up-to-date: /home/eilero/ros2_ws/src/install/first_interfaces/include/first_interfaces/first_interfaces/srv/detail
-- Installing: /home/eilero/ros2_ws/src/install/first_interfaces/include/first_interfaces/first_interfaces/srv/detail/add_three_ints__type_support.c
-- Installing: /home/eilero/ros2_ws/src/install/first_interfaces/include/first_interfaces/first_interfaces/srv/detail/add_three_ints__rosidl_typesupport_introspection_c.h
-- Up-to-date: /home/eilero/ros2_ws/src/install/first_interfaces/include/first_interfaces/first_interfaces/msg
-- Installing: /home/eilero/ros2_ws/src/install/first_interfaces/include/first_interfaces/first_interfaces/msg/rosidl_typesupport_introspection_c__visibility_control.h
-- Up-to-date: /home/eilero/ros2_ws/src/install/first_interfaces/include/first_interfaces/first_interfaces/msg/detail
-- Installing: /home/eilero/ros2_ws/src/install/first_interfaces/include/first_interfaces/first_interfaces/msg/detail/sphere__type_support.c
-- Installing: /home/eilero/ros2_ws/src/install/first_interfaces/include/first_interfaces/first_interfaces/msg/detail/num__rosidl_typesupport_introspection_c.h
-- Installing: /home/eilero/ros2_ws/src/install/first_interfaces/include/first_interfaces/first_interfaces/msg/detail/num__type_support.c
-- Installing: /home/eilero/ros2_ws/src/install/first_interfaces/include/first_interfaces/first_interfaces/msg/detail/sphere__rosidl_typesupport_introspection_c.h
-- Installing: /home/eilero/ros2_ws/src/install/first_interfaces/lib/libfirst_interfaces__rosidl_typesupport_introspection_c.so
-- Set non-toolchain portion of runtime path of "/home/eilero/ros2_ws/src/install/first_interfaces/lib/libfirst_interfaces__rosidl_typesupport_introspection_c.so" to ""
-- Installing: /home/eilero/ros2_ws/src/install/first_interfaces/lib/libfirst_interfaces__rosidl_typesupport_c.so
-- Set non-toolchain portion of runtime path of "/home/eilero/ros2_ws/src/install/first_interfaces/lib/libfirst_interfaces__rosidl_typesupport_c.so" to ""
-- Up-to-date: /home/eilero/ros2_ws/src/install/first_interfaces/include/first_interfaces/first_interfaces
-- Up-to-date: /home/eilero/ros2_ws/src/install/first_interfaces/include/first_interfaces/first_interfaces/srv
-- Up-to-date: /home/eilero/ros2_ws/src/install/first_interfaces/include/first_interfaces/first_interfaces/srv/detail
-- Installing: /home/eilero/ros2_ws/src/install/first_interfaces/include/first_interfaces/first_interfaces/srv/detail/add_three_ints__type_support.cpp
-- Installing: /home/eilero/ros2_ws/src/install/first_interfaces/include/first_interfaces/first_interfaces/srv/detail/add_three_ints__rosidl_typesupport_introspection_cpp.hpp
-- Up-to-date: /home/eilero/ros2_ws/src/install/first_interfaces/include/first_interfaces/first_interfaces/msg
-- Up-to-date: /home/eilero/ros2_ws/src/install/first_interfaces/include/first_interfaces/first_interfaces/msg/detail
-- Installing: /home/eilero/ros2_ws/src/install/first_interfaces/include/first_interfaces/first_interfaces/msg/detail/sphere__rosidl_typesupport_introspection_cpp.hpp
-- Installing: /home/eilero/ros2_ws/src/install/first_interfaces/include/first_interfaces/first_interfaces/msg/detail/num__rosidl_typesupport_introspection_cpp.hpp
-- Installing: /home/eilero/ros2_ws/src/install/first_interfaces/include/first_interfaces/first_interfaces/msg/detail/sphere__type_support.cpp
-- Installing: /home/eilero/ros2_ws/src/install/first_interfaces/include/first_interfaces/first_interfaces/msg/detail/num__type_support.cpp
-- Installing: /home/eilero/ros2_ws/src/install/first_interfaces/lib/libfirst_interfaces__rosidl_typesupport_introspection_cpp.so
-- Set non-toolchain portion of runtime path of "/home/eilero/ros2_ws/src/install/first_interfaces/lib/libfirst_interfaces__rosidl_typesupport_introspection_cpp.so" to ""
-- Installing: /home/eilero/ros2_ws/src/install/first_interfaces/lib/libfirst_interfaces__rosidl_typesupport_cpp.so
-- Set non-toolchain portion of runtime path of "/home/eilero/ros2_ws/src/install/first_interfaces/lib/libfirst_interfaces__rosidl_typesupport_cpp.so" to ""
-- Installing: /home/eilero/ros2_ws/src/install/first_interfaces/share/first_interfaces/environment/pythonpath.sh
-- Installing: /home/eilero/ros2_ws/src/install/first_interfaces/share/first_interfaces/environment/pythonpath.dsv
-- Installing: /home/eilero/ros2_ws/src/install/first_interfaces/lib/python3.12/site-packages/first_interfaces-0.0.0-py3.12.egg-info
-- Installing: /home/eilero/ros2_ws/src/install/first_interfaces/lib/python3.12/site-packages/first_interfaces-0.0.0-py3.12.egg-info/PKG-INFO
-- Installing: /home/eilero/ros2_ws/src/install/first_interfaces/lib/python3.12/site-packages/first_interfaces-0.0.0-py3.12.egg-info/SOURCES.txt
-- Installing: /home/eilero/ros2_ws/src/install/first_interfaces/lib/python3.12/site-packages/first_interfaces-0.0.0-py3.12.egg-info/top_level.txt
-- Installing: /home/eilero/ros2_ws/src/install/first_interfaces/lib/python3.12/site-packages/first_interfaces-0.0.0-py3.12.egg-info/dependency_links.txt
-- Installing: /home/eilero/ros2_ws/src/install/first_interfaces/lib/python3.12/site-packages/first_interfaces
-- Installing: /home/eilero/ros2_ws/src/install/first_interfaces/lib/python3.12/site-packages/first_interfaces/first_interfaces_s__rosidl_typesupport_c.so
-- Installing: /home/eilero/ros2_ws/src/install/first_interfaces/lib/python3.12/site-packages/first_interfaces/first_interfaces_s__rosidl_typesupport_fastrtps_c.so
-- Installing: /home/eilero/ros2_ws/src/install/first_interfaces/lib/python3.12/site-packages/first_interfaces/srv
-- Installing: /home/eilero/ros2_ws/src/install/first_interfaces/lib/python3.12/site-packages/first_interfaces/srv/_add_three_ints.py
-- Installing: /home/eilero/ros2_ws/src/install/first_interfaces/lib/python3.12/site-packages/first_interfaces/srv/__init__.py
-- Installing: /home/eilero/ros2_ws/src/install/first_interfaces/lib/python3.12/site-packages/first_interfaces/srv/_add_three_ints_s.c
-- Installing: /home/eilero/ros2_ws/src/install/first_interfaces/lib/python3.12/site-packages/first_interfaces/msg
-- Installing: /home/eilero/ros2_ws/src/install/first_interfaces/lib/python3.12/site-packages/first_interfaces/msg/_num_s.c
-- Installing: /home/eilero/ros2_ws/src/install/first_interfaces/lib/python3.12/site-packages/first_interfaces/msg/_num.py
-- Installing: /home/eilero/ros2_ws/src/install/first_interfaces/lib/python3.12/site-packages/first_interfaces/msg/_sphere.py
-- Installing: /home/eilero/ros2_ws/src/install/first_interfaces/lib/python3.12/site-packages/first_interfaces/msg/__init__.py
-- Installing: /home/eilero/ros2_ws/src/install/first_interfaces/lib/python3.12/site-packages/first_interfaces/msg/_sphere_s.c
-- Installing: /home/eilero/ros2_ws/src/install/first_interfaces/lib/python3.12/site-packages/first_interfaces/__init__.py
-- Installing: /home/eilero/ros2_ws/src/install/first_interfaces/lib/python3.12/site-packages/first_interfaces/_first_interfaces_s.ep.rosidl_typesupport_introspection_c.c
-- Installing: /home/eilero/ros2_ws/src/install/first_interfaces/lib/python3.12/site-packages/first_interfaces/_first_interfaces_s.ep.rosidl_typesupport_c.c
-- Installing: /home/eilero/ros2_ws/src/install/first_interfaces/lib/python3.12/site-packages/first_interfaces/_first_interfaces_s.ep.rosidl_typesupport_fastrtps_c.c
-- Installing: /home/eilero/ros2_ws/src/install/first_interfaces/lib/python3.12/site-packages/first_interfaces/first_interfaces_s__rosidl_typesupport_introspection_c.so
Listing '/home/eilero/ros2_ws/src/install/first_interfaces/lib/python3.12/site-packages/first_interfaces'...
Compiling '/home/eilero/ros2_ws/src/install/first_interfaces/lib/python3.12/site-packages/first_interfaces/__init__.py'...
Listing '/home/eilero/ros2_ws/src/install/first_interfaces/lib/python3.12/site-packages/first_interfaces/msg'...
Compiling '/home/eilero/ros2_ws/src/install/first_interfaces/lib/python3.12/site-packages/first_interfaces/msg/__init__.py'...
Compiling '/home/eilero/ros2_ws/src/install/first_interfaces/lib/python3.12/site-packages/first_interfaces/msg/_num.py'...
Compiling '/home/eilero/ros2_ws/src/install/first_interfaces/lib/python3.12/site-packages/first_interfaces/msg/_sphere.py'...
Listing '/home/eilero/ros2_ws/src/install/first_interfaces/lib/python3.12/site-packages/first_interfaces/srv'...
Compiling '/home/eilero/ros2_ws/src/install/first_interfaces/lib/python3.12/site-packages/first_interfaces/srv/__init__.py'...
Compiling '/home/eilero/ros2_ws/src/install/first_interfaces/lib/python3.12/site-packages/first_interfaces/srv/_add_three_ints.py'...
-- Installing: /home/eilero/ros2_ws/src/install/first_interfaces/lib/python3.12/site-packages/first_interfaces/first_interfaces_s__rosidl_typesupport_fastrtps_c.so
-- Set non-toolchain portion of runtime path of "/home/eilero/ros2_ws/src/install/first_interfaces/lib/python3.12/site-packages/first_interfaces/first_interfaces_s__rosidl_typesupport_fastrtps_c.so" to ""
-- Installing: /home/eilero/ros2_ws/src/install/first_interfaces/lib/python3.12/site-packages/first_interfaces/first_interfaces_s__rosidl_typesupport_introspection_c.so
-- Set non-toolchain portion of runtime path of "/home/eilero/ros2_ws/src/install/first_interfaces/lib/python3.12/site-packages/first_interfaces/first_interfaces_s__rosidl_typesupport_introspection_c.so" to ""
-- Installing: /home/eilero/ros2_ws/src/install/first_interfaces/lib/python3.12/site-packages/first_interfaces/first_interfaces_s__rosidl_typesupport_c.so
-- Set non-toolchain portion of runtime path of "/home/eilero/ros2_ws/src/install/first_interfaces/lib/python3.12/site-packages/first_interfaces/first_interfaces_s__rosidl_typesupport_c.so" to ""
-- Installing: /home/eilero/ros2_ws/src/install/first_interfaces/lib/libfirst_interfaces__rosidl_generator_py.so
-- Set non-toolchain portion of runtime path of "/home/eilero/ros2_ws/src/install/first_interfaces/lib/libfirst_interfaces__rosidl_generator_py.so" to ""
-- Installing: /home/eilero/ros2_ws/src/install/first_interfaces/share/first_interfaces/msg/Num.idl
-- Installing: /home/eilero/ros2_ws/src/install/first_interfaces/share/first_interfaces/msg/Sphere.idl
-- Installing: /home/eilero/ros2_ws/src/install/first_interfaces/share/first_interfaces/srv/AddThreeInts.idl
-- Installing: /home/eilero/ros2_ws/src/install/first_interfaces/share/first_interfaces/msg/Num.msg
-- Installing: /home/eilero/ros2_ws/src/install/first_interfaces/share/first_interfaces/msg/Sphere.msg
-- Installing: /home/eilero/ros2_ws/src/install/first_interfaces/share/first_interfaces/srv/AddThreeInts.srv
-- Installing: /home/eilero/ros2_ws/src/install/first_interfaces/share/ament_index/resource_index/package_run_dependencies/first_interfaces
-- Installing: /home/eilero/ros2_ws/src/install/first_interfaces/share/ament_index/resource_index/parent_prefix_path/first_interfaces
-- Installing: /home/eilero/ros2_ws/src/install/first_interfaces/share/first_interfaces/environment/ament_prefix_path.sh
-- Installing: /home/eilero/ros2_ws/src/install/first_interfaces/share/first_interfaces/environment/ament_prefix_path.dsv
-- Installing: /home/eilero/ros2_ws/src/install/first_interfaces/share/first_interfaces/environment/path.sh
-- Installing: /home/eilero/ros2_ws/src/install/first_interfaces/share/first_interfaces/environment/path.dsv
-- Installing: /home/eilero/ros2_ws/src/install/first_interfaces/share/first_interfaces/local_setup.bash
-- Installing: /home/eilero/ros2_ws/src/install/first_interfaces/share/first_interfaces/local_setup.sh
-- Installing: /home/eilero/ros2_ws/src/install/first_interfaces/share/first_interfaces/local_setup.zsh
-- Installing: /home/eilero/ros2_ws/src/install/first_interfaces/share/first_interfaces/local_setup.dsv
-- Installing: /home/eilero/ros2_ws/src/install/first_interfaces/share/first_interfaces/package.dsv
-- Installing: /home/eilero/ros2_ws/src/install/first_interfaces/share/ament_index/resource_index/packages/first_interfaces
-- Installing: /home/eilero/ros2_ws/src/install/first_interfaces/share/first_interfaces/cmake/export_first_interfaces__rosidl_generator_cExport.cmake
-- Installing: /home/eilero/ros2_ws/src/install/first_interfaces/share/first_interfaces/cmake/export_first_interfaces__rosidl_generator_cExport-noconfig.cmake
-- Installing: /home/eilero/ros2_ws/src/install/first_interfaces/share/first_interfaces/cmake/export_first_interfaces__rosidl_typesupport_fastrtps_cExport.cmake
-- Installing: /home/eilero/ros2_ws/src/install/first_interfaces/share/first_interfaces/cmake/export_first_interfaces__rosidl_typesupport_fastrtps_cExport-noconfig.cmake
-- Installing: /home/eilero/ros2_ws/src/install/first_interfaces/share/first_interfaces/cmake/export_first_interfaces__rosidl_generator_cppExport.cmake
-- Installing: /home/eilero/ros2_ws/src/install/first_interfaces/share/first_interfaces/cmake/export_first_interfaces__rosidl_typesupport_fastrtps_cppExport.cmake
-- Installing: /home/eilero/ros2_ws/src/install/first_interfaces/share/first_interfaces/cmake/export_first_interfaces__rosidl_typesupport_fastrtps_cppExport-noconfig.cmake
-- Installing: /home/eilero/ros2_ws/src/install/first_interfaces/share/first_interfaces/cmake/first_interfaces__rosidl_typesupport_introspection_cExport.cmake
-- Installing: /home/eilero/ros2_ws/src/install/first_interfaces/share/first_interfaces/cmake/first_interfaces__rosidl_typesupport_introspection_cExport-noconfig.cmake
-- Installing: /home/eilero/ros2_ws/src/install/first_interfaces/share/first_interfaces/cmake/first_interfaces__rosidl_typesupport_cExport.cmake
-- Installing: /home/eilero/ros2_ws/src/install/first_interfaces/share/first_interfaces/cmake/first_interfaces__rosidl_typesupport_cExport-noconfig.cmake
-- Installing: /home/eilero/ros2_ws/src/install/first_interfaces/share/first_interfaces/cmake/first_interfaces__rosidl_typesupport_introspection_cppExport.cmake
-- Installing: /home/eilero/ros2_ws/src/install/first_interfaces/share/first_interfaces/cmake/first_interfaces__rosidl_typesupport_introspection_cppExport-noconfig.cmake
-- Installing: /home/eilero/ros2_ws/src/install/first_interfaces/share/first_interfaces/cmake/first_interfaces__rosidl_typesupport_cppExport.cmake
-- Installing: /home/eilero/ros2_ws/src/install/first_interfaces/share/first_interfaces/cmake/first_interfaces__rosidl_typesupport_cppExport-noconfig.cmake
-- Installing: /home/eilero/ros2_ws/src/install/first_interfaces/share/first_interfaces/cmake/export_first_interfaces__rosidl_generator_pyExport.cmake
-- Installing: /home/eilero/ros2_ws/src/install/first_interfaces/share/first_interfaces/cmake/export_first_interfaces__rosidl_generator_pyExport-noconfig.cmake
-- Installing: /home/eilero/ros2_ws/src/install/first_interfaces/share/first_interfaces/cmake/rosidl_cmake-extras.cmake
-- Installing: /home/eilero/ros2_ws/src/install/first_interfaces/share/first_interfaces/cmake/ament_cmake_export_dependencies-extras.cmake
-- Installing: /home/eilero/ros2_ws/src/install/first_interfaces/share/first_interfaces/cmake/ament_cmake_export_include_directories-extras.cmake
-- Installing: /home/eilero/ros2_ws/src/install/first_interfaces/share/first_interfaces/cmake/ament_cmake_export_libraries-extras.cmake
-- Installing: /home/eilero/ros2_ws/src/install/first_interfaces/share/first_interfaces/cmake/ament_cmake_export_targets-extras.cmake
-- Installing: /home/eilero/ros2_ws/src/install/first_interfaces/share/first_interfaces/cmake/rosidl_cmake_export_typesupport_targets-extras.cmake
-- Installing: /home/eilero/ros2_ws/src/install/first_interfaces/share/first_interfaces/cmake/rosidl_cmake_export_typesupport_libraries-extras.cmake
-- Installing: /home/eilero/ros2_ws/src/install/first_interfaces/share/first_interfaces/cmake/first_interfacesConfig.cmake
-- Installing: /home/eilero/ros2_ws/src/install/first_interfaces/share/first_interfaces/cmake/first_interfacesConfig-version.cmake
-- Installing: /home/eilero/ros2_ws/src/install/first_interfaces/share/first_interfaces/package.xml
