[0.022s] Invoking command in '/home/eilero/ros2_ws/src/build/first_interfaces': CMAKE_PREFIX_PATH=${CMAKE_PREFIX_PATH}:/opt/ros/jazzy /usr/bin/cmake /home/eilero/ros2_ws/src/first_interfaces -DCMAKE_INSTALL_PREFIX=/home/eilero/ros2_ws/src/install/first_interfaces
[0.047s] -- Found geometry_msgs: 5.3.6 (/opt/ros/jazzy/share/geometry_msgs/cmake)
[0.396s] -- Found rosidl_generator_c: 4.6.6 (/opt/ros/jazzy/share/rosidl_generator_c/cmake)
[0.412s] -- Found rosidl_generator_cpp: 4.6.6 (/opt/ros/jazzy/share/rosidl_generator_cpp/cmake)
[0.430s] -- Using all available rosidl_typesupport_c: rosidl_typesupport_fastrtps_c;rosidl_typesupport_introspection_c
[0.451s] -- Using all available rosidl_typesupport_cpp: rosidl_typesupport_fastrtps_cpp;rosidl_typesupport_introspection_cpp
[0.518s] -- Found rosidl_default_generators: 1.6.0 (/opt/ros/jazzy/share/rosidl_default_generators/cmake)
[0.532s] -- Found rosidl_adapter: 4.6.6 (/opt/ros/jazzy/share/rosidl_adapter/cmake)
[1.452s] -- Found ament_cmake_ros: 0.12.0 (/opt/ros/jazzy/share/ament_cmake_ros/cmake)
[2.296s] -- Using all available rosidl_typesupport_c: rosidl_typesupport_fastrtps_c;rosidl_typesupport_introspection_c
[2.530s] -- Using all available rosidl_typesupport_cpp: rosidl_typesupport_fastrtps_cpp;rosidl_typesupport_introspection_cpp
[2.534s] -- Found python_cmake_module: 0.11.1 (/opt/ros/jazzy/share/python_cmake_module/cmake)
[2.633s] -- Found PythonExtra: /usr/bin/python3  
[2.963s] -- Found Python3: /usr/bin/python3 (found version "3.12.3") found components: Interpreter Development NumPy Development.Module Development.Embed 
[3.014s] -- Found ament_lint_auto: 0.17.3 (/opt/ros/jazzy/share/ament_lint_auto/cmake)
[3.048s] -- Added test 'cppcheck' to perform static code analysis on C / C++ code
[3.048s] -- Configured cppcheck include dirs: 
[3.049s] -- Configured cppcheck exclude dirs and/or files: 
[3.051s] -- Added test 'flake8' to check Python code syntax and style conventions
[3.051s] -- Configured 'flake8' exclude dirs and/or files: 
[3.054s] -- Added test 'lint_cmake' to check CMake code style
[3.056s] -- Added test 'pep257' to check Python code against some of the docstring style conventions in PEP 257
[3.068s] -- Added test 'uncrustify' to check C / C++ code style
[3.068s] -- Configured uncrustify additional arguments: 
[3.069s] -- Added test 'xmllint' to check XML markup files
[3.072s] -- Configuring done (3.0s)
[3.110s] -- Generating done (0.0s)
[3.119s] -- Build files have been written to: /home/eilero/ros2_ws/src/build/first_interfaces
[3.127s] Invoked command in '/home/eilero/ros2_ws/src/build/first_interfaces' returned '0': CMAKE_PREFIX_PATH=${CMAKE_PREFIX_PATH}:/opt/ros/jazzy /usr/bin/cmake /home/eilero/ros2_ws/src/first_interfaces -DCMAKE_INSTALL_PREFIX=/home/eilero/ros2_ws/src/install/first_interfaces
[3.128s] Invoking command in '/home/eilero/ros2_ws/src/build/first_interfaces': CMAKE_PREFIX_PATH=${CMAKE_PREFIX_PATH}:/opt/ros/jazzy /usr/bin/cmake --build /home/eilero/ros2_ws/src/build/first_interfaces -- -j16 -l16
[3.179s] [  1%] [34m[1mGenerating type hashes for ROS interfaces[0m
[3.187s] [  1%] Built target ament_cmake_python_copy_first_interfaces
[3.329s] running egg_info
[3.330s] creating first_interfaces.egg-info
[3.334s] [  1%] Built target first_interfaces__rosidl_generator_type_description
[3.340s] writing first_interfaces.egg-info/PKG-INFO
[3.341s] writing dependency_links to first_interfaces.egg-info/dependency_links.txt
[3.341s] writing top-level names to first_interfaces.egg-info/top_level.txt
[3.341s] writing manifest file 'first_interfaces.egg-info/SOURCES.txt'
[3.346s] [  3%] [34m[1mGenerating C code for ROS interfaces[0m
[3.357s] [  5%] [34m[1mGenerating C++ code for ROS interfaces[0m
[3.371s] reading manifest file 'first_interfaces.egg-info/SOURCES.txt'
[3.372s] writing manifest file 'first_interfaces.egg-info/SOURCES.txt'
[3.397s] [  5%] Built target ament_cmake_python_build_first_interfaces_egg
[3.600s] [  5%] Built target first_interfaces__cpp
[3.647s] [ 14%] [32mBuilding C object CMakeFiles/first_interfaces__rosidl_generator_c.dir/rosidl_generator_c/first_interfaces/msg/detail/num__type_support.c.o[0m
[3.647s] [ 14%] [32mBuilding C object CMakeFiles/first_interfaces__rosidl_generator_c.dir/rosidl_generator_c/first_interfaces/msg/detail/sphere__functions.c.o[0m
[3.647s] [ 14%] [32mBuilding C object CMakeFiles/first_interfaces__rosidl_generator_c.dir/rosidl_generator_c/first_interfaces/srv/detail/add_three_ints__functions.c.o[0m
[3.648s] [ 14%] [32mBuilding C object CMakeFiles/first_interfaces__rosidl_generator_c.dir/rosidl_generator_c/first_interfaces/srv/detail/add_three_ints__type_support.c.o[0m
[3.648s] [ 14%] [32mBuilding C object CMakeFiles/first_interfaces__rosidl_generator_c.dir/rosidl_generator_c/first_interfaces/msg/detail/sphere__type_support.c.o[0m
[3.648s] [ 16%] [32mBuilding C object CMakeFiles/first_interfaces__rosidl_generator_c.dir/rosidl_generator_c/first_interfaces/msg/detail/num__description.c.o[0m
[3.648s] [ 18%] [32mBuilding C object CMakeFiles/first_interfaces__rosidl_generator_c.dir/rosidl_generator_c/first_interfaces/msg/detail/num__functions.c.o[0m
[3.648s] [ 20%] [32mBuilding C object CMakeFiles/first_interfaces__rosidl_generator_c.dir/rosidl_generator_c/first_interfaces/msg/detail/sphere__description.c.o[0m
[3.648s] [ 22%] [32mBuilding C object CMakeFiles/first_interfaces__rosidl_generator_c.dir/rosidl_generator_c/first_interfaces/srv/detail/add_three_ints__description.c.o[0m
[3.715s] [ 24%] [32m[1mLinking C shared library libfirst_interfaces__rosidl_generator_c.so[0m
[3.753s] [ 24%] Built target first_interfaces__rosidl_generator_c
[3.763s] [ 29%] [34m[1mGenerating C type support for eProsima Fast-RTPS[0m
[3.763s] [ 29%] [34m[1mGenerating C++ type support dispatch for ROS interfaces[0m
[3.763s] [ 29%] [34m[1mGenerating C++ type support for eProsima Fast-RTPS[0m
[3.763s] [ 31%] [34m[1mGenerating C++ introspection for ROS interfaces[0m
[3.763s] [ 33%] [34m[1mGenerating C introspection for ROS interfaces[0m
[3.763s] [ 35%] [34m[1mGenerating C type support dispatch for ROS interfaces[0m
[3.992s] [ 42%] [32mBuilding CXX object CMakeFiles/first_interfaces__rosidl_typesupport_c.dir/rosidl_typesupport_c/first_interfaces/msg/num__type_support.cpp.o[0m
[3.992s] [ 42%] [32mBuilding CXX object CMakeFiles/first_interfaces__rosidl_typesupport_cpp.dir/rosidl_typesupport_cpp/first_interfaces/msg/num__type_support.cpp.o[0m
[3.992s] [ 42%] [32mBuilding CXX object CMakeFiles/first_interfaces__rosidl_typesupport_cpp.dir/rosidl_typesupport_cpp/first_interfaces/msg/sphere__type_support.cpp.o[0m
[3.992s] [ 42%] [32mBuilding CXX object CMakeFiles/first_interfaces__rosidl_typesupport_c.dir/rosidl_typesupport_c/first_interfaces/msg/sphere__type_support.cpp.o[0m
[3.993s] [ 44%] [32mBuilding CXX object CMakeFiles/first_interfaces__rosidl_typesupport_cpp.dir/rosidl_typesupport_cpp/first_interfaces/srv/add_three_ints__type_support.cpp.o[0m
[3.993s] [ 46%] [32mBuilding CXX object CMakeFiles/first_interfaces__rosidl_typesupport_c.dir/rosidl_typesupport_c/first_interfaces/srv/add_three_ints__type_support.cpp.o[0m
[4.036s] [ 50%] [32mBuilding CXX object CMakeFiles/first_interfaces__rosidl_typesupport_introspection_cpp.dir/rosidl_typesupport_introspection_cpp/first_interfaces/msg/detail/num__type_support.cpp.o[0m
[4.036s] [ 50%] [32mBuilding CXX object CMakeFiles/first_interfaces__rosidl_typesupport_introspection_cpp.dir/rosidl_typesupport_introspection_cpp/first_interfaces/srv/detail/add_three_ints__type_support.cpp.o[0m
[4.037s] [ 51%] [32mBuilding CXX object CMakeFiles/first_interfaces__rosidl_typesupport_introspection_cpp.dir/rosidl_typesupport_introspection_cpp/first_interfaces/msg/detail/sphere__type_support.cpp.o[0m
[4.057s] [ 53%] [32mBuilding C object CMakeFiles/first_interfaces__rosidl_typesupport_introspection_c.dir/rosidl_typesupport_introspection_c/first_interfaces/msg/detail/num__type_support.c.o[0m
[4.058s] [ 57%] [32mBuilding C object CMakeFiles/first_interfaces__rosidl_typesupport_introspection_c.dir/rosidl_typesupport_introspection_c/first_interfaces/srv/detail/add_three_ints__type_support.c.o[0m
[4.058s] [ 57%] [32mBuilding C object CMakeFiles/first_interfaces__rosidl_typesupport_introspection_c.dir/rosidl_typesupport_introspection_c/first_interfaces/msg/detail/sphere__type_support.c.o[0m
[4.063s] [ 59%] [32m[1mLinking CXX shared library libfirst_interfaces__rosidl_typesupport_c.so[0m
[4.106s] [ 64%] [32mBuilding CXX object CMakeFiles/first_interfaces__rosidl_typesupport_fastrtps_cpp.dir/rosidl_typesupport_fastrtps_cpp/first_interfaces/msg/detail/dds_fastrtps/num__type_support.cpp.o[0m
[4.106s] [ 64%] [32mBuilding CXX object CMakeFiles/first_interfaces__rosidl_typesupport_fastrtps_cpp.dir/rosidl_typesupport_fastrtps_cpp/first_interfaces/msg/detail/dds_fastrtps/sphere__type_support.cpp.o[0m
[4.107s] [ 64%] [32mBuilding CXX object CMakeFiles/first_interfaces__rosidl_typesupport_fastrtps_cpp.dir/rosidl_typesupport_fastrtps_cpp/first_interfaces/srv/detail/dds_fastrtps/add_three_ints__type_support.cpp.o[0m
[4.125s] [ 66%] [32m[1mLinking C shared library libfirst_interfaces__rosidl_typesupport_introspection_c.so[0m
[4.135s] [ 66%] Built target first_interfaces__rosidl_typesupport_c
[4.142s] [ 72%] [32mBuilding CXX object CMakeFiles/first_interfaces__rosidl_typesupport_fastrtps_c.dir/rosidl_typesupport_fastrtps_c/first_interfaces/msg/detail/sphere__type_support_c.cpp.o[0m
[4.142s] [ 72%] [32mBuilding CXX object CMakeFiles/first_interfaces__rosidl_typesupport_fastrtps_c.dir/rosidl_typesupport_fastrtps_c/first_interfaces/msg/detail/num__type_support_c.cpp.o[0m
[4.142s] [ 72%] [32mBuilding CXX object CMakeFiles/first_interfaces__rosidl_typesupport_fastrtps_c.dir/rosidl_typesupport_fastrtps_c/first_interfaces/srv/detail/add_three_ints__type_support_c.cpp.o[0m
[4.181s] [ 72%] Built target first_interfaces__rosidl_typesupport_introspection_c
[4.485s] [ 74%] [32m[1mLinking CXX shared library libfirst_interfaces__rosidl_typesupport_introspection_cpp.so[0m
[4.523s] [ 75%] [32m[1mLinking CXX shared library libfirst_interfaces__rosidl_typesupport_cpp.so[0m
[4.597s] [ 75%] Built target first_interfaces__rosidl_typesupport_introspection_cpp
[4.617s] [ 75%] Built target first_interfaces__rosidl_typesupport_cpp
[4.701s] [ 77%] [32m[1mLinking CXX shared library libfirst_interfaces__rosidl_typesupport_fastrtps_c.so[0m
[4.752s] [ 77%] Built target first_interfaces__rosidl_typesupport_fastrtps_c
[4.774s] [ 79%] [32m[1mLinking CXX shared library libfirst_interfaces__rosidl_typesupport_fastrtps_cpp.so[0m
[4.839s] [ 79%] Built target first_interfaces__rosidl_typesupport_fastrtps_cpp
[4.860s] [ 79%] Built target first_interfaces
[4.880s] [ 81%] [34m[1mGenerating Python code for ROS interfaces[0m
[5.192s] [ 81%] Built target first_interfaces__py
[5.213s] [ 87%] [32mBuilding C object CMakeFiles/first_interfaces__rosidl_generator_py.dir/rosidl_generator_py/first_interfaces/srv/_add_three_ints_s.c.o[0m
[5.213s] [ 87%] [32mBuilding C object CMakeFiles/first_interfaces__rosidl_generator_py.dir/rosidl_generator_py/first_interfaces/msg/_num_s.c.o[0m
[5.213s] [ 87%] [32mBuilding C object CMakeFiles/first_interfaces__rosidl_generator_py.dir/rosidl_generator_py/first_interfaces/msg/_sphere_s.c.o[0m
[5.355s] [ 88%] [32m[1mLinking C shared library libfirst_interfaces__rosidl_generator_py.so[0m
[5.400s] [ 88%] Built target first_interfaces__rosidl_generator_py
[5.420s] [ 90%] [32mBuilding C object CMakeFiles/first_interfaces_s__rosidl_typesupport_introspection_c.dir/rosidl_generator_py/first_interfaces/_first_interfaces_s.ep.rosidl_typesupport_introspection_c.c.o[0m
[5.420s] [ 94%] [32mBuilding C object CMakeFiles/first_interfaces_s__rosidl_typesupport_fastrtps_c.dir/rosidl_generator_py/first_interfaces/_first_interfaces_s.ep.rosidl_typesupport_fastrtps_c.c.o[0m
[5.420s] [ 94%] [32mBuilding C object CMakeFiles/first_interfaces_s__rosidl_typesupport_c.dir/rosidl_generator_py/first_interfaces/_first_interfaces_s.ep.rosidl_typesupport_c.c.o[0m
[5.516s] [ 98%] [32m[1mLinking C shared module rosidl_generator_py/first_interfaces/first_interfaces_s__rosidl_typesupport_c.so[0m
[5.516s] [ 98%] [32m[1mLinking C shared module rosidl_generator_py/first_interfaces/first_interfaces_s__rosidl_typesupport_introspection_c.so[0m
[5.518s] [100%] [32m[1mLinking C shared module rosidl_generator_py/first_interfaces/first_interfaces_s__rosidl_typesupport_fastrtps_c.so[0m
[5.546s] [100%] Built target first_interfaces_s__rosidl_typesupport_c
[5.547s] [100%] Built target first_interfaces_s__rosidl_typesupport_introspection_c
[5.548s] [100%] Built target first_interfaces_s__rosidl_typesupport_fastrtps_c
[5.563s] Invoked command in '/home/eilero/ros2_ws/src/build/first_interfaces' returned '0': CMAKE_PREFIX_PATH=${CMAKE_PREFIX_PATH}:/opt/ros/jazzy /usr/bin/cmake --build /home/eilero/ros2_ws/src/build/first_interfaces -- -j16 -l16
[5.573s] Invoking command in '/home/eilero/ros2_ws/src/build/first_interfaces': CMAKE_PREFIX_PATH=${CMAKE_PREFIX_PATH}:/opt/ros/jazzy /usr/bin/cmake --install /home/eilero/ros2_ws/src/build/first_interfaces
[5.581s] -- Install configuration: ""
[5.581s] -- Installing: /home/eilero/ros2_ws/src/install/first_interfaces/share/ament_index/resource_index/rosidl_interfaces/first_interfaces
[5.581s] -- Installing: /home/eilero/ros2_ws/src/install/first_interfaces/share/first_interfaces/msg/Num.json
[5.581s] -- Installing: /home/eilero/ros2_ws/src/install/first_interfaces/share/first_interfaces/msg/Sphere.json
[5.582s] -- Installing: /home/eilero/ros2_ws/src/install/first_interfaces/share/first_interfaces/srv/AddThreeInts.json
[5.582s] -- Installing: /home/eilero/ros2_ws/src/install/first_interfaces/include/first_interfaces/first_interfaces
[5.582s] -- Installing: /home/eilero/ros2_ws/src/install/first_interfaces/include/first_interfaces/first_interfaces/srv
[5.582s] -- Installing: /home/eilero/ros2_ws/src/install/first_interfaces/include/first_interfaces/first_interfaces/srv/add_three_ints.h
[5.582s] -- Installing: /home/eilero/ros2_ws/src/install/first_interfaces/include/first_interfaces/first_interfaces/srv/detail
[5.582s] -- Installing: /home/eilero/ros2_ws/src/install/first_interfaces/include/first_interfaces/first_interfaces/srv/detail/add_three_ints__type_support.c
[5.582s] -- Installing: /home/eilero/ros2_ws/src/install/first_interfaces/include/first_interfaces/first_interfaces/srv/detail/add_three_ints__description.c
[5.582s] -- Installing: /home/eilero/ros2_ws/src/install/first_interfaces/include/first_interfaces/first_interfaces/srv/detail/add_three_ints__functions.h
[5.582s] -- Installing: /home/eilero/ros2_ws/src/install/first_interfaces/include/first_interfaces/first_interfaces/srv/detail/add_three_ints__struct.h
[5.582s] -- Installing: /home/eilero/ros2_ws/src/install/first_interfaces/include/first_interfaces/first_interfaces/srv/detail/add_three_ints__functions.c
[5.583s] -- Installing: /home/eilero/ros2_ws/src/install/first_interfaces/include/first_interfaces/first_interfaces/srv/detail/add_three_ints__type_support.h
[5.583s] -- Installing: /home/eilero/ros2_ws/src/install/first_interfaces/include/first_interfaces/first_interfaces/msg
[5.583s] -- Installing: /home/eilero/ros2_ws/src/install/first_interfaces/include/first_interfaces/first_interfaces/msg/sphere.h
[5.583s] -- Installing: /home/eilero/ros2_ws/src/install/first_interfaces/include/first_interfaces/first_interfaces/msg/num.h
[5.583s] -- Installing: /home/eilero/ros2_ws/src/install/first_interfaces/include/first_interfaces/first_interfaces/msg/detail
[5.583s] -- Installing: /home/eilero/ros2_ws/src/install/first_interfaces/include/first_interfaces/first_interfaces/msg/detail/sphere__functions.c
[5.583s] -- Installing: /home/eilero/ros2_ws/src/install/first_interfaces/include/first_interfaces/first_interfaces/msg/detail/sphere__functions.h
[5.583s] -- Installing: /home/eilero/ros2_ws/src/install/first_interfaces/include/first_interfaces/first_interfaces/msg/detail/sphere__type_support.c
[5.583s] -- Installing: /home/eilero/ros2_ws/src/install/first_interfaces/include/first_interfaces/first_interfaces/msg/detail/num__functions.h
[5.583s] -- Installing: /home/eilero/ros2_ws/src/install/first_interfaces/include/first_interfaces/first_interfaces/msg/detail/num__type_support.h
[5.583s] -- Installing: /home/eilero/ros2_ws/src/install/first_interfaces/include/first_interfaces/first_interfaces/msg/detail/sphere__struct.h
[5.584s] -- Installing: /home/eilero/ros2_ws/src/install/first_interfaces/include/first_interfaces/first_interfaces/msg/detail/num__struct.h
[5.584s] -- Installing: /home/eilero/ros2_ws/src/install/first_interfaces/include/first_interfaces/first_interfaces/msg/detail/num__functions.c
[5.584s] -- Installing: /home/eilero/ros2_ws/src/install/first_interfaces/include/first_interfaces/first_interfaces/msg/detail/sphere__type_support.h
[5.584s] -- Installing: /home/eilero/ros2_ws/src/install/first_interfaces/include/first_interfaces/first_interfaces/msg/detail/num__type_support.c
[5.584s] -- Installing: /home/eilero/ros2_ws/src/install/first_interfaces/include/first_interfaces/first_interfaces/msg/detail/num__description.c
[5.584s] -- Installing: /home/eilero/ros2_ws/src/install/first_interfaces/include/first_interfaces/first_interfaces/msg/detail/sphere__description.c
[5.584s] -- Installing: /home/eilero/ros2_ws/src/install/first_interfaces/include/first_interfaces/first_interfaces/msg/rosidl_generator_c__visibility_control.h
[5.585s] -- Installing: /home/eilero/ros2_ws/src/install/first_interfaces/share/first_interfaces/environment/library_path.sh
[5.585s] -- Installing: /home/eilero/ros2_ws/src/install/first_interfaces/share/first_interfaces/environment/library_path.dsv
[5.585s] -- Installing: /home/eilero/ros2_ws/src/install/first_interfaces/lib/libfirst_interfaces__rosidl_generator_c.so
[5.585s] -- Set non-toolchain portion of runtime path of "/home/eilero/ros2_ws/src/install/first_interfaces/lib/libfirst_interfaces__rosidl_generator_c.so" to ""
[5.585s] -- Up-to-date: /home/eilero/ros2_ws/src/install/first_interfaces/include/first_interfaces/first_interfaces
[5.585s] -- Up-to-date: /home/eilero/ros2_ws/src/install/first_interfaces/include/first_interfaces/first_interfaces/srv
[5.585s] -- Up-to-date: /home/eilero/ros2_ws/src/install/first_interfaces/include/first_interfaces/first_interfaces/srv/detail
[5.585s] -- Installing: /home/eilero/ros2_ws/src/install/first_interfaces/include/first_interfaces/first_interfaces/srv/detail/add_three_ints__rosidl_typesupport_fastrtps_c.h
[5.585s] -- Up-to-date: /home/eilero/ros2_ws/src/install/first_interfaces/include/first_interfaces/first_interfaces/msg
[5.586s] -- Installing: /home/eilero/ros2_ws/src/install/first_interfaces/include/first_interfaces/first_interfaces/msg/rosidl_typesupport_fastrtps_c__visibility_control.h
[5.586s] -- Up-to-date: /home/eilero/ros2_ws/src/install/first_interfaces/include/first_interfaces/first_interfaces/msg/detail
[5.586s] -- Installing: /home/eilero/ros2_ws/src/install/first_interfaces/include/first_interfaces/first_interfaces/msg/detail/sphere__rosidl_typesupport_fastrtps_c.h
[5.586s] -- Installing: /home/eilero/ros2_ws/src/install/first_interfaces/include/first_interfaces/first_interfaces/msg/detail/num__rosidl_typesupport_fastrtps_c.h
[5.586s] -- Installing: /home/eilero/ros2_ws/src/install/first_interfaces/lib/libfirst_interfaces__rosidl_typesupport_fastrtps_c.so
[5.586s] -- Set non-toolchain portion of runtime path of "/home/eilero/ros2_ws/src/install/first_interfaces/lib/libfirst_interfaces__rosidl_typesupport_fastrtps_c.so" to ""
[5.586s] -- Up-to-date: /home/eilero/ros2_ws/src/install/first_interfaces/include/first_interfaces/first_interfaces
[5.586s] -- Up-to-date: /home/eilero/ros2_ws/src/install/first_interfaces/include/first_interfaces/first_interfaces/srv
[5.586s] -- Installing: /home/eilero/ros2_ws/src/install/first_interfaces/include/first_interfaces/first_interfaces/srv/add_three_ints.hpp
[5.586s] -- Up-to-date: /home/eilero/ros2_ws/src/install/first_interfaces/include/first_interfaces/first_interfaces/srv/detail
[5.586s] -- Installing: /home/eilero/ros2_ws/src/install/first_interfaces/include/first_interfaces/first_interfaces/srv/detail/add_three_ints__type_support.hpp
[5.586s] -- Installing: /home/eilero/ros2_ws/src/install/first_interfaces/include/first_interfaces/first_interfaces/srv/detail/add_three_ints__builder.hpp
[5.586s] -- Installing: /home/eilero/ros2_ws/src/install/first_interfaces/include/first_interfaces/first_interfaces/srv/detail/add_three_ints__traits.hpp
[5.587s] -- Installing: /home/eilero/ros2_ws/src/install/first_interfaces/include/first_interfaces/first_interfaces/srv/detail/add_three_ints__struct.hpp
[5.587s] -- Up-to-date: /home/eilero/ros2_ws/src/install/first_interfaces/include/first_interfaces/first_interfaces/msg
[5.587s] -- Installing: /home/eilero/ros2_ws/src/install/first_interfaces/include/first_interfaces/first_interfaces/msg/rosidl_generator_cpp__visibility_control.hpp
[5.587s] -- Installing: /home/eilero/ros2_ws/src/install/first_interfaces/include/first_interfaces/first_interfaces/msg/sphere.hpp
[5.587s] -- Installing: /home/eilero/ros2_ws/src/install/first_interfaces/include/first_interfaces/first_interfaces/msg/num.hpp
[5.587s] -- Up-to-date: /home/eilero/ros2_ws/src/install/first_interfaces/include/first_interfaces/first_interfaces/msg/detail
[5.587s] -- Installing: /home/eilero/ros2_ws/src/install/first_interfaces/include/first_interfaces/first_interfaces/msg/detail/sphere__traits.hpp
[5.587s] -- Installing: /home/eilero/ros2_ws/src/install/first_interfaces/include/first_interfaces/first_interfaces/msg/detail/sphere__type_support.hpp
[5.587s] -- Installing: /home/eilero/ros2_ws/src/install/first_interfaces/include/first_interfaces/first_interfaces/msg/detail/sphere__builder.hpp
[5.587s] -- Installing: /home/eilero/ros2_ws/src/install/first_interfaces/include/first_interfaces/first_interfaces/msg/detail/num__builder.hpp
[5.587s] -- Installing: /home/eilero/ros2_ws/src/install/first_interfaces/include/first_interfaces/first_interfaces/msg/detail/num__traits.hpp
[5.588s] -- Installing: /home/eilero/ros2_ws/src/install/first_interfaces/include/first_interfaces/first_interfaces/msg/detail/num__type_support.hpp
[5.588s] -- Installing: /home/eilero/ros2_ws/src/install/first_interfaces/include/first_interfaces/first_interfaces/msg/detail/num__struct.hpp
[5.588s] -- Installing: /home/eilero/ros2_ws/src/install/first_interfaces/include/first_interfaces/first_interfaces/msg/detail/sphere__struct.hpp
[5.588s] -- Up-to-date: /home/eilero/ros2_ws/src/install/first_interfaces/include/first_interfaces/first_interfaces
[5.588s] -- Up-to-date: /home/eilero/ros2_ws/src/install/first_interfaces/include/first_interfaces/first_interfaces/srv
[5.588s] -- Up-to-date: /home/eilero/ros2_ws/src/install/first_interfaces/include/first_interfaces/first_interfaces/srv/detail
[5.588s] -- Installing: /home/eilero/ros2_ws/src/install/first_interfaces/include/first_interfaces/first_interfaces/srv/detail/add_three_ints__rosidl_typesupport_fastrtps_cpp.hpp
[5.588s] -- Installing: /home/eilero/ros2_ws/src/install/first_interfaces/include/first_interfaces/first_interfaces/srv/detail/dds_fastrtps
[5.588s] -- Up-to-date: /home/eilero/ros2_ws/src/install/first_interfaces/include/first_interfaces/first_interfaces/msg
[5.588s] -- Installing: /home/eilero/ros2_ws/src/install/first_interfaces/include/first_interfaces/first_interfaces/msg/rosidl_typesupport_fastrtps_cpp__visibility_control.h
[5.588s] -- Up-to-date: /home/eilero/ros2_ws/src/install/first_interfaces/include/first_interfaces/first_interfaces/msg/detail
[5.588s] -- Installing: /home/eilero/ros2_ws/src/install/first_interfaces/include/first_interfaces/first_interfaces/msg/detail/num__rosidl_typesupport_fastrtps_cpp.hpp
[5.589s] -- Installing: /home/eilero/ros2_ws/src/install/first_interfaces/include/first_interfaces/first_interfaces/msg/detail/sphere__rosidl_typesupport_fastrtps_cpp.hpp
[5.589s] -- Installing: /home/eilero/ros2_ws/src/install/first_interfaces/include/first_interfaces/first_interfaces/msg/detail/dds_fastrtps
[5.589s] -- Installing: /home/eilero/ros2_ws/src/install/first_interfaces/lib/libfirst_interfaces__rosidl_typesupport_fastrtps_cpp.so
[5.589s] -- Set non-toolchain portion of runtime path of "/home/eilero/ros2_ws/src/install/first_interfaces/lib/libfirst_interfaces__rosidl_typesupport_fastrtps_cpp.so" to ""
[5.589s] -- Up-to-date: /home/eilero/ros2_ws/src/install/first_interfaces/include/first_interfaces/first_interfaces
[5.589s] -- Up-to-date: /home/eilero/ros2_ws/src/install/first_interfaces/include/first_interfaces/first_interfaces/srv
[5.589s] -- Up-to-date: /home/eilero/ros2_ws/src/install/first_interfaces/include/first_interfaces/first_interfaces/srv/detail
[5.589s] -- Installing: /home/eilero/ros2_ws/src/install/first_interfaces/include/first_interfaces/first_interfaces/srv/detail/add_three_ints__type_support.c
[5.589s] -- Installing: /home/eilero/ros2_ws/src/install/first_interfaces/include/first_interfaces/first_interfaces/srv/detail/add_three_ints__rosidl_typesupport_introspection_c.h
[5.590s] -- Up-to-date: /home/eilero/ros2_ws/src/install/first_interfaces/include/first_interfaces/first_interfaces/msg
[5.590s] -- Installing: /home/eilero/ros2_ws/src/install/first_interfaces/include/first_interfaces/first_interfaces/msg/rosidl_typesupport_introspection_c__visibility_control.h
[5.590s] -- Up-to-date: /home/eilero/ros2_ws/src/install/first_interfaces/include/first_interfaces/first_interfaces/msg/detail
[5.590s] -- Installing: /home/eilero/ros2_ws/src/install/first_interfaces/include/first_interfaces/first_interfaces/msg/detail/sphere__type_support.c
[5.590s] -- Installing: /home/eilero/ros2_ws/src/install/first_interfaces/include/first_interfaces/first_interfaces/msg/detail/num__rosidl_typesupport_introspection_c.h
[5.590s] -- Installing: /home/eilero/ros2_ws/src/install/first_interfaces/include/first_interfaces/first_interfaces/msg/detail/num__type_support.c
[5.590s] -- Installing: /home/eilero/ros2_ws/src/install/first_interfaces/include/first_interfaces/first_interfaces/msg/detail/sphere__rosidl_typesupport_introspection_c.h
[5.590s] -- Installing: /home/eilero/ros2_ws/src/install/first_interfaces/lib/libfirst_interfaces__rosidl_typesupport_introspection_c.so
[5.591s] -- Set non-toolchain portion of runtime path of "/home/eilero/ros2_ws/src/install/first_interfaces/lib/libfirst_interfaces__rosidl_typesupport_introspection_c.so" to ""
[5.591s] -- Installing: /home/eilero/ros2_ws/src/install/first_interfaces/lib/libfirst_interfaces__rosidl_typesupport_c.so
[5.591s] -- Set non-toolchain portion of runtime path of "/home/eilero/ros2_ws/src/install/first_interfaces/lib/libfirst_interfaces__rosidl_typesupport_c.so" to ""
[5.591s] -- Up-to-date: /home/eilero/ros2_ws/src/install/first_interfaces/include/first_interfaces/first_interfaces
[5.591s] -- Up-to-date: /home/eilero/ros2_ws/src/install/first_interfaces/include/first_interfaces/first_interfaces/srv
[5.591s] -- Up-to-date: /home/eilero/ros2_ws/src/install/first_interfaces/include/first_interfaces/first_interfaces/srv/detail
[5.591s] -- Installing: /home/eilero/ros2_ws/src/install/first_interfaces/include/first_interfaces/first_interfaces/srv/detail/add_three_ints__type_support.cpp
[5.591s] -- Installing: /home/eilero/ros2_ws/src/install/first_interfaces/include/first_interfaces/first_interfaces/srv/detail/add_three_ints__rosidl_typesupport_introspection_cpp.hpp
[5.591s] -- Up-to-date: /home/eilero/ros2_ws/src/install/first_interfaces/include/first_interfaces/first_interfaces/msg
[5.591s] -- Up-to-date: /home/eilero/ros2_ws/src/install/first_interfaces/include/first_interfaces/first_interfaces/msg/detail
[5.591s] -- Installing: /home/eilero/ros2_ws/src/install/first_interfaces/include/first_interfaces/first_interfaces/msg/detail/sphere__rosidl_typesupport_introspection_cpp.hpp
[5.591s] -- Installing: /home/eilero/ros2_ws/src/install/first_interfaces/include/first_interfaces/first_interfaces/msg/detail/num__rosidl_typesupport_introspection_cpp.hpp
[5.591s] -- Installing: /home/eilero/ros2_ws/src/install/first_interfaces/include/first_interfaces/first_interfaces/msg/detail/sphere__type_support.cpp
[5.592s] -- Installing: /home/eilero/ros2_ws/src/install/first_interfaces/include/first_interfaces/first_interfaces/msg/detail/num__type_support.cpp
[5.592s] -- Installing: /home/eilero/ros2_ws/src/install/first_interfaces/lib/libfirst_interfaces__rosidl_typesupport_introspection_cpp.so
[5.592s] -- Set non-toolchain portion of runtime path of "/home/eilero/ros2_ws/src/install/first_interfaces/lib/libfirst_interfaces__rosidl_typesupport_introspection_cpp.so" to ""
[5.592s] -- Installing: /home/eilero/ros2_ws/src/install/first_interfaces/lib/libfirst_interfaces__rosidl_typesupport_cpp.so
[5.592s] -- Set non-toolchain portion of runtime path of "/home/eilero/ros2_ws/src/install/first_interfaces/lib/libfirst_interfaces__rosidl_typesupport_cpp.so" to ""
[5.592s] -- Installing: /home/eilero/ros2_ws/src/install/first_interfaces/share/first_interfaces/environment/pythonpath.sh
[5.593s] -- Installing: /home/eilero/ros2_ws/src/install/first_interfaces/share/first_interfaces/environment/pythonpath.dsv
[5.593s] -- Installing: /home/eilero/ros2_ws/src/install/first_interfaces/lib/python3.12/site-packages/first_interfaces-0.0.0-py3.12.egg-info
[5.593s] -- Installing: /home/eilero/ros2_ws/src/install/first_interfaces/lib/python3.12/site-packages/first_interfaces-0.0.0-py3.12.egg-info/PKG-INFO
[5.593s] -- Installing: /home/eilero/ros2_ws/src/install/first_interfaces/lib/python3.12/site-packages/first_interfaces-0.0.0-py3.12.egg-info/SOURCES.txt
[5.593s] -- Installing: /home/eilero/ros2_ws/src/install/first_interfaces/lib/python3.12/site-packages/first_interfaces-0.0.0-py3.12.egg-info/top_level.txt
[5.593s] -- Installing: /home/eilero/ros2_ws/src/install/first_interfaces/lib/python3.12/site-packages/first_interfaces-0.0.0-py3.12.egg-info/dependency_links.txt
[5.593s] -- Installing: /home/eilero/ros2_ws/src/install/first_interfaces/lib/python3.12/site-packages/first_interfaces
[5.593s] -- Installing: /home/eilero/ros2_ws/src/install/first_interfaces/lib/python3.12/site-packages/first_interfaces/first_interfaces_s__rosidl_typesupport_c.so
[5.594s] -- Installing: /home/eilero/ros2_ws/src/install/first_interfaces/lib/python3.12/site-packages/first_interfaces/first_interfaces_s__rosidl_typesupport_fastrtps_c.so
[5.594s] -- Installing: /home/eilero/ros2_ws/src/install/first_interfaces/lib/python3.12/site-packages/first_interfaces/srv
[5.594s] -- Installing: /home/eilero/ros2_ws/src/install/first_interfaces/lib/python3.12/site-packages/first_interfaces/srv/_add_three_ints.py
[5.594s] -- Installing: /home/eilero/ros2_ws/src/install/first_interfaces/lib/python3.12/site-packages/first_interfaces/srv/__init__.py
[5.594s] -- Installing: /home/eilero/ros2_ws/src/install/first_interfaces/lib/python3.12/site-packages/first_interfaces/srv/_add_three_ints_s.c
[5.594s] -- Installing: /home/eilero/ros2_ws/src/install/first_interfaces/lib/python3.12/site-packages/first_interfaces/msg
[5.594s] -- Installing: /home/eilero/ros2_ws/src/install/first_interfaces/lib/python3.12/site-packages/first_interfaces/msg/_num_s.c
[5.594s] -- Installing: /home/eilero/ros2_ws/src/install/first_interfaces/lib/python3.12/site-packages/first_interfaces/msg/_num.py
[5.594s] -- Installing: /home/eilero/ros2_ws/src/install/first_interfaces/lib/python3.12/site-packages/first_interfaces/msg/_sphere.py
[5.594s] -- Installing: /home/eilero/ros2_ws/src/install/first_interfaces/lib/python3.12/site-packages/first_interfaces/msg/__init__.py
[5.595s] -- Installing: /home/eilero/ros2_ws/src/install/first_interfaces/lib/python3.12/site-packages/first_interfaces/msg/_sphere_s.c
[5.595s] -- Installing: /home/eilero/ros2_ws/src/install/first_interfaces/lib/python3.12/site-packages/first_interfaces/__init__.py
[5.595s] -- Installing: /home/eilero/ros2_ws/src/install/first_interfaces/lib/python3.12/site-packages/first_interfaces/_first_interfaces_s.ep.rosidl_typesupport_introspection_c.c
[5.595s] -- Installing: /home/eilero/ros2_ws/src/install/first_interfaces/lib/python3.12/site-packages/first_interfaces/_first_interfaces_s.ep.rosidl_typesupport_c.c
[5.595s] -- Installing: /home/eilero/ros2_ws/src/install/first_interfaces/lib/python3.12/site-packages/first_interfaces/_first_interfaces_s.ep.rosidl_typesupport_fastrtps_c.c
[5.595s] -- Installing: /home/eilero/ros2_ws/src/install/first_interfaces/lib/python3.12/site-packages/first_interfaces/first_interfaces_s__rosidl_typesupport_introspection_c.so
[5.628s] Listing '/home/eilero/ros2_ws/src/install/first_interfaces/lib/python3.12/site-packages/first_interfaces'...
[5.628s] Compiling '/home/eilero/ros2_ws/src/install/first_interfaces/lib/python3.12/site-packages/first_interfaces/__init__.py'...
[5.628s] Listing '/home/eilero/ros2_ws/src/install/first_interfaces/lib/python3.12/site-packages/first_interfaces/msg'...
[5.629s] Compiling '/home/eilero/ros2_ws/src/install/first_interfaces/lib/python3.12/site-packages/first_interfaces/msg/__init__.py'...
[5.629s] Compiling '/home/eilero/ros2_ws/src/install/first_interfaces/lib/python3.12/site-packages/first_interfaces/msg/_num.py'...
[5.629s] Compiling '/home/eilero/ros2_ws/src/install/first_interfaces/lib/python3.12/site-packages/first_interfaces/msg/_sphere.py'...
[5.629s] Listing '/home/eilero/ros2_ws/src/install/first_interfaces/lib/python3.12/site-packages/first_interfaces/srv'...
[5.629s] Compiling '/home/eilero/ros2_ws/src/install/first_interfaces/lib/python3.12/site-packages/first_interfaces/srv/__init__.py'...
[5.629s] Compiling '/home/eilero/ros2_ws/src/install/first_interfaces/lib/python3.12/site-packages/first_interfaces/srv/_add_three_ints.py'...
[5.633s] -- Installing: /home/eilero/ros2_ws/src/install/first_interfaces/lib/python3.12/site-packages/first_interfaces/first_interfaces_s__rosidl_typesupport_fastrtps_c.so
[5.634s] -- Set non-toolchain portion of runtime path of "/home/eilero/ros2_ws/src/install/first_interfaces/lib/python3.12/site-packages/first_interfaces/first_interfaces_s__rosidl_typesupport_fastrtps_c.so" to ""
[5.634s] -- Installing: /home/eilero/ros2_ws/src/install/first_interfaces/lib/python3.12/site-packages/first_interfaces/first_interfaces_s__rosidl_typesupport_introspection_c.so
[5.634s] -- Set non-toolchain portion of runtime path of "/home/eilero/ros2_ws/src/install/first_interfaces/lib/python3.12/site-packages/first_interfaces/first_interfaces_s__rosidl_typesupport_introspection_c.so" to ""
[5.634s] -- Installing: /home/eilero/ros2_ws/src/install/first_interfaces/lib/python3.12/site-packages/first_interfaces/first_interfaces_s__rosidl_typesupport_c.so
[5.635s] -- Set non-toolchain portion of runtime path of "/home/eilero/ros2_ws/src/install/first_interfaces/lib/python3.12/site-packages/first_interfaces/first_interfaces_s__rosidl_typesupport_c.so" to ""
[5.635s] -- Installing: /home/eilero/ros2_ws/src/install/first_interfaces/lib/libfirst_interfaces__rosidl_generator_py.so
[5.635s] -- Set non-toolchain portion of runtime path of "/home/eilero/ros2_ws/src/install/first_interfaces/lib/libfirst_interfaces__rosidl_generator_py.so" to ""
[5.635s] -- Installing: /home/eilero/ros2_ws/src/install/first_interfaces/share/first_interfaces/msg/Num.idl
[5.635s] -- Installing: /home/eilero/ros2_ws/src/install/first_interfaces/share/first_interfaces/msg/Sphere.idl
[5.635s] -- Installing: /home/eilero/ros2_ws/src/install/first_interfaces/share/first_interfaces/srv/AddThreeInts.idl
[5.635s] -- Installing: /home/eilero/ros2_ws/src/install/first_interfaces/share/first_interfaces/msg/Num.msg
[5.635s] -- Installing: /home/eilero/ros2_ws/src/install/first_interfaces/share/first_interfaces/msg/Sphere.msg
[5.636s] -- Installing: /home/eilero/ros2_ws/src/install/first_interfaces/share/first_interfaces/srv/AddThreeInts.srv
[5.636s] -- Installing: /home/eilero/ros2_ws/src/install/first_interfaces/share/ament_index/resource_index/package_run_dependencies/first_interfaces
[5.636s] -- Installing: /home/eilero/ros2_ws/src/install/first_interfaces/share/ament_index/resource_index/parent_prefix_path/first_interfaces
[5.636s] -- Installing: /home/eilero/ros2_ws/src/install/first_interfaces/share/first_interfaces/environment/ament_prefix_path.sh
[5.636s] -- Installing: /home/eilero/ros2_ws/src/install/first_interfaces/share/first_interfaces/environment/ament_prefix_path.dsv
[5.636s] -- Installing: /home/eilero/ros2_ws/src/install/first_interfaces/share/first_interfaces/environment/path.sh
[5.636s] -- Installing: /home/eilero/ros2_ws/src/install/first_interfaces/share/first_interfaces/environment/path.dsv
[5.637s] -- Installing: /home/eilero/ros2_ws/src/install/first_interfaces/share/first_interfaces/local_setup.bash
[5.637s] -- Installing: /home/eilero/ros2_ws/src/install/first_interfaces/share/first_interfaces/local_setup.sh
[5.637s] -- Installing: /home/eilero/ros2_ws/src/install/first_interfaces/share/first_interfaces/local_setup.zsh
[5.637s] -- Installing: /home/eilero/ros2_ws/src/install/first_interfaces/share/first_interfaces/local_setup.dsv
[5.637s] -- Installing: /home/eilero/ros2_ws/src/install/first_interfaces/share/first_interfaces/package.dsv
[5.637s] -- Installing: /home/eilero/ros2_ws/src/install/first_interfaces/share/ament_index/resource_index/packages/first_interfaces
[5.637s] -- Installing: /home/eilero/ros2_ws/src/install/first_interfaces/share/first_interfaces/cmake/export_first_interfaces__rosidl_generator_cExport.cmake
[5.638s] -- Installing: /home/eilero/ros2_ws/src/install/first_interfaces/share/first_interfaces/cmake/export_first_interfaces__rosidl_generator_cExport-noconfig.cmake
[5.638s] -- Installing: /home/eilero/ros2_ws/src/install/first_interfaces/share/first_interfaces/cmake/export_first_interfaces__rosidl_typesupport_fastrtps_cExport.cmake
[5.638s] -- Installing: /home/eilero/ros2_ws/src/install/first_interfaces/share/first_interfaces/cmake/export_first_interfaces__rosidl_typesupport_fastrtps_cExport-noconfig.cmake
[5.638s] -- Installing: /home/eilero/ros2_ws/src/install/first_interfaces/share/first_interfaces/cmake/export_first_interfaces__rosidl_generator_cppExport.cmake
[5.638s] -- Installing: /home/eilero/ros2_ws/src/install/first_interfaces/share/first_interfaces/cmake/export_first_interfaces__rosidl_typesupport_fastrtps_cppExport.cmake
[5.638s] -- Installing: /home/eilero/ros2_ws/src/install/first_interfaces/share/first_interfaces/cmake/export_first_interfaces__rosidl_typesupport_fastrtps_cppExport-noconfig.cmake
[5.638s] -- Installing: /home/eilero/ros2_ws/src/install/first_interfaces/share/first_interfaces/cmake/first_interfaces__rosidl_typesupport_introspection_cExport.cmake
[5.638s] -- Installing: /home/eilero/ros2_ws/src/install/first_interfaces/share/first_interfaces/cmake/first_interfaces__rosidl_typesupport_introspection_cExport-noconfig.cmake
[5.639s] -- Installing: /home/eilero/ros2_ws/src/install/first_interfaces/share/first_interfaces/cmake/first_interfaces__rosidl_typesupport_cExport.cmake
[5.639s] -- Installing: /home/eilero/ros2_ws/src/install/first_interfaces/share/first_interfaces/cmake/first_interfaces__rosidl_typesupport_cExport-noconfig.cmake
[5.639s] -- Installing: /home/eilero/ros2_ws/src/install/first_interfaces/share/first_interfaces/cmake/first_interfaces__rosidl_typesupport_introspection_cppExport.cmake
[5.639s] -- Installing: /home/eilero/ros2_ws/src/install/first_interfaces/share/first_interfaces/cmake/first_interfaces__rosidl_typesupport_introspection_cppExport-noconfig.cmake
[5.639s] -- Installing: /home/eilero/ros2_ws/src/install/first_interfaces/share/first_interfaces/cmake/first_interfaces__rosidl_typesupport_cppExport.cmake
[5.640s] -- Installing: /home/eilero/ros2_ws/src/install/first_interfaces/share/first_interfaces/cmake/first_interfaces__rosidl_typesupport_cppExport-noconfig.cmake
[5.640s] -- Installing: /home/eilero/ros2_ws/src/install/first_interfaces/share/first_interfaces/cmake/export_first_interfaces__rosidl_generator_pyExport.cmake
[5.640s] -- Installing: /home/eilero/ros2_ws/src/install/first_interfaces/share/first_interfaces/cmake/export_first_interfaces__rosidl_generator_pyExport-noconfig.cmake
[5.640s] -- Installing: /home/eilero/ros2_ws/src/install/first_interfaces/share/first_interfaces/cmake/rosidl_cmake-extras.cmake
[5.640s] -- Installing: /home/eilero/ros2_ws/src/install/first_interfaces/share/first_interfaces/cmake/ament_cmake_export_dependencies-extras.cmake
[5.640s] -- Installing: /home/eilero/ros2_ws/src/install/first_interfaces/share/first_interfaces/cmake/ament_cmake_export_include_directories-extras.cmake
[5.640s] -- Installing: /home/eilero/ros2_ws/src/install/first_interfaces/share/first_interfaces/cmake/ament_cmake_export_libraries-extras.cmake
[5.640s] -- Installing: /home/eilero/ros2_ws/src/install/first_interfaces/share/first_interfaces/cmake/ament_cmake_export_targets-extras.cmake
[5.640s] -- Installing: /home/eilero/ros2_ws/src/install/first_interfaces/share/first_interfaces/cmake/rosidl_cmake_export_typesupport_targets-extras.cmake
[5.641s] -- Installing: /home/eilero/ros2_ws/src/install/first_interfaces/share/first_interfaces/cmake/rosidl_cmake_export_typesupport_libraries-extras.cmake
[5.641s] -- Installing: /home/eilero/ros2_ws/src/install/first_interfaces/share/first_interfaces/cmake/first_interfacesConfig.cmake
[5.641s] -- Installing: /home/eilero/ros2_ws/src/install/first_interfaces/share/first_interfaces/cmake/first_interfacesConfig-version.cmake
[5.641s] -- Installing: /home/eilero/ros2_ws/src/install/first_interfaces/share/first_interfaces/package.xml
[5.644s] Invoked command in '/home/eilero/ros2_ws/src/build/first_interfaces' returned '0': CMAKE_PREFIX_PATH=${CMAKE_PREFIX_PATH}:/opt/ros/jazzy /usr/bin/cmake --install /home/eilero/ros2_ws/src/build/first_interfaces
