[0.013s] Invoking command in '/home/eilero/ros2_ws/src/build/SubsPubs': CMAKE_PREFIX_PATH=${CMAKE_PREFIX_PATH}:/opt/ros/jazzy /usr/bin/cmake /home/eilero/ros2_ws/src/SubsPubs -DCMAKE_INSTALL_PREFIX=/home/eilero/ros2_ws/src/install/SubsPubs
[0.071s] -- The C compiler identification is GNU 13.3.0
[0.127s] -- The CXX compiler identification is GNU 13.3.0
[0.145s] -- Detecting C compiler ABI info
[0.244s] -- Detecting C compiler ABI info - done
[0.250s] -- Check for working C compiler: /usr/bin/cc - skipped
[0.250s] -- Detecting C compile features
[0.251s] -- Detecting C compile features - done
[0.261s] -- Detecting CXX compiler ABI info
[0.366s] -- Detecting CXX compiler ABI info - done
[0.373s] -- Check for working CXX compiler: /usr/bin/c++ - skipped
[0.373s] -- Detecting CXX compile features
[0.374s] -- Detecting CXX compile features - done
[0.378s] -- Found ament_cmake: 2.5.4 (/opt/ros/jazzy/share/ament_cmake/cmake)
[0.493s] -- Found Python3: /usr/bin/python3 (found version "3.12.3") found components: Interpreter 
[0.604s] -- Found ament_lint_auto: 0.17.3 (/opt/ros/jazzy/share/ament_lint_auto/cmake)
[0.662s] WARNING: Package name "SubsPubs" does not follow the naming conventions. It should start with a lower case letter and only contain lower case letters, digits, underscores, and dashes.
[0.693s] -- Added test 'cppcheck' to perform static code analysis on C / C++ code
[0.693s] -- Configured cppcheck include dirs: 
[0.693s] -- Configured cppcheck exclude dirs and/or files: 
[0.694s] -- Added test 'lint_cmake' to check CMake code style
[0.695s] -- Added test 'uncrustify' to check C / C++ code style
[0.695s] -- Configured uncrustify additional arguments: 
[0.695s] -- Added test 'xmllint' to check XML markup files
[0.697s] -- Configuring done (0.7s)
[0.701s] -- Generating done (0.0s)
[0.703s] -- Build files have been written to: /home/eilero/ros2_ws/src/build/SubsPubs
[0.710s] Invoked command in '/home/eilero/ros2_ws/src/build/SubsPubs' returned '0': CMAKE_PREFIX_PATH=${CMAKE_PREFIX_PATH}:/opt/ros/jazzy /usr/bin/cmake /home/eilero/ros2_ws/src/SubsPubs -DCMAKE_INSTALL_PREFIX=/home/eilero/ros2_ws/src/install/SubsPubs
[0.712s] Invoking command in '/home/eilero/ros2_ws/src/build/SubsPubs': CMAKE_PREFIX_PATH=${CMAKE_PREFIX_PATH}:/opt/ros/jazzy /usr/bin/cmake --build /home/eilero/ros2_ws/src/build/SubsPubs -- -j16 -l16
[0.760s] Invoked command in '/home/eilero/ros2_ws/src/build/SubsPubs' returned '0': CMAKE_PREFIX_PATH=${CMAKE_PREFIX_PATH}:/opt/ros/jazzy /usr/bin/cmake --build /home/eilero/ros2_ws/src/build/SubsPubs -- -j16 -l16
[0.772s] Invoking command in '/home/eilero/ros2_ws/src/build/SubsPubs': CMAKE_PREFIX_PATH=${CMAKE_PREFIX_PATH}:/opt/ros/jazzy /usr/bin/cmake --install /home/eilero/ros2_ws/src/build/SubsPubs
[0.780s] -- Install configuration: ""
[0.780s] -- Installing: /home/eilero/ros2_ws/src/install/SubsPubs/share/ament_index/resource_index/package_run_dependencies/SubsPubs
[0.781s] -- Installing: /home/eilero/ros2_ws/src/install/SubsPubs/share/ament_index/resource_index/parent_prefix_path/SubsPubs
[0.781s] -- Installing: /home/eilero/ros2_ws/src/install/SubsPubs/share/SubsPubs/environment/ament_prefix_path.sh
[0.781s] -- Installing: /home/eilero/ros2_ws/src/install/SubsPubs/share/SubsPubs/environment/ament_prefix_path.dsv
[0.781s] -- Installing: /home/eilero/ros2_ws/src/install/SubsPubs/share/SubsPubs/environment/path.sh
[0.781s] -- Installing: /home/eilero/ros2_ws/src/install/SubsPubs/share/SubsPubs/environment/path.dsv
[0.781s] -- Installing: /home/eilero/ros2_ws/src/install/SubsPubs/share/SubsPubs/local_setup.bash
[0.781s] -- Installing: /home/eilero/ros2_ws/src/install/SubsPubs/share/SubsPubs/local_setup.sh
[0.782s] -- Installing: /home/eilero/ros2_ws/src/install/SubsPubs/share/SubsPubs/local_setup.zsh
[0.782s] -- Installing: /home/eilero/ros2_ws/src/install/SubsPubs/share/SubsPubs/local_setup.dsv
[0.782s] -- Installing: /home/eilero/ros2_ws/src/install/SubsPubs/share/SubsPubs/package.dsv
[0.782s] -- Installing: /home/eilero/ros2_ws/src/install/SubsPubs/share/ament_index/resource_index/packages/SubsPubs
[0.782s] -- Installing: /home/eilero/ros2_ws/src/install/SubsPubs/share/SubsPubs/cmake/SubsPubsConfig.cmake
[0.782s] -- Installing: /home/eilero/ros2_ws/src/install/SubsPubs/share/SubsPubs/cmake/SubsPubsConfig-version.cmake
[0.782s] -- Installing: /home/eilero/ros2_ws/src/install/SubsPubs/share/SubsPubs/package.xml
[0.785s] Invoked command in '/home/eilero/ros2_ws/src/build/SubsPubs' returned '0': CMAKE_PREFIX_PATH=${CMAKE_PREFIX_PATH}:/opt/ros/jazzy /usr/bin/cmake --install /home/eilero/ros2_ws/src/build/SubsPubs
