[0.022s] Invoking command in '/home/eilero/ros2_ws/src/build/first_interfaces': CMAKE_PREFIX_PATH=${CMAKE_PREFIX_PATH}:/opt/ros/jazzy /usr/bin/cmake --build /home/eilero/ros2_ws/src/build/first_interfaces -- -j16 -l16
[0.072s] -- Found ament_cmake: 2.5.4 (/opt/ros/jazzy/share/ament_cmake/cmake)
[0.106s] -- Found Python3: /usr/bin/python3 (found version "3.12.3") found components: Interpreter 
[0.231s] -- Found geometry_msgs: 5.3.6 (/opt/ros/jazzy/share/geometry_msgs/cmake)
[0.270s] -- Found rosidl_generator_c: 4.6.6 (/opt/ros/jazzy/share/rosidl_generator_c/cmake)
[0.283s] -- Found rosidl_generator_cpp: 4.6.6 (/opt/ros/jazzy/share/rosidl_generator_cpp/cmake)
[0.302s] -- Using all available rosidl_typesupport_c: rosidl_typesupport_fastrtps_c;rosidl_typesupport_introspection_c
[0.323s] -- Using all available rosidl_typesupport_cpp: rosidl_typesupport_fastrtps_cpp;rosidl_typesupport_introspection_cpp
[0.391s] -- Found rosidl_default_generators: 1.6.0 (/opt/ros/jazzy/share/rosidl_default_generators/cmake)
[0.406s] -- Found rosidl_adapter: 4.6.6 (/opt/ros/jazzy/share/rosidl_adapter/cmake)
[0.408s] -- Found first_interfaces: 0.0.0 (/home/eilero/ros2_ws/src/install/first_interfaces/share/first_interfaces/cmake)
[0.460s] -- Found rclcpp: 28.1.13 (/opt/ros/jazzy/share/rclcpp/cmake)
[0.522s] -- Found rmw_implementation_cmake: 7.3.2 (/opt/ros/jazzy/share/rmw_implementation_cmake/cmake)
[0.525s] -- Found rmw_fastrtps_cpp: 8.4.3 (/opt/ros/jazzy/share/rmw_fastrtps_cpp/cmake)
[0.626s] -- Using RMW implementation 'rmw_fastrtps_cpp' as default
[1.138s] [31mCMake Error at /opt/ros/jazzy/share/rosidl_generator_c/cmake/rosidl_generator_c_generate_interfaces.cmake:145 (add_library):
[1.138s]   add_library cannot create ALIAS target
[1.139s]   "first_interfaces::first_interfaces__rosidl_generator_c" because another
[1.139s]   target with the same name already exists.
[1.139s] Call Stack (most recent call first):
[1.139s]   /opt/ros/jazzy/share/ament_cmake_core/cmake/core/ament_execute_extensions.cmake:48 (include)
[1.139s]   /opt/ros/jazzy/share/rosidl_cmake/cmake/rosidl_generate_interfaces.cmake:280 (ament_execute_extensions)
[1.139s]   CMakeLists.txt:26 (rosidl_generate_interfaces)
[1.139s] 
[1.140s] [0m
[1.142s] -- Found ament_cmake_ros: 0.12.0 (/opt/ros/jazzy/share/ament_cmake_ros/cmake)
[1.310s] [31mCMake Error at /opt/ros/jazzy/share/rosidl_generator_cpp/cmake/rosidl_generator_cpp_generate_interfaces.cmake:142 (add_library):
[1.310s]   add_library cannot create ALIAS target
[1.310s]   "first_interfaces::first_interfaces__rosidl_generator_cpp" because another
[1.310s]   target with the same name already exists.
[1.311s] Call Stack (most recent call first):
[1.311s]   /opt/ros/jazzy/share/ament_cmake_core/cmake/core/ament_execute_extensions.cmake:48 (include)
[1.311s]   /opt/ros/jazzy/share/rosidl_cmake/cmake/rosidl_generate_interfaces.cmake:280 (ament_execute_extensions)
[1.311s]   CMakeLists.txt:26 (rosidl_generate_interfaces)
[1.311s] 
[1.311s] [0m
[1.473s] [31mCMake Error at /opt/ros/jazzy/share/rosidl_typesupport_introspection_c/cmake/rosidl_typesupport_introspection_c_generate_interfaces.cmake:122 (add_library):
[1.473s]   add_library cannot create ALIAS target
[1.473s]   "first_interfaces::first_interfaces__rosidl_typesupport_introspection_c"
[1.473s]   because another target with the same name already exists.
[1.473s] Call Stack (most recent call first):
[1.473s]   /opt/ros/jazzy/share/ament_cmake_core/cmake/core/ament_execute_extensions.cmake:48 (include)
[1.473s]   /opt/ros/jazzy/share/rosidl_cmake/cmake/rosidl_generate_interfaces.cmake:280 (ament_execute_extensions)
[1.473s]   CMakeLists.txt:26 (rosidl_generate_interfaces)
[1.474s] 
[1.474s] [0m
[1.551s] -- Using all available rosidl_typesupport_c: rosidl_typesupport_fastrtps_c;rosidl_typesupport_introspection_c
[1.633s] [31mCMake Error at /opt/ros/jazzy/share/rosidl_typesupport_introspection_cpp/cmake/rosidl_typesupport_introspection_cpp_generate_interfaces.cmake:111 (add_library):
[1.633s]   add_library cannot create ALIAS target
[1.634s]   "first_interfaces::first_interfaces__rosidl_typesupport_introspection_cpp"
[1.634s]   because another target with the same name already exists.
[1.634s] Call Stack (most recent call first):
[1.634s]   /opt/ros/jazzy/share/ament_cmake_core/cmake/core/ament_execute_extensions.cmake:48 (include)
[1.634s]   /opt/ros/jazzy/share/rosidl_cmake/cmake/rosidl_generate_interfaces.cmake:280 (ament_execute_extensions)
[1.634s]   CMakeLists.txt:26 (rosidl_generate_interfaces)
[1.634s] 
[1.634s] [0m
[1.708s] -- Using all available rosidl_typesupport_cpp: rosidl_typesupport_fastrtps_cpp;rosidl_typesupport_introspection_cpp
[1.710s] -- Found python_cmake_module: 0.11.1 (/opt/ros/jazzy/share/python_cmake_module/cmake)
[1.933s] -- Found Python3: /usr/bin/python3 (found version "3.12.3") found components: Interpreter Development NumPy Development.Module Development.Embed 
[1.960s] -- Found ament_lint_auto: 0.17.3 (/opt/ros/jazzy/share/ament_lint_auto/cmake)
[1.977s] -- Added test 'cppcheck' to perform static code analysis on C / C++ code
[1.977s] -- Configured cppcheck include dirs: 
[1.977s] -- Configured cppcheck exclude dirs and/or files: 
[1.979s] -- Added test 'flake8' to check Python code syntax and style conventions
[1.979s] -- Configured 'flake8' exclude dirs and/or files: 
[1.982s] -- Added test 'lint_cmake' to check CMake code style
[1.983s] -- Added test 'pep257' to check Python code against some of the docstring style conventions in PEP 257
[1.994s] -- Added test 'uncrustify' to check C / C++ code style
[1.994s] -- Configured uncrustify additional arguments: 
[1.995s] -- Added test 'xmllint' to check XML markup files
[1.997s] -- Configuring incomplete, errors occurred!
[2.005s] gmake: *** [Makefile:1355: cmake_check_build_system] Error 1
[2.008s] Invoked command in '/home/eilero/ros2_ws/src/build/first_interfaces' returned '2': CMAKE_PREFIX_PATH=${CMAKE_PREFIX_PATH}:/opt/ros/jazzy /usr/bin/cmake --build /home/eilero/ros2_ws/src/build/first_interfaces -- -j16 -l16
