[0.015s] Invoking command in '/home/eilero/ros2_ws/src/build/cpp_pubsub': CMAKE_PREFIX_PATH=${CMAKE_PREFIX_PATH}:/opt/ros/jazzy /usr/bin/cmake --build /home/eilero/ros2_ws/src/build/cpp_pubsub -- -j16 -l16
[0.049s] -- Found ament_cmake: 2.5.4 (/opt/ros/jazzy/share/ament_cmake/cmake)
[0.261s] -- Found std_msgs: 5.3.6 (/opt/ros/jazzy/share/std_msgs/cmake)
[0.287s] -- Found rosidl_generator_c: 4.6.6 (/opt/ros/jazzy/share/rosidl_generator_c/cmake)
[0.297s] -- Found rosidl_generator_cpp: 4.6.6 (/opt/ros/jazzy/share/rosidl_generator_cpp/cmake)
[0.310s] -- Using all available rosidl_typesupport_c: rosidl_typesupport_fastrtps_c;rosidl_typesupport_introspection_c
[0.325s] -- Using all available rosidl_typesupport_cpp: rosidl_typesupport_fastrtps_cpp;rosidl_typesupport_introspection_cpp
[0.355s] -- Found rclcpp: 28.1.13 (/opt/ros/jazzy/share/rclcpp/cmake)
[0.416s] -- Found rmw_implementation_cmake: 7.3.2 (/opt/ros/jazzy/share/rmw_implementation_cmake/cmake)
[0.418s] -- Found rmw_fastrtps_cpp: 8.4.3 (/opt/ros/jazzy/share/rmw_fastrtps_cpp/cmake)
[0.493s] -- Using RMW implementation 'rmw_fastrtps_cpp' as default
[0.659s] -- Configuring done (0.6s)
[0.674s] -- Generating done (0.0s)
[0.679s] -- Build files have been written to: /home/eilero/ros2_ws/src/build/cpp_pubsub
[0.726s] [ 25%] [32mBuilding CXX object CMakeFiles/listener.dir/src/publisher_lambda_function.cpp.o[0m
[0.738s] [ 75%] Built target talker
[0.767s] [01m[K/home/eilero/ros2_ws/src/cpp_pubsub/src/publisher_lambda_function.cpp:19:10:[m[K [01;31m[Kfatal error: [m[Krclcpp/rclcpp.hpp: No such file or directory
[0.767s]    19 | #include [01;31m[K"rclcpp/rclcpp.hpp"[m[K
[0.767s]       |          [01;31m[K^~~~~~~~~~~~~~~~~~~[m[K
[0.767s] compilation terminated.
[0.768s] gmake[2]: *** [CMakeFiles/listener.dir/build.make:76: CMakeFiles/listener.dir/src/publisher_lambda_function.cpp.o] Error 1
[0.768s] gmake[1]: *** [CMakeFiles/Makefile2:165: CMakeFiles/listener.dir/all] Error 2
[0.769s] gmake: *** [Makefile:146: all] Error 2
[0.772s] Invoked command in '/home/eilero/ros2_ws/src/build/cpp_pubsub' returned '2': CMAKE_PREFIX_PATH=${CMAKE_PREFIX_PATH}:/opt/ros/jazzy /usr/bin/cmake --build /home/eilero/ros2_ws/src/build/cpp_pubsub -- -j16 -l16
