[0.012s] Invoking command in '/home/eilero/ros2_ws/build/first_interfaces': CMAKE_PREFIX_PATH=${CMAKE_PREFIX_PATH}:/opt/ros/jazzy /usr/bin/cmake /home/eilero/ros2_ws/src/first_interfaces -DCMAKE_INSTALL_PREFIX=/home/eilero/ros2_ws/install/first_interfaces
[0.081s] -- The C compiler identification is GNU 13.3.0
[0.142s] -- The CXX compiler identification is GNU 13.3.0
[0.160s] -- Detecting C compiler ABI info
[0.268s] -- Detecting C compiler ABI info - done
[0.274s] -- Check for working C compiler: /usr/bin/cc - skipped
[0.274s] -- Detecting C compile features
[0.275s] -- Detecting C compile features - done
[0.285s] -- Detecting CXX compiler ABI info
[0.400s] -- Detecting CXX compiler ABI info - done
[0.407s] -- Check for working CXX compiler: /usr/bin/c++ - skipped
[0.408s] -- Detecting CXX compile features
[0.408s] -- Detecting CXX compile features - done
[0.411s] -- Found ament_cmake: 2.5.4 (/opt/ros/jazzy/share/ament_cmake/cmake)
[0.528s] -- Found Python3: /usr/bin/python3 (found version "3.12.3") found components: Interpreter 
[0.631s] -- Found rosidl_default_generators: 1.6.0 (/opt/ros/jazzy/share/rosidl_default_generators/cmake)
[0.636s] -- Using all available rosidl_typesupport_c: rosidl_typesupport_fastrtps_c;rosidl_typesupport_introspection_c
[0.676s] -- Using all available rosidl_typesupport_cpp: rosidl_typesupport_fastrtps_cpp;rosidl_typesupport_introspection_cpp
[0.710s] -- Found rosidl_adapter: 4.6.6 (/opt/ros/jazzy/share/rosidl_adapter/cmake)
[0.717s] -- Found geometry_msgs: 5.3.6 (/opt/ros/jazzy/share/geometry_msgs/cmake)
[1.256s] -- Found ament_cmake_ros: 0.12.0 (/opt/ros/jazzy/share/ament_cmake_ros/cmake)
[1.667s] -- Using all available rosidl_typesupport_c: rosidl_typesupport_fastrtps_c;rosidl_typesupport_introspection_c
[2.195s] -- Using all available rosidl_typesupport_cpp: rosidl_typesupport_fastrtps_cpp;rosidl_typesupport_introspection_cpp
[2.198s] -- Found python_cmake_module: 0.11.1 (/opt/ros/jazzy/share/python_cmake_module/cmake)
[2.307s] -- Found PythonExtra: /usr/bin/python3  
[2.674s] -- Found Python3: /usr/bin/python3 (found version "3.12.3") found components: Interpreter Development NumPy Development.Module Development.Embed 
[2.730s] -- Found ament_lint_auto: 0.17.3 (/opt/ros/jazzy/share/ament_lint_auto/cmake)
[2.748s] -- Added test 'lint_cmake' to check CMake code style
[2.749s] -- Added test 'xmllint' to check XML markup files
[2.752s] -- Configuring done (2.7s)
[2.789s] -- Generating done (0.0s)
[2.799s] -- Build files have been written to: /home/eilero/ros2_ws/build/first_interfaces
[2.822s] Invoked command in '/home/eilero/ros2_ws/build/first_interfaces' returned '0': CMAKE_PREFIX_PATH=${CMAKE_PREFIX_PATH}:/opt/ros/jazzy /usr/bin/cmake /home/eilero/ros2_ws/src/first_interfaces -DCMAKE_INSTALL_PREFIX=/home/eilero/ros2_ws/install/first_interfaces
[2.823s] Invoking command in '/home/eilero/ros2_ws/build/first_interfaces': CMAKE_PREFIX_PATH=${CMAKE_PREFIX_PATH}:/opt/ros/jazzy /usr/bin/cmake --build /home/eilero/ros2_ws/build/first_interfaces -- -j16 -l16
[2.889s] [  1%] [34m[1mGenerating type hashes for ROS interfaces[0m
[2.898s] [  1%] Built target ament_cmake_python_copy_first_interfaces
[3.054s] running egg_info
[3.054s] [  1%] Built target first_interfaces__rosidl_generator_type_description
[3.055s] creating first_interfaces.egg-info
[3.066s] [  3%] [34m[1mGenerating C code for ROS interfaces[0m
[3.066s] writing first_interfaces.egg-info/PKG-INFO
[3.066s] writing dependency_links to first_interfaces.egg-info/dependency_links.txt
[3.066s] writing top-level names to first_interfaces.egg-info/top_level.txt
[3.066s] writing manifest file 'first_interfaces.egg-info/SOURCES.txt'
[3.075s] [  5%] [34m[1mGenerating C++ code for ROS interfaces[0m
[3.096s] reading manifest file 'first_interfaces.egg-info/SOURCES.txt'
[3.097s] writing manifest file 'first_interfaces.egg-info/SOURCES.txt'
[3.126s] [  5%] Built target ament_cmake_python_build_first_interfaces_egg
[3.316s] [  5%] Built target first_interfaces__cpp
[3.371s] [ 18%] [32mBuilding C object CMakeFiles/first_interfaces__rosidl_generator_c.dir/rosidl_generator_c/first_interfaces/msg/detail/sphere__functions.c.o[0m
[3.372s] [ 18%] [32mBuilding C object CMakeFiles/first_interfaces__rosidl_generator_c.dir/rosidl_generator_c/first_interfaces/srv/detail/add_three_ints__description.c.o[0m
[3.372s] [ 18%] [32mBuilding C object CMakeFiles/first_interfaces__rosidl_generator_c.dir/rosidl_generator_c/first_interfaces/msg/detail/num__type_support.c.o[0m
[3.372s] [ 18%] [32mBuilding C object CMakeFiles/first_interfaces__rosidl_generator_c.dir/rosidl_generator_c/first_interfaces/msg/detail/num__functions.c.o[0m
[3.372s] [ 18%] [32mBuilding C object CMakeFiles/first_interfaces__rosidl_generator_c.dir/rosidl_generator_c/first_interfaces/msg/detail/sphere__description.c.o[0m
[3.372s] [ 18%] [32mBuilding C object CMakeFiles/first_interfaces__rosidl_generator_c.dir/rosidl_generator_c/first_interfaces/srv/detail/add_three_ints__functions.c.o[0m
[3.372s] [ 18%] [32mBuilding C object CMakeFiles/first_interfaces__rosidl_generator_c.dir/rosidl_generator_c/first_interfaces/msg/detail/sphere__type_support.c.o[0m
[3.372s] [ 20%] [32mBuilding C object CMakeFiles/first_interfaces__rosidl_generator_c.dir/rosidl_generator_c/first_interfaces/msg/detail/num__description.c.o[0m
[3.373s] [ 22%] [32mBuilding C object CMakeFiles/first_interfaces__rosidl_generator_c.dir/rosidl_generator_c/first_interfaces/srv/detail/add_three_ints__type_support.c.o[0m
[3.442s] [ 24%] [32m[1mLinking C shared library libfirst_interfaces__rosidl_generator_c.so[0m
[3.481s] [ 24%] Built target first_interfaces__rosidl_generator_c
[3.492s] [ 35%] [34m[1mGenerating C type support for eProsima Fast-RTPS[0m
[3.492s] [ 35%] [34m[1mGenerating C introspection for ROS interfaces[0m
[3.492s] [ 35%] [34m[1mGenerating C++ introspection for ROS interfaces[0m
[3.492s] [ 35%] [34m[1mGenerating C++ type support for eProsima Fast-RTPS[0m
[3.492s] [ 35%] [34m[1mGenerating C++ type support dispatch for ROS interfaces[0m
[3.493s] [ 35%] [34m[1mGenerating C type support dispatch for ROS interfaces[0m
[3.716s] [ 44%] [32mBuilding CXX object CMakeFiles/first_interfaces__rosidl_typesupport_c.dir/rosidl_typesupport_c/first_interfaces/msg/num__type_support.cpp.o[0m
[3.716s] [ 44%] [32mBuilding CXX object CMakeFiles/first_interfaces__rosidl_typesupport_cpp.dir/rosidl_typesupport_cpp/first_interfaces/msg/num__type_support.cpp.o[0m
[3.716s] [ 44%] [32mBuilding CXX object CMakeFiles/first_interfaces__rosidl_typesupport_c.dir/rosidl_typesupport_c/first_interfaces/msg/sphere__type_support.cpp.o[0m
[3.716s] [ 44%] [32mBuilding CXX object CMakeFiles/first_interfaces__rosidl_typesupport_cpp.dir/rosidl_typesupport_cpp/first_interfaces/srv/add_three_ints__type_support.cpp.o[0m
[3.716s] [ 44%] [32mBuilding CXX object CMakeFiles/first_interfaces__rosidl_typesupport_cpp.dir/rosidl_typesupport_cpp/first_interfaces/msg/sphere__type_support.cpp.o[0m
[3.716s] [ 46%] [32mBuilding CXX object CMakeFiles/first_interfaces__rosidl_typesupport_c.dir/rosidl_typesupport_c/first_interfaces/srv/add_three_ints__type_support.cpp.o[0m
[3.760s] [ 48%] [32mBuilding CXX object CMakeFiles/first_interfaces__rosidl_typesupport_introspection_cpp.dir/rosidl_typesupport_introspection_cpp/first_interfaces/msg/detail/num__type_support.cpp.o[0m
[3.761s] [ 50%] [32mBuilding CXX object CMakeFiles/first_interfaces__rosidl_typesupport_introspection_cpp.dir/rosidl_typesupport_introspection_cpp/first_interfaces/msg/detail/sphere__type_support.cpp.o[0m
[3.761s] [ 51%] [32mBuilding CXX object CMakeFiles/first_interfaces__rosidl_typesupport_introspection_cpp.dir/rosidl_typesupport_introspection_cpp/first_interfaces/srv/detail/add_three_ints__type_support.cpp.o[0m
[3.775s] [ 57%] [32mBuilding C object CMakeFiles/first_interfaces__rosidl_typesupport_introspection_c.dir/rosidl_typesupport_introspection_c/first_interfaces/msg/detail/num__type_support.c.o[0m
[3.775s] [ 57%] [32mBuilding C object CMakeFiles/first_interfaces__rosidl_typesupport_introspection_c.dir/rosidl_typesupport_introspection_c/first_interfaces/msg/detail/sphere__type_support.c.o[0m
[3.775s] [ 57%] [32mBuilding C object CMakeFiles/first_interfaces__rosidl_typesupport_introspection_c.dir/rosidl_typesupport_introspection_c/first_interfaces/srv/detail/add_three_ints__type_support.c.o[0m
[3.787s] [ 59%] [32m[1mLinking CXX shared library libfirst_interfaces__rosidl_typesupport_c.so[0m
[3.839s] [ 61%] [32m[1mLinking C shared library libfirst_interfaces__rosidl_typesupport_introspection_c.so[0m
[3.857s] [ 61%] Built target first_interfaces__rosidl_typesupport_c
[3.875s] [ 64%] [32mBuilding CXX object CMakeFiles/first_interfaces__rosidl_typesupport_fastrtps_c.dir/rosidl_typesupport_fastrtps_c/first_interfaces/srv/detail/add_three_ints__type_support_c.cpp.o[0m
[3.875s] [ 64%] [32mBuilding CXX object CMakeFiles/first_interfaces__rosidl_typesupport_fastrtps_c.dir/rosidl_typesupport_fastrtps_c/first_interfaces/msg/detail/num__type_support_c.cpp.o[0m
[3.877s] [ 66%] [32mBuilding CXX object CMakeFiles/first_interfaces__rosidl_typesupport_fastrtps_cpp.dir/rosidl_typesupport_fastrtps_cpp/first_interfaces/msg/detail/dds_fastrtps/sphere__type_support.cpp.o[0m
[3.888s] [ 68%] [32mBuilding CXX object CMakeFiles/first_interfaces__rosidl_typesupport_fastrtps_cpp.dir/rosidl_typesupport_fastrtps_cpp/first_interfaces/msg/detail/dds_fastrtps/num__type_support.cpp.o[0m
[3.890s] [ 70%] [32mBuilding CXX object CMakeFiles/first_interfaces__rosidl_typesupport_fastrtps_cpp.dir/rosidl_typesupport_fastrtps_cpp/first_interfaces/srv/detail/dds_fastrtps/add_three_ints__type_support.cpp.o[0m
[3.890s] [ 70%] Built target first_interfaces__rosidl_typesupport_introspection_c
[3.900s] [ 72%] [32mBuilding CXX object CMakeFiles/first_interfaces__rosidl_typesupport_fastrtps_c.dir/rosidl_typesupport_fastrtps_c/first_interfaces/msg/detail/sphere__type_support_c.cpp.o[0m
[4.225s] [ 74%] [32m[1mLinking CXX shared library libfirst_interfaces__rosidl_typesupport_introspection_cpp.so[0m
[4.244s] [ 75%] [32m[1mLinking CXX shared library libfirst_interfaces__rosidl_typesupport_cpp.so[0m
[4.326s] [ 75%] Built target first_interfaces__rosidl_typesupport_introspection_cpp
[4.350s] [ 75%] Built target first_interfaces__rosidl_typesupport_cpp
[4.446s] [ 77%] [32m[1mLinking CXX shared library libfirst_interfaces__rosidl_typesupport_fastrtps_c.so[0m
[4.473s] [ 79%] [32m[1mLinking CXX shared library libfirst_interfaces__rosidl_typesupport_fastrtps_cpp.so[0m
[4.493s] [ 79%] Built target first_interfaces__rosidl_typesupport_fastrtps_c
[4.544s] [ 79%] Built target first_interfaces__rosidl_typesupport_fastrtps_cpp
[4.562s] [ 79%] Built target first_interfaces
[4.583s] [ 81%] [34m[1mGenerating Python code for ROS interfaces[0m
[4.905s] [ 81%] Built target first_interfaces__py
[4.931s] [ 87%] [32mBuilding C object CMakeFiles/first_interfaces__rosidl_generator_py.dir/rosidl_generator_py/first_interfaces/srv/_add_three_ints_s.c.o[0m
[4.931s] [ 87%] [32mBuilding C object CMakeFiles/first_interfaces__rosidl_generator_py.dir/rosidl_generator_py/first_interfaces/msg/_sphere_s.c.o[0m
[4.931s] [ 87%] [32mBuilding C object CMakeFiles/first_interfaces__rosidl_generator_py.dir/rosidl_generator_py/first_interfaces/msg/_num_s.c.o[0m
[5.050s] [ 88%] [32m[1mLinking C shared library libfirst_interfaces__rosidl_generator_py.so[0m
[5.092s] [ 88%] Built target first_interfaces__rosidl_generator_py
[5.112s] [ 92%] [32mBuilding C object CMakeFiles/first_interfaces_s__rosidl_typesupport_fastrtps_c.dir/rosidl_generator_py/first_interfaces/_first_interfaces_s.ep.rosidl_typesupport_fastrtps_c.c.o[0m
[5.112s] [ 92%] [32mBuilding C object CMakeFiles/first_interfaces_s__rosidl_typesupport_c.dir/rosidl_generator_py/first_interfaces/_first_interfaces_s.ep.rosidl_typesupport_c.c.o[0m
[5.112s] [ 94%] [32mBuilding C object CMakeFiles/first_interfaces_s__rosidl_typesupport_introspection_c.dir/rosidl_generator_py/first_interfaces/_first_interfaces_s.ep.rosidl_typesupport_introspection_c.c.o[0m
[5.207s] [ 98%] [32m[1mLinking C shared module rosidl_generator_py/first_interfaces/first_interfaces_s__rosidl_typesupport_introspection_c.so[0m
[5.207s] [ 98%] [32m[1mLinking C shared module rosidl_generator_py/first_interfaces/first_interfaces_s__rosidl_typesupport_c.so[0m
[5.208s] [100%] [32m[1mLinking C shared module rosidl_generator_py/first_interfaces/first_interfaces_s__rosidl_typesupport_fastrtps_c.so[0m
[5.240s] [100%] Built target first_interfaces_s__rosidl_typesupport_fastrtps_c
[5.240s] [100%] Built target first_interfaces_s__rosidl_typesupport_introspection_c
[5.240s] [100%] Built target first_interfaces_s__rosidl_typesupport_c
[5.252s] Invoked command in '/home/eilero/ros2_ws/build/first_interfaces' returned '0': CMAKE_PREFIX_PATH=${CMAKE_PREFIX_PATH}:/opt/ros/jazzy /usr/bin/cmake --build /home/eilero/ros2_ws/build/first_interfaces -- -j16 -l16
[5.263s] Invoking command in '/home/eilero/ros2_ws/build/first_interfaces': CMAKE_PREFIX_PATH=${CMAKE_PREFIX_PATH}:/opt/ros/jazzy /usr/bin/cmake --install /home/eilero/ros2_ws/build/first_interfaces
[5.271s] -- Install configuration: ""
[5.271s] -- Installing: /home/eilero/ros2_ws/install/first_interfaces/share/ament_index/resource_index/rosidl_interfaces/first_interfaces
[5.271s] -- Installing: /home/eilero/ros2_ws/install/first_interfaces/share/first_interfaces/msg/Num.json
[5.272s] -- Installing: /home/eilero/ros2_ws/install/first_interfaces/share/first_interfaces/msg/Sphere.json
[5.272s] -- Installing: /home/eilero/ros2_ws/install/first_interfaces/share/first_interfaces/srv/AddThreeInts.json
[5.272s] -- Installing: /home/eilero/ros2_ws/install/first_interfaces/include/first_interfaces/first_interfaces
[5.272s] -- Installing: /home/eilero/ros2_ws/install/first_interfaces/include/first_interfaces/first_interfaces/srv
[5.272s] -- Installing: /home/eilero/ros2_ws/install/first_interfaces/include/first_interfaces/first_interfaces/srv/add_three_ints.h
[5.272s] -- Installing: /home/eilero/ros2_ws/install/first_interfaces/include/first_interfaces/first_interfaces/srv/detail
[5.272s] -- Installing: /home/eilero/ros2_ws/install/first_interfaces/include/first_interfaces/first_interfaces/srv/detail/add_three_ints__type_support.c
[5.272s] -- Installing: /home/eilero/ros2_ws/install/first_interfaces/include/first_interfaces/first_interfaces/srv/detail/add_three_ints__description.c
[5.272s] -- Installing: /home/eilero/ros2_ws/install/first_interfaces/include/first_interfaces/first_interfaces/srv/detail/add_three_ints__functions.h
[5.272s] -- Installing: /home/eilero/ros2_ws/install/first_interfaces/include/first_interfaces/first_interfaces/srv/detail/add_three_ints__struct.h
[5.272s] -- Installing: /home/eilero/ros2_ws/install/first_interfaces/include/first_interfaces/first_interfaces/srv/detail/add_three_ints__functions.c
[5.272s] -- Installing: /home/eilero/ros2_ws/install/first_interfaces/include/first_interfaces/first_interfaces/srv/detail/add_three_ints__type_support.h
[5.273s] -- Installing: /home/eilero/ros2_ws/install/first_interfaces/include/first_interfaces/first_interfaces/msg
[5.273s] -- Installing: /home/eilero/ros2_ws/install/first_interfaces/include/first_interfaces/first_interfaces/msg/sphere.h
[5.273s] -- Installing: /home/eilero/ros2_ws/install/first_interfaces/include/first_interfaces/first_interfaces/msg/num.h
[5.273s] -- Installing: /home/eilero/ros2_ws/install/first_interfaces/include/first_interfaces/first_interfaces/msg/detail
[5.273s] -- Installing: /home/eilero/ros2_ws/install/first_interfaces/include/first_interfaces/first_interfaces/msg/detail/sphere__functions.c
[5.273s] -- Installing: /home/eilero/ros2_ws/install/first_interfaces/include/first_interfaces/first_interfaces/msg/detail/sphere__functions.h
[5.273s] -- Installing: /home/eilero/ros2_ws/install/first_interfaces/include/first_interfaces/first_interfaces/msg/detail/sphere__type_support.c
[5.273s] -- Installing: /home/eilero/ros2_ws/install/first_interfaces/include/first_interfaces/first_interfaces/msg/detail/num__functions.h
[5.273s] -- Installing: /home/eilero/ros2_ws/install/first_interfaces/include/first_interfaces/first_interfaces/msg/detail/num__type_support.h
[5.274s] -- Installing: /home/eilero/ros2_ws/install/first_interfaces/include/first_interfaces/first_interfaces/msg/detail/sphere__struct.h
[5.274s] -- Installing: /home/eilero/ros2_ws/install/first_interfaces/include/first_interfaces/first_interfaces/msg/detail/num__struct.h
[5.274s] -- Installing: /home/eilero/ros2_ws/install/first_interfaces/include/first_interfaces/first_interfaces/msg/detail/num__functions.c
[5.274s] -- Installing: /home/eilero/ros2_ws/install/first_interfaces/include/first_interfaces/first_interfaces/msg/detail/sphere__type_support.h
[5.274s] -- Installing: /home/eilero/ros2_ws/install/first_interfaces/include/first_interfaces/first_interfaces/msg/detail/num__type_support.c
[5.274s] -- Installing: /home/eilero/ros2_ws/install/first_interfaces/include/first_interfaces/first_interfaces/msg/detail/num__description.c
[5.275s] -- Installing: /home/eilero/ros2_ws/install/first_interfaces/include/first_interfaces/first_interfaces/msg/detail/sphere__description.c
[5.275s] -- Installing: /home/eilero/ros2_ws/install/first_interfaces/include/first_interfaces/first_interfaces/msg/rosidl_generator_c__visibility_control.h
[5.275s] -- Installing: /home/eilero/ros2_ws/install/first_interfaces/share/first_interfaces/environment/library_path.sh
[5.275s] -- Installing: /home/eilero/ros2_ws/install/first_interfaces/share/first_interfaces/environment/library_path.dsv
[5.275s] -- Installing: /home/eilero/ros2_ws/install/first_interfaces/lib/libfirst_interfaces__rosidl_generator_c.so
[5.276s] -- Set non-toolchain portion of runtime path of "/home/eilero/ros2_ws/install/first_interfaces/lib/libfirst_interfaces__rosidl_generator_c.so" to ""
[5.276s] -- Up-to-date: /home/eilero/ros2_ws/install/first_interfaces/include/first_interfaces/first_interfaces
[5.276s] -- Up-to-date: /home/eilero/ros2_ws/install/first_interfaces/include/first_interfaces/first_interfaces/srv
[5.276s] -- Up-to-date: /home/eilero/ros2_ws/install/first_interfaces/include/first_interfaces/first_interfaces/srv/detail
[5.276s] -- Installing: /home/eilero/ros2_ws/install/first_interfaces/include/first_interfaces/first_interfaces/srv/detail/add_three_ints__rosidl_typesupport_fastrtps_c.h
[5.276s] -- Up-to-date: /home/eilero/ros2_ws/install/first_interfaces/include/first_interfaces/first_interfaces/msg
[5.276s] -- Installing: /home/eilero/ros2_ws/install/first_interfaces/include/first_interfaces/first_interfaces/msg/rosidl_typesupport_fastrtps_c__visibility_control.h
[5.277s] -- Up-to-date: /home/eilero/ros2_ws/install/first_interfaces/include/first_interfaces/first_interfaces/msg/detail
[5.277s] -- Installing: /home/eilero/ros2_ws/install/first_interfaces/include/first_interfaces/first_interfaces/msg/detail/sphere__rosidl_typesupport_fastrtps_c.h
[5.277s] -- Installing: /home/eilero/ros2_ws/install/first_interfaces/include/first_interfaces/first_interfaces/msg/detail/num__rosidl_typesupport_fastrtps_c.h
[5.277s] -- Installing: /home/eilero/ros2_ws/install/first_interfaces/lib/libfirst_interfaces__rosidl_typesupport_fastrtps_c.so
[5.277s] -- Set non-toolchain portion of runtime path of "/home/eilero/ros2_ws/install/first_interfaces/lib/libfirst_interfaces__rosidl_typesupport_fastrtps_c.so" to ""
[5.277s] -- Up-to-date: /home/eilero/ros2_ws/install/first_interfaces/include/first_interfaces/first_interfaces
[5.277s] -- Up-to-date: /home/eilero/ros2_ws/install/first_interfaces/include/first_interfaces/first_interfaces/srv
[5.277s] -- Up-to-date: /home/eilero/ros2_ws/install/first_interfaces/include/first_interfaces/first_interfaces/srv/detail
[5.278s] -- Up-to-date: /home/eilero/ros2_ws/install/first_interfaces/include/first_interfaces/first_interfaces/srv/detail/add_three_ints__type_support.c
[5.278s] -- Installing: /home/eilero/ros2_ws/install/first_interfaces/include/first_interfaces/first_interfaces/srv/detail/add_three_ints__rosidl_typesupport_introspection_c.h
[5.278s] -- Up-to-date: /home/eilero/ros2_ws/install/first_interfaces/include/first_interfaces/first_interfaces/msg
[5.278s] -- Installing: /home/eilero/ros2_ws/install/first_interfaces/include/first_interfaces/first_interfaces/msg/rosidl_typesupport_introspection_c__visibility_control.h
[5.278s] -- Up-to-date: /home/eilero/ros2_ws/install/first_interfaces/include/first_interfaces/first_interfaces/msg/detail
[5.278s] -- Up-to-date: /home/eilero/ros2_ws/install/first_interfaces/include/first_interfaces/first_interfaces/msg/detail/sphere__type_support.c
[5.278s] -- Installing: /home/eilero/ros2_ws/install/first_interfaces/include/first_interfaces/first_interfaces/msg/detail/num__rosidl_typesupport_introspection_c.h
[5.278s] -- Up-to-date: /home/eilero/ros2_ws/install/first_interfaces/include/first_interfaces/first_interfaces/msg/detail/num__type_support.c
[5.278s] -- Installing: /home/eilero/ros2_ws/install/first_interfaces/include/first_interfaces/first_interfaces/msg/detail/sphere__rosidl_typesupport_introspection_c.h
[5.278s] -- Installing: /home/eilero/ros2_ws/install/first_interfaces/lib/libfirst_interfaces__rosidl_typesupport_introspection_c.so
[5.279s] -- Set non-toolchain portion of runtime path of "/home/eilero/ros2_ws/install/first_interfaces/lib/libfirst_interfaces__rosidl_typesupport_introspection_c.so" to ""
[5.279s] -- Installing: /home/eilero/ros2_ws/install/first_interfaces/lib/libfirst_interfaces__rosidl_typesupport_c.so
[5.279s] -- Set non-toolchain portion of runtime path of "/home/eilero/ros2_ws/install/first_interfaces/lib/libfirst_interfaces__rosidl_typesupport_c.so" to ""
[5.279s] -- Up-to-date: /home/eilero/ros2_ws/install/first_interfaces/include/first_interfaces/first_interfaces
[5.279s] -- Up-to-date: /home/eilero/ros2_ws/install/first_interfaces/include/first_interfaces/first_interfaces/srv
[5.279s] -- Installing: /home/eilero/ros2_ws/install/first_interfaces/include/first_interfaces/first_interfaces/srv/add_three_ints.hpp
[5.279s] -- Up-to-date: /home/eilero/ros2_ws/install/first_interfaces/include/first_interfaces/first_interfaces/srv/detail
[5.279s] -- Installing: /home/eilero/ros2_ws/install/first_interfaces/include/first_interfaces/first_interfaces/srv/detail/add_three_ints__type_support.hpp
[5.280s] -- Installing: /home/eilero/ros2_ws/install/first_interfaces/include/first_interfaces/first_interfaces/srv/detail/add_three_ints__builder.hpp
[5.280s] -- Installing: /home/eilero/ros2_ws/install/first_interfaces/include/first_interfaces/first_interfaces/srv/detail/add_three_ints__traits.hpp
[5.280s] -- Installing: /home/eilero/ros2_ws/install/first_interfaces/include/first_interfaces/first_interfaces/srv/detail/add_three_ints__struct.hpp
[5.280s] -- Up-to-date: /home/eilero/ros2_ws/install/first_interfaces/include/first_interfaces/first_interfaces/msg
[5.280s] -- Installing: /home/eilero/ros2_ws/install/first_interfaces/include/first_interfaces/first_interfaces/msg/rosidl_generator_cpp__visibility_control.hpp
[5.280s] -- Installing: /home/eilero/ros2_ws/install/first_interfaces/include/first_interfaces/first_interfaces/msg/sphere.hpp
[5.280s] -- Installing: /home/eilero/ros2_ws/install/first_interfaces/include/first_interfaces/first_interfaces/msg/num.hpp
[5.281s] -- Up-to-date: /home/eilero/ros2_ws/install/first_interfaces/include/first_interfaces/first_interfaces/msg/detail
[5.281s] -- Installing: /home/eilero/ros2_ws/install/first_interfaces/include/first_interfaces/first_interfaces/msg/detail/sphere__traits.hpp
[5.281s] -- Installing: /home/eilero/ros2_ws/install/first_interfaces/include/first_interfaces/first_interfaces/msg/detail/sphere__type_support.hpp
[5.281s] -- Installing: /home/eilero/ros2_ws/install/first_interfaces/include/first_interfaces/first_interfaces/msg/detail/sphere__builder.hpp
[5.281s] -- Installing: /home/eilero/ros2_ws/install/first_interfaces/include/first_interfaces/first_interfaces/msg/detail/num__builder.hpp
[5.281s] -- Installing: /home/eilero/ros2_ws/install/first_interfaces/include/first_interfaces/first_interfaces/msg/detail/num__traits.hpp
[5.281s] -- Installing: /home/eilero/ros2_ws/install/first_interfaces/include/first_interfaces/first_interfaces/msg/detail/num__type_support.hpp
[5.282s] -- Installing: /home/eilero/ros2_ws/install/first_interfaces/include/first_interfaces/first_interfaces/msg/detail/num__struct.hpp
[5.282s] -- Installing: /home/eilero/ros2_ws/install/first_interfaces/include/first_interfaces/first_interfaces/msg/detail/sphere__struct.hpp
[5.282s] -- Up-to-date: /home/eilero/ros2_ws/install/first_interfaces/include/first_interfaces/first_interfaces
[5.282s] -- Up-to-date: /home/eilero/ros2_ws/install/first_interfaces/include/first_interfaces/first_interfaces/srv
[5.282s] -- Up-to-date: /home/eilero/ros2_ws/install/first_interfaces/include/first_interfaces/first_interfaces/srv/detail
[5.282s] -- Installing: /home/eilero/ros2_ws/install/first_interfaces/include/first_interfaces/first_interfaces/srv/detail/add_three_ints__rosidl_typesupport_fastrtps_cpp.hpp
[5.282s] -- Installing: /home/eilero/ros2_ws/install/first_interfaces/include/first_interfaces/first_interfaces/srv/detail/dds_fastrtps
[5.282s] -- Up-to-date: /home/eilero/ros2_ws/install/first_interfaces/include/first_interfaces/first_interfaces/msg
[5.282s] -- Installing: /home/eilero/ros2_ws/install/first_interfaces/include/first_interfaces/first_interfaces/msg/rosidl_typesupport_fastrtps_cpp__visibility_control.h
[5.282s] -- Up-to-date: /home/eilero/ros2_ws/install/first_interfaces/include/first_interfaces/first_interfaces/msg/detail
[5.282s] -- Installing: /home/eilero/ros2_ws/install/first_interfaces/include/first_interfaces/first_interfaces/msg/detail/num__rosidl_typesupport_fastrtps_cpp.hpp
[5.283s] -- Installing: /home/eilero/ros2_ws/install/first_interfaces/include/first_interfaces/first_interfaces/msg/detail/sphere__rosidl_typesupport_fastrtps_cpp.hpp
[5.283s] -- Installing: /home/eilero/ros2_ws/install/first_interfaces/include/first_interfaces/first_interfaces/msg/detail/dds_fastrtps
[5.283s] -- Installing: /home/eilero/ros2_ws/install/first_interfaces/lib/libfirst_interfaces__rosidl_typesupport_fastrtps_cpp.so
[5.283s] -- Set non-toolchain portion of runtime path of "/home/eilero/ros2_ws/install/first_interfaces/lib/libfirst_interfaces__rosidl_typesupport_fastrtps_cpp.so" to ""
[5.283s] -- Up-to-date: /home/eilero/ros2_ws/install/first_interfaces/include/first_interfaces/first_interfaces
[5.283s] -- Up-to-date: /home/eilero/ros2_ws/install/first_interfaces/include/first_interfaces/first_interfaces/srv
[5.283s] -- Up-to-date: /home/eilero/ros2_ws/install/first_interfaces/include/first_interfaces/first_interfaces/srv/detail
[5.283s] -- Installing: /home/eilero/ros2_ws/install/first_interfaces/include/first_interfaces/first_interfaces/srv/detail/add_three_ints__type_support.cpp
[5.283s] -- Installing: /home/eilero/ros2_ws/install/first_interfaces/include/first_interfaces/first_interfaces/srv/detail/add_three_ints__rosidl_typesupport_introspection_cpp.hpp
[5.283s] -- Up-to-date: /home/eilero/ros2_ws/install/first_interfaces/include/first_interfaces/first_interfaces/msg
[5.284s] -- Up-to-date: /home/eilero/ros2_ws/install/first_interfaces/include/first_interfaces/first_interfaces/msg/detail
[5.284s] -- Installing: /home/eilero/ros2_ws/install/first_interfaces/include/first_interfaces/first_interfaces/msg/detail/sphere__rosidl_typesupport_introspection_cpp.hpp
[5.284s] -- Installing: /home/eilero/ros2_ws/install/first_interfaces/include/first_interfaces/first_interfaces/msg/detail/num__rosidl_typesupport_introspection_cpp.hpp
[5.284s] -- Installing: /home/eilero/ros2_ws/install/first_interfaces/include/first_interfaces/first_interfaces/msg/detail/sphere__type_support.cpp
[5.284s] -- Installing: /home/eilero/ros2_ws/install/first_interfaces/include/first_interfaces/first_interfaces/msg/detail/num__type_support.cpp
[5.284s] -- Installing: /home/eilero/ros2_ws/install/first_interfaces/lib/libfirst_interfaces__rosidl_typesupport_introspection_cpp.so
[5.284s] -- Set non-toolchain portion of runtime path of "/home/eilero/ros2_ws/install/first_interfaces/lib/libfirst_interfaces__rosidl_typesupport_introspection_cpp.so" to ""
[5.284s] -- Installing: /home/eilero/ros2_ws/install/first_interfaces/lib/libfirst_interfaces__rosidl_typesupport_cpp.so
[5.285s] -- Set non-toolchain portion of runtime path of "/home/eilero/ros2_ws/install/first_interfaces/lib/libfirst_interfaces__rosidl_typesupport_cpp.so" to ""
[5.285s] -- Installing: /home/eilero/ros2_ws/install/first_interfaces/share/first_interfaces/environment/pythonpath.sh
[5.285s] -- Installing: /home/eilero/ros2_ws/install/first_interfaces/share/first_interfaces/environment/pythonpath.dsv
[5.285s] -- Installing: /home/eilero/ros2_ws/install/first_interfaces/lib/python3.12/site-packages/first_interfaces-0.0.0-py3.12.egg-info
[5.285s] -- Installing: /home/eilero/ros2_ws/install/first_interfaces/lib/python3.12/site-packages/first_interfaces-0.0.0-py3.12.egg-info/PKG-INFO
[5.285s] -- Installing: /home/eilero/ros2_ws/install/first_interfaces/lib/python3.12/site-packages/first_interfaces-0.0.0-py3.12.egg-info/SOURCES.txt
[5.285s] -- Installing: /home/eilero/ros2_ws/install/first_interfaces/lib/python3.12/site-packages/first_interfaces-0.0.0-py3.12.egg-info/top_level.txt
[5.285s] -- Installing: /home/eilero/ros2_ws/install/first_interfaces/lib/python3.12/site-packages/first_interfaces-0.0.0-py3.12.egg-info/dependency_links.txt
[5.286s] -- Installing: /home/eilero/ros2_ws/install/first_interfaces/lib/python3.12/site-packages/first_interfaces
[5.286s] -- Installing: /home/eilero/ros2_ws/install/first_interfaces/lib/python3.12/site-packages/first_interfaces/first_interfaces_s__rosidl_typesupport_c.so
[5.286s] -- Installing: /home/eilero/ros2_ws/install/first_interfaces/lib/python3.12/site-packages/first_interfaces/first_interfaces_s__rosidl_typesupport_fastrtps_c.so
[5.286s] -- Installing: /home/eilero/ros2_ws/install/first_interfaces/lib/python3.12/site-packages/first_interfaces/srv
[5.286s] -- Installing: /home/eilero/ros2_ws/install/first_interfaces/lib/python3.12/site-packages/first_interfaces/srv/_add_three_ints.py
[5.286s] -- Installing: /home/eilero/ros2_ws/install/first_interfaces/lib/python3.12/site-packages/first_interfaces/srv/__init__.py
[5.286s] -- Installing: /home/eilero/ros2_ws/install/first_interfaces/lib/python3.12/site-packages/first_interfaces/srv/_add_three_ints_s.c
[5.286s] -- Installing: /home/eilero/ros2_ws/install/first_interfaces/lib/python3.12/site-packages/first_interfaces/msg
[5.286s] -- Installing: /home/eilero/ros2_ws/install/first_interfaces/lib/python3.12/site-packages/first_interfaces/msg/_num_s.c
[5.287s] -- Installing: /home/eilero/ros2_ws/install/first_interfaces/lib/python3.12/site-packages/first_interfaces/msg/_num.py
[5.287s] -- Installing: /home/eilero/ros2_ws/install/first_interfaces/lib/python3.12/site-packages/first_interfaces/msg/_sphere.py
[5.287s] -- Installing: /home/eilero/ros2_ws/install/first_interfaces/lib/python3.12/site-packages/first_interfaces/msg/__init__.py
[5.287s] -- Installing: /home/eilero/ros2_ws/install/first_interfaces/lib/python3.12/site-packages/first_interfaces/msg/_sphere_s.c
[5.287s] -- Installing: /home/eilero/ros2_ws/install/first_interfaces/lib/python3.12/site-packages/first_interfaces/__init__.py
[5.287s] -- Installing: /home/eilero/ros2_ws/install/first_interfaces/lib/python3.12/site-packages/first_interfaces/_first_interfaces_s.ep.rosidl_typesupport_introspection_c.c
[5.287s] -- Installing: /home/eilero/ros2_ws/install/first_interfaces/lib/python3.12/site-packages/first_interfaces/_first_interfaces_s.ep.rosidl_typesupport_c.c
[5.287s] -- Installing: /home/eilero/ros2_ws/install/first_interfaces/lib/python3.12/site-packages/first_interfaces/_first_interfaces_s.ep.rosidl_typesupport_fastrtps_c.c
[5.287s] -- Installing: /home/eilero/ros2_ws/install/first_interfaces/lib/python3.12/site-packages/first_interfaces/first_interfaces_s__rosidl_typesupport_introspection_c.so
[5.320s] Listing '/home/eilero/ros2_ws/install/first_interfaces/lib/python3.12/site-packages/first_interfaces'...
[5.320s] Compiling '/home/eilero/ros2_ws/install/first_interfaces/lib/python3.12/site-packages/first_interfaces/__init__.py'...
[5.320s] Listing '/home/eilero/ros2_ws/install/first_interfaces/lib/python3.12/site-packages/first_interfaces/msg'...
[5.320s] Compiling '/home/eilero/ros2_ws/install/first_interfaces/lib/python3.12/site-packages/first_interfaces/msg/__init__.py'...
[5.320s] Compiling '/home/eilero/ros2_ws/install/first_interfaces/lib/python3.12/site-packages/first_interfaces/msg/_num.py'...
[5.320s] Compiling '/home/eilero/ros2_ws/install/first_interfaces/lib/python3.12/site-packages/first_interfaces/msg/_sphere.py'...
[5.320s] Listing '/home/eilero/ros2_ws/install/first_interfaces/lib/python3.12/site-packages/first_interfaces/srv'...
[5.320s] Compiling '/home/eilero/ros2_ws/install/first_interfaces/lib/python3.12/site-packages/first_interfaces/srv/__init__.py'...
[5.320s] Compiling '/home/eilero/ros2_ws/install/first_interfaces/lib/python3.12/site-packages/first_interfaces/srv/_add_three_ints.py'...
[5.326s] -- Installing: /home/eilero/ros2_ws/install/first_interfaces/lib/python3.12/site-packages/first_interfaces/first_interfaces_s__rosidl_typesupport_fastrtps_c.so
[5.326s] -- Set non-toolchain portion of runtime path of "/home/eilero/ros2_ws/install/first_interfaces/lib/python3.12/site-packages/first_interfaces/first_interfaces_s__rosidl_typesupport_fastrtps_c.so" to ""
[5.326s] -- Installing: /home/eilero/ros2_ws/install/first_interfaces/lib/python3.12/site-packages/first_interfaces/first_interfaces_s__rosidl_typesupport_introspection_c.so
[5.327s] -- Set non-toolchain portion of runtime path of "/home/eilero/ros2_ws/install/first_interfaces/lib/python3.12/site-packages/first_interfaces/first_interfaces_s__rosidl_typesupport_introspection_c.so" to ""
[5.327s] -- Installing: /home/eilero/ros2_ws/install/first_interfaces/lib/python3.12/site-packages/first_interfaces/first_interfaces_s__rosidl_typesupport_c.so
[5.327s] -- Set non-toolchain portion of runtime path of "/home/eilero/ros2_ws/install/first_interfaces/lib/python3.12/site-packages/first_interfaces/first_interfaces_s__rosidl_typesupport_c.so" to ""
[5.327s] -- Installing: /home/eilero/ros2_ws/install/first_interfaces/lib/libfirst_interfaces__rosidl_generator_py.so
[5.328s] -- Set non-toolchain portion of runtime path of "/home/eilero/ros2_ws/install/first_interfaces/lib/libfirst_interfaces__rosidl_generator_py.so" to ""
[5.328s] -- Installing: /home/eilero/ros2_ws/install/first_interfaces/share/first_interfaces/msg/Num.idl
[5.328s] -- Installing: /home/eilero/ros2_ws/install/first_interfaces/share/first_interfaces/msg/Sphere.idl
[5.328s] -- Installing: /home/eilero/ros2_ws/install/first_interfaces/share/first_interfaces/srv/AddThreeInts.idl
[5.328s] -- Installing: /home/eilero/ros2_ws/install/first_interfaces/share/first_interfaces/msg/Num.msg
[5.328s] -- Installing: /home/eilero/ros2_ws/install/first_interfaces/share/first_interfaces/msg/Sphere.msg
[5.328s] -- Installing: /home/eilero/ros2_ws/install/first_interfaces/share/first_interfaces/srv/AddThreeInts.srv
[5.329s] -- Installing: /home/eilero/ros2_ws/install/first_interfaces/share/ament_index/resource_index/package_run_dependencies/first_interfaces
[5.329s] -- Installing: /home/eilero/ros2_ws/install/first_interfaces/share/ament_index/resource_index/parent_prefix_path/first_interfaces
[5.329s] -- Installing: /home/eilero/ros2_ws/install/first_interfaces/share/first_interfaces/environment/ament_prefix_path.sh
[5.329s] -- Installing: /home/eilero/ros2_ws/install/first_interfaces/share/first_interfaces/environment/ament_prefix_path.dsv
[5.329s] -- Installing: /home/eilero/ros2_ws/install/first_interfaces/share/first_interfaces/environment/path.sh
[5.329s] -- Installing: /home/eilero/ros2_ws/install/first_interfaces/share/first_interfaces/environment/path.dsv
[5.329s] -- Installing: /home/eilero/ros2_ws/install/first_interfaces/share/first_interfaces/local_setup.bash
[5.330s] -- Installing: /home/eilero/ros2_ws/install/first_interfaces/share/first_interfaces/local_setup.sh
[5.330s] -- Installing: /home/eilero/ros2_ws/install/first_interfaces/share/first_interfaces/local_setup.zsh
[5.330s] -- Installing: /home/eilero/ros2_ws/install/first_interfaces/share/first_interfaces/local_setup.dsv
[5.330s] -- Installing: /home/eilero/ros2_ws/install/first_interfaces/share/first_interfaces/package.dsv
[5.330s] -- Installing: /home/eilero/ros2_ws/install/first_interfaces/share/ament_index/resource_index/packages/first_interfaces
[5.330s] -- Installing: /home/eilero/ros2_ws/install/first_interfaces/share/first_interfaces/cmake/export_first_interfaces__rosidl_generator_cExport.cmake
[5.330s] -- Installing: /home/eilero/ros2_ws/install/first_interfaces/share/first_interfaces/cmake/export_first_interfaces__rosidl_generator_cExport-noconfig.cmake
[5.331s] -- Installing: /home/eilero/ros2_ws/install/first_interfaces/share/first_interfaces/cmake/export_first_interfaces__rosidl_typesupport_fastrtps_cExport.cmake
[5.331s] -- Installing: /home/eilero/ros2_ws/install/first_interfaces/share/first_interfaces/cmake/export_first_interfaces__rosidl_typesupport_fastrtps_cExport-noconfig.cmake
[5.331s] -- Installing: /home/eilero/ros2_ws/install/first_interfaces/share/first_interfaces/cmake/first_interfaces__rosidl_typesupport_introspection_cExport.cmake
[5.331s] -- Installing: /home/eilero/ros2_ws/install/first_interfaces/share/first_interfaces/cmake/first_interfaces__rosidl_typesupport_introspection_cExport-noconfig.cmake
[5.331s] -- Installing: /home/eilero/ros2_ws/install/first_interfaces/share/first_interfaces/cmake/first_interfaces__rosidl_typesupport_cExport.cmake
[5.331s] -- Installing: /home/eilero/ros2_ws/install/first_interfaces/share/first_interfaces/cmake/first_interfaces__rosidl_typesupport_cExport-noconfig.cmake
[5.331s] -- Installing: /home/eilero/ros2_ws/install/first_interfaces/share/first_interfaces/cmake/export_first_interfaces__rosidl_generator_cppExport.cmake
[5.331s] -- Installing: /home/eilero/ros2_ws/install/first_interfaces/share/first_interfaces/cmake/export_first_interfaces__rosidl_typesupport_fastrtps_cppExport.cmake
[5.332s] -- Installing: /home/eilero/ros2_ws/install/first_interfaces/share/first_interfaces/cmake/export_first_interfaces__rosidl_typesupport_fastrtps_cppExport-noconfig.cmake
[5.332s] -- Installing: /home/eilero/ros2_ws/install/first_interfaces/share/first_interfaces/cmake/first_interfaces__rosidl_typesupport_introspection_cppExport.cmake
[5.332s] -- Installing: /home/eilero/ros2_ws/install/first_interfaces/share/first_interfaces/cmake/first_interfaces__rosidl_typesupport_introspection_cppExport-noconfig.cmake
[5.332s] -- Installing: /home/eilero/ros2_ws/install/first_interfaces/share/first_interfaces/cmake/first_interfaces__rosidl_typesupport_cppExport.cmake
[5.332s] -- Installing: /home/eilero/ros2_ws/install/first_interfaces/share/first_interfaces/cmake/first_interfaces__rosidl_typesupport_cppExport-noconfig.cmake
[5.332s] -- Installing: /home/eilero/ros2_ws/install/first_interfaces/share/first_interfaces/cmake/export_first_interfaces__rosidl_generator_pyExport.cmake
[5.332s] -- Installing: /home/eilero/ros2_ws/install/first_interfaces/share/first_interfaces/cmake/export_first_interfaces__rosidl_generator_pyExport-noconfig.cmake
[5.333s] -- Installing: /home/eilero/ros2_ws/install/first_interfaces/share/first_interfaces/cmake/rosidl_cmake-extras.cmake
[5.333s] -- Installing: /home/eilero/ros2_ws/install/first_interfaces/share/first_interfaces/cmake/ament_cmake_export_dependencies-extras.cmake
[5.333s] -- Installing: /home/eilero/ros2_ws/install/first_interfaces/share/first_interfaces/cmake/ament_cmake_export_include_directories-extras.cmake
[5.333s] -- Installing: /home/eilero/ros2_ws/install/first_interfaces/share/first_interfaces/cmake/ament_cmake_export_libraries-extras.cmake
[5.333s] -- Installing: /home/eilero/ros2_ws/install/first_interfaces/share/first_interfaces/cmake/ament_cmake_export_targets-extras.cmake
[5.333s] -- Installing: /home/eilero/ros2_ws/install/first_interfaces/share/first_interfaces/cmake/rosidl_cmake_export_typesupport_targets-extras.cmake
[5.333s] -- Installing: /home/eilero/ros2_ws/install/first_interfaces/share/first_interfaces/cmake/rosidl_cmake_export_typesupport_libraries-extras.cmake
[5.333s] -- Installing: /home/eilero/ros2_ws/install/first_interfaces/share/first_interfaces/cmake/first_interfacesConfig.cmake
[5.334s] -- Installing: /home/eilero/ros2_ws/install/first_interfaces/share/first_interfaces/cmake/first_interfacesConfig-version.cmake
[5.334s] -- Installing: /home/eilero/ros2_ws/install/first_interfaces/share/first_interfaces/package.xml
[5.336s] Invoked command in '/home/eilero/ros2_ws/build/first_interfaces' returned '0': CMAKE_PREFIX_PATH=${CMAKE_PREFIX_PATH}:/opt/ros/jazzy /usr/bin/cmake --install /home/eilero/ros2_ws/build/first_interfaces
