[0.012s] Invoking command in '/home/eilero/ros2_ws/build/cpp_pubsub': AMENT_PREFIX_PATH=/home/eilero/ros2_ws/install/first_interfaces:${AMENT_PREFIX_PATH} CMAKE_PREFIX_PATH=/home/eilero/ros2_ws/install/first_interfaces:/opt/ros/jazzy/opt/gz_math_vendor:/opt/ros/jazzy/opt/gz_utils_vendor:/opt/ros/jazzy/opt/gz_cmake_vendor:/opt/ros/jazzy LD_LIBRARY_PATH=/home/eilero/ros2_ws/install/first_interfaces/lib:${LD_LIBRARY_PATH} PYTHONPATH=/home/eilero/ros2_ws/install/first_interfaces/lib/python3.12/site-packages:${PYTHONPATH} /usr/bin/cmake /home/eilero/ros2_ws/src/cpp_pubsub -DCMAKE_INSTALL_PREFIX=/home/eilero/ros2_ws/install/cpp_pubsub
[0.081s] -- The C compiler identification is GNU 13.3.0
[0.145s] -- The CXX compiler identification is GNU 13.3.0
[0.166s] -- Detecting C compiler ABI info
[0.279s] -- Detecting C compiler ABI info - done
[0.287s] -- Check for working C compiler: /usr/bin/cc - skipped
[0.287s] -- Detecting C compile features
[0.287s] -- Detecting C compile features - done
[0.298s] -- Detecting CXX compiler ABI info
[0.409s] -- Detecting CXX compiler ABI info - done
[0.418s] -- Check for working CXX compiler: /usr/bin/c++ - skipped
[0.418s] -- Detecting CXX compile features
[0.419s] -- Detecting CXX compile features - done
[0.421s] -- Found ament_cmake: 2.5.4 (/opt/ros/jazzy/share/ament_cmake/cmake)
[0.553s] -- Found Python3: /usr/bin/python3 (found version "3.12.3") found components: Interpreter 
[0.658s] -- Found std_msgs: 5.3.6 (/opt/ros/jazzy/share/std_msgs/cmake)
[0.690s] -- Found rosidl_generator_c: 4.6.6 (/opt/ros/jazzy/share/rosidl_generator_c/cmake)
[0.702s] -- Found rosidl_generator_cpp: 4.6.6 (/opt/ros/jazzy/share/rosidl_generator_cpp/cmake)
[0.714s] -- Using all available rosidl_typesupport_c: rosidl_typesupport_fastrtps_c;rosidl_typesupport_introspection_c
[0.736s] -- Using all available rosidl_typesupport_cpp: rosidl_typesupport_fastrtps_cpp;rosidl_typesupport_introspection_cpp
[0.764s] -- Found rclcpp: 28.1.13 (/opt/ros/jazzy/share/rclcpp/cmake)
[0.818s] -- Found rmw_implementation_cmake: 7.3.2 (/opt/ros/jazzy/share/rmw_implementation_cmake/cmake)
[0.821s] -- Found rmw_fastrtps_cpp: 8.4.3 (/opt/ros/jazzy/share/rmw_fastrtps_cpp/cmake)
[0.915s] -- Found OpenSSL: /usr/lib/x86_64-linux-gnu/libcrypto.so (found version "3.0.13")  
[0.931s] -- Found FastRTPS: /opt/ros/jazzy/include (Required is at least version "2.13") 
[0.956s] -- Using RMW implementation 'rmw_fastrtps_cpp' as default
[1.111s] -- Configuring done (1.1s)
[1.115s] [31mCMake Error at CMakeLists.txt:13 (add_executable):
[1.115s]   Cannot find source file:
[1.115s] 
[1.115s]     src/publisher_lambda_function.cpp
[1.115s] 
[1.115s]   Tried extensions .c .C .c++ .cc .cpp .cxx .cu .mpp .m .M .mm .ixx .cppm
[1.116s]   .ccm .cxxm .c++m .h .hh .h++ .hm .hpp .hxx .in .txx .f .F .for .f77 .f90
[1.116s]   .f95 .f03 .hip .ispc
[1.116s] 
[1.116s] [0m
[1.116s] [31mCMake Error at CMakeLists.txt:16 (add_executable):
[1.116s]   Cannot find source file:
[1.116s] 
[1.116s]     src/subscriber_lambda_function.cpp
[1.116s] 
[1.116s]   Tried extensions .c .C .c++ .cc .cpp .cxx .cu .mpp .m .M .mm .ixx .cppm
[1.116s]   .ccm .cxxm .c++m .h .hh .h++ .hm .hpp .hxx .in .txx .f .F .for .f77 .f90
[1.116s]   .f95 .f03 .hip .ispc
[1.117s] 
[1.117s] [0m
[1.117s] [31mCMake Error at CMakeLists.txt:13 (add_executable):
[1.117s]   No SOURCES given to target: talker
[1.117s] 
[1.117s] [0m
[1.117s] [31mCMake Error at CMakeLists.txt:16 (add_executable):
[1.117s]   No SOURCES given to target: listener
[1.117s] 
[1.117s] [0m
[1.117s] [0mCMake Generate step failed.  Build files cannot be regenerated correctly.[0m
[1.134s] Invoked command in '/home/eilero/ros2_ws/build/cpp_pubsub' returned '1': AMENT_PREFIX_PATH=/home/eilero/ros2_ws/install/first_interfaces:${AMENT_PREFIX_PATH} CMAKE_PREFIX_PATH=/home/eilero/ros2_ws/install/first_interfaces:/opt/ros/jazzy/opt/gz_math_vendor:/opt/ros/jazzy/opt/gz_utils_vendor:/opt/ros/jazzy/opt/gz_cmake_vendor:/opt/ros/jazzy LD_LIBRARY_PATH=/home/eilero/ros2_ws/install/first_interfaces/lib:${LD_LIBRARY_PATH} PYTHONPATH=/home/eilero/ros2_ws/install/first_interfaces/lib/python3.12/site-packages:${PYTHONPATH} /usr/bin/cmake /home/eilero/ros2_ws/src/cpp_pubsub -DCMAKE_INSTALL_PREFIX=/home/eilero/ros2_ws/install/cpp_pubsub
