[0.018s] Invoking command in '/home/eilero/ros2_ws/build/cpp_srvcli': CMAKE_PREFIX_PATH=${CMAKE_PREFIX_PATH}:/opt/ros/jazzy /usr/bin/cmake /home/eilero/ros2_ws/src/cpp_srvcli -DCMAKE_INSTALL_PREFIX=/home/eilero/ros2_ws/install/cpp_srvcli
[0.075s] -- The C compiler identification is GNU 13.3.0
[0.138s] -- The CXX compiler identification is GNU 13.3.0
[0.157s] -- Detecting C compiler ABI info
[0.256s] -- Detecting C compiler ABI info - done
[0.264s] -- Check for working C compiler: /usr/bin/cc - skipped
[0.265s] -- Detecting C compile features
[0.265s] -- Detecting C compile features - done
[0.275s] -- Detecting CXX compiler ABI info
[0.381s] -- Detecting CXX compiler ABI info - done
[0.387s] -- Check for working CXX compiler: /usr/bin/c++ - skipped
[0.388s] -- Detecting CXX compile features
[0.388s] -- Detecting CXX compile features - done
[0.391s] -- Found ament_cmake: 2.5.4 (/opt/ros/jazzy/share/ament_cmake/cmake)
[0.520s] -- Found Python3: /usr/bin/python3 (found version "3.12.3") found components: Interpreter 
[0.642s] -- Found rclcpp: 28.1.13 (/opt/ros/jazzy/share/rclcpp/cmake)
[0.677s] -- Found rosidl_generator_c: 4.6.6 (/opt/ros/jazzy/share/rosidl_generator_c/cmake)
[0.690s] -- Found rosidl_generator_cpp: 4.6.6 (/opt/ros/jazzy/share/rosidl_generator_cpp/cmake)
[0.708s] -- Using all available rosidl_typesupport_c: rosidl_typesupport_fastrtps_c;rosidl_typesupport_introspection_c
[0.724s] -- Using all available rosidl_typesupport_cpp: rosidl_typesupport_fastrtps_cpp;rosidl_typesupport_introspection_cpp
[0.796s] -- Found rmw_implementation_cmake: 7.3.2 (/opt/ros/jazzy/share/rmw_implementation_cmake/cmake)
[0.800s] -- Found rmw_fastrtps_cpp: 8.4.3 (/opt/ros/jazzy/share/rmw_fastrtps_cpp/cmake)
[0.886s] -- Found OpenSSL: /usr/lib/x86_64-linux-gnu/libcrypto.so (found version "3.0.13")  
[0.903s] -- Found FastRTPS: /opt/ros/jazzy/include (Required is at least version "2.13") 
[0.928s] -- Using RMW implementation 'rmw_fastrtps_cpp' as default
[0.992s] -- Found example_interfaces: 0.12.0 (/opt/ros/jazzy/share/example_interfaces/cmake)
[1.135s] -- Configuring done (1.1s)
[1.149s] -- Generating done (0.0s)
[1.152s] -- Build files have been written to: /home/eilero/ros2_ws/build/cpp_srvcli
[1.164s] Invoked command in '/home/eilero/ros2_ws/build/cpp_srvcli' returned '0': CMAKE_PREFIX_PATH=${CMAKE_PREFIX_PATH}:/opt/ros/jazzy /usr/bin/cmake /home/eilero/ros2_ws/src/cpp_srvcli -DCMAKE_INSTALL_PREFIX=/home/eilero/ros2_ws/install/cpp_srvcli
[1.166s] Invoking command in '/home/eilero/ros2_ws/build/cpp_srvcli': CMAKE_PREFIX_PATH=${CMAKE_PREFIX_PATH}:/opt/ros/jazzy /usr/bin/cmake --build /home/eilero/ros2_ws/build/cpp_srvcli -- -j16 -l16
[1.234s] [ 25%] [32mBuilding CXX object CMakeFiles/client.dir/src/add_two_ints_client.cpp.o[0m
[1.234s] [ 50%] [32mBuilding CXX object CMakeFiles/server.dir/src/add_two_ints_server.cpp.o[0m
[4.303s] [ 75%] [32m[1mLinking CXX executable server[0m
[4.431s] [ 75%] Built target server
[4.460s] [100%] [32m[1mLinking CXX executable client[0m
[4.580s] [100%] Built target client
