[0.013s] Invoking command in '/home/eilero/ros2_ws/build/cpp_srvcli': CMAKE_PREFIX_PATH=${CMAKE_PREFIX_PATH}:/opt/ros/jazzy /usr/bin/cmake --build /home/eilero/ros2_ws/build/cpp_srvcli -- -j16 -l16
[0.049s] -- Found ament_cmake: 2.5.4 (/opt/ros/jazzy/share/ament_cmake/cmake)
[0.261s] -- Found rclcpp: 28.1.13 (/opt/ros/jazzy/share/rclcpp/cmake)
[0.289s] -- Found rosidl_generator_c: 4.6.6 (/opt/ros/jazzy/share/rosidl_generator_c/cmake)
[0.299s] -- Found rosidl_generator_cpp: 4.6.6 (/opt/ros/jazzy/share/rosidl_generator_cpp/cmake)
[0.312s] -- Using all available rosidl_typesupport_c: rosidl_typesupport_fastrtps_c;rosidl_typesupport_introspection_c
[0.327s] -- Using all available rosidl_typesupport_cpp: rosidl_typesupport_fastrtps_cpp;rosidl_typesupport_introspection_cpp
[0.400s] -- Found rmw_implementation_cmake: 7.3.2 (/opt/ros/jazzy/share/rmw_implementation_cmake/cmake)
[0.401s] -- Found rmw_fastrtps_cpp: 8.4.3 (/opt/ros/jazzy/share/rmw_fastrtps_cpp/cmake)
[0.473s] -- Using RMW implementation 'rmw_fastrtps_cpp' as default
[0.547s] -- Found example_interfaces: 0.12.0 (/opt/ros/jazzy/share/example_interfaces/cmake)
[0.693s] -- Configuring done (0.6s)
[0.705s] -- Generating done (0.0s)
[0.709s] -- Build files have been written to: /home/eilero/ros2_ws/build/cpp_srvcli
[0.742s] [ 25%] [32mBuilding CXX object CMakeFiles/server.dir/src/add_two_ints_server.cpp.o[0m
[0.742s] [ 50%] [32mBuilding CXX object CMakeFiles/client.dir/src/add_two_ints_client.cpp.o[0m
[3.475s] [ 75%] [32m[1mLinking CXX executable server[0m
[3.594s] [100%] [32m[1mLinking CXX executable client[0m
[3.594s] [100%] Built target server
[3.714s] [100%] Built target client
[3.763s] Invoked command in '/home/eilero/ros2_ws/build/cpp_srvcli' returned '0': CMAKE_PREFIX_PATH=${CMAKE_PREFIX_PATH}:/opt/ros/jazzy /usr/bin/cmake --build /home/eilero/ros2_ws/build/cpp_srvcli -- -j16 -l16
[3.773s] Invoking command in '/home/eilero/ros2_ws/build/cpp_srvcli': CMAKE_PREFIX_PATH=${CMAKE_PREFIX_PATH}:/opt/ros/jazzy /usr/bin/cmake --install /home/eilero/ros2_ws/build/cpp_srvcli
[3.779s] -- Install configuration: ""
[3.780s] -- Installing: /home/eilero/ros2_ws/install/cpp_srvcli/lib/cpp_srvcli/server
[3.780s] -- Set non-toolchain portion of runtime path of "/home/eilero/ros2_ws/install/cpp_srvcli/lib/cpp_srvcli/server" to ""
[3.780s] -- Installing: /home/eilero/ros2_ws/install/cpp_srvcli/lib/cpp_srvcli/client
[3.781s] -- Set non-toolchain portion of runtime path of "/home/eilero/ros2_ws/install/cpp_srvcli/lib/cpp_srvcli/client" to ""
[3.781s] -- Up-to-date: /home/eilero/ros2_ws/install/cpp_srvcli/share/ament_index/resource_index/package_run_dependencies/cpp_srvcli
[3.781s] -- Installing: /home/eilero/ros2_ws/install/cpp_srvcli/share/ament_index/resource_index/parent_prefix_path/cpp_srvcli
[3.781s] -- Up-to-date: /home/eilero/ros2_ws/install/cpp_srvcli/share/cpp_srvcli/environment/ament_prefix_path.sh
[3.782s] -- Up-to-date: /home/eilero/ros2_ws/install/cpp_srvcli/share/cpp_srvcli/environment/ament_prefix_path.dsv
[3.782s] -- Up-to-date: /home/eilero/ros2_ws/install/cpp_srvcli/share/cpp_srvcli/environment/path.sh
[3.782s] -- Up-to-date: /home/eilero/ros2_ws/install/cpp_srvcli/share/cpp_srvcli/environment/path.dsv
[3.782s] -- Up-to-date: /home/eilero/ros2_ws/install/cpp_srvcli/share/cpp_srvcli/local_setup.bash
[3.782s] -- Up-to-date: /home/eilero/ros2_ws/install/cpp_srvcli/share/cpp_srvcli/local_setup.sh
[3.782s] -- Up-to-date: /home/eilero/ros2_ws/install/cpp_srvcli/share/cpp_srvcli/local_setup.zsh
[3.782s] -- Up-to-date: /home/eilero/ros2_ws/install/cpp_srvcli/share/cpp_srvcli/local_setup.dsv
[3.782s] -- Up-to-date: /home/eilero/ros2_ws/install/cpp_srvcli/share/cpp_srvcli/package.dsv
[3.782s] -- Up-to-date: /home/eilero/ros2_ws/install/cpp_srvcli/share/ament_index/resource_index/packages/cpp_srvcli
[3.782s] -- Up-to-date: /home/eilero/ros2_ws/install/cpp_srvcli/share/cpp_srvcli/cmake/cpp_srvcliConfig.cmake
[3.782s] -- Up-to-date: /home/eilero/ros2_ws/install/cpp_srvcli/share/cpp_srvcli/cmake/cpp_srvcliConfig-version.cmake
[3.782s] -- Up-to-date: /home/eilero/ros2_ws/install/cpp_srvcli/share/cpp_srvcli/package.xml
[3.783s] Invoked command in '/home/eilero/ros2_ws/build/cpp_srvcli' returned '0': CMAKE_PREFIX_PATH=${CMAKE_PREFIX_PATH}:/opt/ros/jazzy /usr/bin/cmake --install /home/eilero/ros2_ws/build/cpp_srvcli
