[0.014s] Invoking command in '/home/eilero/ros2_ws/src/build/cpp_srvcli': CMAKE_PREFIX_PATH=${CMAKE_PREFIX_PATH}:/opt/ros/jazzy /usr/bin/cmake /home/eilero/ros2_ws/src/cpp_srvcli -DCMAKE_INSTALL_PREFIX=/home/eilero/ros2_ws/src/install/cpp_srvcli
[0.086s] -- The C compiler identification is GNU 13.3.0
[0.155s] -- The CXX compiler identification is GNU 13.3.0
[0.178s] -- Detecting C compiler ABI info
[0.299s] -- Detecting C compiler ABI info - done
[0.310s] -- Check for working C compiler: /usr/bin/cc - skipped
[0.310s] -- Detecting C compile features
[0.310s] -- Detecting C compile features - done
[0.322s] -- Detecting CXX compiler ABI info
[0.453s] -- Detecting CXX compiler ABI info - done
[0.464s] -- Check for working CXX compiler: /usr/bin/c++ - skipped
[0.464s] -- Detecting CXX compile features
[0.465s] -- Detecting CXX compile features - done
[0.469s] -- Found ament_cmake: 2.5.4 (/opt/ros/jazzy/share/ament_cmake/cmake)
[0.620s] -- Found Python3: /usr/bin/python3 (found version "3.12.3") found components: Interpreter 
[0.746s] -- Found rclcpp: 28.1.13 (/opt/ros/jazzy/share/rclcpp/cmake)
[0.796s] -- Found rosidl_generator_c: 4.6.6 (/opt/ros/jazzy/share/rosidl_generator_c/cmake)
[0.811s] -- Found rosidl_generator_cpp: 4.6.6 (/opt/ros/jazzy/share/rosidl_generator_cpp/cmake)
[0.825s] -- Using all available rosidl_typesupport_c: rosidl_typesupport_fastrtps_c;rosidl_typesupport_introspection_c
[0.840s] -- Using all available rosidl_typesupport_cpp: rosidl_typesupport_fastrtps_cpp;rosidl_typesupport_introspection_cpp
[0.905s] -- Found rmw_implementation_cmake: 7.3.2 (/opt/ros/jazzy/share/rmw_implementation_cmake/cmake)
[0.907s] -- Found rmw_fastrtps_cpp: 8.4.3 (/opt/ros/jazzy/share/rmw_fastrtps_cpp/cmake)
[0.986s] -- Found OpenSSL: /usr/lib/x86_64-linux-gnu/libcrypto.so (found version "3.0.13")  
[0.999s] -- Found FastRTPS: /opt/ros/jazzy/include (Required is at least version "2.13") 
[1.016s] -- Using RMW implementation 'rmw_fastrtps_cpp' as default
[1.075s] -- Found example_interfaces: 0.12.0 (/opt/ros/jazzy/share/example_interfaces/cmake)
[1.183s] -- Configuring done (1.2s)
[1.195s] -- Generating done (0.0s)
[1.198s] -- Build files have been written to: /home/eilero/ros2_ws/src/build/cpp_srvcli
[1.208s] Invoked command in '/home/eilero/ros2_ws/src/build/cpp_srvcli' returned '0': CMAKE_PREFIX_PATH=${CMAKE_PREFIX_PATH}:/opt/ros/jazzy /usr/bin/cmake /home/eilero/ros2_ws/src/cpp_srvcli -DCMAKE_INSTALL_PREFIX=/home/eilero/ros2_ws/src/install/cpp_srvcli
[1.209s] Invoking command in '/home/eilero/ros2_ws/src/build/cpp_srvcli': CMAKE_PREFIX_PATH=${CMAKE_PREFIX_PATH}:/opt/ros/jazzy /usr/bin/cmake --build /home/eilero/ros2_ws/src/build/cpp_srvcli -- -j16 -l16
[1.256s] [ 25%] [32mBuilding CXX object CMakeFiles/client.dir/src/add_two_ints_client.cpp.o[0m
[1.257s] [ 50%] [32mBuilding CXX object CMakeFiles/server.dir/src/add_two_ints_server.cpp.o[0m
[1.483s] [01m[K/home/eilero/ros2_ws/src/cpp_srvcli/src/add_two_ints_client.cpp:2:10:[m[K [01;31m[Kfatal error: [m[Kexample_interfaces/srv/two_ints.hpp: No such file or directory
[1.483s]     2 | #include [01;31m[K"example_interfaces/srv/two_ints.hpp"[m[K
[1.483s]       |          [01;31m[K^~~~~~~~~~~~~~~~~~~~~~~~~~~~~~~~~~~~~[m[K
[1.483s] compilation terminated.
[1.489s] gmake[2]: *** [CMakeFiles/client.dir/build.make:76: CMakeFiles/client.dir/src/add_two_ints_client.cpp.o] Error 1
[1.489s] gmake[1]: *** [CMakeFiles/Makefile2:165: CMakeFiles/client.dir/all] Error 2
[1.490s] gmake[1]: *** Waiting for unfinished jobs....
[2.904s] [01m[K/home/eilero/ros2_ws/src/cpp_srvcli/src/add_two_ints_server.cpp:[m[K In function ‘[01m[Kint[01;32m[K main[m[K(int, char**)[m[K’:
[2.904s] [01m[K/home/eilero/ros2_ws/src/cpp_srvcli/src/add_two_ints_server.cpp:27:12:[m[K [01;31m[Kerror: [m[K‘[01m[Kshutdown[m[K’ was not declared in this scope; did you mean ‘[01m[Krclcpp::shutdown[m[K’?
[2.904s]    27 |     rclcpp:[01;31m[Kshutdown[m[K();
[2.904s]       |            [01;31m[K^~~~~~~~[m[K
[2.904s]       |            [32m[Krclcpp::shutdown[m[K
[2.904s] In file included from [01m[K/opt/ros/jazzy/include/rclcpp/rclcpp/logging.hpp:25[m[K,
[2.904s]                  from [01m[K/opt/ros/jazzy/include/rclcpp/rclcpp/copy_all_parameter_values.hpp:27[m[K,
[2.905s]                  from [01m[K/opt/ros/jazzy/include/rclcpp/rclcpp/rclcpp.hpp:171[m[K,
[2.905s]                  from [01m[K/home/eilero/ros2_ws/src/cpp_srvcli/src/add_two_ints_server.cpp:1[m[K:
[2.905s] [01m[K/opt/ros/jazzy/include/rclcpp/rclcpp/utilities.hpp:194:1:[m[K [01;36m[Knote: [m[K‘[01m[Krclcpp::shutdown[m[K’ declared here
[2.905s]   194 | [01;36m[Kshutdown[m[K(
[2.905s]       | [01;36m[K^~~~~~~~[m[K
[2.905s] [01m[K/home/eilero/ros2_ws/src/cpp_srvcli/src/add_two_ints_server.cpp:27:5:[m[K [01;35m[Kwarning: [m[Klabel ‘[01m[Krclcpp[m[K’ defined but not used [[01;35m[K-Wunused-label[m[K]
[2.905s]    27 |     [01;35m[Krclcpp[m[K:shutdown();
[2.905s]       |     [01;35m[K^~~~~~[m[K
[3.498s] gmake[2]: *** [CMakeFiles/server.dir/build.make:76: CMakeFiles/server.dir/src/add_two_ints_server.cpp.o] Error 1
[3.499s] gmake[1]: *** [CMakeFiles/Makefile2:139: CMakeFiles/server.dir/all] Error 2
[3.499s] gmake: *** [Makefile:146: all] Error 2
[3.502s] Invoked command in '/home/eilero/ros2_ws/src/build/cpp_srvcli' returned '2': CMAKE_PREFIX_PATH=${CMAKE_PREFIX_PATH}:/opt/ros/jazzy /usr/bin/cmake --build /home/eilero/ros2_ws/src/build/cpp_srvcli -- -j16 -l16
