[0.016s] Invoking command in '/home/eilero/ros2_ws/src/build/cpp_pubsub': CMAKE_PREFIX_PATH=${CMAKE_PREFIX_PATH}:/opt/ros/jazzy /usr/bin/cmake --build /home/eilero/ros2_ws/src/build/cpp_pubsub -- -j16 -l16
[0.049s] -- Found ament_cmake: 2.5.4 (/opt/ros/jazzy/share/ament_cmake/cmake)
[0.264s] -- Found std_msgs: 5.3.6 (/opt/ros/jazzy/share/std_msgs/cmake)
[0.290s] -- Found rosidl_generator_c: 4.6.6 (/opt/ros/jazzy/share/rosidl_generator_c/cmake)
[0.300s] -- Found rosidl_generator_cpp: 4.6.6 (/opt/ros/jazzy/share/rosidl_generator_cpp/cmake)
[0.313s] -- Using all available rosidl_typesupport_c: rosidl_typesupport_fastrtps_c;rosidl_typesupport_introspection_c
[0.328s] -- Using all available rosidl_typesupport_cpp: rosidl_typesupport_fastrtps_cpp;rosidl_typesupport_introspection_cpp
[0.358s] -- Found rclcpp: 28.1.13 (/opt/ros/jazzy/share/rclcpp/cmake)
[0.419s] -- Found rmw_implementation_cmake: 7.3.2 (/opt/ros/jazzy/share/rmw_implementation_cmake/cmake)
[0.421s] -- Found rmw_fastrtps_cpp: 8.4.3 (/opt/ros/jazzy/share/rmw_fastrtps_cpp/cmake)
[0.499s] -- Using RMW implementation 'rmw_fastrtps_cpp' as default
[0.658s] -- Configuring done (0.6s)
[0.669s] -- Generating done (0.0s)
[0.673s] -- Build files have been written to: /home/eilero/ros2_ws/src/build/cpp_pubsub
[0.708s] [ 25%] [32mBuilding CXX object CMakeFiles/listener.dir/src/subscriber_lambda_function.cpp.o[0m
[0.715s] [ 75%] Built target talker
[6.008s] [100%] [32m[1mLinking CXX executable listener[0m
[6.202s] [100%] Built target listener
[6.212s] Invoked command in '/home/eilero/ros2_ws/src/build/cpp_pubsub' returned '0': CMAKE_PREFIX_PATH=${CMAKE_PREFIX_PATH}:/opt/ros/jazzy /usr/bin/cmake --build /home/eilero/ros2_ws/src/build/cpp_pubsub -- -j16 -l16
[6.213s] Invoking command in '/home/eilero/ros2_ws/src/build/cpp_pubsub': CMAKE_PREFIX_PATH=${CMAKE_PREFIX_PATH}:/opt/ros/jazzy /usr/bin/cmake --install /home/eilero/ros2_ws/src/build/cpp_pubsub
[6.221s] -- Install configuration: ""
[6.221s] -- Up-to-date: /home/eilero/ros2_ws/src/install/cpp_pubsub/lib/cpp_pubsub/talker
[6.221s] -- Installing: /home/eilero/ros2_ws/src/install/cpp_pubsub/lib/cpp_pubsub/listener
[6.225s] -- Set non-toolchain portion of runtime path of "/home/eilero/ros2_ws/src/install/cpp_pubsub/lib/cpp_pubsub/listener" to ""
[6.225s] -- Up-to-date: /home/eilero/ros2_ws/src/install/cpp_pubsub/share/ament_index/resource_index/package_run_dependencies/cpp_pubsub
[6.225s] -- Installing: /home/eilero/ros2_ws/src/install/cpp_pubsub/share/ament_index/resource_index/parent_prefix_path/cpp_pubsub
[6.225s] -- Up-to-date: /home/eilero/ros2_ws/src/install/cpp_pubsub/share/cpp_pubsub/environment/ament_prefix_path.sh
[6.226s] -- Up-to-date: /home/eilero/ros2_ws/src/install/cpp_pubsub/share/cpp_pubsub/environment/ament_prefix_path.dsv
[6.226s] -- Up-to-date: /home/eilero/ros2_ws/src/install/cpp_pubsub/share/cpp_pubsub/environment/path.sh
[6.226s] -- Up-to-date: /home/eilero/ros2_ws/src/install/cpp_pubsub/share/cpp_pubsub/environment/path.dsv
[6.226s] -- Up-to-date: /home/eilero/ros2_ws/src/install/cpp_pubsub/share/cpp_pubsub/local_setup.bash
[6.226s] -- Up-to-date: /home/eilero/ros2_ws/src/install/cpp_pubsub/share/cpp_pubsub/local_setup.sh
[6.226s] -- Up-to-date: /home/eilero/ros2_ws/src/install/cpp_pubsub/share/cpp_pubsub/local_setup.zsh
[6.226s] -- Up-to-date: /home/eilero/ros2_ws/src/install/cpp_pubsub/share/cpp_pubsub/local_setup.dsv
[6.226s] -- Installing: /home/eilero/ros2_ws/src/install/cpp_pubsub/share/cpp_pubsub/package.dsv
[6.226s] -- Up-to-date: /home/eilero/ros2_ws/src/install/cpp_pubsub/share/ament_index/resource_index/packages/cpp_pubsub
[6.226s] -- Up-to-date: /home/eilero/ros2_ws/src/install/cpp_pubsub/share/cpp_pubsub/cmake/cpp_pubsubConfig.cmake
[6.227s] -- Up-to-date: /home/eilero/ros2_ws/src/install/cpp_pubsub/share/cpp_pubsub/cmake/cpp_pubsubConfig-version.cmake
[6.227s] -- Up-to-date: /home/eilero/ros2_ws/src/install/cpp_pubsub/share/cpp_pubsub/package.xml
[6.228s] Invoked command in '/home/eilero/ros2_ws/src/build/cpp_pubsub' returned '0': CMAKE_PREFIX_PATH=${CMAKE_PREFIX_PATH}:/opt/ros/jazzy /usr/bin/cmake --install /home/eilero/ros2_ws/src/build/cpp_pubsub
