[0.014s] Invoking command in '/home/eilero/ros2_ws/src/build/cpp_pubsub': CMAKE_PREFIX_PATH=${CMAKE_PREFIX_PATH}:/opt/ros/jazzy /usr/bin/cmake /home/eilero/ros2_ws/src/cpp_pubsub -DCMAKE_INSTALL_PREFIX=/home/eilero/ros2_ws/src/install/cpp_pubsub
[0.079s] -- The C compiler identification is GNU 13.3.0
[0.148s] -- The CXX compiler identification is GNU 13.3.0
[0.170s] -- Detecting C compiler ABI info
[0.278s] -- Detecting C compiler ABI info - done
[0.288s] -- Check for working C compiler: /usr/bin/cc - skipped
[0.289s] -- Detecting C compile features
[0.289s] -- Detecting C compile features - done
[0.301s] -- Detecting CXX compiler ABI info
[0.420s] -- Detecting CXX compiler ABI info - done
[0.430s] -- Check for working CXX compiler: /usr/bin/c++ - skipped
[0.431s] -- Detecting CXX compile features
[0.431s] -- Detecting CXX compile features - done
[0.435s] -- Found ament_cmake: 2.5.4 (/opt/ros/jazzy/share/ament_cmake/cmake)
[0.573s] -- Found Python3: /usr/bin/python3 (found version "3.12.3") found components: Interpreter 
[0.692s] -- Found std_msgs: 5.3.6 (/opt/ros/jazzy/share/std_msgs/cmake)
[0.736s] -- Found rosidl_generator_c: 4.6.6 (/opt/ros/jazzy/share/rosidl_generator_c/cmake)
[0.752s] -- Found rosidl_generator_cpp: 4.6.6 (/opt/ros/jazzy/share/rosidl_generator_cpp/cmake)
[0.770s] -- Using all available rosidl_typesupport_c: rosidl_typesupport_fastrtps_c;rosidl_typesupport_introspection_c
[0.787s] -- Using all available rosidl_typesupport_cpp: rosidl_typesupport_fastrtps_cpp;rosidl_typesupport_introspection_cpp
[0.812s] -- Found rclcpp: 28.1.13 (/opt/ros/jazzy/share/rclcpp/cmake)
[0.864s] -- Found rmw_implementation_cmake: 7.3.2 (/opt/ros/jazzy/share/rmw_implementation_cmake/cmake)
[0.866s] -- Found rmw_fastrtps_cpp: 8.4.3 (/opt/ros/jazzy/share/rmw_fastrtps_cpp/cmake)
[0.940s] -- Found OpenSSL: /usr/lib/x86_64-linux-gnu/libcrypto.so (found version "3.0.13")  
[0.953s] -- Found FastRTPS: /opt/ros/jazzy/include (Required is at least version "2.13") 
[0.973s] -- Using RMW implementation 'rmw_fastrtps_cpp' as default
[1.091s] -- Configuring done (1.1s)
[1.100s] -- Generating done (0.0s)
[1.103s] -- Build files have been written to: /home/eilero/ros2_ws/src/build/cpp_pubsub
[1.112s] Invoked command in '/home/eilero/ros2_ws/src/build/cpp_pubsub' returned '0': CMAKE_PREFIX_PATH=${CMAKE_PREFIX_PATH}:/opt/ros/jazzy /usr/bin/cmake /home/eilero/ros2_ws/src/cpp_pubsub -DCMAKE_INSTALL_PREFIX=/home/eilero/ros2_ws/src/install/cpp_pubsub
[1.113s] Invoking command in '/home/eilero/ros2_ws/src/build/cpp_pubsub': CMAKE_PREFIX_PATH=${CMAKE_PREFIX_PATH}:/opt/ros/jazzy /usr/bin/cmake --build /home/eilero/ros2_ws/src/build/cpp_pubsub -- -j16 -l16
[1.162s] [ 50%] [32mBuilding CXX object CMakeFiles/talker.dir/src/publisher_lambda_function.cpp.o[0m
[4.227s] [100%] [32m[1mLinking CXX executable talker[0m
[4.353s] [100%] Built target talker
[4.364s] Invoked command in '/home/eilero/ros2_ws/src/build/cpp_pubsub' returned '0': CMAKE_PREFIX_PATH=${CMAKE_PREFIX_PATH}:/opt/ros/jazzy /usr/bin/cmake --build /home/eilero/ros2_ws/src/build/cpp_pubsub -- -j16 -l16
[4.365s] Invoking command in '/home/eilero/ros2_ws/src/build/cpp_pubsub': CMAKE_PREFIX_PATH=${CMAKE_PREFIX_PATH}:/opt/ros/jazzy /usr/bin/cmake --install /home/eilero/ros2_ws/src/build/cpp_pubsub
[4.372s] -- Install configuration: ""
[4.372s] -- Installing: /home/eilero/ros2_ws/src/install/cpp_pubsub/lib/cpp_pubsub/talker
[4.373s] -- Set non-toolchain portion of runtime path of "/home/eilero/ros2_ws/src/install/cpp_pubsub/lib/cpp_pubsub/talker" to ""
[4.374s] -- Installing: /home/eilero/ros2_ws/src/install/cpp_pubsub/share/ament_index/resource_index/package_run_dependencies/cpp_pubsub
[4.374s] -- Installing: /home/eilero/ros2_ws/src/install/cpp_pubsub/share/ament_index/resource_index/parent_prefix_path/cpp_pubsub
[4.374s] -- Installing: /home/eilero/ros2_ws/src/install/cpp_pubsub/share/cpp_pubsub/environment/ament_prefix_path.sh
[4.374s] -- Installing: /home/eilero/ros2_ws/src/install/cpp_pubsub/share/cpp_pubsub/environment/ament_prefix_path.dsv
[4.374s] -- Installing: /home/eilero/ros2_ws/src/install/cpp_pubsub/share/cpp_pubsub/environment/path.sh
[4.374s] -- Installing: /home/eilero/ros2_ws/src/install/cpp_pubsub/share/cpp_pubsub/environment/path.dsv
[4.374s] -- Installing: /home/eilero/ros2_ws/src/install/cpp_pubsub/share/cpp_pubsub/local_setup.bash
[4.374s] -- Installing: /home/eilero/ros2_ws/src/install/cpp_pubsub/share/cpp_pubsub/local_setup.sh
[4.375s] -- Installing: /home/eilero/ros2_ws/src/install/cpp_pubsub/share/cpp_pubsub/local_setup.zsh
[4.375s] -- Installing: /home/eilero/ros2_ws/src/install/cpp_pubsub/share/cpp_pubsub/local_setup.dsv
[4.375s] -- Installing: /home/eilero/ros2_ws/src/install/cpp_pubsub/share/cpp_pubsub/package.dsv
[4.375s] -- Installing: /home/eilero/ros2_ws/src/install/cpp_pubsub/share/ament_index/resource_index/packages/cpp_pubsub
[4.375s] -- Installing: /home/eilero/ros2_ws/src/install/cpp_pubsub/share/cpp_pubsub/cmake/cpp_pubsubConfig.cmake
[4.375s] -- Installing: /home/eilero/ros2_ws/src/install/cpp_pubsub/share/cpp_pubsub/cmake/cpp_pubsubConfig-version.cmake
[4.375s] -- Installing: /home/eilero/ros2_ws/src/install/cpp_pubsub/share/cpp_pubsub/package.xml
[4.377s] Invoked command in '/home/eilero/ros2_ws/src/build/cpp_pubsub' returned '0': CMAKE_PREFIX_PATH=${CMAKE_PREFIX_PATH}:/opt/ros/jazzy /usr/bin/cmake --install /home/eilero/ros2_ws/src/build/cpp_pubsub
