[0.015s] Invoking command in '/home/eilero/ros2_ws/build/cpp_srvcli': CMAKE_PREFIX_PATH=${CMAKE_PREFIX_PATH}:/opt/ros/jazzy /usr/bin/cmake --build /home/eilero/ros2_ws/build/cpp_srvcli -- -j16 -l16
[0.093s] [ 25%] [32mBuilding CXX object CMakeFiles/client.dir/src/add_two_ints_client.cpp.o[0m
[0.093s] [ 75%] Built target server
[3.032s] [100%] [32m[1mLinking CXX executable client[0m
[3.150s] [100%] Built target client
[3.161s] Invoked command in '/home/eilero/ros2_ws/build/cpp_srvcli' returned '0': CMAKE_PREFIX_PATH=${CMAKE_PREFIX_PATH}:/opt/ros/jazzy /usr/bin/cmake --build /home/eilero/ros2_ws/build/cpp_srvcli -- -j16 -l16
[3.171s] Invoking command in '/home/eilero/ros2_ws/build/cpp_srvcli': CMAKE_PREFIX_PATH=${CMAKE_PREFIX_PATH}:/opt/ros/jazzy /usr/bin/cmake --install /home/eilero/ros2_ws/build/cpp_srvcli
[3.179s] -- Install configuration: ""
[3.179s] -- Up-to-date: /home/eilero/ros2_ws/install/cpp_srvcli/lib/cpp_srvcli/server
[3.179s] -- Installing: /home/eilero/ros2_ws/install/cpp_srvcli/lib/cpp_srvcli/client
[3.180s] -- Set non-toolchain portion of runtime path of "/home/eilero/ros2_ws/install/cpp_srvcli/lib/cpp_srvcli/client" to ""
[3.180s] -- Up-to-date: /home/eilero/ros2_ws/install/cpp_srvcli/share/ament_index/resource_index/package_run_dependencies/cpp_srvcli
[3.180s] -- Up-to-date: /home/eilero/ros2_ws/install/cpp_srvcli/share/ament_index/resource_index/parent_prefix_path/cpp_srvcli
[3.180s] -- Up-to-date: /home/eilero/ros2_ws/install/cpp_srvcli/share/cpp_srvcli/environment/ament_prefix_path.sh
[3.180s] -- Up-to-date: /home/eilero/ros2_ws/install/cpp_srvcli/share/cpp_srvcli/environment/ament_prefix_path.dsv
[3.180s] -- Up-to-date: /home/eilero/ros2_ws/install/cpp_srvcli/share/cpp_srvcli/environment/path.sh
[3.180s] -- Up-to-date: /home/eilero/ros2_ws/install/cpp_srvcli/share/cpp_srvcli/environment/path.dsv
[3.181s] -- Up-to-date: /home/eilero/ros2_ws/install/cpp_srvcli/share/cpp_srvcli/local_setup.bash
[3.181s] -- Up-to-date: /home/eilero/ros2_ws/install/cpp_srvcli/share/cpp_srvcli/local_setup.sh
[3.181s] -- Up-to-date: /home/eilero/ros2_ws/install/cpp_srvcli/share/cpp_srvcli/local_setup.zsh
[3.181s] -- Up-to-date: /home/eilero/ros2_ws/install/cpp_srvcli/share/cpp_srvcli/local_setup.dsv
[3.181s] -- Installing: /home/eilero/ros2_ws/install/cpp_srvcli/share/cpp_srvcli/package.dsv
[3.181s] -- Up-to-date: /home/eilero/ros2_ws/install/cpp_srvcli/share/ament_index/resource_index/packages/cpp_srvcli
[3.181s] -- Up-to-date: /home/eilero/ros2_ws/install/cpp_srvcli/share/cpp_srvcli/cmake/cpp_srvcliConfig.cmake
[3.181s] -- Up-to-date: /home/eilero/ros2_ws/install/cpp_srvcli/share/cpp_srvcli/cmake/cpp_srvcliConfig-version.cmake
[3.181s] -- Up-to-date: /home/eilero/ros2_ws/install/cpp_srvcli/share/cpp_srvcli/package.xml
[3.183s] Invoked command in '/home/eilero/ros2_ws/build/cpp_srvcli' returned '0': CMAKE_PREFIX_PATH=${CMAKE_PREFIX_PATH}:/opt/ros/jazzy /usr/bin/cmake --install /home/eilero/ros2_ws/build/cpp_srvcli
