[0.020s] Invoking command in '/home/eilero/ros2_ws/src/build/first_interfaces': /usr/bin/cmake /home/eilero/ros2_ws/src/first_interfaces -DCMAKE_INSTALL_PREFIX=/home/eilero/ros2_ws/src/install/first_interfaces
[0.047s] -- Found ament_cmake: 2.5.4 (/opt/ros/jazzy/share/ament_cmake/cmake)
[0.358s] -- Found geometry_msgs: 5.3.6 (/opt/ros/jazzy/share/geometry_msgs/cmake)
[0.396s] -- Found rosidl_generator_c: 4.6.6 (/opt/ros/jazzy/share/rosidl_generator_c/cmake)
[0.410s] -- Found rosidl_generator_cpp: 4.6.6 (/opt/ros/jazzy/share/rosidl_generator_cpp/cmake)
[0.428s] -- Using all available rosidl_typesupport_c: rosidl_typesupport_fastrtps_c;rosidl_typesupport_introspection_c
[0.450s] -- Using all available rosidl_typesupport_cpp: rosidl_typesupport_fastrtps_cpp;rosidl_typesupport_introspection_cpp
[0.517s] -- Found rosidl_default_generators: 1.6.0 (/opt/ros/jazzy/share/rosidl_default_generators/cmake)
[0.531s] -- Found rosidl_adapter: 4.6.6 (/opt/ros/jazzy/share/rosidl_adapter/cmake)
[0.808s] [31mCMake Error at /opt/ros/jazzy/share/rosidl_adapter/cmake/rosidl_adapt_interfaces.cmake:57 (message):
[0.809s]   execute_process(/usr/bin/python3 -m rosidl_adapter --package-name
[0.809s]   first_interfaces --arguments-file
[0.809s]   /home/eilero/ros2_ws/src/build/first_interfaces/rosidl_adapter__arguments__first_interfaces.json
[0.809s]   --output-dir
[0.809s]   /home/eilero/ros2_ws/src/build/first_interfaces/rosidl_adapter/first_interfaces
[0.809s]   --output-file
[0.809s]   /home/eilero/ros2_ws/src/build/first_interfaces/rosidl_adapter/first_interfaces.idls)
[0.809s]   returned error code 1:
[0.810s] 
[0.810s]   Traceback (most recent call last):
[0.810s] 
[0.810s]     File "<frozen runpy>", line 198, in _run_module_as_main
[0.810s]     File "<frozen runpy>", line 88, in _run_code
[0.810s]     File "/opt/ros/jazzy/lib/python3.12/site-packages/rosidl_adapter/__main__.py", line 19, in <module>
[0.810s]       sys.exit(main())
[0.810s]                ^^^^^^
[0.810s]     File "/opt/ros/jazzy/lib/python3.12/site-packages/rosidl_adapter/main.py", line 53, in main
[0.810s]       abs_idl_file = convert_to_idl(
[0.810s]                      ^^^^^^^^^^^^^^^
[0.811s]     File "/opt/ros/jazzy/lib/python3.12/site-packages/rosidl_adapter/__init__.py", line 24, in convert_to_idl
[0.811s]       return convert_srv_to_idl(
[0.811s]              ^^^^^^^^^^^^^^^^^^^
[0.811s]     File "/opt/ros/jazzy/lib/python3.12/site-packages/rosidl_adapter/srv/__init__.py", line 28, in convert_srv_to_idl
[0.811s]       srv = parse_service_string(package_name, input_file.stem, content)
[0.811s]             ^^^^^^^^^^^^^^^^^^^^^^^^^^^^^^^^^^^^^^^^^^^^^^^^^^^^^^^^^^^^
[0.811s]     File "/opt/ros/jazzy/lib/python3.12/site-packages/rosidl_adapter/parser.py", line 851, in parse_service_string
[0.811s]       raise InvalidServiceSpecification(
[0.811s] 
[0.811s]   rosidl_adapter.parser.InvalidServiceSpecification: Could not find separator
[0.811s]   '---' between request and response
[0.811s] 
[0.812s] Call Stack (most recent call first):
[0.812s]   /opt/ros/jazzy/share/rosidl_cmake/cmake/rosidl_generate_interfaces.cmake:132 (rosidl_adapt_interfaces)
[0.812s]   CMakeLists.txt:16 (rosidl_generate_interfaces)
[0.812s] 
[0.812s] [0m
[0.812s] -- Configuring incomplete, errors occurred!
[0.824s] Invoked command in '/home/eilero/ros2_ws/src/build/first_interfaces' returned '1': /usr/bin/cmake /home/eilero/ros2_ws/src/first_interfaces -DCMAKE_INSTALL_PREFIX=/home/eilero/ros2_ws/src/install/first_interfaces
